#
# A fatal error has been detected by the Java Runtime Environment:
#
#  EXCEPTION_ACCESS_VIOLATION (0xc0000005) at pc=0x00007ffde4c0c306, pid=13024, tid=4028
#
# JRE version: Java(TM) SE Runtime Environment (8.0_51-b16) (build 1.8.0_51-b16)
# Java VM: Java HotSpot(TM) 64-Bit Server VM (25.51-b03 mixed mode windows-amd64 compressed oops)
# Problematic frame:
# C  [jniortools.dll+0x3ac306]
#
# Failed to write core dump. Minidumps are not enabled by default on client versions of Windows
#
# If you would like to submit a bug report, please visit:
#   http://bugreport.java.com/bugreport/crash.jsp
# The crash happened outside the Java Virtual Machine in native code.
# See problematic frame for where to report the bug.
#

---------------  T H R E A D  ---------------

Current thread (0x0000000000b4e000):  JavaThread "main" [_thread_in_native, id=4028, stack(0x0000000002290000,0x0000000002390000)]

siginfo: ExceptionCode=0xc0000005, reading address 0x000000001d9c2af0

Registers:
RAX=0x00007ffe19d48790, RBX=0x000000000238eb30, RCX=0x00007ffe19d48790, RDX=0x0000000000000002
RSP=0x000000000238eb00, RBP=0x000000000238ebf0, RSI=0x0000000016af9430, RDI=0x000000001d9c2ae0
R8 =0x00007ffe1d4319b0, R9 =0x00007ffe1d4319b0, R10=0x0000000000000000, R11=0x0000000000000246
R12=0x0000000000000000, R13=0x00000000d6318220, R14=0x000000000238ebe0, R15=0x0000000000b4e000
RIP=0x00007ffde4c0c306, EFLAGS=0x0000000000010202

Top of Stack: (sp=0x000000000238eb00)
0x000000000238eb00:   00007ffe19d48790 0000000000000000
0x000000000238eb10:   000000000238eb30 000000000064f480
0x000000000238eb20:   fffffffffffffffe 00007ffe19d48790
0x000000000238eb30:   30353a37313a3731 0000000000000000
0x000000000238eb40:   00001b8081c77d8a 000000000238ebe0
0x000000000238eb50:   000000001d9c2ae0 00007ffde4c17049
0x000000000238eb60:   00000000d6318210 000000001d9d0580
0x000000000238eb70:   0000000000b4e000 00000000828dd0ac
0x000000000238eb80:   00000001000c06f8 00000000026a43db
0x000000000238eb90:   000000010001e9b0 0000000000000012
0x000000000238eba0:   000000000000114d 00000000efd00078
0x000000000238ebb0:   00000000d631ec38 00000000efd03a48
0x000000000238ebc0:   000011bf00000000 0000000000002375
0x000000000238ebd0:   000000000000115d 0000000082818a78
0x000000000238ebe0:   0000000082812010 00000000828dd098
0x000000000238ebf0:   000000000238f2a0 00000000027e644c 

Instructions: (pc=0x00007ffde4c0c306)
0x00007ffde4c0c2e6:   16 56 72 00 48 8b 4c 24 28 e8 bc ff c5 ff 48 8b
0x00007ffde4c0c2f6:   c8 48 8d 15 e2 55 72 00 e8 ad ff c5 ff 48 8b c8
0x00007ffde4c0c306:   8b 57 10 ff 15 99 0d 6d 00 90 48 8d 15 25 5e 6d
0x00007ffde4c0c316:   00 48 8b 4c 24 28 e8 8f ff c5 ff 32 c0 eb 02 b0 


Register to memory mapping:

RAX=0x00007ffe19d48790 is an unknown value
RBX=0x000000000238eb30 is pointing into the stack for thread: 0x0000000000b4e000
RCX=0x00007ffe19d48790 is an unknown value
RDX=0x0000000000000002 is an unknown value
RSP=0x000000000238eb00 is pointing into the stack for thread: 0x0000000000b4e000
RBP=0x000000000238ebf0 is pointing into the stack for thread: 0x0000000000b4e000
RSI=0x0000000016af9430 is pointing into metadata
RDI=0x000000001d9c2ae0 is an unknown value
R8 =0x00007ffe1d4319b0 is an unknown value
R9 =0x00007ffe1d4319b0 is an unknown value
R10=0x0000000000000000 is an unknown value
R11=0x0000000000000246 is an unknown value
R12=0x0000000000000000 is an unknown value
R13=0x00000000d6318220 is an oop

[error occurred during error reporting (printing register info), id 0xc0000005]

Stack: [0x0000000002290000,0x0000000002390000],  sp=0x000000000238eb00,  free space=1018k
Native frames: (J=compiled Java code, j=interpreted, Vv=VM code, C=native code)
C  [jniortools.dll+0x3ac306]
C  [jniortools.dll+0x3b7049]
C  0x00000000026a43db

Java frames: (J=compiled Java code, j=interpreted, Vv=VM code)
J 449  com.google.ortools.linearsolver.operations_research_linear_solverJNI.MPVariable_solutionValue(JLcom/google/ortools/linearsolver/MPVariable;)D (0 bytes) @ 0x00000000026a4355 [0x00000000026a4300+0x55]
J 563 C1 io.github.oliviercailloux.uta_calculator.model.UTASTAR.findValueFunction()Lio/github/oliviercailloux/uta_calculator/model/ValueFunction; (2313 bytes) @ 0x00000000027e644c [0x00000000027d15e0+0x14e6c]
J 572 C1 io.github.oliviercailloux.uta_calculator.view.MainSimulation.getDifferenceRank(III)I (217 bytes) @ 0x0000000002807884 [0x0000000002806220+0x1664]
j  io.github.oliviercailloux.uta_calculator.view.MainSimulation.simulation()V+29
j  io.github.oliviercailloux.uta_calculator.view.MainSimulation.main([Ljava/lang/String;)V+9
v  ~StubRoutines::call_stub

---------------  P R O C E S S  ---------------

Java Threads: ( => current thread )
  0x00000000187ac000 JavaThread "Service Thread" daemon [_thread_blocked, id=12156, stack(0x0000000018b80000,0x0000000018c80000)]
  0x0000000016f40800 JavaThread "C1 CompilerThread2" daemon [_thread_blocked, id=11280, stack(0x0000000018680000,0x0000000018780000)]
  0x0000000016f32800 JavaThread "C2 CompilerThread1" daemon [_thread_in_native, id=812, stack(0x0000000018580000,0x0000000018680000)]
  0x0000000016f2f800 JavaThread "C2 CompilerThread0" daemon [_thread_in_native, id=1408, stack(0x0000000018480000,0x0000000018580000)]
  0x0000000016f2e800 JavaThread "Attach Listener" daemon [_thread_blocked, id=11060, stack(0x0000000018380000,0x0000000018480000)]
  0x0000000016f2d800 JavaThread "Signal Dispatcher" daemon [_thread_blocked, id=2016, stack(0x0000000018280000,0x0000000018380000)]
  0x0000000002489800 JavaThread "Finalizer" daemon [_thread_blocked, id=13396, stack(0x0000000018180000,0x0000000018280000)]
  0x0000000002481000 JavaThread "Reference Handler" daemon [_thread_blocked, id=13648, stack(0x0000000018080000,0x0000000018180000)]
=>0x0000000000b4e000 JavaThread "main" [_thread_in_native, id=4028, stack(0x0000000002290000,0x0000000002390000)]

Other Threads:
  0x0000000016ef8000 VMThread [stack: 0x0000000017f80000,0x0000000018080000] [id=5700]
  0x0000000016f8e800 WatcherThread [stack: 0x0000000018c80000,0x0000000018d80000] [id=9868]

VM state:not at safepoint (normal execution)

VM Mutex/Monitor currently owned by a thread: None

Heap:
 PSYoungGen      total 422400K, used 9516K [0x00000000d6300000, 0x00000000ff800000, 0x0000000100000000)
  eden space 419840K, 1% used [0x00000000d6300000,0x00000000d6b33198,0x00000000efd00000)
  from space 2560K, 43% used [0x00000000efd00000,0x00000000efe18000,0x00000000eff80000)
  to   space 2560K, 0% used [0x00000000ff580000,0x00000000ff580000,0x00000000ff800000)
 ParOldGen       total 86016K, used 1289K [0x0000000082800000, 0x0000000087c00000, 0x00000000d6300000)
  object space 86016K, 1% used [0x0000000082800000,0x00000000829426d0,0x0000000087c00000)
 Metaspace       used 6381K, capacity 6440K, committed 6784K, reserved 1056768K
  class space    used 773K, capacity 784K, committed 896K, reserved 1048576K

Card table byte_map: [0x0000000011850000,0x0000000011c40000] byte_map_base: 0x000000001143c000

Marking Bits: (ParMarkBitMap*) 0x0000000073174040
 Begin Bits: [0x00000000122e0000, 0x0000000014240000)
 End Bits:   [0x0000000014240000, 0x00000000161a0000)

Polling page: 0x0000000000a90000

CodeCache: size=245760Kb used=3848Kb max_used=3859Kb free=241911Kb
 bounds [0x0000000002490000, 0x0000000002860000, 0x0000000011490000]
 total_blobs=942 nmethods=630 adapters=225
 compilation: enabled

Compilation events (10 events):
Event: 1.313 Thread 0x0000000016f32800  626 %     4       io.github.oliviercailloux.uta_calculator.model.UTASTAR::findValueFunction @ 145 (2313 bytes)
Event: 1.512 Thread 0x0000000016f2f800  628 %     4       io.github.oliviercailloux.uta_calculator.model.ProblemGenerator::generateAlternatives @ 5 (145 bytes)
Event: 1.568 Thread 0x0000000016f2f800 nmethod 628% 0x0000000002838fd0 code [0x0000000002839260, 0x000000000283a7c0]
Event: 1.670 Thread 0x0000000016f2f800  629 %     4       io.github.oliviercailloux.uta_calculator.model.ProblemGenerator::generateAlternatives @ 32 (145 bytes)
Event: 1.726 Thread 0x0000000016f2f800 nmethod 629% 0x00000000028339d0 code [0x0000000002833ca0, 0x0000000002835600]
Event: 1.831 Thread 0x0000000016f2f800  630       4       io.github.oliviercailloux.uta_calculator.model.ProblemGenerator::generateAlternatives (145 bytes)
Event: 1.884 Thread 0x0000000016f2f800 nmethod 630 0x0000000002830850 code [0x0000000002830ae0, 0x0000000002831f80]
Event: 2.199 Thread 0x0000000016f2f800  631       4       io.github.oliviercailloux.uta_calculator.model.Point::<init> (15 bytes)
Event: 2.200 Thread 0x0000000016f2f800 nmethod 631 0x00000000026e7b10 code [0x00000000026e7c40, 0x00000000026e7cb8]
Event: 2.205 Thread 0x0000000016f2f800  632       4       io.github.oliviercailloux.uta_calculator.view.MainSimulation::getDifferenceRank (217 bytes)

GC Heap History (10 events):
Event: 0.969 GC heap before
{Heap before GC invocations=7 (full 0):
 PSYoungGen      total 133632K, used 132416K [0x00000000d6300000, 0x00000000de800000, 0x0000000100000000)
  eden space 131072K, 100% used [0x00000000d6300000,0x00000000de300000,0x00000000de300000)
  from space 2560K, 52% used [0x00000000de580000,0x00000000de6d0000,0x00000000de800000)
  to   space 2560K, 0% used [0x00000000de300000,0x00000000de300000,0x00000000de580000)
 ParOldGen       total 86016K, used 96K [0x0000000082800000, 0x0000000087c00000, 0x00000000d6300000)
  object space 86016K, 0% used [0x0000000082800000,0x0000000082818010,0x0000000087c00000)
 Metaspace       used 6373K, capacity 6440K, committed 6784K, reserved 1056768K
  class space    used 773K, capacity 784K, committed 896K, reserved 1048576K
Event: 0.972 GC heap after
Heap after GC invocations=7 (full 0):
 PSYoungGen      total 133632K, used 416K [0x00000000d6300000, 0x00000000e6800000, 0x0000000100000000)
  eden space 131072K, 0% used [0x00000000d6300000,0x00000000d6300000,0x00000000de300000)
  from space 2560K, 16% used [0x00000000de300000,0x00000000de368000,0x00000000de580000)
  to   space 2560K, 0% used [0x00000000e6580000,0x00000000e6580000,0x00000000e6800000)
 ParOldGen       total 86016K, used 1217K [0x0000000082800000, 0x0000000087c00000, 0x00000000d6300000)
  object space 86016K, 1% used [0x0000000082800000,0x00000000829306d0,0x0000000087c00000)
 Metaspace       used 6373K, capacity 6440K, committed 6784K, reserved 1056768K
  class space    used 773K, capacity 784K, committed 896K, reserved 1048576K
}
Event: 1.101 GC heap before
{Heap before GC invocations=8 (full 0):
 PSYoungGen      total 133632K, used 131488K [0x00000000d6300000, 0x00000000e6800000, 0x0000000100000000)
  eden space 131072K, 100% used [0x00000000d6300000,0x00000000de300000,0x00000000de300000)
  from space 2560K, 16% used [0x00000000de300000,0x00000000de368000,0x00000000de580000)
  to   space 2560K, 0% used [0x00000000e6580000,0x00000000e6580000,0x00000000e6800000)
 ParOldGen       total 86016K, used 1217K [0x0000000082800000, 0x0000000087c00000, 0x00000000d6300000)
  object space 86016K, 1% used [0x0000000082800000,0x00000000829306d0,0x0000000087c00000)
 Metaspace       used 6375K, capacity 6440K, committed 6784K, reserved 1056768K
  class space    used 773K, capacity 784K, committed 896K, reserved 1048576K
Event: 1.103 GC heap after
Heap after GC invocations=8 (full 0):
 PSYoungGen      total 264704K, used 416K [0x00000000d6300000, 0x00000000e6800000, 0x0000000100000000)
  eden space 262144K, 0% used [0x00000000d6300000,0x00000000d6300000,0x00000000e6300000)
  from space 2560K, 16% used [0x00000000e6580000,0x00000000e65e8000,0x00000000e6800000)
  to   space 2560K, 0% used [0x00000000e6300000,0x00000000e6300000,0x00000000e6580000)
 ParOldGen       total 86016K, used 1241K [0x0000000082800000, 0x0000000087c00000, 0x00000000d6300000)
  object space 86016K, 1% used [0x0000000082800000,0x00000000829366d0,0x0000000087c00000)
 Metaspace       used 6375K, capacity 6440K, committed 6784K, reserved 1056768K
  class space    used 773K, capacity 784K, committed 896K, reserved 1048576K
}
Event: 1.446 GC heap before
{Heap before GC invocations=9 (full 0):
 PSYoungGen      total 264704K, used 262560K [0x00000000d6300000, 0x00000000e6800000, 0x0000000100000000)
  eden space 262144K, 100% used [0x00000000d6300000,0x00000000e6300000,0x00000000e6300000)
  from space 2560K, 16% used [0x00000000e6580000,0x00000000e65e8000,0x00000000e6800000)
  to   space 2560K, 0% used [0x00000000e6300000,0x00000000e6300000,0x00000000e6580000)
 ParOldGen       total 86016K, used 1241K [0x0000000082800000, 0x0000000087c00000, 0x00000000d6300000)
  object space 86016K, 1% used [0x0000000082800000,0x00000000829366d0,0x0000000087c00000)
 Metaspace       used 6381K, capacity 6440K, committed 6784K, reserved 1056768K
  class space    used 773K, capacity 784K, committed 896K, reserved 1048576K
Event: 1.449 GC heap after
Heap after GC invocations=9 (full 0):
 PSYoungGen      total 264704K, used 768K [0x00000000d6300000, 0x00000000f0200000, 0x0000000100000000)
  eden space 262144K, 0% used [0x00000000d6300000,0x00000000d6300000,0x00000000e6300000)
  from space 2560K, 30% used [0x00000000e6300000,0x00000000e63c0000,0x00000000e6580000)
  to   space 2560K, 0% used [0x00000000eff80000,0x00000000eff80000,0x00000000f0200000)
 ParOldGen       total 86016K, used 1257K [0x0000000082800000, 0x0000000087c00000, 0x00000000d6300000)
  object space 86016K, 1% used [0x0000000082800000,0x000000008293a6d0,0x0000000087c00000)
 Metaspace       used 6381K, capacity 6440K, committed 6784K, reserved 1056768K
  class space    used 773K, capacity 784K, committed 896K, reserved 1048576K
}
Event: 1.759 GC heap before
{Heap before GC invocations=10 (full 0):
 PSYoungGen      total 264704K, used 262912K [0x00000000d6300000, 0x00000000f0200000, 0x0000000100000000)
  eden space 262144K, 100% used [0x00000000d6300000,0x00000000e6300000,0x00000000e6300000)
  from space 2560K, 30% used [0x00000000e6300000,0x00000000e63c0000,0x00000000e6580000)
  to   space 2560K, 0% used [0x00000000eff80000,0x00000000eff80000,0x00000000f0200000)
 ParOldGen       total 86016K, used 1257K [0x0000000082800000, 0x0000000087c00000, 0x00000000d6300000)
  object space 86016K, 1% used [0x0000000082800000,0x000000008293a6d0,0x0000000087c00000)
 Metaspace       used 6381K, capacity 6440K, committed 6784K, reserved 1056768K
  class space    used 773K, capacity 784K, committed 896K, reserved 1048576K
Event: 1.761 GC heap after
Heap after GC invocations=10 (full 0):
 PSYoungGen      total 422400K, used 768K [0x00000000d6300000, 0x00000000f0200000, 0x0000000100000000)
  eden space 419840K, 0% used [0x00000000d6300000,0x00000000d6300000,0x00000000efd00000)
  from space 2560K, 30% used [0x00000000eff80000,0x00000000f0040000,0x00000000f0200000)
  to   space 2560K, 0% used [0x00000000efd00000,0x00000000efd00000,0x00000000eff80000)
 ParOldGen       total 86016K, used 1273K [0x0000000082800000, 0x0000000087c00000, 0x00000000d6300000)
  object space 86016K, 1% used [0x0000000082800000,0x000000008293e6d0,0x0000000087c00000)
 Metaspace       used 6381K, capacity 6440K, committed 6784K, reserved 1056768K
  class space    used 773K, capacity 784K, committed 896K, reserved 1048576K
}
Event: 2.266 GC heap before
{Heap before GC invocations=11 (full 0):
 PSYoungGen      total 422400K, used 420608K [0x00000000d6300000, 0x00000000f0200000, 0x0000000100000000)
  eden space 419840K, 100% used [0x00000000d6300000,0x00000000efd00000,0x00000000efd00000)
  from space 2560K, 30% used [0x00000000eff80000,0x00000000f0040000,0x00000000f0200000)
  to   space 2560K, 0% used [0x00000000efd00000,0x00000000efd00000,0x00000000eff80000)
 ParOldGen       total 86016K, used 1273K [0x0000000082800000, 0x0000000087c00000, 0x00000000d6300000)
  object space 86016K, 1% used [0x0000000082800000,0x000000008293e6d0,0x0000000087c00000)
 Metaspace       used 6381K, capacity 6440K, committed 6784K, reserved 1056768K
  class space    used 773K, capacity 784K, committed 896K, reserved 1048576K
Event: 2.272 GC heap after
Heap after GC invocations=11 (full 0):
 PSYoungGen      total 422400K, used 1120K [0x00000000d6300000, 0x00000000ff800000, 0x0000000100000000)
  eden space 419840K, 0% used [0x00000000d6300000,0x00000000d6300000,0x00000000efd00000)
  from space 2560K, 43% used [0x00000000efd00000,0x00000000efe18000,0x00000000eff80000)
  to   space 2560K, 0% used [0x00000000ff580000,0x00000000ff580000,0x00000000ff800000)
 ParOldGen       total 86016K, used 1289K [0x0000000082800000, 0x0000000087c00000, 0x00000000d6300000)
  object space 86016K, 1% used [0x0000000082800000,0x00000000829426d0,0x0000000087c00000)
 Metaspace       used 6381K, capacity 6440K, committed 6784K, reserved 1056768K
  class space    used 773K, capacity 784K, committed 896K, reserved 1048576K
}

Deoptimization events (4 events):
Event: 0.409 Thread 0x0000000000b4e000 Uncommon trap: reason=predicate action=maybe_recompile pc=0x00000000026ba8d4 method=io.github.oliviercailloux.uta_calculator.model.PartialValueFunction.getDerivative(D)D @ 74
Event: 0.440 Thread 0x0000000000b4e000 Uncommon trap: reason=range_check action=make_not_entrant pc=0x00000000026bb6b8 method=java.util.ArrayList.elementData(I)Ljava/lang/Object; @ 5
Event: 0.564 Thread 0x0000000000b4e000 Uncommon trap: reason=unstable_if action=reinterpret pc=0x00000000026dc9c4 method=sun.misc.FloatingDecimal$BinaryToASCIIBuffer.dtoa(IJIZ)V @ 978
Event: 0.669 Thread 0x0000000000b4e000 Uncommon trap: reason=unstable_if action=reinterpret pc=0x00000000026c5ea4 method=java.lang.Double.compare(DD)I @ 11

Internal exceptions (8 events):
Event: 0.036 Thread 0x0000000000b4e000 Exception <a 'java/lang/NoSuchMethodError': Method sun.misc.Unsafe.defineClass(Ljava/lang/String;[BII)Ljava/lang/Class; name or signature does not match> (0x00000000d630d228) thrown at [C:\re\workspace\8-2-build-windows-amd64-cygwin\jdk8u51\3951\hotspot\srˆVèj…L¢?
Event: 0.036 Thread 0x0000000000b4e000 Exception <a 'java/lang/NoSuchMethodError': Method sun.misc.Unsafe.prefetchRead(Ljava/lang/Object;J)V name or signature does not match> (0x00000000d630d4b8) thrown at [C:\re\workspace\8-2-build-windows-amd64-cygwin\jdk8u51\3951\hotspot\src\share\vm\prims\jÿOì◊'âΩ?
Event: 0.115 Thread 0x0000000000b4e000 Exception <a 'java/security/PrivilegedActionException'> (0x00000000d6525238) thrown at [C:\re\workspace\8-2-build-windows-amd64-cygwin\jdk8u51\3951\hotspot\src\share\vm\prims\jvm.cpp, line 1382]
Event: 0.115 Thread 0x0000000000b4e000 Exception <a 'java/security/PrivilegedActionException'> (0x00000000d65253f0) thrown at [C:\re\workspace\8-2-build-windows-amd64-cygwin\jdk8u51\3951\hotspot\src\share\vm\prims\jvm.cpp, line 1382]
Event: 0.116 Thread 0x0000000000b4e000 Exception <a 'java/security/PrivilegedActionException'> (0x00000000d6528ee8) thrown at [C:\re\workspace\8-2-build-windows-amd64-cygwin\jdk8u51\3951\hotspot\src\share\vm\prims\jvm.cpp, line 1382]
Event: 0.116 Thread 0x0000000000b4e000 Exception <a 'java/security/PrivilegedActionException'> (0x00000000d65290a0) thrown at [C:\re\workspace\8-2-build-windows-amd64-cygwin\jdk8u51\3951\hotspot\src\share\vm\prims\jvm.cpp, line 1382]
Event: 0.153 Thread 0x0000000000b4e000 Exception <a 'java/io/FileNotFoundException'> (0x00000000d6679cd8) thrown at [C:\re\workspace\8-2-build-windows-amd64-cygwin\jdk8u51\3951\hotspot\src\share\vm\prims\jni.cpp, line 709]
Event: 0.324 Thread 0x0000000000b4e000 Exception <a 'java/lang/NoSuchMethodError': org.slf4j.impl.StaticMDCBinder.getSingleton()Lorg/slf4j/impl/StaticMDCBinder;> (0x00000000d6b54f98) thrown at [C:\re\workspace\8-2-build-windows-amd64-cygwin\jdk8u51\3951\hotspot\src\share\vm\interpreter\linkReso

Events (10 events):
Event: 2.044 Thread 0x0000000000b4e000 DEOPT PACKING pc=0x00000000027eab06 sp=0x000000000238ec00
Event: 2.044 Thread 0x0000000000b4e000 DEOPT UNPACKING pc=0x00000000024d787f sp=0x000000000238ed40 mode 0
Event: 2.109 Thread 0x0000000000b4e000 DEOPT PACKING pc=0x00000000027eab06 sp=0x000000000238ec00
Event: 2.109 Thread 0x0000000000b4e000 DEOPT UNPACKING pc=0x00000000024d787f sp=0x000000000238ed40 mode 0
Event: 2.182 Thread 0x0000000000b4e000 DEOPT PACKING pc=0x00000000027eab06 sp=0x000000000238ec00
Event: 2.182 Thread 0x0000000000b4e000 DEOPT UNPACKING pc=0x00000000024d787f sp=0x000000000238ed40 mode 0
Event: 2.198 Thread 0x0000000000b4e000 DEOPT PACKING pc=0x00000000027eab06 sp=0x000000000238ec00
Event: 2.198 Thread 0x0000000000b4e000 DEOPT UNPACKING pc=0x00000000024d787f sp=0x000000000238ed40 mode 0
Event: 2.266 Executing VM operation: ParallelGCFailedAllocation
Event: 2.272 Executing VM operation: ParallelGCFailedAllocation done


Dynamic libraries:
0x00007ff7abc20000 - 0x00007ff7abc57000 	C:\Program Files\Java\jre1.8.0_51\bin\javaw.exe
0x00007ffe2e890000 - 0x00007ffe2ea62000 	C:\WINDOWS\SYSTEM32\ntdll.dll
0x00007ffe2e3e0000 - 0x00007ffe2e48c000 	C:\WINDOWS\System32\KERNEL32.DLL
0x00007ffe2b1e0000 - 0x00007ffe2b3fd000 	C:\WINDOWS\System32\KERNELBASE.dll
0x00007ffe2e7e0000 - 0x00007ffe2e882000 	C:\WINDOWS\System32\ADVAPI32.dll
0x00007ffe2e340000 - 0x00007ffe2e3de000 	C:\WINDOWS\System32\msvcrt.dll
0x00007ffe2d8a0000 - 0x00007ffe2d8f9000 	C:\WINDOWS\System32\sechost.dll
0x00007ffe2e150000 - 0x00007ffe2e271000 	C:\WINDOWS\System32\RPCRT4.dll
0x00007ffe2dd40000 - 0x00007ffe2dea5000 	C:\WINDOWS\System32\USER32.dll
0x00007ffe2ade0000 - 0x00007ffe2adfe000 	C:\WINDOWS\System32\win32u.dll
0x00007ffe2db30000 - 0x00007ffe2db64000 	C:\WINDOWS\System32\GDI32.dll
0x00007ffe2bbf0000 - 0x00007ffe2bd70000 	C:\WINDOWS\System32\gdi32full.dll
0x00007ffe27340000 - 0x00007ffe275ba000 	C:\WINDOWS\WinSxS\amd64_microsoft.windows.common-controls_6595b64144ccf1df_6.0.14393.953_none_42151e83c686086b\COMCTL32.dll
0x00007ffe2e490000 - 0x00007ffe2e758000 	C:\WINDOWS\System32\combase.dll
0x00007ffe2b0e0000 - 0x00007ffe2b1d5000 	C:\WINDOWS\System32\ucrtbase.dll
0x00007ffe2aea0000 - 0x00007ffe2af0a000 	C:\WINDOWS\System32\bcryptPrimitives.dll
0x00007ffe2db70000 - 0x00007ffe2db9e000 	C:\WINDOWS\System32\IMM32.DLL
0x0000000074bb0000 - 0x0000000074c82000 	C:\Program Files\Java\jre1.8.0_51\bin\msvcr100.dll
0x0000000072970000 - 0x00000000731f3000 	C:\Program Files\Java\jre1.8.0_51\bin\server\jvm.dll
0x00007ffe2d780000 - 0x00007ffe2d788000 	C:\WINDOWS\System32\PSAPI.DLL
0x00007ffe1d4b0000 - 0x00007ffe1d4b9000 	C:\WINDOWS\SYSTEM32\WSOCK32.dll
0x00007ffe28040000 - 0x00007ffe28063000 	C:\WINDOWS\SYSTEM32\WINMM.dll
0x00007ffe2d900000 - 0x00007ffe2d96a000 	C:\WINDOWS\System32\WS2_32.dll
0x00007ffe1ca10000 - 0x00007ffe1ca1a000 	C:\WINDOWS\SYSTEM32\VERSION.dll
0x00007ffe27e70000 - 0x00007ffe27e9b000 	C:\WINDOWS\SYSTEM32\WINMMBASE.dll
0x00007ffe2ad90000 - 0x00007ffe2add2000 	C:\WINDOWS\System32\cfgmgr32.dll
0x0000000075500000 - 0x000000007550f000 	C:\Program Files\Java\jre1.8.0_51\bin\verify.dll
0x0000000074b80000 - 0x0000000074ba9000 	C:\Program Files\Java\jre1.8.0_51\bin\java.dll
0x0000000074b60000 - 0x0000000074b76000 	C:\Program Files\Java\jre1.8.0_51\bin\zip.dll
0x00007ffe2c250000 - 0x00007ffe2d758000 	C:\WINDOWS\System32\SHELL32.dll
0x00007ffe2b400000 - 0x00007ffe2bada000 	C:\WINDOWS\System32\windows.storage.dll
0x00007ffe2ad30000 - 0x00007ffe2ad7c000 	C:\WINDOWS\System32\powrprof.dll
0x00007ffe2dad0000 - 0x00007ffe2db22000 	C:\WINDOWS\System32\shlwapi.dll
0x00007ffe2ad20000 - 0x00007ffe2ad2f000 	C:\WINDOWS\System32\kernel.appcore.dll
0x00007ffe2bae0000 - 0x00007ffe2bb89000 	C:\WINDOWS\System32\shcore.dll
0x00007ffe2ad00000 - 0x00007ffe2ad14000 	C:\WINDOWS\System32\profapi.dll
0x0000000074b40000 - 0x0000000074b5a000 	C:\Program Files\Java\jre1.8.0_51\bin\net.dll
0x00007ffe2a5d0000 - 0x00007ffe2a62c000 	C:\WINDOWS\system32\mswsock.dll
0x00007ffe163b0000 - 0x00007ffe163c6000 	C:\WINDOWS\system32\napinsp.dll
0x00007ffe16570000 - 0x00007ffe1658a000 	C:\WINDOWS\system32\pnrpnsp.dll
0x00007ffe28970000 - 0x00007ffe28988000 	C:\WINDOWS\system32\NLAapi.dll
0x00007ffe2a390000 - 0x00007ffe2a431000 	C:\WINDOWS\SYSTEM32\DNSAPI.dll
0x00007ffe2d890000 - 0x00007ffe2d898000 	C:\WINDOWS\System32\NSI.dll
0x00007ffe2a350000 - 0x00007ffe2a388000 	C:\WINDOWS\SYSTEM32\IPHLPAPI.DLL
0x00007ffe177e0000 - 0x00007ffe177ee000 	C:\WINDOWS\System32\winrnr.dll
0x0000000075850000 - 0x0000000075876000 	C:\Program Files\Bonjour\mdnsNSP.dll
0x00007ffe26530000 - 0x00007ffe26545000 	C:\WINDOWS\System32\wshbth.dll
0x00007ffe1ca00000 - 0x00007ffe1ca0a000 	C:\Windows\System32\rasadhlp.dll
0x00007ffe20340000 - 0x00007ffe203aa000 	C:\WINDOWS\System32\fwpuclnt.dll
0x00007ffe2ac40000 - 0x00007ffe2ac6b000 	C:\WINDOWS\SYSTEM32\bcrypt.dll
0x00007ffde4860000 - 0x00007ffde5699000 	C:\Users\Elie\git\decision-uta-method\uta-calculator\lib\jniortools.dll
0x00007ffe19cb0000 - 0x00007ffe19d56000 	C:\WINDOWS\SYSTEM32\MSVCP120.dll
0x00007ffe1d350000 - 0x00007ffe1d43f000 	C:\WINDOWS\SYSTEM32\MSVCR120.dll
0x00007ffe1bdf0000 - 0x00007ffe1bf82000 	C:\WINDOWS\SYSTEM32\dbghelp.dll

VM Arguments:
jvm_args: -Djava.library.path=C:\Users\Elie\git\decision-uta-method\uta-calculator\lib -Dfile.encoding=UTF-8 
java_command: io.github.oliviercailloux.uta_calculator.view.MainSimulation
java_class_path (initial): C:\Users\Elie\git\decision-uta-method\uta-calculator\target\classes;C:\Users\Elie\.m2\repository\com\google\ortools\ortools\2015.08\ortools-2015.08.jar;C:\Users\Elie\.m2\repository\org\slf4j\slf4j-api\1.7.21\slf4j-api-1.7.21.jar;C:\Users\Elie\.m2\repository\com\google\guava\guava\20.0\guava-20.0.jar;C:\Users\Elie\.m2\repository\ch\qos\logback\logback-classic\1.1.7\logback-classic-1.1.7.jar;C:\Users\Elie\.m2\repository\ch\qos\logback\logback-core\1.1.7\logback-core-1.1.7.jar;C:\Users\Elie\.m2\repository\org\apache\commons\commons-math\2.2\commons-math-2.2.jar;C:\Users\Elie\.m2\repository\protobuf\protobuf\3.3.0\protobuf-3.3.0.jar
Launcher Type: SUN_STANDARD

Environment Variables:
JAVA_HOME=C:\Oracle\Middleware\Oracle_Home\oracle_common\jdk
USERNAME=Elie
OS=Windows_NT
PROCESSOR_IDENTIFIER=Intel64 Family 6 Model 58 Stepping 9, GenuineIntel



---------------  S Y S T E M  ---------------

OS: Windows 10.0 , 64 bit Build 14393 (10.0.14393.1198)

CPU:total 4 (2 cores per cpu, 2 threads per core) family 6 model 58 stepping 9, cmov, cx8, fxsr, mmx, sse, sse2, sse3, ssse3, sse4.1, sse4.2, popcnt, avx, clmul, erms, ht, tsc, tscinvbit, tscinv

Memory: 4k page, physical 8222948k(3217080k free), swap 9730276k(2074900k free)

vm_info: Java HotSpot(TM) 64-Bit Server VM (25.51-b03) for windows-amd64 JRE (1.8.0_51-b16), built on Jun  8 2015 18:03:07 by "java_re" with MS VC++ 10.0 (VS2010)

time: Tue Aug 22 17:17:50 2017
elapsed time: 2 seconds (0d 0h 0m 2s)

