#
# A fatal error has been detected by the Java Runtime Environment:
#
#  EXCEPTION_ACCESS_VIOLATION (0xc0000005) at pc=0x00007ffddb6a703a, pid=12236, tid=7640
#
# JRE version: Java(TM) SE Runtime Environment (8.0_51-b16) (build 1.8.0_51-b16)
# Java VM: Java HotSpot(TM) 64-Bit Server VM (25.51-b03 mixed mode windows-amd64 compressed oops)
# Problematic frame:
# C  [jniortools.dll+0x3b703a]
#
# Failed to write core dump. Minidumps are not enabled by default on client versions of Windows
#
# If you would like to submit a bug report, please visit:
#   http://bugreport.java.com/bugreport/crash.jsp
# The crash happened outside the Java Virtual Machine in native code.
# See problematic frame for where to report the bug.
#

---------------  T H R E A D  ---------------

Current thread (0x00000000021ee000):  JavaThread "main" [_thread_in_native, id=7640, stack(0x00000000021f0000,0x00000000022f0000)]

siginfo: ExceptionCode=0xc0000005, reading address 0x000000001b6d53f0

Registers:
RAX=0x00000000e6305aa0, RBX=0x000000010001e9b0, RCX=0x000000001b6d53a0, RDX=0x00000000022eeac0
RSP=0x00000000022eea40, RBP=0x00000000022eead0, RSI=0x0000000016a51af8, RDI=0x00000001000bf360
R8 =0x000000001b6d53a0, R9 =0x00000000022eea98, R10=0x00007ffddb399920, R11=0x0000000000002469
R12=0x0000000000000000, R13=0x00000000d6300010, R14=0x00000000022eeac0, R15=0x00000000021ee000
RIP=0x00007ffddb6a703a, EFLAGS=0x0000000000010202

Top of Stack: (sp=0x00000000022eea40)
0x00000000022eea40:   00000000d6300000 00000000026f6d9d
0x00000000022eea50:   0000000000000000 00000000022eeac0
0x00000000022eea60:   00000001000bf360 000000000261499b
0x00000000022eea70:   000000010001e9b0 8281dc5000000012
0x00000000022eea80:   e6300018000048a4 000000000000915f
0x00000000022eea90:   00000000d630da40 00000000e6305aa0
0x00000000022eeaa0:   0000246e00000000 00000000000048d3
0x00000000022eeab0:   0000000000002451 000000008281cad8
0x00000000022eeac0:   0000000082840f80 000000008281dc50
0x00000000022eead0:   00000000022ef1a8 000000000269537c
0x00000000022eeae0:   01d31c34395fd9e8 0000000016a21c10
0x00000000022eeaf0:   00000000714e31f0 0000000000000000
0x00000000022eeb00:   0000000000000000 0000000016a6dc90
0x00000000022eeb10:   0000000000000000 00000000714e39b7
0x00000000022eeb20:   00000000de36f9f8 0000000302619b20
0x00000000022eeb30:   00000000e4183730 0000000302619b20 

Instructions: (pc=0x00007ffddb6a703a)
0x00007ffddb6a701a:   00 48 85 d2 48 0f 45 c2 c3 cc cc cc cc cc cc cc
0x00007ffddb6a702a:   cc cc cc cc cc cc 48 89 5c 24 08 57 48 83 ec 20
0x00007ffddb6a703a:   48 8b 79 50 48 8b d9 48 8b cf e8 d7 51 ff ff 84
0x00007ffddb6a704a:   c0 74 32 48 8b 07 48 8b cf ff 90 a0 00 00 00 84 


Register to memory mapping:

RAX=0x00000000e6305aa0 is an oop
com.google.ortools.linearsolver.MPVariable 
 - klass: 'com/google/ortools/linearsolver/MPVariable'
RBX=0x000000010001e9b0 is pointing into metadata
RCX=0x000000001b6d53a0 is an unknown value
RDX=0x00000000022eeac0 is pointing into the stack for thread: 0x00000000021ee000
RSP=0x00000000022eea40 is pointing into the stack for thread: 0x00000000021ee000
RBP=0x00000000022eead0 is pointing into the stack for thread: 0x00000000021ee000
RSI=0x0000000016a51af8 is pointing into metadata
RDI=0x00000001000bf360 is pointing into metadata
R8 =0x000000001b6d53a0 is an unknown value
R9 =0x00000000022eea98 is pointing into the stack for thread: 0x00000000021ee000
R10=0x00007ffddb399920 is an unknown value
R11=0x0000000000002469 is an unknown value
R12=0x0000000000000000 is an unknown value
R13=0x00000000d6300010 is an oop

[error occurred during error reporting (printing register info), id 0xc0000005]

Stack: [0x00000000021f0000,0x00000000022f0000],  sp=0x00000000022eea40,  free space=1018k
Native frames: (J=compiled Java code, j=interpreted, Vv=VM code, C=native code)
C  [jniortools.dll+0x3b703a]
C  0x000000000261499b

Java frames: (J=compiled Java code, j=interpreted, Vv=VM code)
J 464  com.google.ortools.linearsolver.operations_research_linear_solverJNI.MPVariable_solutionValue(JLcom/google/ortools/linearsolver/MPVariable;)D (0 bytes) @ 0x0000000002614915 [0x00000000026148c0+0x55]
J 593 C1 io.github.oliviercailloux.uta_calculator.model.UTASTAR.findValueFunction()Lio/github/oliviercailloux/uta_calculator/model/ValueFunction; (2318 bytes) @ 0x000000000269537c [0x000000000267fd20+0x1565c]
J 601 C1 io.github.oliviercailloux.uta_calculator.view.MainSimulation.getDifferenceRank(III)I (217 bytes) @ 0x00000000026b6644 [0x00000000026b4fe0+0x1664]
j  io.github.oliviercailloux.uta_calculator.view.MainSimulation.simulation()V+70
j  io.github.oliviercailloux.uta_calculator.view.MainSimulation.main([Ljava/lang/String;)V+9
v  ~StubRoutines::call_stub

---------------  P R O C E S S  ---------------

Java Threads: ( => current thread )
  0x0000000018713800 JavaThread "Service Thread" daemon [_thread_blocked, id=9516, stack(0x0000000018ae0000,0x0000000018be0000)]
  0x0000000016e96800 JavaThread "C1 CompilerThread2" daemon [_thread_blocked, id=10716, stack(0x00000000185e0000,0x00000000186e0000)]
  0x0000000016e93000 JavaThread "C2 CompilerThread1" daemon [_thread_in_native, id=7892, stack(0x00000000184e0000,0x00000000185e0000)]
  0x0000000016e90800 JavaThread "C2 CompilerThread0" daemon [_thread_blocked, id=4772, stack(0x00000000183e0000,0x00000000184e0000)]
  0x0000000016e8f000 JavaThread "Attach Listener" daemon [_thread_blocked, id=14248, stack(0x00000000182e0000,0x00000000183e0000)]
  0x0000000016e8e000 JavaThread "Signal Dispatcher" daemon [_thread_blocked, id=12420, stack(0x00000000181e0000,0x00000000182e0000)]
  0x00000000023e9800 JavaThread "Finalizer" daemon [_thread_blocked, id=12812, stack(0x00000000180e0000,0x00000000181e0000)]
  0x00000000023e0800 JavaThread "Reference Handler" daemon [_thread_blocked, id=4128, stack(0x0000000017fe0000,0x00000000180e0000)]
=>0x00000000021ee000 JavaThread "main" [_thread_in_native, id=7640, stack(0x00000000021f0000,0x00000000022f0000)]

Other Threads:
  0x0000000016e58000 VMThread [stack: 0x0000000017ee0000,0x0000000017fe0000] [id=5128]
  0x0000000018714800 WatcherThread [stack: 0x0000000018be0000,0x0000000018ce0000] [id=13864]

VM state:not at safepoint (normal execution)

VM Mutex/Monitor currently owned by a thread: None

Heap:
 PSYoungGen      total 264704K, used 5735K [0x00000000d6300000, 0x00000000f0200000, 0x0000000100000000)
  eden space 262144K, 2% used [0x00000000d6300000,0x00000000d6821d38,0x00000000e6300000)
  from space 2560K, 18% used [0x00000000e6300000,0x00000000e6378000,0x00000000e6580000)
  to   space 2560K, 0% used [0x00000000eff80000,0x00000000eff80000,0x00000000f0200000)
 ParOldGen       total 86016K, used 1361K [0x0000000082800000, 0x0000000087c00000, 0x00000000d6300000)
  object space 86016K, 1% used [0x0000000082800000,0x0000000082954500,0x0000000087c00000)
 Metaspace       used 6593K, capacity 6728K, committed 7040K, reserved 1056768K
  class space    used 790K, capacity 816K, committed 896K, reserved 1048576K

Card table byte_map: [0x00000000117b0000,0x0000000011ba0000] byte_map_base: 0x000000001139c000

Marking Bits: (ParMarkBitMap*) 0x0000000071af4040
 Begin Bits: [0x0000000012240000, 0x00000000141a0000)
 End Bits:   [0x00000000141a0000, 0x0000000016100000)

Polling page: 0x0000000002100000

CodeCache: size=245760Kb used=3220Kb max_used=3220Kb free=242539Kb
 bounds [0x00000000023f0000, 0x0000000002720000, 0x00000000113f0000]
 total_blobs=1011 nmethods=691 adapters=233
 compilation: enabled

Compilation events (10 events):
Event: 1.420 Thread 0x0000000016e96800  688       3       sun.misc.FDBigInteger::multDiffMe (297 bytes)
Event: 1.421 Thread 0x0000000016e96800 nmethod 688 0x000000000270f9d0 code [0x000000000270fb80, 0x0000000002710290]
Event: 1.465 Thread 0x0000000016e96800  689       1       sun.misc.FDBigInteger::size (10 bytes)
Event: 1.465 Thread 0x0000000016e96800 nmethod 689 0x00000000026cee90 code [0x00000000026cefe0, 0x00000000026cf0f0]
Event: 1.466 Thread 0x0000000016e96800  690       3       sun.misc.FDBigInteger::quoRemIteration (337 bytes)
Event: 1.466 Thread 0x0000000016e96800 nmethod 690 0x0000000002715550 code [0x0000000002715760, 0x0000000002715fb8]
Event: 1.466 Thread 0x0000000016e96800  691       3       sun.misc.FDBigInteger::addAndCmp (292 bytes)
Event: 1.467 Thread 0x0000000016e96800 nmethod 691 0x0000000002716790 code [0x0000000002716980, 0x00000000027172a8]
Event: 1.486 Thread 0x0000000016e96800  692       3       sun.misc.FDBigInteger::multBy10 (178 bytes)
Event: 1.487 Thread 0x0000000016e96800 nmethod 692 0x0000000002717850 code [0x0000000002717a60, 0x00000000027183d8]

GC Heap History (10 events):
Event: 0.906 GC heap before
{Heap before GC invocations=5 (full 0):
 PSYoungGen      total 70656K, used 66944K [0x00000000d6300000, 0x00000000dad00000, 0x0000000100000000)
  eden space 65536K, 100% used [0x00000000d6300000,0x00000000da300000,0x00000000da300000)
  from space 5120K, 27% used [0x00000000da800000,0x00000000da960020,0x00000000dad00000)
  to   space 5120K, 0% used [0x00000000da300000,0x00000000da300000,0x00000000da800000)
 ParOldGen       total 86016K, used 96K [0x0000000082800000, 0x0000000087c00000, 0x00000000d6300000)
  object space 86016K, 0% used [0x0000000082800000,0x0000000082818010,0x0000000087c00000)
 Metaspace       used 6569K, capacity 6664K, committed 6784K, reserved 1056768K
  class space    used 790K, capacity 816K, committed 896K, reserved 1048576K
Event: 0.908 GC heap after
Heap after GC invocations=5 (full 0):
 PSYoungGen      total 70656K, used 1504K [0x00000000d6300000, 0x00000000de800000, 0x0000000100000000)
  eden space 65536K, 0% used [0x00000000d6300000,0x00000000d6300000,0x00000000da300000)
  from space 5120K, 29% used [0x00000000da300000,0x00000000da478000,0x00000000da800000)
  to   space 2560K, 0% used [0x00000000de580000,0x00000000de580000,0x00000000de800000)
 ParOldGen       total 86016K, used 104K [0x0000000082800000, 0x0000000087c00000, 0x00000000d6300000)
  object space 86016K, 0% used [0x0000000082800000,0x000000008281a010,0x0000000087c00000)
 Metaspace       used 6569K, capacity 6664K, committed 6784K, reserved 1056768K
  class space    used 790K, capacity 816K, committed 896K, reserved 1048576K
}
Event: 0.990 GC heap before
{Heap before GC invocations=6 (full 0):
 PSYoungGen      total 70656K, used 67040K [0x00000000d6300000, 0x00000000de800000, 0x0000000100000000)
  eden space 65536K, 100% used [0x00000000d6300000,0x00000000da300000,0x00000000da300000)
  from space 5120K, 29% used [0x00000000da300000,0x00000000da478000,0x00000000da800000)
  to   space 2560K, 0% used [0x00000000de580000,0x00000000de580000,0x00000000de800000)
 ParOldGen       total 86016K, used 104K [0x0000000082800000, 0x0000000087c00000, 0x00000000d6300000)
  object space 86016K, 0% used [0x0000000082800000,0x000000008281a010,0x0000000087c00000)
 Metaspace       used 6577K, capacity 6664K, committed 6784K, reserved 1056768K
  class space    used 790K, capacity 816K, committed 896K, reserved 1048576K
Event: 0.993 GC heap after
Heap after GC invocations=6 (full 0):
 PSYoungGen      total 133632K, used 1456K [0x00000000d6300000, 0x00000000de800000, 0x0000000100000000)
  eden space 131072K, 0% used [0x00000000d6300000,0x00000000d6300000,0x00000000de300000)
  from space 2560K, 56% used [0x00000000de580000,0x00000000de6ec030,0x00000000de800000)
  to   space 2560K, 0% used [0x00000000de300000,0x00000000de300000,0x00000000de580000)
 ParOldGen       total 86016K, used 112K [0x0000000082800000, 0x0000000087c00000, 0x00000000d6300000)
  object space 86016K, 0% used [0x0000000082800000,0x000000008281c010,0x0000000087c00000)
 Metaspace       used 6577K, capacity 6664K, committed 6784K, reserved 1056768K
  class space    used 790K, capacity 816K, committed 896K, reserved 1048576K
}
Event: 1.142 GC heap before
{Heap before GC invocations=7 (full 0):
 PSYoungGen      total 133632K, used 132528K [0x00000000d6300000, 0x00000000de800000, 0x0000000100000000)
  eden space 131072K, 100% used [0x00000000d6300000,0x00000000de300000,0x00000000de300000)
  from space 2560K, 56% used [0x00000000de580000,0x00000000de6ec030,0x00000000de800000)
  to   space 2560K, 0% used [0x00000000de300000,0x00000000de300000,0x00000000de580000)
 ParOldGen       total 86016K, used 112K [0x0000000082800000, 0x0000000087c00000, 0x00000000d6300000)
  object space 86016K, 0% used [0x0000000082800000,0x000000008281c010,0x0000000087c00000)
 Metaspace       used 6587K, capacity 6728K, committed 7040K, reserved 1056768K
  class space    used 790K, capacity 816K, committed 896K, reserved 1048576K
Event: 1.145 GC heap after
Heap after GC invocations=7 (full 0):
 PSYoungGen      total 133632K, used 320K [0x00000000d6300000, 0x00000000e6800000, 0x0000000100000000)
  eden space 131072K, 0% used [0x00000000d6300000,0x00000000d6300000,0x00000000de300000)
  from space 2560K, 12% used [0x00000000de300000,0x00000000de350000,0x00000000de580000)
  to   space 2560K, 0% used [0x00000000e6580000,0x00000000e6580000,0x00000000e6800000)
 ParOldGen       total 86016K, used 1329K [0x0000000082800000, 0x0000000087c00000, 0x00000000d6300000)
  object space 86016K, 1% used [0x0000000082800000,0x000000008294c500,0x0000000087c00000)
 Metaspace       used 6587K, capacity 6728K, committed 7040K, reserved 1056768K
  class space    used 790K, capacity 816K, committed 896K, reserved 1048576K
}
Event: 1.262 GC heap before
{Heap before GC invocations=8 (full 0):
 PSYoungGen      total 133632K, used 131392K [0x00000000d6300000, 0x00000000e6800000, 0x0000000100000000)
  eden space 131072K, 100% used [0x00000000d6300000,0x00000000de300000,0x00000000de300000)
  from space 2560K, 12% used [0x00000000de300000,0x00000000de350000,0x00000000de580000)
  to   space 2560K, 0% used [0x00000000e6580000,0x00000000e6580000,0x00000000e6800000)
 ParOldGen       total 86016K, used 1329K [0x0000000082800000, 0x0000000087c00000, 0x00000000d6300000)
  object space 86016K, 1% used [0x0000000082800000,0x000000008294c500,0x0000000087c00000)
 Metaspace       used 6590K, capacity 6728K, committed 7040K, reserved 1056768K
  class space    used 790K, capacity 816K, committed 896K, reserved 1048576K
Event: 1.264 GC heap after
Heap after GC invocations=8 (full 0):
 PSYoungGen      total 264704K, used 384K [0x00000000d6300000, 0x00000000e6800000, 0x0000000100000000)
  eden space 262144K, 0% used [0x00000000d6300000,0x00000000d6300000,0x00000000e6300000)
  from space 2560K, 15% used [0x00000000e6580000,0x00000000e65e0000,0x00000000e6800000)
  to   space 2560K, 0% used [0x00000000e6300000,0x00000000e6300000,0x00000000e6580000)
 ParOldGen       total 86016K, used 1353K [0x0000000082800000, 0x0000000087c00000, 0x00000000d6300000)
  object space 86016K, 1% used [0x0000000082800000,0x0000000082952500,0x0000000087c00000)
 Metaspace       used 6590K, capacity 6728K, committed 7040K, reserved 1056768K
  class space    used 790K, capacity 816K, committed 896K, reserved 1048576K
}
Event: 1.539 GC heap before
{Heap before GC invocations=9 (full 0):
 PSYoungGen      total 264704K, used 262528K [0x00000000d6300000, 0x00000000e6800000, 0x0000000100000000)
  eden space 262144K, 100% used [0x00000000d6300000,0x00000000e6300000,0x00000000e6300000)
  from space 2560K, 15% used [0x00000000e6580000,0x00000000e65e0000,0x00000000e6800000)
  to   space 2560K, 0% used [0x00000000e6300000,0x00000000e6300000,0x00000000e6580000)
 ParOldGen       total 86016K, used 1353K [0x0000000082800000, 0x0000000087c00000, 0x00000000d6300000)
  object space 86016K, 1% used [0x0000000082800000,0x0000000082952500,0x0000000087c00000)
 Metaspace       used 6593K, capacity 6728K, committed 7040K, reserved 1056768K
  class space    used 790K, capacity 816K, committed 896K, reserved 1048576K
Event: 1.544 GC heap after
Heap after GC invocations=9 (full 0):
 PSYoungGen      total 264704K, used 480K [0x00000000d6300000, 0x00000000f0200000, 0x0000000100000000)
  eden space 262144K, 0% used [0x00000000d6300000,0x00000000d6300000,0x00000000e6300000)
  from space 2560K, 18% used [0x00000000e6300000,0x00000000e6378000,0x00000000e6580000)
  to   space 2560K, 0% used [0x00000000eff80000,0x00000000eff80000,0x00000000f0200000)
 ParOldGen       total 86016K, used 1361K [0x0000000082800000, 0x0000000087c00000, 0x00000000d6300000)
  object space 86016K, 1% used [0x0000000082800000,0x0000000082954500,0x0000000087c00000)
 Metaspace       used 6593K, capacity 6728K, committed 7040K, reserved 1056768K
  class space    used 790K, capacity 816K, committed 896K, reserved 1048576K
}

Deoptimization events (3 events):
Event: 0.378 Thread 0x00000000021ee000 Uncommon trap: reason=predicate action=maybe_recompile pc=0x0000000002608554 method=io.github.oliviercailloux.uta_calculator.model.PartialValueFunction.getDerivative(D)D @ 74
Event: 0.411 Thread 0x00000000021ee000 Uncommon trap: reason=range_check action=make_not_entrant pc=0x000000000260e838 method=java.util.ArrayList.elementData(I)Ljava/lang/Object; @ 5
Event: 0.683 Thread 0x00000000021ee000 Uncommon trap: reason=unstable_if action=reinterpret pc=0x00000000026720f8 method=sun.misc.FloatingDecimal$BinaryToASCIIBuffer.estimateDecExp(JI)I @ 117

Internal exceptions (7 events):
Event: 0.037 Thread 0x00000000021ee000 Exception <a 'java/lang/NoSuchMethodError': Method sun.misc.Unsafe.defineClass(Ljava/lang/String;[BII)Ljava/lang/Class; name or signature does not match> (0x00000000d630d228) thrown at [C:\re\workspace\8-2-build-windows-amd64-cygwin\jdk8u51\3951\hotspot\sr@ı#¢∫Ë¢?
Event: 0.037 Thread 0x00000000021ee000 Exception <a 'java/lang/NoSuchMethodError': Method sun.misc.Unsafe.prefetchRead(Ljava/lang/Object;J)V name or signature does not match> (0x00000000d630d4b8) thrown at [C:\re\workspace\8-2-build-windows-amd64-cygwin\jdk8u51\3951\hotspot\src\share\vm\prims\jdŒÍZª?
Event: 0.107 Thread 0x00000000021ee000 Exception <a 'java/security/PrivilegedActionException'> (0x00000000d6525508) thrown at [C:\re\workspace\8-2-build-windows-amd64-cygwin\jdk8u51\3951\hotspot\src\share\vm\prims\jvm.cpp, line 1382]
Event: 0.107 Thread 0x00000000021ee000 Exception <a 'java/security/PrivilegedActionException'> (0x00000000d65256c0) thrown at [C:\re\workspace\8-2-build-windows-amd64-cygwin\jdk8u51\3951\hotspot\src\share\vm\prims\jvm.cpp, line 1382]
Event: 0.107 Thread 0x00000000021ee000 Exception <a 'java/security/PrivilegedActionException'> (0x00000000d65291b8) thrown at [C:\re\workspace\8-2-build-windows-amd64-cygwin\jdk8u51\3951\hotspot\src\share\vm\prims\jvm.cpp, line 1382]
Event: 0.107 Thread 0x00000000021ee000 Exception <a 'java/security/PrivilegedActionException'> (0x00000000d6529370) thrown at [C:\re\workspace\8-2-build-windows-amd64-cygwin\jdk8u51\3951\hotspot\src\share\vm\prims\jvm.cpp, line 1382]
Event: 0.146 Thread 0x00000000021ee000 Exception <a 'java/io/FileNotFoundException'> (0x00000000d667c0e8) thrown at [C:\re\workspace\8-2-build-windows-amd64-cygwin\jdk8u51\3951\hotspot\src\share\vm\prims\jni.cpp, line 709]

Events (10 events):
Event: 0.943 Thread 0x00000000021ee000 DEOPT PACKING pc=0x0000000002633e42 sp=0x00000000022eedd0
Event: 0.943 Thread 0x00000000021ee000 DEOPT UNPACKING pc=0x000000000243787f sp=0x00000000022eeaf8 mode 0
Event: 0.990 Executing VM operation: ParallelGCFailedAllocation
Event: 0.993 Executing VM operation: ParallelGCFailedAllocation done
Event: 1.142 Executing VM operation: ParallelGCFailedAllocation
Event: 1.145 Executing VM operation: ParallelGCFailedAllocation done
Event: 1.262 Executing VM operation: ParallelGCFailedAllocation
Event: 1.264 Executing VM operation: ParallelGCFailedAllocation done
Event: 1.539 Executing VM operation: ParallelGCFailedAllocation
Event: 1.544 Executing VM operation: ParallelGCFailedAllocation done


Dynamic libraries:
0x00007ff7a9670000 - 0x00007ff7a96a7000 	C:\Program Files\Java\jre1.8.0_51\bin\javaw.exe
0x00007ffe2e890000 - 0x00007ffe2ea62000 	C:\WINDOWS\SYSTEM32\ntdll.dll
0x00007ffe2e3e0000 - 0x00007ffe2e48c000 	C:\WINDOWS\System32\KERNEL32.DLL
0x00007ffe2b1e0000 - 0x00007ffe2b3fd000 	C:\WINDOWS\System32\KERNELBASE.dll
0x00007ffe2e7e0000 - 0x00007ffe2e882000 	C:\WINDOWS\System32\ADVAPI32.dll
0x00007ffe2e340000 - 0x00007ffe2e3de000 	C:\WINDOWS\System32\msvcrt.dll
0x00007ffe2d8a0000 - 0x00007ffe2d8f9000 	C:\WINDOWS\System32\sechost.dll
0x00007ffe2e150000 - 0x00007ffe2e271000 	C:\WINDOWS\System32\RPCRT4.dll
0x00007ffe2dd40000 - 0x00007ffe2dea5000 	C:\WINDOWS\System32\USER32.dll
0x00007ffe2ade0000 - 0x00007ffe2adfe000 	C:\WINDOWS\System32\win32u.dll
0x00007ffe2db30000 - 0x00007ffe2db64000 	C:\WINDOWS\System32\GDI32.dll
0x00007ffe2bbf0000 - 0x00007ffe2bd70000 	C:\WINDOWS\System32\gdi32full.dll
0x00007ffe27340000 - 0x00007ffe275ba000 	C:\WINDOWS\WinSxS\amd64_microsoft.windows.common-controls_6595b64144ccf1df_6.0.14393.953_none_42151e83c686086b\COMCTL32.dll
0x00007ffe2e490000 - 0x00007ffe2e758000 	C:\WINDOWS\System32\combase.dll
0x00007ffe2b0e0000 - 0x00007ffe2b1d5000 	C:\WINDOWS\System32\ucrtbase.dll
0x00007ffe2aea0000 - 0x00007ffe2af0a000 	C:\WINDOWS\System32\bcryptPrimitives.dll
0x00007ffe2db70000 - 0x00007ffe2db9e000 	C:\WINDOWS\System32\IMM32.DLL
0x0000000071b80000 - 0x0000000071c52000 	C:\Program Files\Java\jre1.8.0_51\bin\msvcr100.dll
0x00000000712f0000 - 0x0000000071b73000 	C:\Program Files\Java\jre1.8.0_51\bin\server\jvm.dll
0x00007ffe2d780000 - 0x00007ffe2d788000 	C:\WINDOWS\System32\PSAPI.DLL
0x00007ffe1d4b0000 - 0x00007ffe1d4b9000 	C:\WINDOWS\SYSTEM32\WSOCK32.dll
0x00007ffe28040000 - 0x00007ffe28063000 	C:\WINDOWS\SYSTEM32\WINMM.dll
0x00007ffe2d900000 - 0x00007ffe2d96a000 	C:\WINDOWS\System32\WS2_32.dll
0x00007ffe1ca10000 - 0x00007ffe1ca1a000 	C:\WINDOWS\SYSTEM32\VERSION.dll
0x00007ffe27e70000 - 0x00007ffe27e9b000 	C:\WINDOWS\SYSTEM32\winmmbase.dll
0x00007ffe2ad90000 - 0x00007ffe2add2000 	C:\WINDOWS\System32\cfgmgr32.dll
0x0000000074af0000 - 0x0000000074aff000 	C:\Program Files\Java\jre1.8.0_51\bin\verify.dll
0x0000000074850000 - 0x0000000074879000 	C:\Program Files\Java\jre1.8.0_51\bin\java.dll
0x0000000074500000 - 0x0000000074516000 	C:\Program Files\Java\jre1.8.0_51\bin\zip.dll
0x00007ffe2c250000 - 0x00007ffe2d758000 	C:\WINDOWS\System32\SHELL32.dll
0x00007ffe2b400000 - 0x00007ffe2bada000 	C:\WINDOWS\System32\windows.storage.dll
0x00007ffe2ad30000 - 0x00007ffe2ad7c000 	C:\WINDOWS\System32\powrprof.dll
0x00007ffe2dad0000 - 0x00007ffe2db22000 	C:\WINDOWS\System32\shlwapi.dll
0x00007ffe2ad20000 - 0x00007ffe2ad2f000 	C:\WINDOWS\System32\kernel.appcore.dll
0x00007ffe2bae0000 - 0x00007ffe2bb89000 	C:\WINDOWS\System32\shcore.dll
0x00007ffe2ad00000 - 0x00007ffe2ad14000 	C:\WINDOWS\System32\profapi.dll
0x00000000744e0000 - 0x00000000744fa000 	C:\Program Files\Java\jre1.8.0_51\bin\net.dll
0x00007ffe2a5d0000 - 0x00007ffe2a62c000 	C:\WINDOWS\system32\mswsock.dll
0x00007ffe163b0000 - 0x00007ffe163c6000 	C:\WINDOWS\system32\napinsp.dll
0x00007ffe16570000 - 0x00007ffe1658a000 	C:\WINDOWS\system32\pnrpnsp.dll
0x00007ffe28970000 - 0x00007ffe28988000 	C:\WINDOWS\system32\NLAapi.dll
0x00007ffe2a390000 - 0x00007ffe2a431000 	C:\WINDOWS\SYSTEM32\DNSAPI.dll
0x00007ffe2d890000 - 0x00007ffe2d898000 	C:\WINDOWS\System32\NSI.dll
0x00007ffe2a350000 - 0x00007ffe2a388000 	C:\WINDOWS\SYSTEM32\IPHLPAPI.DLL
0x00007ffe177e0000 - 0x00007ffe177ee000 	C:\WINDOWS\System32\winrnr.dll
0x0000000075850000 - 0x0000000075876000 	C:\Program Files\Bonjour\mdnsNSP.dll
0x00007ffe26530000 - 0x00007ffe26545000 	C:\WINDOWS\System32\wshbth.dll
0x00007ffe1ca00000 - 0x00007ffe1ca0a000 	C:\Windows\System32\rasadhlp.dll
0x00007ffe20340000 - 0x00007ffe203aa000 	C:\WINDOWS\System32\fwpuclnt.dll
0x00007ffe2ac40000 - 0x00007ffe2ac6b000 	C:\WINDOWS\SYSTEM32\bcrypt.dll
0x00007ffddb2f0000 - 0x00007ffddc129000 	C:\Users\Elie\git\decision-uta-method\uta-calculator\lib\jniortools.dll
0x00007ffe1d350000 - 0x00007ffe1d43f000 	C:\WINDOWS\SYSTEM32\MSVCR120.dll
0x00007ffe19cb0000 - 0x00007ffe19d56000 	C:\WINDOWS\SYSTEM32\MSVCP120.dll
0x00007ffe1bdf0000 - 0x00007ffe1bf82000 	C:\WINDOWS\SYSTEM32\dbghelp.dll

VM Arguments:
jvm_args: -Djava.library.path=C:\Users\Elie\git\decision-uta-method\uta-calculator\lib -Dfile.encoding=UTF-8 
java_command: io.github.oliviercailloux.uta_calculator.view.MainSimulation
java_class_path (initial): C:\Users\Elie\git\decision-uta-method\uta-calculator\target\classes;C:\Users\Elie\.m2\repository\com\google\ortools\ortools\2015.08\ortools-2015.08.jar;C:\Users\Elie\.m2\repository\org\slf4j\slf4j-api\1.7.21\slf4j-api-1.7.21.jar;C:\Users\Elie\.m2\repository\com\google\guava\guava\20.0\guava-20.0.jar;C:\Users\Elie\.m2\repository\ch\qos\logback\logback-classic\1.1.7\logback-classic-1.1.7.jar;C:\Users\Elie\.m2\repository\ch\qos\logback\logback-core\1.1.7\logback-core-1.1.7.jar;C:\Users\Elie\.m2\repository\org\apache\commons\commons-math\2.2\commons-math-2.2.jar;C:\Users\Elie\.m2\repository\protobuf\protobuf\3.3.0\protobuf-3.3.0.jar
Launcher Type: SUN_STANDARD

Environment Variables:
JAVA_HOME=C:\Oracle\Middleware\Oracle_Home\oracle_common\jdk
USERNAME=Elie
OS=Windows_NT
PROCESSOR_IDENTIFIER=Intel64 Family 6 Model 58 Stepping 9, GenuineIntel



---------------  S Y S T E M  ---------------

OS: Windows 10.0 , 64 bit Build 14393 (10.0.14393.1198)

CPU:total 4 (2 cores per cpu, 2 threads per core) family 6 model 58 stepping 9, cmov, cx8, fxsr, mmx, sse, sse2, sse3, ssse3, sse4.1, sse4.2, popcnt, avx, clmul, erms, ht, tsc, tscinvbit, tscinv

Memory: 4k page, physical 8222948k(3277908k free), swap 10715372k(2712784k free)

vm_info: Java HotSpot(TM) 64-Bit Server VM (25.51-b03) for windows-amd64 JRE (1.8.0_51-b16), built on Jun  8 2015 18:03:07 by "java_re" with MS VC++ 10.0 (VS2010)

time: Wed Aug 23 19:21:15 2017
elapsed time: 1 seconds (0d 0h 0m 1s)

