#
# A fatal error has been detected by the Java Runtime Environment:
#
#  EXCEPTION_ACCESS_VIOLATION (0xc0000005) at pc=0x00007ffde30cc306, pid=14200, tid=3380
#
# JRE version: Java(TM) SE Runtime Environment (8.0_51-b16) (build 1.8.0_51-b16)
# Java VM: Java HotSpot(TM) 64-Bit Server VM (25.51-b03 mixed mode windows-amd64 compressed oops)
# Problematic frame:
# C  [jniortools.dll+0x3ac306]
#
# Failed to write core dump. Minidumps are not enabled by default on client versions of Windows
#
# If you would like to submit a bug report, please visit:
#   http://bugreport.java.com/bugreport/crash.jsp
# The crash happened outside the Java Virtual Machine in native code.
# See problematic frame for where to report the bug.
#

---------------  T H R E A D  ---------------

Current thread (0x000000000275e000):  JavaThread "main" [_thread_in_native, id=3380, stack(0x0000000002800000,0x0000000002900000)]

siginfo: ExceptionCode=0xc0000005, reading address 0x000000001977c9a0

Registers:
RAX=0x00007ffe19d48790, RBX=0x00000000028feb90, RCX=0x00007ffe19d48790, RDX=0x0000000000000002
RSP=0x00000000028feb60, RBP=0x00000000028fec50, RSI=0x0000000017069ca8, RDI=0x000000001977c990
R8 =0x00007ffe1d4319b0, R9 =0x00007ffe1d4319b0, R10=0x0000000000000000, R11=0x0000000000000246
R12=0x0000000000000000, R13=0x000000000000001a, R14=0x00000000028fec40, R15=0x000000000275e000
RIP=0x00007ffde30cc306, EFLAGS=0x0000000000010206

Top of Stack: (sp=0x00000000028feb60)
0x00000000028feb60:   00007ffe19d48790 0000000000000000
0x00000000028feb70:   00000000028feb90 0000000000add380
0x00000000028feb80:   fffffffffffffffe 00007ffe19d48790
0x00000000028feb90:   39303a35313a3831 0000000300000000
0x00000000028feba0:   0000f56a70a37181 0000000002a16360
0x00000000028febb0:   000000001977c990 00007ffde30d7049
0x00000000028febc0:   000000000275e000 000000001a44bf90
0x00000000028febd0:   00000000fffffffd 0000000000023a20
0x00000000028febe0:   00000001000c06f8 0000000002c1b71b
0x00000000028febf0:   000000010001e9b0 00000000028fec58
0x00000000028fec00:   0000000017052928 0000000000000000
0x00000000028fec10:   00000000d6309948 00000000d839b898
0x00000000028fec20:   00000b0800000000 0000000000001607
0x00000000028fec30:   0000000000000ace 00000000d8303a30
0x00000000028fec40:   00000000d8311d48 00000000d839b0f0
0x00000000028fec50:   00000000028ff300 0000000002c87c8c 

Instructions: (pc=0x00007ffde30cc306)
0x00007ffde30cc2e6:   16 56 72 00 48 8b 4c 24 28 e8 bc ff c5 ff 48 8b
0x00007ffde30cc2f6:   c8 48 8d 15 e2 55 72 00 e8 ad ff c5 ff 48 8b c8
0x00007ffde30cc306:   8b 57 10 ff 15 99 0d 6d 00 90 48 8d 15 25 5e 6d
0x00007ffde30cc316:   00 48 8b 4c 24 28 e8 8f ff c5 ff 32 c0 eb 02 b0 


Register to memory mapping:

RAX=0x00007ffe19d48790 is an unknown value
RBX=0x00000000028feb90 is pointing into the stack for thread: 0x000000000275e000
RCX=0x00007ffe19d48790 is an unknown value
RDX=0x0000000000000002 is an unknown value
RSP=0x00000000028feb60 is pointing into the stack for thread: 0x000000000275e000
RBP=0x00000000028fec50 is pointing into the stack for thread: 0x000000000275e000
RSI=0x0000000017069ca8 is pointing into metadata
RDI=0x000000001977c990 is an unknown value
R8 =0x00007ffe1d4319b0 is an unknown value
R9 =0x00007ffe1d4319b0 is an unknown value
R10=0x0000000000000000 is an unknown value
R11=0x0000000000000246 is an unknown value
R12=0x0000000000000000 is an unknown value
R13=0x000000000000001a is an unknown value
R14=0x00000000028fec40 is pointing into the stack for thread: 0x000000000275e000
R15=0x000000000275e000 is a thread


Stack: [0x0000000002800000,0x0000000002900000],  sp=0x00000000028feb60,  free space=1018k
Native frames: (J=compiled Java code, j=interpreted, Vv=VM code, C=native code)
C  [jniortools.dll+0x3ac306]
C  [jniortools.dll+0x3b7049]
C  0x0000000002c1b71b

Java frames: (J=compiled Java code, j=interpreted, Vv=VM code)
J 455  com.google.ortools.linearsolver.operations_research_linear_solverJNI.MPVariable_solutionValue(JLcom/google/ortools/linearsolver/MPVariable;)D (0 bytes) @ 0x0000000002c1b695 [0x0000000002c1b640+0x55]
J 559 C1 io.github.oliviercailloux.uta_calculator.model.UTASTAR.findValueFunction()Lio/github/oliviercailloux/uta_calculator/model/ValueFunction; (2313 bytes) @ 0x0000000002c87c8c [0x0000000002c72e20+0x14e6c]
J 558 C1 io.github.oliviercailloux.uta_calculator.view.MainSimulation.getDifferenceRank(III)I (217 bytes) @ 0x0000000002c6cf84 [0x0000000002c6b920+0x1664]
j  io.github.oliviercailloux.uta_calculator.view.MainSimulation.simulation()V+29
j  io.github.oliviercailloux.uta_calculator.view.MainSimulation.main([Ljava/lang/String;)V+9
v  ~StubRoutines::call_stub

---------------  P R O C E S S  ---------------

Java Threads: ( => current thread )
  0x0000000018d2e000 JavaThread "Service Thread" daemon [_thread_blocked, id=4520, stack(0x0000000019100000,0x0000000019200000)]
  0x00000000174aa000 JavaThread "C1 CompilerThread2" daemon [_thread_blocked, id=10904, stack(0x0000000018c00000,0x0000000018d00000)]
  0x00000000174a3800 JavaThread "C2 CompilerThread1" daemon [_thread_blocked, id=11456, stack(0x0000000018b00000,0x0000000018c00000)]
  0x00000000174a1000 JavaThread "C2 CompilerThread0" daemon [_thread_blocked, id=11100, stack(0x0000000018a00000,0x0000000018b00000)]
  0x000000001749f000 JavaThread "Attach Listener" daemon [_thread_blocked, id=14016, stack(0x0000000018900000,0x0000000018a00000)]
  0x000000001749e000 JavaThread "Signal Dispatcher" daemon [_thread_blocked, id=4888, stack(0x0000000018800000,0x0000000018900000)]
  0x00000000029f9000 JavaThread "Finalizer" daemon [_thread_blocked, id=1236, stack(0x0000000018700000,0x0000000018800000)]
  0x00000000029f0800 JavaThread "Reference Handler" daemon [_thread_blocked, id=12004, stack(0x0000000018600000,0x0000000018700000)]
=>0x000000000275e000 JavaThread "main" [_thread_in_native, id=3380, stack(0x0000000002800000,0x0000000002900000)]

Other Threads:
  0x0000000017468000 VMThread [stack: 0x0000000018500000,0x0000000018600000] [id=13392]
  0x0000000018d2f000 WatcherThread [stack: 0x0000000019200000,0x0000000019300000] [id=8352]

VM state:not at safepoint (normal execution)

VM Mutex/Monitor currently owned by a thread: None

Heap:
 PSYoungGen      total 37888K, used 1979K [0x00000000d6300000, 0x00000000dad00000, 0x0000000100000000)
  eden space 32768K, 1% used [0x00000000d6300000,0x00000000d63a2e10,0x00000000d8300000)
  from space 5120K, 25% used [0x00000000d8300000,0x00000000d844c030,0x00000000d8800000)
  to   space 5120K, 0% used [0x00000000da800000,0x00000000da800000,0x00000000dad00000)
 ParOldGen       total 86016K, used 88K [0x0000000082800000, 0x0000000087c00000, 0x00000000d6300000)
  object space 86016K, 0% used [0x0000000082800000,0x0000000082816010,0x0000000087c00000)
 Metaspace       used 6398K, capacity 6440K, committed 6784K, reserved 1056768K
  class space    used 773K, capacity 784K, committed 896K, reserved 1048576K

Card table byte_map: [0x0000000011dc0000,0x00000000121b0000] byte_map_base: 0x00000000119ac000

Marking Bits: (ParMarkBitMap*) 0x0000000071af4040
 Begin Bits: [0x0000000012850000, 0x00000000147b0000)
 End Bits:   [0x00000000147b0000, 0x0000000016710000)

Polling page: 0x00000000026c0000

CodeCache: size=245760Kb used=2736Kb max_used=2752Kb free=243023Kb
 bounds [0x0000000002a00000, 0x0000000002cc0000, 0x0000000011a00000]
 total_blobs=888 nmethods=576 adapters=225
 compilation: enabled

Compilation events (10 events):
Event: 0.767 Thread 0x00000000174a1000  569       4       io.github.oliviercailloux.uta_calculator.view.MainSimulation::compare (228 bytes)
Event: 0.772 Thread 0x00000000174aa000  570       3       java.util.TimSort::mergeForceCollapse (50 bytes)
Event: 0.773 Thread 0x00000000174aa000 nmethod 570 0x0000000002c50490 code [0x0000000002c50600, 0x0000000002c50908]
Event: 0.774 Thread 0x00000000174aa000  571       3       java.util.TimSort::<init> (184 bytes)
Event: 0.774 Thread 0x00000000174a3800  573       4       io.github.oliviercailloux.uta_calculator.view.MainSimulation$2::compare (13 bytes)
Event: 0.775 Thread 0x00000000174aa000 nmethod 571 0x0000000002c6fd90 code [0x0000000002c6ff40, 0x0000000002c707d8]
Event: 0.775 Thread 0x00000000174aa000  572       3       java.util.TimSort::minRunLength (43 bytes)
Event: 0.775 Thread 0x00000000174aa000 nmethod 572 0x0000000002c6f990 code [0x0000000002c6fb00, 0x0000000002c6fcf0]
Event: 0.776 Thread 0x00000000174a3800 nmethod 573 0x0000000002ca8110 code [0x0000000002ca8280, 0x0000000002ca8458]
Event: 0.779 Thread 0x00000000174a3800  574 %     4       java.util.TimSort::binarySort @ 69 (223 bytes)

GC Heap History (6 events):
Event: 0.579 GC heap before
{Heap before GC invocations=1 (full 0):
 PSYoungGen      total 37888K, used 32768K [0x00000000d6300000, 0x00000000d8d00000, 0x0000000100000000)
  eden space 32768K, 100% used [0x00000000d6300000,0x00000000d8300000,0x00000000d8300000)
  from space 5120K, 0% used [0x00000000d8800000,0x00000000d8800000,0x00000000d8d00000)
  to   space 5120K, 0% used [0x00000000d8300000,0x00000000d8300000,0x00000000d8800000)
 ParOldGen       total 86016K, used 0K [0x0000000082800000, 0x0000000087c00000, 0x00000000d6300000)
  object space 86016K, 0% used [0x0000000082800000,0x0000000082800000,0x0000000087c00000)
 Metaspace       used 6337K, capacity 6440K, committed 6784K, reserved 1056768K
  class space    used 773K, capacity 784K, committed 896K, reserved 1048576K
Event: 0.583 GC heap after
Heap after GC invocations=1 (full 0):
 PSYoungGen      total 37888K, used 2288K [0x00000000d6300000, 0x00000000d8d00000, 0x0000000100000000)
  eden space 32768K, 0% used [0x00000000d6300000,0x00000000d6300000,0x00000000d8300000)
  from space 5120K, 44% used [0x00000000d8300000,0x00000000d853c010,0x00000000d8800000)
  to   space 5120K, 0% used [0x00000000d8800000,0x00000000d8800000,0x00000000d8d00000)
 ParOldGen       total 86016K, used 72K [0x0000000082800000, 0x0000000087c00000, 0x00000000d6300000)
  object space 86016K, 0% used [0x0000000082800000,0x0000000082812010,0x0000000087c00000)
 Metaspace       used 6337K, capacity 6440K, committed 6784K, reserved 1056768K
  class space    used 773K, capacity 784K, committed 896K, reserved 1048576K
}
Event: 0.681 GC heap before
{Heap before GC invocations=2 (full 0):
 PSYoungGen      total 37888K, used 35056K [0x00000000d6300000, 0x00000000d8d00000, 0x0000000100000000)
  eden space 32768K, 100% used [0x00000000d6300000,0x00000000d8300000,0x00000000d8300000)
  from space 5120K, 44% used [0x00000000d8300000,0x00000000d853c010,0x00000000d8800000)
  to   space 5120K, 0% used [0x00000000d8800000,0x00000000d8800000,0x00000000d8d00000)
 ParOldGen       total 86016K, used 72K [0x0000000082800000, 0x0000000087c00000, 0x00000000d6300000)
  object space 86016K, 0% used [0x0000000082800000,0x0000000082812010,0x0000000087c00000)
 Metaspace       used 6360K, capacity 6440K, committed 6784K, reserved 1056768K
  class space    used 773K, capacity 784K, committed 896K, reserved 1048576K
Event: 0.684 GC heap after
Heap after GC invocations=2 (full 0):
 PSYoungGen      total 37888K, used 1344K [0x00000000d6300000, 0x00000000dad00000, 0x0000000100000000)
  eden space 32768K, 0% used [0x00000000d6300000,0x00000000d6300000,0x00000000d8300000)
  from space 5120K, 26% used [0x00000000d8800000,0x00000000d8950000,0x00000000d8d00000)
  to   space 5120K, 0% used [0x00000000d8300000,0x00000000d8300000,0x00000000d8800000)
 ParOldGen       total 86016K, used 80K [0x0000000082800000, 0x0000000087c00000, 0x00000000d6300000)
  object space 86016K, 0% used [0x0000000082800000,0x0000000082814010,0x0000000087c00000)
 Metaspace       used 6360K, capacity 6440K, committed 6784K, reserved 1056768K
  class space    used 773K, capacity 784K, committed 896K, reserved 1048576K
}
Event: 0.781 GC heap before
{Heap before GC invocations=3 (full 0):
 PSYoungGen      total 37888K, used 34112K [0x00000000d6300000, 0x00000000dad00000, 0x0000000100000000)
  eden space 32768K, 100% used [0x00000000d6300000,0x00000000d8300000,0x00000000d8300000)
  from space 5120K, 26% used [0x00000000d8800000,0x00000000d8950000,0x00000000d8d00000)
  to   space 5120K, 0% used [0x00000000d8300000,0x00000000d8300000,0x00000000d8800000)
 ParOldGen       total 86016K, used 80K [0x0000000082800000, 0x0000000087c00000, 0x00000000d6300000)
  object space 86016K, 0% used [0x0000000082800000,0x0000000082814010,0x0000000087c00000)
 Metaspace       used 6397K, capacity 6440K, committed 6784K, reserved 1056768K
  class space    used 773K, capacity 784K, committed 896K, reserved 1048576K
Event: 0.782 GC heap after
Heap after GC invocations=3 (full 0):
 PSYoungGen      total 37888K, used 1328K [0x00000000d6300000, 0x00000000dad00000, 0x0000000100000000)
  eden space 32768K, 0% used [0x00000000d6300000,0x00000000d6300000,0x00000000d8300000)
  from space 5120K, 25% used [0x00000000d8300000,0x00000000d844c030,0x00000000d8800000)
  to   space 5120K, 0% used [0x00000000da800000,0x00000000da800000,0x00000000dad00000)
 ParOldGen       total 86016K, used 88K [0x0000000082800000, 0x0000000087c00000, 0x00000000d6300000)
  object space 86016K, 0% used [0x0000000082800000,0x0000000082816010,0x0000000087c00000)
 Metaspace       used 6397K, capacity 6440K, committed 6784K, reserved 1056768K
  class space    used 773K, capacity 784K, committed 896K, reserved 1048576K
}

Deoptimization events (2 events):
Event: 0.439 Thread 0x000000000275e000 Uncommon trap: reason=predicate action=maybe_recompile pc=0x0000000002c0aed4 method=io.github.oliviercailloux.uta_calculator.model.PartialValueFunction.getDerivative(D)D @ 74
Event: 0.470 Thread 0x000000000275e000 Uncommon trap: reason=range_check action=make_not_entrant pc=0x0000000002c0cb78 method=java.util.ArrayList.elementData(I)Ljava/lang/Object; @ 5

Internal exceptions (8 events):
Event: 0.033 Thread 0x000000000275e000 Exception <a 'java/lang/NoSuchMethodError': Method sun.misc.Unsafe.defineClass(Ljava/lang/String;[BII)Ljava/lang/Class; name or signature does not match> (0x00000000d630d1a0) thrown at [C:\re\workspace\8-2-build-windows-amd64-cygwin\jdk8u51\3951\hotspot\srÇð¹º¢ù ?
Event: 0.033 Thread 0x000000000275e000 Exception <a 'java/lang/NoSuchMethodError': Method sun.misc.Unsafe.prefetchRead(Ljava/lang/Object;J)V name or signature does not match> (0x00000000d630d430) thrown at [C:\re\workspace\8-2-build-windows-amd64-cygwin\jdk8u51\3951\hotspot\src\share\vm\prims\j}äðîŠOÀ?
Event: 0.127 Thread 0x000000000275e000 Exception <a 'java/security/PrivilegedActionException'> (0x00000000d6525238) thrown at [C:\re\workspace\8-2-build-windows-amd64-cygwin\jdk8u51\3951\hotspot\src\share\vm\prims\jvm.cpp, line 1382]
Event: 0.127 Thread 0x000000000275e000 Exception <a 'java/security/PrivilegedActionException'> (0x00000000d65253f0) thrown at [C:\re\workspace\8-2-build-windows-amd64-cygwin\jdk8u51\3951\hotspot\src\share\vm\prims\jvm.cpp, line 1382]
Event: 0.128 Thread 0x000000000275e000 Exception <a 'java/security/PrivilegedActionException'> (0x00000000d6528ee8) thrown at [C:\re\workspace\8-2-build-windows-amd64-cygwin\jdk8u51\3951\hotspot\src\share\vm\prims\jvm.cpp, line 1382]
Event: 0.128 Thread 0x000000000275e000 Exception <a 'java/security/PrivilegedActionException'> (0x00000000d65290a0) thrown at [C:\re\workspace\8-2-build-windows-amd64-cygwin\jdk8u51\3951\hotspot\src\share\vm\prims\jvm.cpp, line 1382]
Event: 0.172 Thread 0x000000000275e000 Exception <a 'java/io/FileNotFoundException'> (0x00000000d6679cd8) thrown at [C:\re\workspace\8-2-build-windows-amd64-cygwin\jdk8u51\3951\hotspot\src\share\vm\prims\jni.cpp, line 709]
Event: 0.378 Thread 0x000000000275e000 Exception <a 'java/lang/NoSuchMethodError': org.slf4j.impl.StaticMDCBinder.getSingleton()Lorg/slf4j/impl/StaticMDCBinder;> (0x00000000d6b55228) thrown at [C:\re\workspace\8-2-build-windows-amd64-cygwin\jdk8u51\3951\hotspot\src\share\vm\interpreter\linkReso

Events (10 events):
Event: 0.470 Thread 0x000000000275e000 DEOPT PACKING pc=0x0000000002c0cb78 sp=0x00000000028fed30
Event: 0.470 Thread 0x000000000275e000 DEOPT UNPACKING pc=0x0000000002a4582a sp=0x00000000028febb0 mode 2
Event: 0.579 Executing VM operation: ParallelGCFailedAllocation
Event: 0.583 Executing VM operation: ParallelGCFailedAllocation done
Event: 0.681 Executing VM operation: ParallelGCFailedAllocation
Event: 0.684 Executing VM operation: ParallelGCFailedAllocation done
Event: 0.767 Thread 0x000000000275e000 DEOPT PACKING pc=0x0000000002c57011 sp=0x00000000028ff040
Event: 0.767 Thread 0x000000000275e000 DEOPT UNPACKING pc=0x0000000002a4787f sp=0x00000000028fee08 mode 0
Event: 0.781 Executing VM operation: ParallelGCFailedAllocation
Event: 0.782 Executing VM operation: ParallelGCFailedAllocation done


Dynamic libraries:
0x00007ff7a9670000 - 0x00007ff7a96a7000 	C:\Program Files\Java\jre1.8.0_51\bin\javaw.exe
0x00007ffe2e890000 - 0x00007ffe2ea62000 	C:\WINDOWS\SYSTEM32\ntdll.dll
0x00007ffe2e3e0000 - 0x00007ffe2e48c000 	C:\WINDOWS\System32\KERNEL32.DLL
0x00007ffe2b1e0000 - 0x00007ffe2b3fd000 	C:\WINDOWS\System32\KERNELBASE.dll
0x00007ffe2e7e0000 - 0x00007ffe2e882000 	C:\WINDOWS\System32\ADVAPI32.dll
0x00007ffe2e340000 - 0x00007ffe2e3de000 	C:\WINDOWS\System32\msvcrt.dll
0x00007ffe2d8a0000 - 0x00007ffe2d8f9000 	C:\WINDOWS\System32\sechost.dll
0x00007ffe2e150000 - 0x00007ffe2e271000 	C:\WINDOWS\System32\RPCRT4.dll
0x00007ffe2dd40000 - 0x00007ffe2dea5000 	C:\WINDOWS\System32\USER32.dll
0x00007ffe2ade0000 - 0x00007ffe2adfe000 	C:\WINDOWS\System32\win32u.dll
0x00007ffe2db30000 - 0x00007ffe2db64000 	C:\WINDOWS\System32\GDI32.dll
0x00007ffe2bbf0000 - 0x00007ffe2bd70000 	C:\WINDOWS\System32\gdi32full.dll
0x00007ffe27340000 - 0x00007ffe275ba000 	C:\WINDOWS\WinSxS\amd64_microsoft.windows.common-controls_6595b64144ccf1df_6.0.14393.953_none_42151e83c686086b\COMCTL32.dll
0x00007ffe2e490000 - 0x00007ffe2e758000 	C:\WINDOWS\System32\combase.dll
0x00007ffe2b0e0000 - 0x00007ffe2b1d5000 	C:\WINDOWS\System32\ucrtbase.dll
0x00007ffe2aea0000 - 0x00007ffe2af0a000 	C:\WINDOWS\System32\bcryptPrimitives.dll
0x00007ffe2db70000 - 0x00007ffe2db9e000 	C:\WINDOWS\System32\IMM32.DLL
0x0000000071b80000 - 0x0000000071c52000 	C:\Program Files\Java\jre1.8.0_51\bin\msvcr100.dll
0x00000000712f0000 - 0x0000000071b73000 	C:\Program Files\Java\jre1.8.0_51\bin\server\jvm.dll
0x00007ffe2d780000 - 0x00007ffe2d788000 	C:\WINDOWS\System32\PSAPI.DLL
0x00007ffe1d4b0000 - 0x00007ffe1d4b9000 	C:\WINDOWS\SYSTEM32\WSOCK32.dll
0x00007ffe28040000 - 0x00007ffe28063000 	C:\WINDOWS\SYSTEM32\WINMM.dll
0x00007ffe2d900000 - 0x00007ffe2d96a000 	C:\WINDOWS\System32\WS2_32.dll
0x00007ffe1ca10000 - 0x00007ffe1ca1a000 	C:\WINDOWS\SYSTEM32\VERSION.dll
0x00007ffe27e70000 - 0x00007ffe27e9b000 	C:\WINDOWS\SYSTEM32\WINMMBASE.dll
0x00007ffe2ad90000 - 0x00007ffe2add2000 	C:\WINDOWS\System32\cfgmgr32.dll
0x0000000074af0000 - 0x0000000074aff000 	C:\Program Files\Java\jre1.8.0_51\bin\verify.dll
0x0000000074850000 - 0x0000000074879000 	C:\Program Files\Java\jre1.8.0_51\bin\java.dll
0x0000000074500000 - 0x0000000074516000 	C:\Program Files\Java\jre1.8.0_51\bin\zip.dll
0x00007ffe2c250000 - 0x00007ffe2d758000 	C:\WINDOWS\System32\SHELL32.dll
0x00007ffe2b400000 - 0x00007ffe2bada000 	C:\WINDOWS\System32\windows.storage.dll
0x00007ffe2ad30000 - 0x00007ffe2ad7c000 	C:\WINDOWS\System32\powrprof.dll
0x00007ffe2dad0000 - 0x00007ffe2db22000 	C:\WINDOWS\System32\shlwapi.dll
0x00007ffe2ad20000 - 0x00007ffe2ad2f000 	C:\WINDOWS\System32\kernel.appcore.dll
0x00007ffe2bae0000 - 0x00007ffe2bb89000 	C:\WINDOWS\System32\shcore.dll
0x00007ffe2ad00000 - 0x00007ffe2ad14000 	C:\WINDOWS\System32\profapi.dll
0x00000000744e0000 - 0x00000000744fa000 	C:\Program Files\Java\jre1.8.0_51\bin\net.dll
0x00007ffe2a5d0000 - 0x00007ffe2a62c000 	C:\WINDOWS\system32\mswsock.dll
0x00007ffe163b0000 - 0x00007ffe163c6000 	C:\WINDOWS\system32\napinsp.dll
0x00007ffe16570000 - 0x00007ffe1658a000 	C:\WINDOWS\system32\pnrpnsp.dll
0x00007ffe28970000 - 0x00007ffe28988000 	C:\WINDOWS\system32\NLAapi.dll
0x00007ffe2a390000 - 0x00007ffe2a431000 	C:\WINDOWS\SYSTEM32\DNSAPI.dll
0x00007ffe2d890000 - 0x00007ffe2d898000 	C:\WINDOWS\System32\NSI.dll
0x00007ffe2a350000 - 0x00007ffe2a388000 	C:\WINDOWS\SYSTEM32\IPHLPAPI.DLL
0x00007ffe177e0000 - 0x00007ffe177ee000 	C:\WINDOWS\System32\winrnr.dll
0x0000000075850000 - 0x0000000075876000 	C:\Program Files\Bonjour\mdnsNSP.dll
0x00007ffe26530000 - 0x00007ffe26545000 	C:\WINDOWS\System32\wshbth.dll
0x00007ffe1ca00000 - 0x00007ffe1ca0a000 	C:\Windows\System32\rasadhlp.dll
0x00007ffe20340000 - 0x00007ffe203aa000 	C:\WINDOWS\System32\fwpuclnt.dll
0x00007ffe2ac40000 - 0x00007ffe2ac6b000 	C:\WINDOWS\SYSTEM32\bcrypt.dll
0x00007ffde2d20000 - 0x00007ffde3b59000 	C:\Users\Elie\git\decision-uta-method\uta-calculator\lib\jniortools.dll
0x00007ffe1d350000 - 0x00007ffe1d43f000 	C:\WINDOWS\SYSTEM32\MSVCR120.dll
0x00007ffe19cb0000 - 0x00007ffe19d56000 	C:\WINDOWS\SYSTEM32\MSVCP120.dll
0x00007ffe1bdf0000 - 0x00007ffe1bf82000 	C:\WINDOWS\SYSTEM32\dbghelp.dll

VM Arguments:
jvm_args: -Djava.library.path=C:\Users\Elie\git\decision-uta-method\uta-calculator\lib -Dfile.encoding=UTF-8 
java_command: io.github.oliviercailloux.uta_calculator.view.MainSimulation
java_class_path (initial): C:\Users\Elie\git\decision-uta-method\uta-calculator\target\classes;C:\Users\Elie\.m2\repository\com\google\ortools\ortools\2015.08\ortools-2015.08.jar;C:\Users\Elie\.m2\repository\org\slf4j\slf4j-api\1.7.21\slf4j-api-1.7.21.jar;C:\Users\Elie\.m2\repository\com\google\guava\guava\20.0\guava-20.0.jar;C:\Users\Elie\.m2\repository\ch\qos\logback\logback-classic\1.1.7\logback-classic-1.1.7.jar;C:\Users\Elie\.m2\repository\ch\qos\logback\logback-core\1.1.7\logback-core-1.1.7.jar;C:\Users\Elie\.m2\repository\org\apache\commons\commons-math\2.2\commons-math-2.2.jar;C:\Users\Elie\.m2\repository\protobuf\protobuf\3.3.0\protobuf-3.3.0.jar
Launcher Type: SUN_STANDARD

Environment Variables:
JAVA_HOME=C:\Oracle\Middleware\Oracle_Home\oracle_common\jdk
USERNAME=Elie
OS=Windows_NT
PROCESSOR_IDENTIFIER=Intel64 Family 6 Model 58 Stepping 9, GenuineIntel



---------------  S Y S T E M  ---------------

OS: Windows 10.0 , 64 bit Build 14393 (10.0.14393.1198)

CPU:total 4 (2 cores per cpu, 2 threads per core) family 6 model 58 stepping 9, cmov, cx8, fxsr, mmx, sse, sse2, sse3, ssse3, sse4.1, sse4.2, popcnt, avx, clmul, erms, ht, tsc, tscinvbit, tscinv

Memory: 4k page, physical 8222948k(3131848k free), swap 10715372k(2378060k free)

vm_info: Java HotSpot(TM) 64-Bit Server VM (25.51-b03) for windows-amd64 JRE (1.8.0_51-b16), built on Jun  8 2015 18:03:07 by "java_re" with MS VC++ 10.0 (VS2010)

time: Wed Aug 23 18:15:09 2017
elapsed time: 0 seconds (0d 0h 0m 0s)

