#
# A fatal error has been detected by the Java Runtime Environment:
#
#  EXCEPTION_ACCESS_VIOLATION (0xc0000005) at pc=0x00007ffde30d703a, pid=12008, tid=12672
#
# JRE version: Java(TM) SE Runtime Environment (8.0_51-b16) (build 1.8.0_51-b16)
# Java VM: Java HotSpot(TM) 64-Bit Server VM (25.51-b03 mixed mode windows-amd64 compressed oops)
# Problematic frame:
# C  [jniortools.dll+0x3b703a]
#
# Failed to write core dump. Minidumps are not enabled by default on client versions of Windows
#
# If you would like to submit a bug report, please visit:
#   http://bugreport.java.com/bugreport/crash.jsp
# The crash happened outside the Java Virtual Machine in native code.
# See problematic frame for where to report the bug.
#

---------------  T H R E A D  ---------------

Current thread (0x000000000240e000):  JavaThread "main" [_thread_in_native, id=12672, stack(0x00000000022e0000,0x00000000023e0000)]

siginfo: ExceptionCode=0xc0000005, reading address 0x000000001a672f90

Registers:
RAX=0x00000000ffac5ad0, RBX=0x000000010001e9b0, RCX=0x000000001a672f40, RDX=0x00000000023deec0
RSP=0x00000000023dee40, RBP=0x00000000023deed0, RSI=0x0000000016b899f0, RDI=0x00000001000c06f8
R8 =0x000000001a672f40, R9 =0x00000000023dee98, R10=0x00007ffde2dc9920, R11=0x000000000002ae2a
R12=0x0000000000000000, R13=0x0000000000000000, R14=0x00000000023deec0, R15=0x000000000240e000
RIP=0x00007ffde30d703a, EFLAGS=0x0000000000010202

Top of Stack: (sp=0x00000000023dee40)
0x00000000023dee40:   00000000023deea0 000000001a9f4e30
0x00000000023dee50:   0000000000000003 00000000023deed8
0x00000000023dee60:   00000001000c06f8 000000000275459b
0x00000000023dee70:   000000010001e9b0 00000000023deed8
0x00000000023dee80:   0000000016b63a20 0000000000000000
0x00000000023dee90:   00000000d6c0aa38 00000000ffac5ad0
0x00000000023deea0:   0002ae2e00000000 0000000000055c53
0x00000000023deeb0:   00000000027ed70c 00000000829ac910
0x00000000023deec0:   0000000082814010 000000000002ad5a
0x00000000023deed0:   00000000023df448 00000000027f050c
0x00000000023deee0:   0000000000000553 0000000016b5aca8
0x00000000023deef0:   0000000000000002 000000007146a170
0x00000000023def00:   000000000240e000 00000000023def88
0x00000000023def10:   0000000000000000 00000000023defd0
0x00000000023def20:   0000000000000003 0000000000000002
0x00000000023def30:   000000000240e000 000000000271fb04 

Instructions: (pc=0x00007ffde30d703a)
0x00007ffde30d701a:   00 48 85 d2 48 0f 45 c2 c3 cc cc cc cc cc cc cc
0x00007ffde30d702a:   cc cc cc cc cc cc 48 89 5c 24 08 57 48 83 ec 20
0x00007ffde30d703a:   48 8b 79 50 48 8b d9 48 8b cf e8 d7 51 ff ff 84
0x00007ffde30d704a:   c0 74 32 48 8b 07 48 8b cf ff 90 a0 00 00 00 84 


Register to memory mapping:

RAX=0x00000000ffac5ad0 is an oop
com.google.ortools.linearsolver.MPVariable 
 - klass: 'com/google/ortools/linearsolver/MPVariable'
RBX=0x000000010001e9b0 is pointing into metadata
RCX=0x000000001a672f40 is an unknown value
RDX=0x00000000023deec0 is pointing into the stack for thread: 0x000000000240e000
RSP=0x00000000023dee40 is pointing into the stack for thread: 0x000000000240e000
RBP=0x00000000023deed0 is pointing into the stack for thread: 0x000000000240e000
RSI=0x0000000016b899f0 is pointing into metadata
RDI=0x00000001000c06f8 is pointing into metadata
R8 =0x000000001a672f40 is an unknown value
R9 =0x00000000023dee98 is pointing into the stack for thread: 0x000000000240e000
R10=0x00007ffde2dc9920 is an unknown value
R11=0x000000000002ae2a is an unknown value
R12=0x0000000000000000 is an unknown value
R13=0x0000000000000000 is an unknown value
R14=0x00000000023deec0 is pointing into the stack for thread: 0x000000000240e000
R15=0x000000000240e000 is a thread


Stack: [0x00000000022e0000,0x00000000023e0000],  sp=0x00000000023dee40,  free space=1019k
Native frames: (J=compiled Java code, j=interpreted, Vv=VM code, C=native code)
C  [jniortools.dll+0x3b703a]
C  0x000000000275459b

Java frames: (J=compiled Java code, j=interpreted, Vv=VM code)
J 533  com.google.ortools.linearsolver.operations_research_linear_solverJNI.MPVariable_solutionValue(JLcom/google/ortools/linearsolver/MPVariable;)D (0 bytes) @ 0x0000000002754515 [0x00000000027544c0+0x55]
J 557 C1 io.github.oliviercailloux.uta_calculator.model.UTASTAR.findValueFunction()Lio/github/oliviercailloux/uta_calculator/model/ValueFunction; (2313 bytes) @ 0x00000000027f050c [0x00000000027db440+0x150cc]
j  io.github.oliviercailloux.uta_calculator.view.MainSimulation.getDifferenceRank(III)I+201
j  io.github.oliviercailloux.uta_calculator.view.MainSimulation.simulation()V+31
j  io.github.oliviercailloux.uta_calculator.view.MainSimulation.main([Ljava/lang/String;)V+9
v  ~StubRoutines::call_stub

---------------  P R O C E S S  ---------------

Java Threads: ( => current thread )
  0x000000001883c000 JavaThread "Service Thread" daemon [_thread_blocked, id=11104, stack(0x0000000018c10000,0x0000000018d10000)]
  0x0000000016fda000 JavaThread "C1 CompilerThread2" daemon [_thread_blocked, id=10724, stack(0x0000000018710000,0x0000000018810000)]
  0x0000000016fb6800 JavaThread "C2 CompilerThread1" daemon [_thread_blocked, id=10072, stack(0x0000000018610000,0x0000000018710000)]
  0x0000000016fb0000 JavaThread "C2 CompilerThread0" daemon [_thread_in_native, id=6792, stack(0x0000000018510000,0x0000000018610000)]
  0x0000000016fae800 JavaThread "Attach Listener" daemon [_thread_blocked, id=12468, stack(0x0000000018410000,0x0000000018510000)]
  0x0000000016fad800 JavaThread "Signal Dispatcher" daemon [_thread_blocked, id=13076, stack(0x0000000018310000,0x0000000018410000)]
  0x0000000002508800 JavaThread "Finalizer" daemon [_thread_blocked, id=11052, stack(0x0000000018210000,0x0000000018310000)]
  0x00000000024ff800 JavaThread "Reference Handler" daemon [_thread_blocked, id=7228, stack(0x0000000018110000,0x0000000018210000)]
=>0x000000000240e000 JavaThread "main" [_thread_in_native, id=12672, stack(0x00000000022e0000,0x00000000023e0000)]

Other Threads:
  0x0000000016f77800 VMThread [stack: 0x0000000018010000,0x0000000018110000] [id=9996]
  0x0000000018845000 WatcherThread [stack: 0x0000000018d10000,0x0000000018e10000] [id=10708]

VM state:not at safepoint (normal execution)

VM Mutex/Monitor currently owned by a thread: None

Heap:
 PSYoungGen      total 681984K, used 21929K [0x00000000d6300000, 0x0000000100000000, 0x0000000100000000)
  eden space 678912K, 3% used [0x00000000d6300000,0x00000000d7784c08,0x00000000ffa00000)
  from space 3072K, 29% used [0x00000000ffa00000,0x00000000ffae5ad0,0x00000000ffd00000)
  to   space 3072K, 0% used [0x00000000ffd00000,0x00000000ffd00000,0x0000000100000000)
 ParOldGen       total 86016K, used 6054K [0x0000000082800000, 0x0000000087c00000, 0x00000000d6300000)
  object space 86016K, 7% used [0x0000000082800000,0x0000000082de9900,0x0000000087c00000)
 Metaspace       used 6356K, capacity 6440K, committed 6784K, reserved 1056768K
  class space    used 773K, capacity 784K, committed 896K, reserved 1048576K

Card table byte_map: [0x00000000118d0000,0x0000000011cc0000] byte_map_base: 0x00000000114bc000

Marking Bits: (ParMarkBitMap*) 0x0000000071af4040
 Begin Bits: [0x0000000012360000, 0x00000000142c0000)
 End Bits:   [0x00000000142c0000, 0x0000000016220000)

Polling page: 0x0000000000b10000

CodeCache: size=245760Kb used=3073Kb max_used=3087Kb free=242686Kb
 bounds [0x0000000002510000, 0x0000000002820000, 0x0000000011510000]
 total_blobs=881 nmethods=569 adapters=225
 compilation: enabled

Compilation events (10 events):
Event: 2.227 Thread 0x0000000016fda000  566 %     3       io.github.oliviercailloux.uta_calculator.view.MainSimulation::compare @ 147 (228 bytes)
Event: 2.228 Thread 0x0000000016fda000 nmethod 566% 0x000000000280f210 code [0x000000000280f560, 0x0000000002811328]
Event: 2.255 Thread 0x0000000016fb6800  567       4       com.google.ortools.linearsolver.MPSolver::makeNumVar (36 bytes)
Event: 2.257 Thread 0x0000000016fb6800 nmethod 567 0x0000000002769690 code [0x00000000027697e0, 0x0000000002769928]
Event: 2.259 Thread 0x0000000016fb6800  568       4       java.lang.Integer::numberOfLeadingZeros (76 bytes)
Event: 2.260 Thread 0x0000000016fb6800 nmethod 568 0x000000000280d7d0 code [0x000000000280d900, 0x000000000280d9b8]
Event: 2.267 Thread 0x0000000016fb6800  569       4       java.lang.Object::toString (36 bytes)
Event: 2.310 Thread 0x0000000016fb6800 nmethod 569 0x0000000002814950 code [0x0000000002814b00, 0x0000000002815cf8]
Event: 2.310 Thread 0x0000000016fb6800  570       4       java.lang.Integer::toUnsignedString0 (46 bytes)
Event: 2.321 Thread 0x0000000016fb6800 nmethod 570 0x00000000028124d0 code [0x0000000002812620, 0x0000000002812ad8]

GC Heap History (10 events):
Event: 1.728 GC heap before
{Heap before GC invocations=17 (full 0):
 PSYoungGen      total 681984K, used 679342K [0x00000000d6300000, 0x0000000100000000, 0x0000000100000000)
  eden space 678912K, 100% used [0x00000000d6300000,0x00000000ffa00000,0x00000000ffa00000)
  from space 3072K, 14% used [0x00000000ffd00000,0x00000000ffd6b8c8,0x0000000100000000)
  to   space 3072K, 0% used [0x00000000ffa00000,0x00000000ffa00000,0x00000000ffd00000)
 ParOldGen       total 86016K, used 4316K [0x0000000082800000, 0x0000000087c00000, 0x00000000d6300000)
  object space 86016K, 5% used [0x0000000082800000,0x0000000082c37230,0x0000000087c00000)
 Metaspace       used 6353K, capacity 6440K, committed 6784K, reserved 1056768K
  class space    used 773K, capacity 784K, committed 896K, reserved 1048576K
Event: 1.730 GC heap after
Heap after GC invocations=17 (full 0):
 PSYoungGen      total 681984K, used 1496K [0x00000000d6300000, 0x0000000100000000, 0x0000000100000000)
  eden space 678912K, 0% used [0x00000000d6300000,0x00000000d6300000,0x00000000ffa00000)
  from space 3072K, 48% used [0x00000000ffa00000,0x00000000ffb761a0,0x00000000ffd00000)
  to   space 3072K, 0% used [0x00000000ffd00000,0x00000000ffd00000,0x0000000100000000)
 ParOldGen       total 86016K, used 4316K [0x0000000082800000, 0x0000000087c00000, 0x00000000d6300000)
  object space 86016K, 5% used [0x0000000082800000,0x0000000082c37230,0x0000000087c00000)
 Metaspace       used 6353K, capacity 6440K, committed 6784K, reserved 1056768K
  class space    used 773K, capacity 784K, committed 896K, reserved 1048576K
}
Event: 1.971 GC heap before
{Heap before GC invocations=18 (full 0):
 PSYoungGen      total 681984K, used 680194K [0x00000000d6300000, 0x0000000100000000, 0x0000000100000000)
  eden space 678912K, 99% used [0x00000000d6300000,0x00000000ff9ca6d0,0x00000000ffa00000)
  from space 3072K, 48% used [0x00000000ffa00000,0x00000000ffb761a0,0x00000000ffd00000)
  to   space 3072K, 0% used [0x00000000ffd00000,0x00000000ffd00000,0x0000000100000000)
 ParOldGen       total 86016K, used 4316K [0x0000000082800000, 0x0000000087c00000, 0x00000000d6300000)
  object space 86016K, 5% used [0x0000000082800000,0x0000000082c37230,0x0000000087c00000)
 Metaspace       used 6353K, capacity 6440K, committed 6784K, reserved 1056768K
  class space    used 773K, capacity 784K, committed 896K, reserved 1048576K
Event: 1.974 GC heap after
Heap after GC invocations=18 (full 0):
 PSYoungGen      total 681984K, used 487K [0x00000000d6300000, 0x0000000100000000, 0x0000000100000000)
  eden space 678912K, 0% used [0x00000000d6300000,0x00000000d6300000,0x00000000ffa00000)
  from space 3072K, 15% used [0x00000000ffd00000,0x00000000ffd79f38,0x0000000100000000)
  to   space 3072K, 0% used [0x00000000ffa00000,0x00000000ffa00000,0x00000000ffd00000)
 ParOldGen       total 86016K, used 5409K [0x0000000082800000, 0x0000000087c00000, 0x00000000d6300000)
  object space 86016K, 6% used [0x0000000082800000,0x0000000082d485a8,0x0000000087c00000)
 Metaspace       used 6353K, capacity 6440K, committed 6784K, reserved 1056768K
  class space    used 773K, capacity 784K, committed 896K, reserved 1048576K
}
Event: 2.101 GC heap before
{Heap before GC invocations=19 (full 0):
 PSYoungGen      total 681984K, used 679146K [0x00000000d6300000, 0x0000000100000000, 0x0000000100000000)
  eden space 678912K, 99% used [0x00000000d6300000,0x00000000ff9c0aa0,0x00000000ffa00000)
  from space 3072K, 15% used [0x00000000ffd00000,0x00000000ffd79f38,0x0000000100000000)
  to   space 3072K, 0% used [0x00000000ffa00000,0x00000000ffa00000,0x00000000ffd00000)
 ParOldGen       total 86016K, used 5409K [0x0000000082800000, 0x0000000087c00000, 0x00000000d6300000)
  object space 86016K, 6% used [0x0000000082800000,0x0000000082d485a8,0x0000000087c00000)
 Metaspace       used 6353K, capacity 6440K, committed 6784K, reserved 1056768K
  class space    used 773K, capacity 784K, committed 896K, reserved 1048576K
Event: 2.101 GC heap after
Heap after GC invocations=19 (full 0):
 PSYoungGen      total 681984K, used 417K [0x00000000d6300000, 0x0000000100000000, 0x0000000100000000)
  eden space 678912K, 0% used [0x00000000d6300000,0x00000000d6300000,0x00000000ffa00000)
  from space 3072K, 13% used [0x00000000ffa00000,0x00000000ffa687d0,0x00000000ffd00000)
  to   space 3072K, 0% used [0x00000000ffd00000,0x00000000ffd00000,0x0000000100000000)
 ParOldGen       total 86016K, used 5425K [0x0000000082800000, 0x0000000087c00000, 0x00000000d6300000)
  object space 86016K, 6% used [0x0000000082800000,0x0000000082d4c5a8,0x0000000087c00000)
 Metaspace       used 6353K, capacity 6440K, committed 6784K, reserved 1056768K
  class space    used 773K, capacity 784K, committed 896K, reserved 1048576K
}
Event: 2.241 GC heap before
{Heap before GC invocations=20 (full 0):
 PSYoungGen      total 681984K, used 679329K [0x00000000d6300000, 0x0000000100000000, 0x0000000100000000)
  eden space 678912K, 100% used [0x00000000d6300000,0x00000000ffa00000,0x00000000ffa00000)
  from space 3072K, 13% used [0x00000000ffa00000,0x00000000ffa687d0,0x00000000ffd00000)
  to   space 3072K, 0% used [0x00000000ffd00000,0x00000000ffd00000,0x0000000100000000)
 ParOldGen       total 86016K, used 5425K [0x0000000082800000, 0x0000000087c00000, 0x00000000d6300000)
  object space 86016K, 6% used [0x0000000082800000,0x0000000082d4c5a8,0x0000000087c00000)
 Metaspace       used 6356K, capacity 6440K, committed 6784K, reserved 1056768K
  class space    used 773K, capacity 784K, committed 896K, reserved 1048576K
Event: 2.242 GC heap after
Heap after GC invocations=20 (full 0):
 PSYoungGen      total 681984K, used 715K [0x00000000d6300000, 0x0000000100000000, 0x0000000100000000)
  eden space 678912K, 0% used [0x00000000d6300000,0x00000000d6300000,0x00000000ffa00000)
  from space 3072K, 23% used [0x00000000ffd00000,0x00000000ffdb2d78,0x0000000100000000)
  to   space 3072K, 0% used [0x00000000ffa00000,0x00000000ffa00000,0x00000000ffd00000)
 ParOldGen       total 86016K, used 5425K [0x0000000082800000, 0x0000000087c00000, 0x00000000d6300000)
  object space 86016K, 6% used [0x0000000082800000,0x0000000082d4c5a8,0x0000000087c00000)
 Metaspace       used 6356K, capacity 6440K, committed 6784K, reserved 1056768K
  class space    used 773K, capacity 784K, committed 896K, reserved 1048576K
}
Event: 2.457 GC heap before
{Heap before GC invocations=21 (full 0):
 PSYoungGen      total 681984K, used 679627K [0x00000000d6300000, 0x0000000100000000, 0x0000000100000000)
  eden space 678912K, 100% used [0x00000000d6300000,0x00000000ffa00000,0x00000000ffa00000)
  from space 3072K, 23% used [0x00000000ffd00000,0x00000000ffdb2d78,0x0000000100000000)
  to   space 3072K, 0% used [0x00000000ffa00000,0x00000000ffa00000,0x00000000ffd00000)
 ParOldGen       total 86016K, used 5425K [0x0000000082800000, 0x0000000087c00000, 0x00000000d6300000)
  object space 86016K, 6% used [0x0000000082800000,0x0000000082d4c5a8,0x0000000087c00000)
 Metaspace       used 6356K, capacity 6440K, committed 6784K, reserved 1056768K
  class space    used 773K, capacity 784K, committed 896K, reserved 1048576K
Event: 2.460 GC heap after
Heap after GC invocations=21 (full 0):
 PSYoungGen      total 681984K, used 918K [0x00000000d6300000, 0x0000000100000000, 0x0000000100000000)
  eden space 678912K, 0% used [0x00000000d6300000,0x00000000d6300000,0x00000000ffa00000)
  from space 3072K, 29% used [0x00000000ffa00000,0x00000000ffae5ad0,0x00000000ffd00000)
  to   space 3072K, 0% used [0x00000000ffd00000,0x00000000ffd00000,0x0000000100000000)
 ParOldGen       total 86016K, used 6054K [0x0000000082800000, 0x0000000087c00000, 0x00000000d6300000)
  object space 86016K, 7% used [0x0000000082800000,0x0000000082de9900,0x0000000087c00000)
 Metaspace       used 6356K, capacity 6440K, committed 6784K, reserved 1056768K
  class space    used 773K, capacity 784K, committed 896K, reserved 1048576K
}

Deoptimization events (6 events):
Event: 0.364 Thread 0x000000000240e000 Uncommon trap: reason=predicate action=maybe_recompile pc=0x0000000002713494 method=io.github.oliviercailloux.uta_calculator.model.PartialValueFunction.getDerivative(D)D @ 74
Event: 0.389 Thread 0x000000000240e000 Uncommon trap: reason=range_check action=make_not_entrant pc=0x0000000002716338 method=java.util.ArrayList.elementData(I)Ljava/lang/Object; @ 5
Event: 0.442 Thread 0x000000000240e000 Uncommon trap: reason=unstable_if action=reinterpret pc=0x000000000271d5d4 method=java.util.HashMap$HashIterator.<init>(Ljava/util/HashMap;)V @ 38
Event: 0.442 Thread 0x000000000240e000 Uncommon trap: reason=unstable_if action=reinterpret pc=0x000000000271308c method=java.util.HashMap$HashIterator.<init>(Ljava/util/HashMap;)V @ 38
Event: 1.127 Thread 0x000000000240e000 Uncommon trap: reason=unstable_if action=reinterpret pc=0x000000000271a290 method=java.lang.Double.compare(DD)I @ 11
Event: 1.127 Thread 0x000000000240e000 Uncommon trap: reason=unstable_if action=reinterpret pc=0x0000000002712be4 method=java.lang.Double.compare(DD)I @ 11

Internal exceptions (10 events):
Event: 0.035 Thread 0x000000000240e000 Exception <a 'java/lang/NoSuchMethodError': Method sun.misc.Unsafe.defineClass(Ljava/lang/String;[BII)Ljava/lang/Class; name or signature does not match> (0x00000000d630d068) thrown at [C:\re\workspace\8-2-build-windows-amd64-cygwin\jdk8u51\3951\hotspot\sr5ç∆Î°?
Event: 0.035 Thread 0x000000000240e000 Exception <a 'java/lang/NoSuchMethodError': Method sun.misc.Unsafe.prefetchRead(Ljava/lang/Object;J)V name or signature does not match> (0x00000000d630d2f8) thrown at [C:\re\workspace\8-2-build-windows-amd64-cygwin\jdk8u51\3951\hotspot\src\share\vm\prims\js˝„û¢÷Ω?
Event: 0.117 Thread 0x000000000240e000 Exception <a 'java/security/PrivilegedActionException'> (0x00000000d6525238) thrown at [C:\re\workspace\8-2-build-windows-amd64-cygwin\jdk8u51\3951\hotspot\src\share\vm\prims\jvm.cpp, line 1382]
Event: 0.117 Thread 0x000000000240e000 Exception <a 'java/security/PrivilegedActionException'> (0x00000000d65253f0) thrown at [C:\re\workspace\8-2-build-windows-amd64-cygwin\jdk8u51\3951\hotspot\src\share\vm\prims\jvm.cpp, line 1382]
Event: 0.117 Thread 0x000000000240e000 Exception <a 'java/security/PrivilegedActionException'> (0x00000000d6528ee8) thrown at [C:\re\workspace\8-2-build-windows-amd64-cygwin\jdk8u51\3951\hotspot\src\share\vm\prims\jvm.cpp, line 1382]
Event: 0.117 Thread 0x000000000240e000 Exception <a 'java/security/PrivilegedActionException'> (0x00000000d65290a0) thrown at [C:\re\workspace\8-2-build-windows-amd64-cygwin\jdk8u51\3951\hotspot\src\share\vm\prims\jvm.cpp, line 1382]
Event: 0.152 Thread 0x000000000240e000 Exception <a 'java/io/FileNotFoundException'> (0x00000000d6679cd8) thrown at [C:\re\workspace\8-2-build-windows-amd64-cygwin\jdk8u51\3951\hotspot\src\share\vm\prims\jni.cpp, line 709]
Event: 0.323 Thread 0x000000000240e000 Exception <a 'java/lang/NoSuchMethodError': org.slf4j.impl.StaticMDCBinder.getSingleton()Lorg/slf4j/impl/StaticMDCBinder;> (0x00000000d6b550e8) thrown at [C:\re\workspace\8-2-build-windows-amd64-cygwin\jdk8u51\3951\hotspot\src\share\vm\interpreter\linkResoØ%6kΩM‹?
Event: 0.442 Thread 0x000000000240e000 Implicit null exception at 0x000000000271d370 to 0x000000000271d5bd
Event: 0.442 Thread 0x000000000240e000 Implicit null exception at 0x0000000002712e3b to 0x0000000002713075

Events (10 events):
Event: 1.728 Executing VM operation: ParallelGCFailedAllocation
Event: 1.730 Executing VM operation: ParallelGCFailedAllocation done
Event: 1.971 Executing VM operation: ParallelGCFailedAllocation
Event: 1.974 Executing VM operation: ParallelGCFailedAllocation done
Event: 2.101 Executing VM operation: ParallelGCFailedAllocation
Event: 2.101 Executing VM operation: ParallelGCFailedAllocation done
Event: 2.241 Executing VM operation: ParallelGCFailedAllocation
Event: 2.242 Executing VM operation: ParallelGCFailedAllocation done
Event: 2.457 Executing VM operation: ParallelGCFailedAllocation
Event: 2.460 Executing VM operation: ParallelGCFailedAllocation done


Dynamic libraries:
0x00007ff7a9670000 - 0x00007ff7a96a7000 	C:\Program Files\Java\jre1.8.0_51\bin\javaw.exe
0x00007ffe2e890000 - 0x00007ffe2ea62000 	C:\WINDOWS\SYSTEM32\ntdll.dll
0x00007ffe2e3e0000 - 0x00007ffe2e48c000 	C:\WINDOWS\System32\KERNEL32.DLL
0x00007ffe2b1e0000 - 0x00007ffe2b3fd000 	C:\WINDOWS\System32\KERNELBASE.dll
0x00007ffe2e7e0000 - 0x00007ffe2e882000 	C:\WINDOWS\System32\ADVAPI32.dll
0x00007ffe2e340000 - 0x00007ffe2e3de000 	C:\WINDOWS\System32\msvcrt.dll
0x00007ffe2d8a0000 - 0x00007ffe2d8f9000 	C:\WINDOWS\System32\sechost.dll
0x00007ffe2e150000 - 0x00007ffe2e271000 	C:\WINDOWS\System32\RPCRT4.dll
0x00007ffe2dd40000 - 0x00007ffe2dea5000 	C:\WINDOWS\System32\USER32.dll
0x00007ffe2ade0000 - 0x00007ffe2adfe000 	C:\WINDOWS\System32\win32u.dll
0x00007ffe2db30000 - 0x00007ffe2db64000 	C:\WINDOWS\System32\GDI32.dll
0x00007ffe2bbf0000 - 0x00007ffe2bd70000 	C:\WINDOWS\System32\gdi32full.dll
0x00007ffe27340000 - 0x00007ffe275ba000 	C:\WINDOWS\WinSxS\amd64_microsoft.windows.common-controls_6595b64144ccf1df_6.0.14393.953_none_42151e83c686086b\COMCTL32.dll
0x00007ffe2e490000 - 0x00007ffe2e758000 	C:\WINDOWS\System32\combase.dll
0x00007ffe2b0e0000 - 0x00007ffe2b1d5000 	C:\WINDOWS\System32\ucrtbase.dll
0x00007ffe2aea0000 - 0x00007ffe2af0a000 	C:\WINDOWS\System32\bcryptPrimitives.dll
0x00007ffe2db70000 - 0x00007ffe2db9e000 	C:\WINDOWS\System32\IMM32.DLL
0x0000000071b80000 - 0x0000000071c52000 	C:\Program Files\Java\jre1.8.0_51\bin\msvcr100.dll
0x00000000712f0000 - 0x0000000071b73000 	C:\Program Files\Java\jre1.8.0_51\bin\server\jvm.dll
0x00007ffe2d780000 - 0x00007ffe2d788000 	C:\WINDOWS\System32\PSAPI.DLL
0x00007ffe1d4b0000 - 0x00007ffe1d4b9000 	C:\WINDOWS\SYSTEM32\WSOCK32.dll
0x00007ffe28040000 - 0x00007ffe28063000 	C:\WINDOWS\SYSTEM32\WINMM.dll
0x00007ffe1ca10000 - 0x00007ffe1ca1a000 	C:\WINDOWS\SYSTEM32\VERSION.dll
0x00007ffe2d900000 - 0x00007ffe2d96a000 	C:\WINDOWS\System32\WS2_32.dll
0x0000000000ae0000 - 0x0000000000b0b000 	C:\WINDOWS\SYSTEM32\WINMMBASE.dll
0x00007ffe2ad90000 - 0x00007ffe2add2000 	C:\WINDOWS\System32\cfgmgr32.dll
0x0000000074af0000 - 0x0000000074aff000 	C:\Program Files\Java\jre1.8.0_51\bin\verify.dll
0x0000000074850000 - 0x0000000074879000 	C:\Program Files\Java\jre1.8.0_51\bin\java.dll
0x0000000074500000 - 0x0000000074516000 	C:\Program Files\Java\jre1.8.0_51\bin\zip.dll
0x00007ffe2c250000 - 0x00007ffe2d758000 	C:\WINDOWS\System32\SHELL32.dll
0x00007ffe2b400000 - 0x00007ffe2bada000 	C:\WINDOWS\System32\windows.storage.dll
0x00007ffe2ad30000 - 0x00007ffe2ad7c000 	C:\WINDOWS\System32\powrprof.dll
0x00007ffe2dad0000 - 0x00007ffe2db22000 	C:\WINDOWS\System32\shlwapi.dll
0x00007ffe2ad20000 - 0x00007ffe2ad2f000 	C:\WINDOWS\System32\kernel.appcore.dll
0x00007ffe2bae0000 - 0x00007ffe2bb89000 	C:\WINDOWS\System32\shcore.dll
0x00007ffe2ad00000 - 0x00007ffe2ad14000 	C:\WINDOWS\System32\profapi.dll
0x00000000744e0000 - 0x00000000744fa000 	C:\Program Files\Java\jre1.8.0_51\bin\net.dll
0x00007ffe2a5d0000 - 0x00007ffe2a62c000 	C:\WINDOWS\system32\mswsock.dll
0x00007ffe163b0000 - 0x00007ffe163c6000 	C:\WINDOWS\system32\napinsp.dll
0x00007ffe16570000 - 0x00007ffe1658a000 	C:\WINDOWS\system32\pnrpnsp.dll
0x00007ffe28970000 - 0x00007ffe28988000 	C:\WINDOWS\system32\NLAapi.dll
0x00007ffe2a390000 - 0x00007ffe2a431000 	C:\WINDOWS\SYSTEM32\DNSAPI.dll
0x00007ffe2d890000 - 0x00007ffe2d898000 	C:\WINDOWS\System32\NSI.dll
0x00007ffe2a350000 - 0x00007ffe2a388000 	C:\WINDOWS\SYSTEM32\IPHLPAPI.DLL
0x00007ffe177e0000 - 0x00007ffe177ee000 	C:\WINDOWS\System32\winrnr.dll
0x0000000075850000 - 0x0000000075876000 	C:\Program Files\Bonjour\mdnsNSP.dll
0x00007ffe26530000 - 0x00007ffe26545000 	C:\WINDOWS\System32\wshbth.dll
0x00007ffe1ca00000 - 0x00007ffe1ca0a000 	C:\Windows\System32\rasadhlp.dll
0x00007ffe20340000 - 0x00007ffe203aa000 	C:\WINDOWS\System32\fwpuclnt.dll
0x00007ffe2ac40000 - 0x00007ffe2ac6b000 	C:\WINDOWS\SYSTEM32\bcrypt.dll
0x00007ffde2d20000 - 0x00007ffde3b59000 	C:\Users\Elie\git\decision-uta-method\uta-calculator\lib\jniortools.dll
0x00007ffe1d350000 - 0x00007ffe1d43f000 	C:\WINDOWS\SYSTEM32\MSVCR120.dll
0x00007ffe19cb0000 - 0x00007ffe19d56000 	C:\WINDOWS\SYSTEM32\MSVCP120.dll
0x00007ffe1bdf0000 - 0x00007ffe1bf82000 	C:\WINDOWS\SYSTEM32\dbghelp.dll

VM Arguments:
jvm_args: -Djava.library.path=C:\Users\Elie\git\decision-uta-method\uta-calculator\lib -Dfile.encoding=UTF-8 
java_command: io.github.oliviercailloux.uta_calculator.view.MainSimulation
java_class_path (initial): C:\Users\Elie\git\decision-uta-method\uta-calculator\target\classes;C:\Users\Elie\.m2\repository\com\google\ortools\ortools\2015.08\ortools-2015.08.jar;C:\Users\Elie\.m2\repository\org\slf4j\slf4j-api\1.7.21\slf4j-api-1.7.21.jar;C:\Users\Elie\.m2\repository\com\google\guava\guava\20.0\guava-20.0.jar;C:\Users\Elie\.m2\repository\ch\qos\logback\logback-classic\1.1.7\logback-classic-1.1.7.jar;C:\Users\Elie\.m2\repository\ch\qos\logback\logback-core\1.1.7\logback-core-1.1.7.jar;C:\Users\Elie\.m2\repository\org\apache\commons\commons-math\2.2\commons-math-2.2.jar;C:\Users\Elie\.m2\repository\protobuf\protobuf\3.3.0\protobuf-3.3.0.jar
Launcher Type: SUN_STANDARD

Environment Variables:
JAVA_HOME=C:\Oracle\Middleware\Oracle_Home\oracle_common\jdk
USERNAME=Elie
OS=Windows_NT
PROCESSOR_IDENTIFIER=Intel64 Family 6 Model 58 Stepping 9, GenuineIntel



---------------  S Y S T E M  ---------------

OS: Windows 10.0 , 64 bit Build 14393 (10.0.14393.1198)

CPU:total 4 (2 cores per cpu, 2 threads per core) family 6 model 58 stepping 9, cmov, cx8, fxsr, mmx, sse, sse2, sse3, ssse3, sse4.1, sse4.2, popcnt, avx, clmul, erms, ht, tsc, tscinvbit, tscinv

Memory: 4k page, physical 8222948k(2629112k free), swap 10715372k(1741580k free)

vm_info: Java HotSpot(TM) 64-Bit Server VM (25.51-b03) for windows-amd64 JRE (1.8.0_51-b16), built on Jun  8 2015 18:03:07 by "java_re" with MS VC++ 10.0 (VS2010)

time: Wed Aug 23 18:16:36 2017
elapsed time: 2 seconds (0d 0h 0m 2s)

