#
# A fatal error has been detected by the Java Runtime Environment:
#
#  EXCEPTION_ACCESS_VIOLATION (0xc0000005) at pc=0x00007ffddb69c246, pid=5008, tid=7264
#
# JRE version: Java(TM) SE Runtime Environment (8.0_51-b16) (build 1.8.0_51-b16)
# Java VM: Java HotSpot(TM) 64-Bit Server VM (25.51-b03 mixed mode windows-amd64 compressed oops)
# Problematic frame:
# C  [jniortools.dll+0x3ac246]
#
# Failed to write core dump. Minidumps are not enabled by default on client versions of Windows
#
# If you would like to submit a bug report, please visit:
#   http://bugreport.java.com/bugreport/crash.jsp
# The crash happened outside the Java Virtual Machine in native code.
# See problematic frame for where to report the bug.
#

---------------  T H R E A D  ---------------

Current thread (0x0000000000dde000):  JavaThread "main" [_thread_in_native, id=7264, stack(0x00000000025d0000,0x00000000026d0000)]

siginfo: ExceptionCode=0xc0000005, reading address 0x000000001a4d9d80

Registers:
RAX=0x0000eb6384300e16, RBX=0x000000001a474380, RCX=0x000000001a4d9d70, RDX=0x00000000026cee00
RSP=0x00000000026ced20, RBP=0x00000000026cee10, RSI=0x0000000016f2aab0, RDI=0x000000001a4d9d70
R8 =0x000000001a474380, R9 =0x00000000026cedd8, R10=0x00007ffddb399920, R11=0x0000000000002cb4
R12=0x0000000000000000, R13=0x0000000000000000, R14=0x00000000026cee00, R15=0x0000000000dde000
RIP=0x00007ffddb69c246, EFLAGS=0x0000000000010202

Top of Stack: (sp=0x00000000026ced20)
0x00000000026ced20:   0000000000dde001 0000000100000208
0x00000000026ced30:   00001ccccae72082 00007ffddb6a1b51
0x00000000026ced40:   fffffffffffffffe 00000000d64b8d28
0x00000000026ced50:   00000000828b9660 0000000300000000
0x00000000026ced60:   0000eb6384300e16 00000000028d6360
0x00000000026ced70:   000000001a4d9d70 00007ffddb6a7049
0x00000000026ced80:   0000000000dde000 000000001a474380
0x00000000026ced90:   0000000000000035 0000000000026140
0x00000000026ceda0:   00000001000c06f8 0000000002aee6db
0x00000000026cedb0:   000000010001e9b0 0000000000000201
0x00000000026cedc0:   00000000dddbc160 00000000de237088
0x00000000026cedd0:   00000000d64c4028 00000000de305ec8
0x00000000026cede0:   00002cba00000000 000000000000596b
0x00000000026cedf0:   0000000000005498 000000008281e9c0
0x00000000026cee00:   0000000082822658 00000000de3058b0
0x00000000026cee10:   00000000026cf388 0000000002ba450c 

Instructions: (pc=0x00007ffddb69c246)
0x00007ffddb69c226:   48 c7 44 24 20 fe ff ff ff 48 89 5c 24 68 48 8b
0x00007ffddb69c236:   05 f5 c5 9b 00 48 33 c4 48 89 44 24 40 48 8b f9
0x00007ffddb69c246:   83 79 10 02 0f 84 d5 00 00 00 48 8b 05 e1 0e 6d
0x00007ffddb69c256:   00 48 89 44 24 28 48 8d 4c 24 30 e8 3a d9 cf ff 


Register to memory mapping:

RAX=0x0000eb6384300e16 is an unknown value
RBX=0x000000001a474380 is an unknown value
RCX=0x000000001a4d9d70 is an unknown value
RDX=0x00000000026cee00 is pointing into the stack for thread: 0x0000000000dde000
RSP=0x00000000026ced20 is pointing into the stack for thread: 0x0000000000dde000
RBP=0x00000000026cee10 is pointing into the stack for thread: 0x0000000000dde000
RSI=0x0000000016f2aab0 is pointing into metadata
RDI=0x000000001a4d9d70 is an unknown value
R8 =0x000000001a474380 is an unknown value
R9 =0x00000000026cedd8 is pointing into the stack for thread: 0x0000000000dde000
R10=0x00007ffddb399920 is an unknown value
R11=0x0000000000002cb4 is an unknown value
R12=0x0000000000000000 is an unknown value
R13=0x0000000000000000 is an unknown value
R14=0x00000000026cee00 is pointing into the stack for thread: 0x0000000000dde000
R15=0x0000000000dde000 is a thread


Stack: [0x00000000025d0000,0x00000000026d0000],  sp=0x00000000026ced20,  free space=1019k
Native frames: (J=compiled Java code, j=interpreted, Vv=VM code, C=native code)
C  [jniortools.dll+0x3ac246]
C  [jniortools.dll+0x3b7049]
C  0x0000000002aee6db

Java frames: (J=compiled Java code, j=interpreted, Vv=VM code)
J 458  com.google.ortools.linearsolver.operations_research_linear_solverJNI.MPVariable_solutionValue(JLcom/google/ortools/linearsolver/MPVariable;)D (0 bytes) @ 0x0000000002aee655 [0x0000000002aee600+0x55]
J 554 C1 io.github.oliviercailloux.uta_calculator.model.UTASTAR.findValueFunction()Lio/github/oliviercailloux/uta_calculator/model/ValueFunction; (2313 bytes) @ 0x0000000002ba450c [0x0000000002b8f6a0+0x14e6c]
j  io.github.oliviercailloux.uta_calculator.view.MainSimulation.getDifferenceRank(III)I+201
j  io.github.oliviercailloux.uta_calculator.view.MainSimulation.simulation()V+29
j  io.github.oliviercailloux.uta_calculator.view.MainSimulation.main([Ljava/lang/String;)V+9
v  ~StubRoutines::call_stub

---------------  P R O C E S S  ---------------

Java Threads: ( => current thread )
  0x00000000173bd800 JavaThread "Service Thread" daemon [_thread_blocked, id=12880, stack(0x0000000018fe0000,0x00000000190e0000)]
  0x0000000017365800 JavaThread "C1 CompilerThread2" daemon [_thread_blocked, id=12996, stack(0x0000000018ae0000,0x0000000018be0000)]
  0x0000000017362000 JavaThread "C2 CompilerThread1" daemon [_thread_blocked, id=6528, stack(0x00000000189e0000,0x0000000018ae0000)]
  0x0000000017360000 JavaThread "C2 CompilerThread0" daemon [_thread_blocked, id=13060, stack(0x00000000188e0000,0x00000000189e0000)]
  0x000000001735e800 JavaThread "Attach Listener" daemon [_thread_blocked, id=4556, stack(0x00000000187e0000,0x00000000188e0000)]
  0x000000001735d800 JavaThread "Signal Dispatcher" daemon [_thread_blocked, id=8616, stack(0x00000000186e0000,0x00000000187e0000)]
  0x00000000028ba000 JavaThread "Finalizer" daemon [_thread_blocked, id=14300, stack(0x00000000185e0000,0x00000000186e0000)]
  0x00000000028b1000 JavaThread "Reference Handler" daemon [_thread_blocked, id=11952, stack(0x00000000184e0000,0x00000000185e0000)]
=>0x0000000000dde000 JavaThread "main" [_thread_in_native, id=7264, stack(0x00000000025d0000,0x00000000026d0000)]

Other Threads:
  0x0000000017328000 VMThread [stack: 0x00000000183e0000,0x00000000184e0000] [id=4804]
  0x00000000173be800 WatcherThread [stack: 0x00000000190e0000,0x00000000191e0000] [id=10556]

VM state:not at safepoint (normal execution)

VM Mutex/Monitor currently owned by a thread: None

Heap:
 PSYoungGen      total 133632K, used 2925K [0x00000000d6300000, 0x00000000e6800000, 0x0000000100000000)
  eden space 131072K, 2% used [0x00000000d6300000,0x00000000d6590ba8,0x00000000de300000)
  from space 2560K, 11% used [0x00000000de300000,0x00000000de34a940,0x00000000de580000)
  to   space 2560K, 0% used [0x00000000e6580000,0x00000000e6580000,0x00000000e6800000)
 ParOldGen       total 86016K, used 1225K [0x0000000082800000, 0x0000000087c00000, 0x00000000d6300000)
  object space 86016K, 1% used [0x0000000082800000,0x00000000829326f0,0x0000000087c00000)
 Metaspace       used 6379K, capacity 6440K, committed 6784K, reserved 1056768K
  class space    used 773K, capacity 784K, committed 896K, reserved 1048576K

Card table byte_map: [0x0000000011c80000,0x0000000012070000] byte_map_base: 0x000000001186c000

Marking Bits: (ParMarkBitMap*) 0x0000000071af4040
 Begin Bits: [0x0000000012710000, 0x0000000014670000)
 End Bits:   [0x0000000014670000, 0x00000000165d0000)

Polling page: 0x0000000000d80000

CodeCache: size=245760Kb used=3064Kb max_used=3076Kb free=242695Kb
 bounds [0x00000000028c0000, 0x0000000002bd0000, 0x00000000118c0000]
 total_blobs=872 nmethods=560 adapters=225
 compilation: enabled

Compilation events (10 events):
Event: 0.910 Thread 0x0000000017362000  553       4       io.github.oliviercailloux.uta_calculator.model.Criterion::getMaxValue (27 bytes)
Event: 0.912 Thread 0x0000000017362000 nmethod 553 0x0000000002b19c50 code [0x0000000002b19da0, 0x0000000002b19eb8]
Event: 0.913 Thread 0x0000000017365800  554       3       io.github.oliviercailloux.uta_calculator.model.UTASTAR::findValueFunction (2313 bytes)
Event: 0.925 Thread 0x0000000017360000  555       4       java.util.Arrays::rangeCheck (74 bytes)
Event: 0.925 Thread 0x0000000017360000 nmethod 555 0x0000000002b06710 code [0x0000000002b06840, 0x0000000002b068d8]
Event: 0.938 Thread 0x0000000017365800 nmethod 554 0x0000000002b8d310 code [0x0000000002b8f6a0, 0x0000000002baae48]
Event: 0.987 Thread 0x0000000017362000  556       4       java.lang.ref.ReferenceQueue::reallyPoll (66 bytes)
Event: 0.988 Thread 0x0000000017360000  557   !   4       java.lang.ref.ReferenceQueue::enqueue (119 bytes)
Event: 0.989 Thread 0x0000000017362000 nmethod 556 0x0000000002b19950 code [0x0000000002b19aa0, 0x0000000002b19bd8]
Event: 0.989 Thread 0x0000000017362000  558       4       java.lang.ref.ReferenceQueue::remove (6 bytes)

GC Heap History (10 events):
Event: 0.674 GC heap before
{Heap before GC invocations=3 (full 0):
 PSYoungGen      total 37888K, used 34120K [0x00000000d6300000, 0x00000000dad00000, 0x0000000100000000)
  eden space 32768K, 100% used [0x00000000d6300000,0x00000000d8300000,0x00000000d8300000)
  from space 5120K, 26% used [0x00000000d8800000,0x00000000d8952180,0x00000000d8d00000)
  to   space 5120K, 0% used [0x00000000d8300000,0x00000000d8300000,0x00000000d8800000)
 ParOldGen       total 86016K, used 80K [0x0000000082800000, 0x0000000087c00000, 0x00000000d6300000)
  object space 86016K, 0% used [0x0000000082800000,0x0000000082814010,0x0000000087c00000)
 Metaspace       used 6353K, capacity 6440K, committed 6784K, reserved 1056768K
  class space    used 773K, capacity 784K, committed 896K, reserved 1048576K
Event: 0.675 GC heap after
Heap after GC invocations=3 (full 0):
 PSYoungGen      total 37888K, used 1328K [0x00000000d6300000, 0x00000000dad00000, 0x0000000100000000)
  eden space 32768K, 0% used [0x00000000d6300000,0x00000000d6300000,0x00000000d8300000)
  from space 5120K, 25% used [0x00000000d8300000,0x00000000d844c010,0x00000000d8800000)
  to   space 5120K, 0% used [0x00000000da800000,0x00000000da800000,0x00000000dad00000)
 ParOldGen       total 86016K, used 80K [0x0000000082800000, 0x0000000087c00000, 0x00000000d6300000)
  object space 86016K, 0% used [0x0000000082800000,0x0000000082814010,0x0000000087c00000)
 Metaspace       used 6353K, capacity 6440K, committed 6784K, reserved 1056768K
  class space    used 773K, capacity 784K, committed 896K, reserved 1048576K
}
Event: 0.706 GC heap before
{Heap before GC invocations=4 (full 0):
 PSYoungGen      total 37888K, used 34096K [0x00000000d6300000, 0x00000000dad00000, 0x0000000100000000)
  eden space 32768K, 100% used [0x00000000d6300000,0x00000000d8300000,0x00000000d8300000)
  from space 5120K, 25% used [0x00000000d8300000,0x00000000d844c010,0x00000000d8800000)
  to   space 5120K, 0% used [0x00000000da800000,0x00000000da800000,0x00000000dad00000)
 ParOldGen       total 86016K, used 80K [0x0000000082800000, 0x0000000087c00000, 0x00000000d6300000)
  object space 86016K, 0% used [0x0000000082800000,0x0000000082814010,0x0000000087c00000)
 Metaspace       used 6353K, capacity 6440K, committed 6784K, reserved 1056768K
  class space    used 773K, capacity 784K, committed 896K, reserved 1048576K
Event: 0.708 GC heap after
Heap after GC invocations=4 (full 0):
 PSYoungGen      total 70656K, used 1344K [0x00000000d6300000, 0x00000000dad00000, 0x0000000100000000)
  eden space 65536K, 0% used [0x00000000d6300000,0x00000000d6300000,0x00000000da300000)
  from space 5120K, 26% used [0x00000000da800000,0x00000000da950020,0x00000000dad00000)
  to   space 5120K, 0% used [0x00000000da300000,0x00000000da300000,0x00000000da800000)
 ParOldGen       total 86016K, used 88K [0x0000000082800000, 0x0000000087c00000, 0x00000000d6300000)
  object space 86016K, 0% used [0x0000000082800000,0x0000000082816010,0x0000000087c00000)
 Metaspace       used 6353K, capacity 6440K, committed 6784K, reserved 1056768K
  class space    used 773K, capacity 784K, committed 896K, reserved 1048576K
}
Event: 0.789 GC heap before
{Heap before GC invocations=5 (full 0):
 PSYoungGen      total 70656K, used 66880K [0x00000000d6300000, 0x00000000dad00000, 0x0000000100000000)
  eden space 65536K, 100% used [0x00000000d6300000,0x00000000da300000,0x00000000da300000)
  from space 5120K, 26% used [0x00000000da800000,0x00000000da950020,0x00000000dad00000)
  to   space 5120K, 0% used [0x00000000da300000,0x00000000da300000,0x00000000da800000)
 ParOldGen       total 86016K, used 88K [0x0000000082800000, 0x0000000087c00000, 0x00000000d6300000)
  object space 86016K, 0% used [0x0000000082800000,0x0000000082816010,0x0000000087c00000)
 Metaspace       used 6353K, capacity 6440K, committed 6784K, reserved 1056768K
  class space    used 773K, capacity 784K, committed 896K, reserved 1048576K
Event: 0.790 GC heap after
Heap after GC invocations=5 (full 0):
 PSYoungGen      total 70656K, used 1392K [0x00000000d6300000, 0x00000000de800000, 0x0000000100000000)
  eden space 65536K, 0% used [0x00000000d6300000,0x00000000d6300000,0x00000000da300000)
  from space 5120K, 27% used [0x00000000da300000,0x00000000da45c030,0x00000000da800000)
  to   space 2560K, 0% used [0x00000000de580000,0x00000000de580000,0x00000000de800000)
 ParOldGen       total 86016K, used 88K [0x0000000082800000, 0x0000000087c00000, 0x00000000d6300000)
  object space 86016K, 0% used [0x0000000082800000,0x0000000082816010,0x0000000087c00000)
 Metaspace       used 6353K, capacity 6440K, committed 6784K, reserved 1056768K
  class space    used 773K, capacity 784K, committed 896K, reserved 1048576K
}
Event: 0.848 GC heap before
{Heap before GC invocations=6 (full 0):
 PSYoungGen      total 70656K, used 66928K [0x00000000d6300000, 0x00000000de800000, 0x0000000100000000)
  eden space 65536K, 100% used [0x00000000d6300000,0x00000000da300000,0x00000000da300000)
  from space 5120K, 27% used [0x00000000da300000,0x00000000da45c030,0x00000000da800000)
  to   space 2560K, 0% used [0x00000000de580000,0x00000000de580000,0x00000000de800000)
 ParOldGen       total 86016K, used 88K [0x0000000082800000, 0x0000000087c00000, 0x00000000d6300000)
  object space 86016K, 0% used [0x0000000082800000,0x0000000082816010,0x0000000087c00000)
 Metaspace       used 6354K, capacity 6440K, committed 6784K, reserved 1056768K
  class space    used 773K, capacity 784K, committed 896K, reserved 1048576K
Event: 0.850 GC heap after
Heap after GC invocations=6 (full 0):
 PSYoungGen      total 133632K, used 1296K [0x00000000d6300000, 0x00000000de800000, 0x0000000100000000)
  eden space 131072K, 0% used [0x00000000d6300000,0x00000000d6300000,0x00000000de300000)
  from space 2560K, 50% used [0x00000000de580000,0x00000000de6c4010,0x00000000de800000)
  to   space 2560K, 0% used [0x00000000de300000,0x00000000de300000,0x00000000de580000)
 ParOldGen       total 86016K, used 96K [0x0000000082800000, 0x0000000087c00000, 0x00000000d6300000)
  object space 86016K, 0% used [0x0000000082800000,0x0000000082818010,0x0000000087c00000)
 Metaspace       used 6354K, capacity 6440K, committed 6784K, reserved 1056768K
  class space    used 773K, capacity 784K, committed 896K, reserved 1048576K
}
Event: 0.985 GC heap before
{Heap before GC invocations=7 (full 0):
 PSYoungGen      total 133632K, used 132368K [0x00000000d6300000, 0x00000000de800000, 0x0000000100000000)
  eden space 131072K, 100% used [0x00000000d6300000,0x00000000de300000,0x00000000de300000)
  from space 2560K, 50% used [0x00000000de580000,0x00000000de6c4010,0x00000000de800000)
  to   space 2560K, 0% used [0x00000000de300000,0x00000000de300000,0x00000000de580000)
 ParOldGen       total 86016K, used 96K [0x0000000082800000, 0x0000000087c00000, 0x00000000d6300000)
  object space 86016K, 0% used [0x0000000082800000,0x0000000082818010,0x0000000087c00000)
 Metaspace       used 6379K, capacity 6440K, committed 6784K, reserved 1056768K
  class space    used 773K, capacity 784K, committed 896K, reserved 1048576K
Event: 0.987 GC heap after
Heap after GC invocations=7 (full 0):
 PSYoungGen      total 133632K, used 298K [0x00000000d6300000, 0x00000000e6800000, 0x0000000100000000)
  eden space 131072K, 0% used [0x00000000d6300000,0x00000000d6300000,0x00000000de300000)
  from space 2560K, 11% used [0x00000000de300000,0x00000000de34a940,0x00000000de580000)
  to   space 2560K, 0% used [0x00000000e6580000,0x00000000e6580000,0x00000000e6800000)
 ParOldGen       total 86016K, used 1225K [0x0000000082800000, 0x0000000087c00000, 0x00000000d6300000)
  object space 86016K, 1% used [0x0000000082800000,0x00000000829326f0,0x0000000087c00000)
 Metaspace       used 6379K, capacity 6440K, committed 6784K, reserved 1056768K
  class space    used 773K, capacity 784K, committed 896K, reserved 1048576K
}

Deoptimization events (2 events):
Event: 0.547 Thread 0x0000000000dde000 Uncommon trap: reason=predicate action=maybe_recompile pc=0x0000000002ae20d4 method=io.github.oliviercailloux.uta_calculator.model.PartialValueFunction.getDerivative(D)D @ 74
Event: 0.573 Thread 0x0000000000dde000 Uncommon trap: reason=range_check action=make_not_entrant pc=0x0000000002aeeb38 method=java.util.ArrayList.elementData(I)Ljava/lang/Object; @ 5

Internal exceptions (8 events):
Event: 0.097 Thread 0x0000000000dde000 Exception <a 'java/lang/NoSuchMethodError': Method sun.misc.Unsafe.defineClass(Ljava/lang/String;[BII)Ljava/lang/Class; name or signature does not match> (0x00000000d630d228) thrown at [C:\re\workspace\8-2-build-windows-amd64-cygwin\jdk8u51\3951\hotspot\srÂC7EÜ¸?
Event: 0.097 Thread 0x0000000000dde000 Exception <a 'java/lang/NoSuchMethodError': Method sun.misc.Unsafe.prefetchRead(Ljava/lang/Object;J)V name or signature does not match> (0x00000000d630d4b8) thrown at [C:\re\workspace\8-2-build-windows-amd64-cygwin\jdk8u51\3951\hotspot\src\share\vm\prims\j¼MH•7É?
Event: 0.197 Thread 0x0000000000dde000 Exception <a 'java/security/PrivilegedActionException'> (0x00000000d6525238) thrown at [C:\re\workspace\8-2-build-windows-amd64-cygwin\jdk8u51\3951\hotspot\src\share\vm\prims\jvm.cpp, line 1382]
Event: 0.197 Thread 0x0000000000dde000 Exception <a 'java/security/PrivilegedActionException'> (0x00000000d65253f0) thrown at [C:\re\workspace\8-2-build-windows-amd64-cygwin\jdk8u51\3951\hotspot\src\share\vm\prims\jvm.cpp, line 1382]
Event: 0.198 Thread 0x0000000000dde000 Exception <a 'java/security/PrivilegedActionException'> (0x00000000d6528ee8) thrown at [C:\re\workspace\8-2-build-windows-amd64-cygwin\jdk8u51\3951\hotspot\src\share\vm\prims\jvm.cpp, line 1382]
Event: 0.198 Thread 0x0000000000dde000 Exception <a 'java/security/PrivilegedActionException'> (0x00000000d65290a0) thrown at [C:\re\workspace\8-2-build-windows-amd64-cygwin\jdk8u51\3951\hotspot\src\share\vm\prims\jvm.cpp, line 1382]
Event: 0.249 Thread 0x0000000000dde000 Exception <a 'java/io/FileNotFoundException'> (0x00000000d6679cd8) thrown at [C:\re\workspace\8-2-build-windows-amd64-cygwin\jdk8u51\3951\hotspot\src\share\vm\prims\jni.cpp, line 709]
Event: 0.462 Thread 0x0000000000dde000 Exception <a 'java/lang/NoSuchMethodError': org.slf4j.impl.StaticMDCBinder.getSingleton()Lorg/slf4j/impl/StaticMDCBinder;> (0x00000000d6b52ff8) thrown at [C:\re\workspace\8-2-build-windows-amd64-cygwin\jdk8u51\3951\hotspot\src\share\vm\interpreter\linkReso

Events (10 events):
Event: 0.674 Executing VM operation: ParallelGCFailedAllocation
Event: 0.675 Executing VM operation: ParallelGCFailedAllocation done
Event: 0.706 Executing VM operation: ParallelGCFailedAllocation
Event: 0.708 Executing VM operation: ParallelGCFailedAllocation done
Event: 0.789 Executing VM operation: ParallelGCFailedAllocation
Event: 0.790 Executing VM operation: ParallelGCFailedAllocation done
Event: 0.848 Executing VM operation: ParallelGCFailedAllocation
Event: 0.850 Executing VM operation: ParallelGCFailedAllocation done
Event: 0.985 Executing VM operation: ParallelGCFailedAllocation
Event: 0.987 Executing VM operation: ParallelGCFailedAllocation done


Dynamic libraries:
0x00007ff7a9670000 - 0x00007ff7a96a7000 	C:\Program Files\Java\jre1.8.0_51\bin\javaw.exe
0x00007ffe2e890000 - 0x00007ffe2ea62000 	C:\WINDOWS\SYSTEM32\ntdll.dll
0x00007ffe2e3e0000 - 0x00007ffe2e48c000 	C:\WINDOWS\System32\KERNEL32.DLL
0x00007ffe2b1e0000 - 0x00007ffe2b3fd000 	C:\WINDOWS\System32\KERNELBASE.dll
0x00007ffe2e7e0000 - 0x00007ffe2e882000 	C:\WINDOWS\System32\ADVAPI32.dll
0x00007ffe2e340000 - 0x00007ffe2e3de000 	C:\WINDOWS\System32\msvcrt.dll
0x00007ffe2d8a0000 - 0x00007ffe2d8f9000 	C:\WINDOWS\System32\sechost.dll
0x00007ffe2e150000 - 0x00007ffe2e271000 	C:\WINDOWS\System32\RPCRT4.dll
0x00007ffe2dd40000 - 0x00007ffe2dea5000 	C:\WINDOWS\System32\USER32.dll
0x00007ffe2ade0000 - 0x00007ffe2adfe000 	C:\WINDOWS\System32\win32u.dll
0x00007ffe2db30000 - 0x00007ffe2db64000 	C:\WINDOWS\System32\GDI32.dll
0x00007ffe2bbf0000 - 0x00007ffe2bd70000 	C:\WINDOWS\System32\gdi32full.dll
0x00007ffe27340000 - 0x00007ffe275ba000 	C:\WINDOWS\WinSxS\amd64_microsoft.windows.common-controls_6595b64144ccf1df_6.0.14393.953_none_42151e83c686086b\COMCTL32.dll
0x00007ffe2e490000 - 0x00007ffe2e758000 	C:\WINDOWS\System32\combase.dll
0x00007ffe2b0e0000 - 0x00007ffe2b1d5000 	C:\WINDOWS\System32\ucrtbase.dll
0x00007ffe2aea0000 - 0x00007ffe2af0a000 	C:\WINDOWS\System32\bcryptPrimitives.dll
0x00007ffe2db70000 - 0x00007ffe2db9e000 	C:\WINDOWS\System32\IMM32.DLL
0x0000000071b80000 - 0x0000000071c52000 	C:\Program Files\Java\jre1.8.0_51\bin\msvcr100.dll
0x00000000712f0000 - 0x0000000071b73000 	C:\Program Files\Java\jre1.8.0_51\bin\server\jvm.dll
0x00007ffe2d780000 - 0x00007ffe2d788000 	C:\WINDOWS\System32\PSAPI.DLL
0x00007ffe1d4b0000 - 0x00007ffe1d4b9000 	C:\WINDOWS\SYSTEM32\WSOCK32.dll
0x00007ffe28040000 - 0x00007ffe28063000 	C:\WINDOWS\SYSTEM32\WINMM.dll
0x00007ffe2d900000 - 0x00007ffe2d96a000 	C:\WINDOWS\System32\WS2_32.dll
0x00007ffe1ca10000 - 0x00007ffe1ca1a000 	C:\WINDOWS\SYSTEM32\VERSION.dll
0x00007ffe27e70000 - 0x00007ffe27e9b000 	C:\WINDOWS\SYSTEM32\WINMMBASE.dll
0x00007ffe2ad90000 - 0x00007ffe2add2000 	C:\WINDOWS\System32\cfgmgr32.dll
0x0000000074af0000 - 0x0000000074aff000 	C:\Program Files\Java\jre1.8.0_51\bin\verify.dll
0x0000000074850000 - 0x0000000074879000 	C:\Program Files\Java\jre1.8.0_51\bin\java.dll
0x0000000074500000 - 0x0000000074516000 	C:\Program Files\Java\jre1.8.0_51\bin\zip.dll
0x00007ffe2c250000 - 0x00007ffe2d758000 	C:\WINDOWS\System32\SHELL32.dll
0x00007ffe2b400000 - 0x00007ffe2bada000 	C:\WINDOWS\System32\windows.storage.dll
0x00007ffe2ad30000 - 0x00007ffe2ad7c000 	C:\WINDOWS\System32\powrprof.dll
0x00007ffe2dad0000 - 0x00007ffe2db22000 	C:\WINDOWS\System32\shlwapi.dll
0x00007ffe2ad20000 - 0x00007ffe2ad2f000 	C:\WINDOWS\System32\kernel.appcore.dll
0x00007ffe2bae0000 - 0x00007ffe2bb89000 	C:\WINDOWS\System32\shcore.dll
0x00007ffe2ad00000 - 0x00007ffe2ad14000 	C:\WINDOWS\System32\profapi.dll
0x00000000744e0000 - 0x00000000744fa000 	C:\Program Files\Java\jre1.8.0_51\bin\net.dll
0x00007ffe2a5d0000 - 0x00007ffe2a62c000 	C:\WINDOWS\system32\mswsock.dll
0x00007ffe163b0000 - 0x00007ffe163c6000 	C:\WINDOWS\system32\napinsp.dll
0x00007ffe16570000 - 0x00007ffe1658a000 	C:\WINDOWS\system32\pnrpnsp.dll
0x00007ffe28970000 - 0x00007ffe28988000 	C:\WINDOWS\system32\NLAapi.dll
0x00007ffe2a390000 - 0x00007ffe2a431000 	C:\WINDOWS\SYSTEM32\DNSAPI.dll
0x00007ffe2d890000 - 0x00007ffe2d898000 	C:\WINDOWS\System32\NSI.dll
0x00007ffe2a350000 - 0x00007ffe2a388000 	C:\WINDOWS\SYSTEM32\IPHLPAPI.DLL
0x00007ffe177e0000 - 0x00007ffe177ee000 	C:\WINDOWS\System32\winrnr.dll
0x0000000075850000 - 0x0000000075876000 	C:\Program Files\Bonjour\mdnsNSP.dll
0x00007ffe26530000 - 0x00007ffe26545000 	C:\WINDOWS\System32\wshbth.dll
0x00007ffe1ca00000 - 0x00007ffe1ca0a000 	C:\Windows\System32\rasadhlp.dll
0x00007ffe20340000 - 0x00007ffe203aa000 	C:\WINDOWS\System32\fwpuclnt.dll
0x00007ffe2ac40000 - 0x00007ffe2ac6b000 	C:\WINDOWS\SYSTEM32\bcrypt.dll
0x00007ffddb2f0000 - 0x00007ffddc129000 	C:\Users\Elie\git\decision-uta-method\uta-calculator\lib\jniortools.dll
0x00007ffe1d350000 - 0x00007ffe1d43f000 	C:\WINDOWS\SYSTEM32\MSVCR120.dll
0x00007ffe19cb0000 - 0x00007ffe19d56000 	C:\WINDOWS\SYSTEM32\MSVCP120.dll
0x00007ffe1bdf0000 - 0x00007ffe1bf82000 	C:\WINDOWS\SYSTEM32\dbghelp.dll

VM Arguments:
jvm_args: -Djava.library.path=C:\Users\Elie\git\decision-uta-method\uta-calculator\lib -Dfile.encoding=UTF-8 
java_command: io.github.oliviercailloux.uta_calculator.view.MainSimulation
java_class_path (initial): C:\Users\Elie\git\decision-uta-method\uta-calculator\target\classes;C:\Users\Elie\.m2\repository\com\google\ortools\ortools\2015.08\ortools-2015.08.jar;C:\Users\Elie\.m2\repository\org\slf4j\slf4j-api\1.7.21\slf4j-api-1.7.21.jar;C:\Users\Elie\.m2\repository\com\google\guava\guava\20.0\guava-20.0.jar;C:\Users\Elie\.m2\repository\ch\qos\logback\logback-classic\1.1.7\logback-classic-1.1.7.jar;C:\Users\Elie\.m2\repository\ch\qos\logback\logback-core\1.1.7\logback-core-1.1.7.jar;C:\Users\Elie\.m2\repository\org\apache\commons\commons-math\2.2\commons-math-2.2.jar;C:\Users\Elie\.m2\repository\protobuf\protobuf\3.3.0\protobuf-3.3.0.jar
Launcher Type: SUN_STANDARD

Environment Variables:
JAVA_HOME=C:\Oracle\Middleware\Oracle_Home\oracle_common\jdk
USERNAME=Elie
OS=Windows_NT
PROCESSOR_IDENTIFIER=Intel64 Family 6 Model 58 Stepping 9, GenuineIntel



---------------  S Y S T E M  ---------------

OS: Windows 10.0 , 64 bit Build 14393 (10.0.14393.1198)

CPU:total 4 (2 cores per cpu, 2 threads per core) family 6 model 58 stepping 9, cmov, cx8, fxsr, mmx, sse, sse2, sse3, ssse3, sse4.1, sse4.2, popcnt, avx, clmul, erms, ht, tsc, tscinvbit, tscinv

Memory: 4k page, physical 8222948k(3058152k free), swap 10715372k(2857404k free)

vm_info: Java HotSpot(TM) 64-Bit Server VM (25.51-b03) for windows-amd64 JRE (1.8.0_51-b16), built on Jun  8 2015 18:03:07 by "java_re" with MS VC++ 10.0 (VS2010)

time: Wed Aug 23 19:09:27 2017
elapsed time: 1 seconds (0d 0h 0m 1s)

