#
# A fatal error has been detected by the Java Runtime Environment:
#
#  EXCEPTION_ACCESS_VIOLATION (0xc0000005) at pc=0x00007ffde30cc246, pid=2924, tid=12580
#
# JRE version: Java(TM) SE Runtime Environment (8.0_51-b16) (build 1.8.0_51-b16)
# Java VM: Java HotSpot(TM) 64-Bit Server VM (25.51-b03 mixed mode windows-amd64 compressed oops)
# Problematic frame:
# C  [jniortools.dll+0x3ac246]
#
# Failed to write core dump. Minidumps are not enabled by default on client versions of Windows
#
# If you would like to submit a bug report, please visit:
#   http://bugreport.java.com/bugreport/crash.jsp
# The crash happened outside the Java Virtual Machine in native code.
# See problematic frame for where to report the bug.
#

---------------  T H R E A D  ---------------

Current thread (0x000000000317e000):  JavaThread "main" [_thread_in_native, id=12580, stack(0x0000000002ed0000,0x0000000002fd0000)]

siginfo: ExceptionCode=0xc0000005, reading address 0x000000001c6b9790

Registers:
RAX=0x00004a88dc0a0110, RBX=0x000000001c612300, RCX=0x000000001c6b9780, RDX=0x0000000002fcedf0
RSP=0x0000000002fced10, RBP=0x0000000002fcee00, RSI=0x00000000177e9b50, RDI=0x000000001c6b9780
R8 =0x000000001c612300, R9 =0x0000000002fcedc8, R10=0x00007ffde2dc9920, R11=0x0000000000000ffb
R12=0x0000000000000000, R13=0x000000000000001a, R14=0x0000000002fcedf0, R15=0x000000000317e000
RIP=0x00007ffde30cc246, EFLAGS=0x0000000000010202

Top of Stack: (sp=0x0000000002fced10)
0x0000000002fced10:   00007ffe19d48790 0000000000000000
0x0000000002fced20:   0000000002fced40 000000000124e3e0
0x0000000002fced30:   fffffffffffffffe 00007ffe00000003
0x0000000002fced40:   0000000082800490 0000000000000000
0x0000000002fced50:   00004a88dc0a0110 0000000000003c98
0x0000000002fced60:   000000001c6b9780 00007ffde30d7049
0x0000000002fced70:   0000000000000019 000000001c612300
0x0000000002fced80:   0000000100000001 099aa0a1f47a0000
0x0000000002fced90:   00000001000c06f8 00000000033a2d5b
0x0000000002fceda0:   000000010001e9b0 0000000000003c98
0x0000000002fcedb0:   00000000d6300000 0000000000000793
0x0000000002fcedc0:   00000000d633e758 00000000de30e1d0
0x0000000002fcedd0:   0000100100000000 0000000000001ff9
0x0000000002fcede0:   00000f20d6300000 0000000082826ac0
0x0000000002fcedf0:   00000000828577b8 00000000de300000
0x0000000002fcee00:   0000000002fcf4b0 000000000340008c 

Instructions: (pc=0x00007ffde30cc246)
0x00007ffde30cc226:   48 c7 44 24 20 fe ff ff ff 48 89 5c 24 68 48 8b
0x00007ffde30cc236:   05 f5 c5 9b 00 48 33 c4 48 89 44 24 40 48 8b f9
0x00007ffde30cc246:   83 79 10 02 0f 84 d5 00 00 00 48 8b 05 e1 0e 6d
0x00007ffde30cc256:   00 48 89 44 24 28 48 8d 4c 24 30 e8 3a d9 cf ff 


Register to memory mapping:

RAX=0x00004a88dc0a0110 is an unknown value
RBX=0x000000001c612300 is an unknown value
RCX=0x000000001c6b9780 is an unknown value
RDX=0x0000000002fcedf0 is pointing into the stack for thread: 0x000000000317e000
RSP=0x0000000002fced10 is pointing into the stack for thread: 0x000000000317e000
RBP=0x0000000002fcee00 is pointing into the stack for thread: 0x000000000317e000
RSI=0x00000000177e9b50 is pointing into metadata
RDI=0x000000001c6b9780 is an unknown value
R8 =0x000000001c612300 is an unknown value
R9 =0x0000000002fcedc8 is pointing into the stack for thread: 0x000000000317e000
R10=0x00007ffde2dc9920 is an unknown value
R11=0x0000000000000ffb is an unknown value
R12=0x0000000000000000 is an unknown value
R13=0x000000000000001a is an unknown value
R14=0x0000000002fcedf0 is pointing into the stack for thread: 0x000000000317e000
R15=0x000000000317e000 is a thread


Stack: [0x0000000002ed0000,0x0000000002fd0000],  sp=0x0000000002fced10,  free space=1019k
Native frames: (J=compiled Java code, j=interpreted, Vv=VM code, C=native code)
C  [jniortools.dll+0x3ac246]
C  [jniortools.dll+0x3b7049]
C  0x00000000033a2d5b

Java frames: (J=compiled Java code, j=interpreted, Vv=VM code)
J 462  com.google.ortools.linearsolver.operations_research_linear_solverJNI.MPVariable_solutionValue(JLcom/google/ortools/linearsolver/MPVariable;)D (0 bytes) @ 0x00000000033a2cd5 [0x00000000033a2c80+0x55]
J 568 C1 io.github.oliviercailloux.uta_calculator.model.UTASTAR.findValueFunction()Lio/github/oliviercailloux/uta_calculator/model/ValueFunction; (2313 bytes) @ 0x000000000340008c [0x00000000033eafc0+0x150cc]
J 574 C1 io.github.oliviercailloux.uta_calculator.view.MainSimulation.getDifferenceRank(III)I (217 bytes) @ 0x0000000003423144 [0x0000000003421ae0+0x1664]
j  io.github.oliviercailloux.uta_calculator.view.MainSimulation.simulation()V+29
j  io.github.oliviercailloux.uta_calculator.view.MainSimulation.main([Ljava/lang/String;)V+9
v  ~StubRoutines::call_stub

---------------  P R O C E S S  ---------------

Java Threads: ( => current thread )
  0x0000000019490000 JavaThread "Service Thread" daemon [_thread_blocked, id=8348, stack(0x0000000019870000,0x0000000019970000)]
  0x0000000017c30800 JavaThread "C1 CompilerThread2" daemon [_thread_blocked, id=10748, stack(0x0000000019370000,0x0000000019470000)]
  0x0000000017c26000 JavaThread "C2 CompilerThread1" daemon [_thread_blocked, id=11212, stack(0x0000000019270000,0x0000000019370000)]
  0x0000000017c1f800 JavaThread "C2 CompilerThread0" daemon [_thread_in_native, id=4964, stack(0x0000000019170000,0x0000000019270000)]
  0x0000000017c1e800 JavaThread "Attach Listener" daemon [_thread_blocked, id=4896, stack(0x0000000019070000,0x0000000019170000)]
  0x0000000017c1d800 JavaThread "Signal Dispatcher" daemon [_thread_blocked, id=5188, stack(0x0000000018f70000,0x0000000019070000)]
  0x00000000030d9800 JavaThread "Finalizer" daemon [_thread_blocked, id=14004, stack(0x0000000018e70000,0x0000000018f70000)]
  0x00000000030d1000 JavaThread "Reference Handler" daemon [_thread_blocked, id=1740, stack(0x0000000018d70000,0x0000000018e70000)]
=>0x000000000317e000 JavaThread "main" [_thread_in_native, id=12580, stack(0x0000000002ed0000,0x0000000002fd0000)]

Other Threads:
  0x0000000017be8000 VMThread [stack: 0x0000000018c70000,0x0000000018d70000] [id=14316]
  0x0000000019491000 WatcherThread [stack: 0x0000000019970000,0x0000000019a70000] [id=10640]

VM state:not at safepoint (normal execution)

VM Mutex/Monitor currently owned by a thread: None

Heap:
 PSYoungGen      total 133632K, used 3139K [0x00000000d6300000, 0x00000000e6800000, 0x0000000100000000)
  eden space 131072K, 2% used [0x00000000d6300000,0x00000000d6590f38,0x00000000de300000)
  from space 2560K, 20% used [0x00000000de300000,0x00000000de380000,0x00000000de580000)
  to   space 2560K, 0% used [0x00000000e6580000,0x00000000e6580000,0x00000000e6800000)
 ParOldGen       total 86016K, used 1213K [0x0000000082800000, 0x0000000087c00000, 0x00000000d6300000)
  object space 86016K, 1% used [0x0000000082800000,0x000000008292f6e0,0x0000000087c00000)
 Metaspace       used 6417K, capacity 6440K, committed 6784K, reserved 1056768K
  class space    used 773K, capacity 784K, committed 896K, reserved 1048576K

Card table byte_map: [0x0000000012540000,0x0000000012930000] byte_map_base: 0x000000001212c000

Marking Bits: (ParMarkBitMap*) 0x0000000071af4040
 Begin Bits: [0x0000000012fd0000, 0x0000000014f30000)
 End Bits:   [0x0000000014f30000, 0x0000000016e90000)

Polling page: 0x0000000001760000

CodeCache: size=245760Kb used=2864Kb max_used=2873Kb free=242895Kb
 bounds [0x0000000003180000, 0x0000000003460000, 0x0000000012180000]
 total_blobs=930 nmethods=618 adapters=225
 compilation: enabled

Compilation events (10 events):
Event: 1.137 Thread 0x0000000017c26000 nmethod 614 0x0000000003438890 code [0x00000000034389c0, 0x0000000003438a98]
Event: 1.161 Thread 0x0000000017c26000  615       4       java.util.TimSort::binarySort (223 bytes)
Event: 1.177 Thread 0x0000000017c26000 nmethod 615 0x000000000344d410 code [0x000000000344d5c0, 0x000000000344df10]
Event: 1.177 Thread 0x0000000017c26000  616       4       sun.misc.FloatingDecimal$BinaryToASCIIBuffer::estimateDecExp (182 bytes)
Event: 1.179 Thread 0x0000000017c26000 nmethod 616 0x0000000003445d90 code [0x0000000003445f00, 0x00000000034460b8]
Event: 1.182 Thread 0x0000000017c26000  617       4       sun.misc.FloatingDecimal$BinaryToASCIIBuffer::dtoa (1509 bytes)
Event: 1.209 Thread 0x0000000017c30800  618       3       com.google.ortools.linearsolver.MPSolver::finalize (5 bytes)
Event: 1.209 Thread 0x0000000017c30800 nmethod 618 0x0000000003446950 code [0x0000000003446ac0, 0x0000000003446ee8]
Event: 1.209 Thread 0x0000000017c30800  619  s    3       com.google.ortools.linearsolver.MPSolver::delete (34 bytes)
Event: 1.210 Thread 0x0000000017c30800 nmethod 619 0x0000000003446350 code [0x00000000034464c0, 0x0000000003446868]

GC Heap History (10 events):
Event: 0.732 GC heap before
{Heap before GC invocations=3 (full 0):
 PSYoungGen      total 37888K, used 34128K [0x00000000d6300000, 0x00000000dad00000, 0x0000000100000000)
  eden space 32768K, 100% used [0x00000000d6300000,0x00000000d8300000,0x00000000d8300000)
  from space 5120K, 26% used [0x00000000d8800000,0x00000000d8954010,0x00000000d8d00000)
  to   space 5120K, 0% used [0x00000000d8300000,0x00000000d8300000,0x00000000d8800000)
 ParOldGen       total 86016K, used 80K [0x0000000082800000, 0x0000000087c00000, 0x00000000d6300000)
  object space 86016K, 0% used [0x0000000082800000,0x0000000082814010,0x0000000087c00000)
 Metaspace       used 6370K, capacity 6440K, committed 6784K, reserved 1056768K
  class space    used 773K, capacity 784K, committed 896K, reserved 1048576K
Event: 0.734 GC heap after
Heap after GC invocations=3 (full 0):
 PSYoungGen      total 37888K, used 1328K [0x00000000d6300000, 0x00000000dad00000, 0x0000000100000000)
  eden space 32768K, 0% used [0x00000000d6300000,0x00000000d6300000,0x00000000d8300000)
  from space 5120K, 25% used [0x00000000d8300000,0x00000000d844c030,0x00000000d8800000)
  to   space 5120K, 0% used [0x00000000da800000,0x00000000da800000,0x00000000dad00000)
 ParOldGen       total 86016K, used 80K [0x0000000082800000, 0x0000000087c00000, 0x00000000d6300000)
  object space 86016K, 0% used [0x0000000082800000,0x0000000082814010,0x0000000087c00000)
 Metaspace       used 6370K, capacity 6440K, committed 6784K, reserved 1056768K
  class space    used 773K, capacity 784K, committed 896K, reserved 1048576K
}
Event: 0.791 GC heap before
{Heap before GC invocations=4 (full 0):
 PSYoungGen      total 37888K, used 34096K [0x00000000d6300000, 0x00000000dad00000, 0x0000000100000000)
  eden space 32768K, 100% used [0x00000000d6300000,0x00000000d8300000,0x00000000d8300000)
  from space 5120K, 25% used [0x00000000d8300000,0x00000000d844c030,0x00000000d8800000)
  to   space 5120K, 0% used [0x00000000da800000,0x00000000da800000,0x00000000dad00000)
 ParOldGen       total 86016K, used 80K [0x0000000082800000, 0x0000000087c00000, 0x00000000d6300000)
  object space 86016K, 0% used [0x0000000082800000,0x0000000082814010,0x0000000087c00000)
 Metaspace       used 6398K, capacity 6440K, committed 6784K, reserved 1056768K
  class space    used 773K, capacity 784K, committed 896K, reserved 1048576K
Event: 0.793 GC heap after
Heap after GC invocations=4 (full 0):
 PSYoungGen      total 70656K, used 1344K [0x00000000d6300000, 0x00000000dad00000, 0x0000000100000000)
  eden space 65536K, 0% used [0x00000000d6300000,0x00000000d6300000,0x00000000da300000)
  from space 5120K, 26% used [0x00000000da800000,0x00000000da950000,0x00000000dad00000)
  to   space 5120K, 0% used [0x00000000da300000,0x00000000da300000,0x00000000da800000)
 ParOldGen       total 86016K, used 80K [0x0000000082800000, 0x0000000087c00000, 0x00000000d6300000)
  object space 86016K, 0% used [0x0000000082800000,0x0000000082814010,0x0000000087c00000)
 Metaspace       used 6398K, capacity 6440K, committed 6784K, reserved 1056768K
  class space    used 773K, capacity 784K, committed 896K, reserved 1048576K
}
Event: 0.892 GC heap before
{Heap before GC invocations=5 (full 0):
 PSYoungGen      total 70656K, used 66880K [0x00000000d6300000, 0x00000000dad00000, 0x0000000100000000)
  eden space 65536K, 100% used [0x00000000d6300000,0x00000000da300000,0x00000000da300000)
  from space 5120K, 26% used [0x00000000da800000,0x00000000da950000,0x00000000dad00000)
  to   space 5120K, 0% used [0x00000000da300000,0x00000000da300000,0x00000000da800000)
 ParOldGen       total 86016K, used 80K [0x0000000082800000, 0x0000000087c00000, 0x00000000d6300000)
  object space 86016K, 0% used [0x0000000082800000,0x0000000082814010,0x0000000087c00000)
 Metaspace       used 6409K, capacity 6440K, committed 6784K, reserved 1056768K
  class space    used 773K, capacity 784K, committed 896K, reserved 1048576K
Event: 0.894 GC heap after
Heap after GC invocations=5 (full 0):
 PSYoungGen      total 70656K, used 1392K [0x00000000d6300000, 0x00000000de800000, 0x0000000100000000)
  eden space 65536K, 0% used [0x00000000d6300000,0x00000000d6300000,0x00000000da300000)
  from space 5120K, 27% used [0x00000000da300000,0x00000000da45c010,0x00000000da800000)
  to   space 2560K, 0% used [0x00000000de580000,0x00000000de580000,0x00000000de800000)
 ParOldGen       total 86016K, used 88K [0x0000000082800000, 0x0000000087c00000, 0x00000000d6300000)
  object space 86016K, 0% used [0x0000000082800000,0x0000000082816010,0x0000000087c00000)
 Metaspace       used 6409K, capacity 6440K, committed 6784K, reserved 1056768K
  class space    used 773K, capacity 784K, committed 896K, reserved 1048576K
}
Event: 0.997 GC heap before
{Heap before GC invocations=6 (full 0):
 PSYoungGen      total 70656K, used 66928K [0x00000000d6300000, 0x00000000de800000, 0x0000000100000000)
  eden space 65536K, 100% used [0x00000000d6300000,0x00000000da300000,0x00000000da300000)
  from space 5120K, 27% used [0x00000000da300000,0x00000000da45c010,0x00000000da800000)
  to   space 2560K, 0% used [0x00000000de580000,0x00000000de580000,0x00000000de800000)
 ParOldGen       total 86016K, used 88K [0x0000000082800000, 0x0000000087c00000, 0x00000000d6300000)
  object space 86016K, 0% used [0x0000000082800000,0x0000000082816010,0x0000000087c00000)
 Metaspace       used 6412K, capacity 6440K, committed 6784K, reserved 1056768K
  class space    used 773K, capacity 784K, committed 896K, reserved 1048576K
Event: 1.000 GC heap after
Heap after GC invocations=6 (full 0):
 PSYoungGen      total 133632K, used 1424K [0x00000000d6300000, 0x00000000de800000, 0x0000000100000000)
  eden space 131072K, 0% used [0x00000000d6300000,0x00000000d6300000,0x00000000de300000)
  from space 2560K, 55% used [0x00000000de580000,0x00000000de6e4010,0x00000000de800000)
  to   space 2560K, 0% used [0x00000000de300000,0x00000000de300000,0x00000000de580000)
 ParOldGen       total 86016K, used 96K [0x0000000082800000, 0x0000000087c00000, 0x00000000d6300000)
  object space 86016K, 0% used [0x0000000082800000,0x0000000082818010,0x0000000087c00000)
 Metaspace       used 6412K, capacity 6440K, committed 6784K, reserved 1056768K
  class space    used 773K, capacity 784K, committed 896K, reserved 1048576K
}
Event: 1.201 GC heap before
{Heap before GC invocations=7 (full 0):
 PSYoungGen      total 133632K, used 132496K [0x00000000d6300000, 0x00000000de800000, 0x0000000100000000)
  eden space 131072K, 100% used [0x00000000d6300000,0x00000000de300000,0x00000000de300000)
  from space 2560K, 55% used [0x00000000de580000,0x00000000de6e4010,0x00000000de800000)
  to   space 2560K, 0% used [0x00000000de300000,0x00000000de300000,0x00000000de580000)
 ParOldGen       total 86016K, used 96K [0x0000000082800000, 0x0000000087c00000, 0x00000000d6300000)
  object space 86016K, 0% used [0x0000000082800000,0x0000000082818010,0x0000000087c00000)
 Metaspace       used 6416K, capacity 6440K, committed 6784K, reserved 1056768K
  class space    used 773K, capacity 784K, committed 896K, reserved 1048576K
Event: 1.206 GC heap after
Heap after GC invocations=7 (full 0):
 PSYoungGen      total 133632K, used 512K [0x00000000d6300000, 0x00000000e6800000, 0x0000000100000000)
  eden space 131072K, 0% used [0x00000000d6300000,0x00000000d6300000,0x00000000de300000)
  from space 2560K, 20% used [0x00000000de300000,0x00000000de380000,0x00000000de580000)
  to   space 2560K, 0% used [0x00000000e6580000,0x00000000e6580000,0x00000000e6800000)
 ParOldGen       total 86016K, used 1213K [0x0000000082800000, 0x0000000087c00000, 0x00000000d6300000)
  object space 86016K, 1% used [0x0000000082800000,0x000000008292f6e0,0x0000000087c00000)
 Metaspace       used 6416K, capacity 6440K, committed 6784K, reserved 1056768K
  class space    used 773K, capacity 784K, committed 896K, reserved 1048576K
}

Deoptimization events (3 events):
Event: 0.525 Thread 0x000000000317e000 Uncommon trap: reason=predicate action=maybe_recompile pc=0x0000000003398c14 method=io.github.oliviercailloux.uta_calculator.model.PartialValueFunction.getDerivative(D)D @ 74
Event: 0.547 Thread 0x000000000317e000 Uncommon trap: reason=range_check action=make_not_entrant pc=0x00000000033a5478 method=java.util.ArrayList.elementData(I)Ljava/lang/Object; @ 5
Event: 1.112 Thread 0x000000000317e000 Uncommon trap: reason=unstable_if action=reinterpret pc=0x00000000033dfba8 method=sun.misc.FloatingDecimal$BinaryToASCIIBuffer.dtoa(IJIZ)V @ 379

Internal exceptions (8 events):
Event: 0.039 Thread 0x000000000317e000 Exception <a 'java/lang/NoSuchMethodError': Method sun.misc.Unsafe.defineClass(Ljava/lang/String;[BII)Ljava/lang/Class; name or signature does not match> (0x00000000d630d228) thrown at [C:\re\workspace\8-2-build-windows-amd64-cygwin\jdk8u51\3951\hotspot\sraf ¬¤?
Event: 0.039 Thread 0x000000000317e000 Exception <a 'java/lang/NoSuchMethodError': Method sun.misc.Unsafe.prefetchRead(Ljava/lang/Object;J)V name or signature does not match> (0x00000000d630d4b8) thrown at [C:\re\workspace\8-2-build-windows-amd64-cygwin\jdk8u51\3951\hotspot\src\share\vm\prims\jÿ¬ýÕw½Ã?
Event: 0.154 Thread 0x000000000317e000 Exception <a 'java/security/PrivilegedActionException'> (0x00000000d6525238) thrown at [C:\re\workspace\8-2-build-windows-amd64-cygwin\jdk8u51\3951\hotspot\src\share\vm\prims\jvm.cpp, line 1382]
Event: 0.154 Thread 0x000000000317e000 Exception <a 'java/security/PrivilegedActionException'> (0x00000000d65253f0) thrown at [C:\re\workspace\8-2-build-windows-amd64-cygwin\jdk8u51\3951\hotspot\src\share\vm\prims\jvm.cpp, line 1382]
Event: 0.156 Thread 0x000000000317e000 Exception <a 'java/security/PrivilegedActionException'> (0x00000000d6528ee8) thrown at [C:\re\workspace\8-2-build-windows-amd64-cygwin\jdk8u51\3951\hotspot\src\share\vm\prims\jvm.cpp, line 1382]
Event: 0.156 Thread 0x000000000317e000 Exception <a 'java/security/PrivilegedActionException'> (0x00000000d65290a0) thrown at [C:\re\workspace\8-2-build-windows-amd64-cygwin\jdk8u51\3951\hotspot\src\share\vm\prims\jvm.cpp, line 1382]
Event: 0.200 Thread 0x000000000317e000 Exception <a 'java/io/FileNotFoundException'> (0x00000000d6679cd8) thrown at [C:\re\workspace\8-2-build-windows-amd64-cygwin\jdk8u51\3951\hotspot\src\share\vm\prims\jni.cpp, line 709]
Event: 0.453 Thread 0x000000000317e000 Exception <a 'java/lang/NoSuchMethodError': org.slf4j.impl.StaticMDCBinder.getSingleton()Lorg/slf4j/impl/StaticMDCBinder;> (0x00000000d6b54f98) thrown at [C:\re\workspace\8-2-build-windows-amd64-cygwin\jdk8u51\3951\hotspot\src\share\vm\interpreter\linkReso

Events (10 events):
Event: 0.894 Executing VM operation: ParallelGCFailedAllocation done
Event: 0.997 Executing VM operation: ParallelGCFailedAllocation
Event: 1.000 Executing VM operation: ParallelGCFailedAllocation done
Event: 1.112 Thread 0x000000000317e000 Uncommon trap: trap_request=0xffffff65 fr.pc=0x00000000033dfba8
Event: 1.112 Thread 0x000000000317e000 DEOPT PACKING pc=0x00000000033dfba8 sp=0x0000000002fced60
Event: 1.112 Thread 0x000000000317e000 DEOPT UNPACKING pc=0x00000000031c582a sp=0x0000000002fcec38 mode 2
Event: 1.161 Thread 0x000000000317e000 DEOPT PACKING pc=0x00000000033ce908 sp=0x0000000002fcf110
Event: 1.161 Thread 0x000000000317e000 DEOPT UNPACKING pc=0x00000000031c787f sp=0x0000000002fcee38 mode 0
Event: 1.201 Executing VM operation: ParallelGCFailedAllocation
Event: 1.206 Executing VM operation: ParallelGCFailedAllocation done


Dynamic libraries:
0x00007ff7a9670000 - 0x00007ff7a96a7000 	C:\Program Files\Java\jre1.8.0_51\bin\javaw.exe
0x00007ffe2e890000 - 0x00007ffe2ea62000 	C:\WINDOWS\SYSTEM32\ntdll.dll
0x00007ffe2e3e0000 - 0x00007ffe2e48c000 	C:\WINDOWS\System32\KERNEL32.DLL
0x00007ffe2b1e0000 - 0x00007ffe2b3fd000 	C:\WINDOWS\System32\KERNELBASE.dll
0x00007ffe2e7e0000 - 0x00007ffe2e882000 	C:\WINDOWS\System32\ADVAPI32.dll
0x00007ffe2e340000 - 0x00007ffe2e3de000 	C:\WINDOWS\System32\msvcrt.dll
0x00007ffe2d8a0000 - 0x00007ffe2d8f9000 	C:\WINDOWS\System32\sechost.dll
0x00007ffe2e150000 - 0x00007ffe2e271000 	C:\WINDOWS\System32\RPCRT4.dll
0x00007ffe2dd40000 - 0x00007ffe2dea5000 	C:\WINDOWS\System32\USER32.dll
0x00007ffe2ade0000 - 0x00007ffe2adfe000 	C:\WINDOWS\System32\win32u.dll
0x00007ffe2db30000 - 0x00007ffe2db64000 	C:\WINDOWS\System32\GDI32.dll
0x00007ffe2bbf0000 - 0x00007ffe2bd70000 	C:\WINDOWS\System32\gdi32full.dll
0x00007ffe27340000 - 0x00007ffe275ba000 	C:\WINDOWS\WinSxS\amd64_microsoft.windows.common-controls_6595b64144ccf1df_6.0.14393.953_none_42151e83c686086b\COMCTL32.dll
0x00007ffe2e490000 - 0x00007ffe2e758000 	C:\WINDOWS\System32\combase.dll
0x00007ffe2b0e0000 - 0x00007ffe2b1d5000 	C:\WINDOWS\System32\ucrtbase.dll
0x00007ffe2aea0000 - 0x00007ffe2af0a000 	C:\WINDOWS\System32\bcryptPrimitives.dll
0x00007ffe2db70000 - 0x00007ffe2db9e000 	C:\WINDOWS\System32\IMM32.DLL
0x0000000071b80000 - 0x0000000071c52000 	C:\Program Files\Java\jre1.8.0_51\bin\msvcr100.dll
0x00000000712f0000 - 0x0000000071b73000 	C:\Program Files\Java\jre1.8.0_51\bin\server\jvm.dll
0x00007ffe2d780000 - 0x00007ffe2d788000 	C:\WINDOWS\System32\PSAPI.DLL
0x00007ffe1d4b0000 - 0x00007ffe1d4b9000 	C:\WINDOWS\SYSTEM32\WSOCK32.dll
0x00007ffe28040000 - 0x00007ffe28063000 	C:\WINDOWS\SYSTEM32\WINMM.dll
0x00007ffe1ca10000 - 0x00007ffe1ca1a000 	C:\WINDOWS\SYSTEM32\VERSION.dll
0x00007ffe2d900000 - 0x00007ffe2d96a000 	C:\WINDOWS\System32\WS2_32.dll
0x00007ffe27e70000 - 0x00007ffe27e9b000 	C:\WINDOWS\SYSTEM32\WINMMBASE.dll
0x00007ffe2ad90000 - 0x00007ffe2add2000 	C:\WINDOWS\System32\cfgmgr32.dll
0x0000000074af0000 - 0x0000000074aff000 	C:\Program Files\Java\jre1.8.0_51\bin\verify.dll
0x0000000074850000 - 0x0000000074879000 	C:\Program Files\Java\jre1.8.0_51\bin\java.dll
0x0000000074500000 - 0x0000000074516000 	C:\Program Files\Java\jre1.8.0_51\bin\zip.dll
0x00007ffe2c250000 - 0x00007ffe2d758000 	C:\WINDOWS\System32\SHELL32.dll
0x00007ffe2b400000 - 0x00007ffe2bada000 	C:\WINDOWS\System32\windows.storage.dll
0x00007ffe2ad30000 - 0x00007ffe2ad7c000 	C:\WINDOWS\System32\powrprof.dll
0x00007ffe2dad0000 - 0x00007ffe2db22000 	C:\WINDOWS\System32\shlwapi.dll
0x00007ffe2ad20000 - 0x00007ffe2ad2f000 	C:\WINDOWS\System32\kernel.appcore.dll
0x00007ffe2bae0000 - 0x00007ffe2bb89000 	C:\WINDOWS\System32\shcore.dll
0x00007ffe2ad00000 - 0x00007ffe2ad14000 	C:\WINDOWS\System32\profapi.dll
0x00000000744e0000 - 0x00000000744fa000 	C:\Program Files\Java\jre1.8.0_51\bin\net.dll
0x00007ffe2a5d0000 - 0x00007ffe2a62c000 	C:\WINDOWS\system32\mswsock.dll
0x00007ffe163b0000 - 0x00007ffe163c6000 	C:\WINDOWS\system32\napinsp.dll
0x00007ffe16570000 - 0x00007ffe1658a000 	C:\WINDOWS\system32\pnrpnsp.dll
0x00007ffe28970000 - 0x00007ffe28988000 	C:\WINDOWS\system32\NLAapi.dll
0x00007ffe2a390000 - 0x00007ffe2a431000 	C:\WINDOWS\SYSTEM32\DNSAPI.dll
0x00007ffe2d890000 - 0x00007ffe2d898000 	C:\WINDOWS\System32\NSI.dll
0x00007ffe2a350000 - 0x00007ffe2a388000 	C:\WINDOWS\SYSTEM32\IPHLPAPI.DLL
0x00007ffe177e0000 - 0x00007ffe177ee000 	C:\WINDOWS\System32\winrnr.dll
0x0000000075850000 - 0x0000000075876000 	C:\Program Files\Bonjour\mdnsNSP.dll
0x00007ffe26530000 - 0x00007ffe26545000 	C:\WINDOWS\System32\wshbth.dll
0x00007ffe1ca00000 - 0x00007ffe1ca0a000 	C:\Windows\System32\rasadhlp.dll
0x00007ffe20340000 - 0x00007ffe203aa000 	C:\WINDOWS\System32\fwpuclnt.dll
0x00007ffe2ac40000 - 0x00007ffe2ac6b000 	C:\WINDOWS\SYSTEM32\bcrypt.dll
0x00007ffde2d20000 - 0x00007ffde3b59000 	C:\Users\Elie\git\decision-uta-method\uta-calculator\lib\jniortools.dll
0x00007ffe1d350000 - 0x00007ffe1d43f000 	C:\WINDOWS\SYSTEM32\MSVCR120.dll
0x00007ffe19cb0000 - 0x00007ffe19d56000 	C:\WINDOWS\SYSTEM32\MSVCP120.dll
0x00007ffe1bdf0000 - 0x00007ffe1bf82000 	C:\WINDOWS\SYSTEM32\dbghelp.dll

VM Arguments:
jvm_args: -Djava.library.path=C:\Users\Elie\git\decision-uta-method\uta-calculator\lib -Dfile.encoding=UTF-8 
java_command: io.github.oliviercailloux.uta_calculator.view.MainSimulation
java_class_path (initial): C:\Users\Elie\git\decision-uta-method\uta-calculator\target\classes;C:\Users\Elie\.m2\repository\com\google\ortools\ortools\2015.08\ortools-2015.08.jar;C:\Users\Elie\.m2\repository\org\slf4j\slf4j-api\1.7.21\slf4j-api-1.7.21.jar;C:\Users\Elie\.m2\repository\com\google\guava\guava\20.0\guava-20.0.jar;C:\Users\Elie\.m2\repository\ch\qos\logback\logback-classic\1.1.7\logback-classic-1.1.7.jar;C:\Users\Elie\.m2\repository\ch\qos\logback\logback-core\1.1.7\logback-core-1.1.7.jar;C:\Users\Elie\.m2\repository\org\apache\commons\commons-math\2.2\commons-math-2.2.jar;C:\Users\Elie\.m2\repository\protobuf\protobuf\3.3.0\protobuf-3.3.0.jar
Launcher Type: SUN_STANDARD

Environment Variables:
JAVA_HOME=C:\Oracle\Middleware\Oracle_Home\oracle_common\jdk
USERNAME=Elie
OS=Windows_NT
PROCESSOR_IDENTIFIER=Intel64 Family 6 Model 58 Stepping 9, GenuineIntel



---------------  S Y S T E M  ---------------

OS: Windows 10.0 , 64 bit Build 14393 (10.0.14393.1198)

CPU:total 4 (2 cores per cpu, 2 threads per core) family 6 model 58 stepping 9, cmov, cx8, fxsr, mmx, sse, sse2, sse3, ssse3, sse4.1, sse4.2, popcnt, avx, clmul, erms, ht, tsc, tscinvbit, tscinv

Memory: 4k page, physical 8222948k(3196120k free), swap 10715372k(2157880k free)

vm_info: Java HotSpot(TM) 64-Bit Server VM (25.51-b03) for windows-amd64 JRE (1.8.0_51-b16), built on Jun  8 2015 18:03:07 by "java_re" with MS VC++ 10.0 (VS2010)

time: Wed Aug 23 18:15:43 2017
elapsed time: 1 seconds (0d 0h 0m 1s)

