#
# A fatal error has been detected by the Java Runtime Environment:
#
#  EXCEPTION_ACCESS_VIOLATION (0xc0000005) at pc=0x00007ffddb6a703a, pid=10880, tid=8144
#
# JRE version: Java(TM) SE Runtime Environment (8.0_51-b16) (build 1.8.0_51-b16)
# Java VM: Java HotSpot(TM) 64-Bit Server VM (25.51-b03 mixed mode windows-amd64 compressed oops)
# Problematic frame:
# C  [jniortools.dll+0x3b703a]
#
# Failed to write core dump. Minidumps are not enabled by default on client versions of Windows
#
# If you would like to submit a bug report, please visit:
#   http://bugreport.java.com/bugreport/crash.jsp
# The crash happened outside the Java Virtual Machine in native code.
# See problematic frame for where to report the bug.
#

---------------  T H R E A D  ---------------

Current thread (0x00000000022de000):  JavaThread "main" [_thread_in_native, id=8144, stack(0x00000000022e0000,0x00000000023e0000)]

siginfo: ExceptionCode=0xc0000005, reading address 0x000000001a1d4290

Registers:
RAX=0x00000000da377ff0, RBX=0x000000010001e9b0, RCX=0x000000001a1d4240, RDX=0x00000000023dea70
RSP=0x00000000023de9f0, RBP=0x00000000023dea80, RSI=0x0000000016b41bd0, RDI=0x00000001000bf360
R8 =0x000000001a1d4240, R9 =0x00000000023dea48, R10=0x00007ffddb399920, R11=0x0000000000001241
R12=0x0000000000000000, R13=0x000000000000001a, R14=0x00000000023dea70, R15=0x00000000022de000
RIP=0x00007ffddb6a703a, EFLAGS=0x0000000000010206

Top of Stack: (sp=0x00000000023de9f0)
0x00000000023de9f0:   00000000022de000 000000001a1d3640
0x00000000023dea00:   00000000022de000 0080000000000000
0x00000000023dea10:   00000001000bf360 000000000270881b
0x00000000023dea20:   000000010001e9b0 0000000000000201
0x00000000023dea30:   00000000da1e4a58 00000000da308cd0
0x00000000023dea40:   00000000d6324388 00000000da377ff0
0x00000000023dea50:   0000124600000000 0000000000002483
0x00000000023dea60:   00000000000011d7 00000000da308800
0x00000000023dea70:   0000000082816010 00000000da3091e0
0x00000000023dea80:   00000000023df158 000000000277af5c
0x00000000023dea90:   01d31c3424d98454 0000000000000000
0x00000000023deaa0:   0000000000000000 0000000000000000
0x00000000023deab0:   0000000000000000 0000000000000000
0x00000000023deac0:   0000000000000000 0000000000000000
0x00000000023dead0:   faca90c9d35ed000 0000000000004033
0x00000000023deae0:   3fefa3a7ac261a19 0000000000000000 

Instructions: (pc=0x00007ffddb6a703a)
0x00007ffddb6a701a:   00 48 85 d2 48 0f 45 c2 c3 cc cc cc cc cc cc cc
0x00007ffddb6a702a:   cc cc cc cc cc cc 48 89 5c 24 08 57 48 83 ec 20
0x00007ffddb6a703a:   48 8b 79 50 48 8b d9 48 8b cf e8 d7 51 ff ff 84
0x00007ffddb6a704a:   c0 74 32 48 8b 07 48 8b cf ff 90 a0 00 00 00 84 


Register to memory mapping:

RAX=0x00000000da377ff0 is an oop
com.google.ortools.linearsolver.MPVariable 
 - klass: 'com/google/ortools/linearsolver/MPVariable'
RBX=0x000000010001e9b0 is pointing into metadata
RCX=0x000000001a1d4240 is an unknown value
RDX=0x00000000023dea70 is pointing into the stack for thread: 0x00000000022de000
RSP=0x00000000023de9f0 is pointing into the stack for thread: 0x00000000022de000
RBP=0x00000000023dea80 is pointing into the stack for thread: 0x00000000022de000
RSI=0x0000000016b41bd0 is pointing into metadata
RDI=0x00000001000bf360 is pointing into metadata
R8 =0x000000001a1d4240 is an unknown value
R9 =0x00000000023dea48 is pointing into the stack for thread: 0x00000000022de000
R10=0x00007ffddb399920 is an unknown value
R11=0x0000000000001241 is an unknown value
R12=0x0000000000000000 is an unknown value
R13=0x000000000000001a is an unknown value
R14=0x00000000023dea70 is pointing into the stack for thread: 0x00000000022de000
R15=0x00000000022de000 is a thread


Stack: [0x00000000022e0000,0x00000000023e0000],  sp=0x00000000023de9f0,  free space=1018k
Native frames: (J=compiled Java code, j=interpreted, Vv=VM code, C=native code)
C  [jniortools.dll+0x3b703a]
C  0x000000000270881b

Java frames: (J=compiled Java code, j=interpreted, Vv=VM code)
J 467  com.google.ortools.linearsolver.operations_research_linear_solverJNI.MPVariable_solutionValue(JLcom/google/ortools/linearsolver/MPVariable;)D (0 bytes) @ 0x0000000002708795 [0x0000000002708740+0x55]
J 592 C1 io.github.oliviercailloux.uta_calculator.model.UTASTAR.findValueFunction()Lio/github/oliviercailloux/uta_calculator/model/ValueFunction; (2313 bytes) @ 0x000000000277af5c [0x0000000002765a00+0x1555c]
J 600 C1 io.github.oliviercailloux.uta_calculator.view.MainSimulation.getDifferenceRank(III)I (217 bytes) @ 0x00000000027a2644 [0x00000000027a0fe0+0x1664]
j  io.github.oliviercailloux.uta_calculator.view.MainSimulation.simulation()V+70
j  io.github.oliviercailloux.uta_calculator.view.MainSimulation.main([Ljava/lang/String;)V+9
v  ~StubRoutines::call_stub

---------------  P R O C E S S  ---------------

Java Threads: ( => current thread )
  0x0000000016fde800 JavaThread "Service Thread" daemon [_thread_blocked, id=11216, stack(0x0000000018c00000,0x0000000018d00000)]
  0x0000000016f8f000 JavaThread "C1 CompilerThread2" daemon [_thread_blocked, id=9088, stack(0x0000000018700000,0x0000000018800000)]
  0x0000000016f82800 JavaThread "C2 CompilerThread1" daemon [_thread_in_native, id=6924, stack(0x0000000018600000,0x0000000018700000)]
  0x0000000016f80000 JavaThread "C2 CompilerThread0" daemon [_thread_in_native, id=5876, stack(0x0000000018500000,0x0000000018600000)]
  0x0000000016f7e800 JavaThread "Attach Listener" daemon [_thread_blocked, id=8720, stack(0x0000000018400000,0x0000000018500000)]
  0x0000000016f7d000 JavaThread "Signal Dispatcher" daemon [_thread_blocked, id=9692, stack(0x0000000018300000,0x0000000018400000)]
  0x00000000024d9000 JavaThread "Finalizer" daemon [_thread_blocked, id=11248, stack(0x0000000018200000,0x0000000018300000)]
  0x00000000024d0000 JavaThread "Reference Handler" daemon [_thread_blocked, id=4364, stack(0x0000000018100000,0x0000000018200000)]
=>0x00000000022de000 JavaThread "main" [_thread_in_native, id=8144, stack(0x00000000022e0000,0x00000000023e0000)]

Other Threads:
  0x0000000016f48000 VMThread [stack: 0x0000000018000000,0x0000000018100000] [id=5672]
  0x0000000018832000 WatcherThread [stack: 0x0000000018d00000,0x0000000018e00000] [id=8424]

VM state:not at safepoint (normal execution)

VM Mutex/Monitor currently owned by a thread: None

Heap:
 PSYoungGen      total 70656K, used 2790K [0x00000000d6300000, 0x00000000de800000, 0x0000000100000000)
  eden space 65536K, 1% used [0x00000000d6300000,0x00000000d64459e8,0x00000000da300000)
  from space 5120K, 29% used [0x00000000da300000,0x00000000da474010,0x00000000da800000)
  to   space 2560K, 0% used [0x00000000de580000,0x00000000de580000,0x00000000de800000)
 ParOldGen       total 86016K, used 104K [0x0000000082800000, 0x0000000087c00000, 0x00000000d6300000)
  object space 86016K, 0% used [0x0000000082800000,0x000000008281a010,0x0000000087c00000)
 Metaspace       used 6557K, capacity 6664K, committed 6784K, reserved 1056768K
  class space    used 790K, capacity 816K, committed 896K, reserved 1048576K

Card table byte_map: [0x00000000118a0000,0x0000000011c90000] byte_map_base: 0x000000001148c000

Marking Bits: (ParMarkBitMap*) 0x0000000071af4040
 Begin Bits: [0x0000000012330000, 0x0000000014290000)
 End Bits:   [0x0000000014290000, 0x00000000161f0000)

Polling page: 0x0000000000aa0000

CodeCache: size=245760Kb used=2894Kb max_used=2906Kb free=242865Kb
 bounds [0x00000000024e0000, 0x00000000027c0000, 0x00000000114e0000]
 total_blobs=946 nmethods=626 adapters=233
 compilation: enabled

Compilation events (10 events):
Event: 0.826 Thread 0x0000000016f82800 nmethod 621 0x00000000027b2890 code [0x00000000027b2a80, 0x00000000027b3740]
Event: 0.826 Thread 0x0000000016f82800  625 %     4       java.util.TimSort::binarySort @ 32 (223 bytes)
Event: 0.828 Thread 0x0000000016f8f000  626       3       java.util.TimSort::gallopLeft (335 bytes)
Event: 0.829 Thread 0x0000000016f8f000 nmethod 626 0x00000000027b1710 code [0x00000000027b1900, 0x00000000027b23d8]
Event: 0.844 Thread 0x0000000016f82800 nmethod 625% 0x00000000027aea10 code [0x00000000027aebe0, 0x00000000027af810]
Event: 0.844 Thread 0x0000000016f82800  627       4       io.github.oliviercailloux.uta_calculator.view.MainSimulation::compare (228 bytes)
Event: 0.845 Thread 0x0000000016f80000 nmethod 619 0x00000000027b9190 code [0x00000000027b9420, 0x00000000027bb0b8]
Event: 0.846 Thread 0x0000000016f80000  628       4       java.lang.StringBuilder::append (9 bytes)
Event: 0.852 Thread 0x0000000016f80000 nmethod 628 0x000000000279fe50 code [0x000000000279ffa0, 0x00000000027a0398]
Event: 0.852 Thread 0x0000000016f80000  629 %     4       io.github.oliviercailloux.uta_calculator.model.UTASTAR::findValueFunction @ 118 (2313 bytes)

GC Heap History (10 events):
Event: 0.508 GC heap before
{Heap before GC invocations=1 (full 0):
 PSYoungGen      total 37888K, used 32768K [0x00000000d6300000, 0x00000000d8d00000, 0x0000000100000000)
  eden space 32768K, 100% used [0x00000000d6300000,0x00000000d8300000,0x00000000d8300000)
  from space 5120K, 0% used [0x00000000d8800000,0x00000000d8800000,0x00000000d8d00000)
  to   space 5120K, 0% used [0x00000000d8300000,0x00000000d8300000,0x00000000d8800000)
 ParOldGen       total 86016K, used 0K [0x0000000082800000, 0x0000000087c00000, 0x00000000d6300000)
  object space 86016K, 0% used [0x0000000082800000,0x0000000082800000,0x0000000087c00000)
 Metaspace       used 6286K, capacity 6376K, committed 6528K, reserved 1056768K
  class space    used 765K, capacity 784K, committed 896K, reserved 1048576K
Event: 0.511 GC heap after
Heap after GC invocations=1 (full 0):
 PSYoungGen      total 37888K, used 2304K [0x00000000d6300000, 0x00000000d8d00000, 0x0000000100000000)
  eden space 32768K, 0% used [0x00000000d6300000,0x00000000d6300000,0x00000000d8300000)
  from space 5120K, 45% used [0x00000000d8300000,0x00000000d8540020,0x00000000d8800000)
  to   space 5120K, 0% used [0x00000000d8800000,0x00000000d8800000,0x00000000d8d00000)
 ParOldGen       total 86016K, used 72K [0x0000000082800000, 0x0000000087c00000, 0x00000000d6300000)
  object space 86016K, 0% used [0x0000000082800000,0x0000000082812010,0x0000000087c00000)
 Metaspace       used 6286K, capacity 6376K, committed 6528K, reserved 1056768K
  class space    used 765K, capacity 784K, committed 896K, reserved 1048576K
}
Event: 0.653 GC heap before
{Heap before GC invocations=2 (full 0):
 PSYoungGen      total 37888K, used 35072K [0x00000000d6300000, 0x00000000d8d00000, 0x0000000100000000)
  eden space 32768K, 100% used [0x00000000d6300000,0x00000000d8300000,0x00000000d8300000)
  from space 5120K, 45% used [0x00000000d8300000,0x00000000d8540020,0x00000000d8800000)
  to   space 5120K, 0% used [0x00000000d8800000,0x00000000d8800000,0x00000000d8d00000)
 ParOldGen       total 86016K, used 72K [0x0000000082800000, 0x0000000087c00000, 0x00000000d6300000)
  object space 86016K, 0% used [0x0000000082800000,0x0000000082812010,0x0000000087c00000)
 Metaspace       used 6545K, capacity 6600K, committed 6784K, reserved 1056768K
  class space    used 790K, capacity 816K, committed 896K, reserved 1048576K
Event: 0.657 GC heap after
Heap after GC invocations=2 (full 0):
 PSYoungGen      total 37888K, used 1605K [0x00000000d6300000, 0x00000000dad00000, 0x0000000100000000)
  eden space 32768K, 0% used [0x00000000d6300000,0x00000000d6300000,0x00000000d8300000)
  from space 5120K, 31% used [0x00000000d8800000,0x00000000d8991588,0x00000000d8d00000)
  to   space 5120K, 0% used [0x00000000d8300000,0x00000000d8300000,0x00000000d8800000)
 ParOldGen       total 86016K, used 80K [0x0000000082800000, 0x0000000087c00000, 0x00000000d6300000)
  object space 86016K, 0% used [0x0000000082800000,0x0000000082814010,0x0000000087c00000)
 Metaspace       used 6545K, capacity 6600K, committed 6784K, reserved 1056768K
  class space    used 790K, capacity 816K, committed 896K, reserved 1048576K
}
Event: 0.714 GC heap before
{Heap before GC invocations=3 (full 0):
 PSYoungGen      total 37888K, used 34373K [0x00000000d6300000, 0x00000000dad00000, 0x0000000100000000)
  eden space 32768K, 100% used [0x00000000d6300000,0x00000000d8300000,0x00000000d8300000)
  from space 5120K, 31% used [0x00000000d8800000,0x00000000d8991588,0x00000000d8d00000)
  to   space 5120K, 0% used [0x00000000d8300000,0x00000000d8300000,0x00000000d8800000)
 ParOldGen       total 86016K, used 80K [0x0000000082800000, 0x0000000087c00000, 0x00000000d6300000)
  object space 86016K, 0% used [0x0000000082800000,0x0000000082814010,0x0000000087c00000)
 Metaspace       used 6546K, capacity 6600K, committed 6784K, reserved 1056768K
  class space    used 790K, capacity 816K, committed 896K, reserved 1048576K
Event: 0.716 GC heap after
Heap after GC invocations=3 (full 0):
 PSYoungGen      total 37888K, used 1440K [0x00000000d6300000, 0x00000000dad00000, 0x0000000100000000)
  eden space 32768K, 0% used [0x00000000d6300000,0x00000000d6300000,0x00000000d8300000)
  from space 5120K, 28% used [0x00000000d8300000,0x00000000d8468020,0x00000000d8800000)
  to   space 5120K, 0% used [0x00000000da800000,0x00000000da800000,0x00000000dad00000)
 ParOldGen       total 86016K, used 88K [0x0000000082800000, 0x0000000087c00000, 0x00000000d6300000)
  object space 86016K, 0% used [0x0000000082800000,0x0000000082816010,0x0000000087c00000)
 Metaspace       used 6546K, capacity 6600K, committed 6784K, reserved 1056768K
  class space    used 790K, capacity 816K, committed 896K, reserved 1048576K
}
Event: 0.754 GC heap before
{Heap before GC invocations=4 (full 0):
 PSYoungGen      total 37888K, used 34208K [0x00000000d6300000, 0x00000000dad00000, 0x0000000100000000)
  eden space 32768K, 100% used [0x00000000d6300000,0x00000000d8300000,0x00000000d8300000)
  from space 5120K, 28% used [0x00000000d8300000,0x00000000d8468020,0x00000000d8800000)
  to   space 5120K, 0% used [0x00000000da800000,0x00000000da800000,0x00000000dad00000)
 ParOldGen       total 86016K, used 88K [0x0000000082800000, 0x0000000087c00000, 0x00000000d6300000)
  object space 86016K, 0% used [0x0000000082800000,0x0000000082816010,0x0000000087c00000)
 Metaspace       used 6556K, capacity 6664K, committed 6784K, reserved 1056768K
  class space    used 790K, capacity 816K, committed 896K, reserved 1048576K
Event: 0.756 GC heap after
Heap after GC invocations=4 (full 0):
 PSYoungGen      total 70656K, used 1440K [0x00000000d6300000, 0x00000000dad00000, 0x0000000100000000)
  eden space 65536K, 0% used [0x00000000d6300000,0x00000000d6300000,0x00000000da300000)
  from space 5120K, 28% used [0x00000000da800000,0x00000000da968020,0x00000000dad00000)
  to   space 5120K, 0% used [0x00000000da300000,0x00000000da300000,0x00000000da800000)
 ParOldGen       total 86016K, used 96K [0x0000000082800000, 0x0000000087c00000, 0x00000000d6300000)
  object space 86016K, 0% used [0x0000000082800000,0x0000000082818010,0x0000000087c00000)
 Metaspace       used 6556K, capacity 6664K, committed 6784K, reserved 1056768K
  class space    used 790K, capacity 816K, committed 896K, reserved 1048576K
}
Event: 0.854 GC heap before
{Heap before GC invocations=5 (full 0):
 PSYoungGen      total 70656K, used 66976K [0x00000000d6300000, 0x00000000dad00000, 0x0000000100000000)
  eden space 65536K, 100% used [0x00000000d6300000,0x00000000da300000,0x00000000da300000)
  from space 5120K, 28% used [0x00000000da800000,0x00000000da968020,0x00000000dad00000)
  to   space 5120K, 0% used [0x00000000da300000,0x00000000da300000,0x00000000da800000)
 ParOldGen       total 86016K, used 96K [0x0000000082800000, 0x0000000087c00000, 0x00000000d6300000)
  object space 86016K, 0% used [0x0000000082800000,0x0000000082818010,0x0000000087c00000)
 Metaspace       used 6557K, capacity 6664K, committed 6784K, reserved 1056768K
  class space    used 790K, capacity 816K, committed 896K, reserved 1048576K
Event: 0.856 GC heap after
Heap after GC invocations=5 (full 0):
 PSYoungGen      total 70656K, used 1488K [0x00000000d6300000, 0x00000000de800000, 0x0000000100000000)
  eden space 65536K, 0% used [0x00000000d6300000,0x00000000d6300000,0x00000000da300000)
  from space 5120K, 29% used [0x00000000da300000,0x00000000da474010,0x00000000da800000)
  to   space 2560K, 0% used [0x00000000de580000,0x00000000de580000,0x00000000de800000)
 ParOldGen       total 86016K, used 104K [0x0000000082800000, 0x0000000087c00000, 0x00000000d6300000)
  object space 86016K, 0% used [0x0000000082800000,0x000000008281a010,0x0000000087c00000)
 Metaspace       used 6557K, capacity 6664K, committed 6784K, reserved 1056768K
  class space    used 790K, capacity 816K, committed 896K, reserved 1048576K
}

Deoptimization events (2 events):
Event: 0.375 Thread 0x00000000022de000 Uncommon trap: reason=predicate action=maybe_recompile pc=0x00000000026fb0d4 method=io.github.oliviercailloux.uta_calculator.model.PartialValueFunction.getDerivative(D)D @ 74
Event: 0.401 Thread 0x00000000022de000 Uncommon trap: reason=range_check action=make_not_entrant pc=0x00000000027025b8 method=java.util.ArrayList.elementData(I)Ljava/lang/Object; @ 5

Internal exceptions (7 events):
Event: 0.035 Thread 0x00000000022de000 Exception <a 'java/lang/NoSuchMethodError': Method sun.misc.Unsafe.defineClass(Ljava/lang/String;[BII)Ljava/lang/Class; name or signature does not match> (0x00000000d630d228) thrown at [C:\re\workspace\8-2-build-windows-amd64-cygwin\jdk8u51\3951\hotspot\srV¿V°$¢?
Event: 0.035 Thread 0x00000000022de000 Exception <a 'java/lang/NoSuchMethodError': Method sun.misc.Unsafe.prefetchRead(Ljava/lang/Object;J)V name or signature does not match> (0x00000000d630d4b8) thrown at [C:\re\workspace\8-2-build-windows-amd64-cygwin\jdk8u51\3951\hotspot\src\share\vm\prims\j¦Z‰Âˆ`¼?
Event: 0.111 Thread 0x00000000022de000 Exception <a 'java/security/PrivilegedActionException'> (0x00000000d6525508) thrown at [C:\re\workspace\8-2-build-windows-amd64-cygwin\jdk8u51\3951\hotspot\src\share\vm\prims\jvm.cpp, line 1382]
Event: 0.111 Thread 0x00000000022de000 Exception <a 'java/security/PrivilegedActionException'> (0x00000000d65256c0) thrown at [C:\re\workspace\8-2-build-windows-amd64-cygwin\jdk8u51\3951\hotspot\src\share\vm\prims\jvm.cpp, line 1382]
Event: 0.112 Thread 0x00000000022de000 Exception <a 'java/security/PrivilegedActionException'> (0x00000000d65291b8) thrown at [C:\re\workspace\8-2-build-windows-amd64-cygwin\jdk8u51\3951\hotspot\src\share\vm\prims\jvm.cpp, line 1382]
Event: 0.112 Thread 0x00000000022de000 Exception <a 'java/security/PrivilegedActionException'> (0x00000000d6529370) thrown at [C:\re\workspace\8-2-build-windows-amd64-cygwin\jdk8u51\3951\hotspot\src\share\vm\prims\jvm.cpp, line 1382]
Event: 0.149 Thread 0x00000000022de000 Exception <a 'java/io/FileNotFoundException'> (0x00000000d667c0e8) thrown at [C:\re\workspace\8-2-build-windows-amd64-cygwin\jdk8u51\3951\hotspot\src\share\vm\prims\jni.cpp, line 709]

Events (10 events):
Event: 0.653 Executing VM operation: ParallelGCFailedAllocation
Event: 0.657 Executing VM operation: ParallelGCFailedAllocation done
Event: 0.714 Executing VM operation: ParallelGCFailedAllocation
Event: 0.716 Executing VM operation: ParallelGCFailedAllocation done
Event: 0.754 Executing VM operation: ParallelGCFailedAllocation
Event: 0.756 Executing VM operation: ParallelGCFailedAllocation done
Event: 0.833 Thread 0x00000000022de000 DEOPT PACKING pc=0x0000000002746a51 sp=0x00000000023deea0
Event: 0.833 Thread 0x00000000022de000 DEOPT UNPACKING pc=0x000000000252787f sp=0x00000000023dec68 mode 0
Event: 0.854 Executing VM operation: ParallelGCFailedAllocation
Event: 0.856 Executing VM operation: ParallelGCFailedAllocation done


Dynamic libraries:
0x00007ff7a9670000 - 0x00007ff7a96a7000 	C:\Program Files\Java\jre1.8.0_51\bin\javaw.exe
0x00007ffe2e890000 - 0x00007ffe2ea62000 	C:\WINDOWS\SYSTEM32\ntdll.dll
0x00007ffe2e3e0000 - 0x00007ffe2e48c000 	C:\WINDOWS\System32\KERNEL32.DLL
0x00007ffe2b1e0000 - 0x00007ffe2b3fd000 	C:\WINDOWS\System32\KERNELBASE.dll
0x00007ffe2e7e0000 - 0x00007ffe2e882000 	C:\WINDOWS\System32\ADVAPI32.dll
0x00007ffe2e340000 - 0x00007ffe2e3de000 	C:\WINDOWS\System32\msvcrt.dll
0x00007ffe2d8a0000 - 0x00007ffe2d8f9000 	C:\WINDOWS\System32\sechost.dll
0x00007ffe2e150000 - 0x00007ffe2e271000 	C:\WINDOWS\System32\RPCRT4.dll
0x00007ffe2dd40000 - 0x00007ffe2dea5000 	C:\WINDOWS\System32\USER32.dll
0x00007ffe2ade0000 - 0x00007ffe2adfe000 	C:\WINDOWS\System32\win32u.dll
0x00007ffe2db30000 - 0x00007ffe2db64000 	C:\WINDOWS\System32\GDI32.dll
0x00007ffe2bbf0000 - 0x00007ffe2bd70000 	C:\WINDOWS\System32\gdi32full.dll
0x00007ffe27340000 - 0x00007ffe275ba000 	C:\WINDOWS\WinSxS\amd64_microsoft.windows.common-controls_6595b64144ccf1df_6.0.14393.953_none_42151e83c686086b\COMCTL32.dll
0x00007ffe2e490000 - 0x00007ffe2e758000 	C:\WINDOWS\System32\combase.dll
0x00007ffe2b0e0000 - 0x00007ffe2b1d5000 	C:\WINDOWS\System32\ucrtbase.dll
0x00007ffe2aea0000 - 0x00007ffe2af0a000 	C:\WINDOWS\System32\bcryptPrimitives.dll
0x00007ffe2db70000 - 0x00007ffe2db9e000 	C:\WINDOWS\System32\IMM32.DLL
0x0000000071b80000 - 0x0000000071c52000 	C:\Program Files\Java\jre1.8.0_51\bin\msvcr100.dll
0x00000000712f0000 - 0x0000000071b73000 	C:\Program Files\Java\jre1.8.0_51\bin\server\jvm.dll
0x00007ffe2d780000 - 0x00007ffe2d788000 	C:\WINDOWS\System32\PSAPI.DLL
0x00007ffe28040000 - 0x00007ffe28063000 	C:\WINDOWS\SYSTEM32\WINMM.dll
0x00007ffe1ca10000 - 0x00007ffe1ca1a000 	C:\WINDOWS\SYSTEM32\VERSION.dll
0x00007ffe1d4b0000 - 0x00007ffe1d4b9000 	C:\WINDOWS\SYSTEM32\WSOCK32.dll
0x00007ffe2d900000 - 0x00007ffe2d96a000 	C:\WINDOWS\System32\WS2_32.dll
0x0000000000ad0000 - 0x0000000000afb000 	C:\WINDOWS\SYSTEM32\WINMMBASE.dll
0x00007ffe2ad90000 - 0x00007ffe2add2000 	C:\WINDOWS\System32\cfgmgr32.dll
0x0000000074af0000 - 0x0000000074aff000 	C:\Program Files\Java\jre1.8.0_51\bin\verify.dll
0x0000000074850000 - 0x0000000074879000 	C:\Program Files\Java\jre1.8.0_51\bin\java.dll
0x0000000074500000 - 0x0000000074516000 	C:\Program Files\Java\jre1.8.0_51\bin\zip.dll
0x00007ffe2c250000 - 0x00007ffe2d758000 	C:\WINDOWS\System32\SHELL32.dll
0x00007ffe2b400000 - 0x00007ffe2bada000 	C:\WINDOWS\System32\windows.storage.dll
0x00007ffe2ad30000 - 0x00007ffe2ad7c000 	C:\WINDOWS\System32\powrprof.dll
0x00007ffe2dad0000 - 0x00007ffe2db22000 	C:\WINDOWS\System32\shlwapi.dll
0x00007ffe2ad20000 - 0x00007ffe2ad2f000 	C:\WINDOWS\System32\kernel.appcore.dll
0x00007ffe2bae0000 - 0x00007ffe2bb89000 	C:\WINDOWS\System32\shcore.dll
0x00007ffe2ad00000 - 0x00007ffe2ad14000 	C:\WINDOWS\System32\profapi.dll
0x00000000744e0000 - 0x00000000744fa000 	C:\Program Files\Java\jre1.8.0_51\bin\net.dll
0x00007ffe2a5d0000 - 0x00007ffe2a62c000 	C:\WINDOWS\system32\mswsock.dll
0x00007ffe163b0000 - 0x00007ffe163c6000 	C:\WINDOWS\system32\napinsp.dll
0x00007ffe16570000 - 0x00007ffe1658a000 	C:\WINDOWS\system32\pnrpnsp.dll
0x00007ffe28970000 - 0x00007ffe28988000 	C:\WINDOWS\system32\NLAapi.dll
0x00007ffe2a390000 - 0x00007ffe2a431000 	C:\WINDOWS\SYSTEM32\DNSAPI.dll
0x00007ffe2d890000 - 0x00007ffe2d898000 	C:\WINDOWS\System32\NSI.dll
0x00007ffe2a350000 - 0x00007ffe2a388000 	C:\WINDOWS\SYSTEM32\IPHLPAPI.DLL
0x00007ffe177e0000 - 0x00007ffe177ee000 	C:\WINDOWS\System32\winrnr.dll
0x0000000075850000 - 0x0000000075876000 	C:\Program Files\Bonjour\mdnsNSP.dll
0x00007ffe26530000 - 0x00007ffe26545000 	C:\WINDOWS\System32\wshbth.dll
0x00007ffe1ca00000 - 0x00007ffe1ca0a000 	C:\Windows\System32\rasadhlp.dll
0x00007ffe20340000 - 0x00007ffe203aa000 	C:\WINDOWS\System32\fwpuclnt.dll
0x00007ffe2ac40000 - 0x00007ffe2ac6b000 	C:\WINDOWS\SYSTEM32\bcrypt.dll
0x00007ffddb2f0000 - 0x00007ffddc129000 	C:\Users\Elie\git\decision-uta-method\uta-calculator\lib\jniortools.dll
0x00007ffe1d350000 - 0x00007ffe1d43f000 	C:\WINDOWS\SYSTEM32\MSVCR120.dll
0x00007ffe19cb0000 - 0x00007ffe19d56000 	C:\WINDOWS\SYSTEM32\MSVCP120.dll
0x00007ffe1bdf0000 - 0x00007ffe1bf82000 	C:\WINDOWS\SYSTEM32\dbghelp.dll

VM Arguments:
jvm_args: -Djava.library.path=C:\Users\Elie\git\decision-uta-method\uta-calculator\lib -Dfile.encoding=UTF-8 
java_command: io.github.oliviercailloux.uta_calculator.view.MainSimulation
java_class_path (initial): C:\Users\Elie\git\decision-uta-method\uta-calculator\target\classes;C:\Users\Elie\.m2\repository\com\google\ortools\ortools\2015.08\ortools-2015.08.jar;C:\Users\Elie\.m2\repository\org\slf4j\slf4j-api\1.7.21\slf4j-api-1.7.21.jar;C:\Users\Elie\.m2\repository\com\google\guava\guava\20.0\guava-20.0.jar;C:\Users\Elie\.m2\repository\ch\qos\logback\logback-classic\1.1.7\logback-classic-1.1.7.jar;C:\Users\Elie\.m2\repository\ch\qos\logback\logback-core\1.1.7\logback-core-1.1.7.jar;C:\Users\Elie\.m2\repository\org\apache\commons\commons-math\2.2\commons-math-2.2.jar;C:\Users\Elie\.m2\repository\protobuf\protobuf\3.3.0\protobuf-3.3.0.jar
Launcher Type: SUN_STANDARD

Environment Variables:
JAVA_HOME=C:\Oracle\Middleware\Oracle_Home\oracle_common\jdk
USERNAME=Elie
OS=Windows_NT
PROCESSOR_IDENTIFIER=Intel64 Family 6 Model 58 Stepping 9, GenuineIntel



---------------  S Y S T E M  ---------------

OS: Windows 10.0 , 64 bit Build 14393 (10.0.14393.1198)

CPU:total 4 (2 cores per cpu, 2 threads per core) family 6 model 58 stepping 9, cmov, cx8, fxsr, mmx, sse, sse2, sse3, ssse3, sse4.1, sse4.2, popcnt, avx, clmul, erms, ht, tsc, tscinvbit, tscinv

Memory: 4k page, physical 8222948k(3451664k free), swap 10715372k(3025624k free)

vm_info: Java HotSpot(TM) 64-Bit Server VM (25.51-b03) for windows-amd64 JRE (1.8.0_51-b16), built on Jun  8 2015 18:03:07 by "java_re" with MS VC++ 10.0 (VS2010)

time: Wed Aug 23 19:20:40 2017
elapsed time: 0 seconds (0d 0h 0m 0s)

