#
# A fatal error has been detected by the Java Runtime Environment:
#
#  EXCEPTION_ACCESS_VIOLATION (0xc0000005) at pc=0x00007ffdd85f703a, pid=164, tid=7892
#
# JRE version: Java(TM) SE Runtime Environment (8.0_51-b16) (build 1.8.0_51-b16)
# Java VM: Java HotSpot(TM) 64-Bit Server VM (25.51-b03 mixed mode windows-amd64 compressed oops)
# Problematic frame:
# C  [jniortools.dll+0x3b703a]
#
# Failed to write core dump. Minidumps are not enabled by default on client versions of Windows
#
# If you would like to submit a bug report, please visit:
#   http://bugreport.java.com/bugreport/crash.jsp
# The crash happened outside the Java Virtual Machine in native code.
# See problematic frame for where to report the bug.
#

---------------  T H R E A D  ---------------

Current thread (0x000000000286e000):  JavaThread "main" [_thread_in_native, id=7892, stack(0x0000000002870000,0x0000000002970000)]

siginfo: ExceptionCode=0xc0000005, reading address 0x000000001a62b790

Registers:
RAX=0x00000000d9b9bec8, RBX=0x000000010001e9b0, RCX=0x000000001a62b740, RDX=0x000000000296f090
RSP=0x000000000296f010, RBP=0x000000000296f0a0, RSI=0x00000000170e4018, RDI=0x00000001000c06f8
R8 =0x000000001a62b740, R9 =0x000000000296f068, R10=0x00007ffdd82e9920, R11=0x0000000000000abe
R12=0x0000000000000000, R13=0x000000008289bfa8, R14=0x000000000296f090, R15=0x000000000286e000
RIP=0x00007ffdd85f703a, EFLAGS=0x0000000000010202

Top of Stack: (sp=0x000000000296f010)
0x000000000296f010:   000000000286e000 000000008289bfa8
0x000000000296f020:   00000000d95feb80 000000000017d0a0
0x000000000296f030:   00000001000c06f8 0000000002ca501b
0x000000000296f040:   000000010001e9b0 0000000000000003
0x000000000296f050:   000000000296f068 000000001a057d20
0x000000000296f060:   00000000d6301580 00000000d9b9bec8
0x000000000296f070:   00000ac700000000 0000000000001585
0x000000000296f080:   0000000000000abd 000000008281eb20
0x000000000296f090:   0000000082833b48 00000000d9b9be78
0x000000000296f0a0:   000000000296f780 0000000002d32674
0x000000000296f0b0:   01d31b5b1a2441d9 0000000074b82dc5
0x000000000296f0c0:   00000000000009fa 0000000002d5de00
0x000000000296f0d0:   0000000000000042 0000000000000032
0x000000000296f0e0:   0000000000000002 0000000002d05800
0x000000000296f0f0:   0000000000000042 000000008281d320
0x000000000296f100:   00000000d95bbaf0 0000000002d05857 

Instructions: (pc=0x00007ffdd85f703a)
0x00007ffdd85f701a:   00 48 85 d2 48 0f 45 c2 c3 cc cc cc cc cc cc cc
0x00007ffdd85f702a:   cc cc cc cc cc cc 48 89 5c 24 08 57 48 83 ec 20
0x00007ffdd85f703a:   48 8b 79 50 48 8b d9 48 8b cf e8 d7 51 ff ff 84
0x00007ffdd85f704a:   c0 74 32 48 8b 07 48 8b cf ff 90 a0 00 00 00 84 


Register to memory mapping:

RAX=0x00000000d9b9bec8 is an oop
com.google.ortools.linearsolver.MPVariable 
 - klass: 'com/google/ortools/linearsolver/MPVariable'
RBX=0x000000010001e9b0 is pointing into metadata
RCX=0x000000001a62b740 is an unknown value
RDX=0x000000000296f090 is pointing into the stack for thread: 0x000000000286e000
RSP=0x000000000296f010 is pointing into the stack for thread: 0x000000000286e000
RBP=0x000000000296f0a0 is pointing into the stack for thread: 0x000000000286e000
RSI=0x00000000170e4018 is pointing into metadata
RDI=0x00000001000c06f8 is pointing into metadata
R8 =0x000000001a62b740 is an unknown value
R9 =0x000000000296f068 is pointing into the stack for thread: 0x000000000286e000
R10=0x00007ffdd82e9920 is an unknown value
R11=0x0000000000000abe is an unknown value
R12=0x0000000000000000 is an unknown value
R13=0x000000008289bfa8 is an oop
[C 
 - klass: {type array char}
 - length: 26
R14=0x000000000296f090 is pointing into the stack for thread: 0x000000000286e000
R15=0x000000000286e000 is a thread


Stack: [0x0000000002870000,0x0000000002970000],  sp=0x000000000296f010,  free space=1020k
Native frames: (J=compiled Java code, j=interpreted, Vv=VM code, C=native code)
C  [jniortools.dll+0x3b703a]
C  0x0000000002ca501b

Java frames: (J=compiled Java code, j=interpreted, Vv=VM code)
J 483  com.google.ortools.linearsolver.operations_research_linear_solverJNI.MPVariable_solutionValue(JLcom/google/ortools/linearsolver/MPVariable;)D (0 bytes) @ 0x0000000002ca4f95 [0x0000000002ca4f40+0x55]
J 630 C1 io.github.oliviercailloux.uta_calculator.model.UTASTAR.findValueFunction()Lio/github/oliviercailloux/uta_calculator/model/ValueFunction; (2313 bytes) @ 0x0000000002d32674 [0x0000000002d1e480+0x141f4]
J 638 C1 io.github.oliviercailloux.uta_calculator.view.MainSimulation.getDifferenceRank(III)I (217 bytes) @ 0x0000000002d5bf04 [0x0000000002d5a8a0+0x1664]
j  io.github.oliviercailloux.uta_calculator.view.MainSimulation.simulation()V+29
j  io.github.oliviercailloux.uta_calculator.view.MainSimulation.main([Ljava/lang/String;)V+9
v  ~StubRoutines::call_stub

---------------  P R O C E S S  ---------------

Java Threads: ( => current thread )
  0x0000000018d89800 JavaThread "Service Thread" daemon [_thread_blocked, id=7272, stack(0x0000000019160000,0x0000000019260000)]
  0x000000001751a800 JavaThread "C1 CompilerThread2" daemon [_thread_blocked, id=10440, stack(0x0000000018c60000,0x0000000018d60000)]
  0x0000000017514000 JavaThread "C2 CompilerThread1" daemon [_thread_in_native, id=13984, stack(0x0000000018b60000,0x0000000018c60000)]
  0x0000000017511800 JavaThread "C2 CompilerThread0" daemon [_thread_in_native, id=6808, stack(0x0000000018a60000,0x0000000018b60000)]
  0x0000000017510800 JavaThread "Attach Listener" daemon [_thread_blocked, id=5552, stack(0x0000000018960000,0x0000000018a60000)]
  0x000000001750f000 JavaThread "Signal Dispatcher" daemon [_thread_blocked, id=8552, stack(0x0000000018860000,0x0000000018960000)]
  0x0000000002a69800 JavaThread "Finalizer" daemon [_thread_blocked, id=8172, stack(0x0000000018760000,0x0000000018860000)]
  0x0000000002a61000 JavaThread "Reference Handler" daemon [_thread_blocked, id=4660, stack(0x0000000018660000,0x0000000018760000)]
=>0x000000000286e000 JavaThread "main" [_thread_in_native, id=7892, stack(0x0000000002870000,0x0000000002970000)]

Other Threads:
  0x00000000174d7800 VMThread [stack: 0x0000000018560000,0x0000000018660000] [id=10980]
  0x0000000018d8e000 WatcherThread [stack: 0x0000000019260000,0x0000000019360000] [id=13588]

VM state:not at safepoint (normal execution)

VM Mutex/Monitor currently owned by a thread: None

Heap:
 PSYoungGen      total 53248K, used 1209K [0x00000000d6300000, 0x00000000da080000, 0x0000000100000000)
  eden space 50688K, 2% used [0x00000000d6300000,0x00000000d63fe728,0x00000000d9480000)
  from space 2560K, 7% used [0x00000000d9b80000,0x00000000d9bb0000,0x00000000d9e00000)
  to   space 2560K, 0% used [0x00000000d9e00000,0x00000000d9e00000,0x00000000da080000)
 ParOldGen       total 86016K, used 1337K [0x0000000082800000, 0x0000000087c00000, 0x00000000d6300000)
  object space 86016K, 1% used [0x0000000082800000,0x000000008294e4b8,0x0000000087c00000)
 Metaspace       used 6485K, capacity 6568K, committed 6784K, reserved 1056768K
  class space    used 776K, capacity 784K, committed 896K, reserved 1048576K

Card table byte_map: [0x0000000011e30000,0x0000000012220000] byte_map_base: 0x0000000011a1c000

Marking Bits: (ParMarkBitMap*) 0x0000000073174040
 Begin Bits: [0x00000000128c0000, 0x0000000014820000)
 End Bits:   [0x0000000014820000, 0x0000000016780000)

Polling page: 0x0000000001030000

CodeCache: size=245760Kb used=3315Kb max_used=3323Kb free=242444Kb
 bounds [0x0000000002a70000, 0x0000000002dc0000, 0x0000000011a70000]
 total_blobs=1039 nmethods=718 adapters=234
 compilation: enabled

Compilation events (10 events):
Event: 3.534 Thread 0x000000001751a800 nmethod 714 0x0000000002da7cd0 code [0x0000000002da8100, 0x0000000002daa7f8]
Event: 3.538 Thread 0x0000000017514000  716 %     4       io.github.oliviercailloux.uta_calculator.model.ProblemGenerator::generateAlternatives @ 5 (145 bytes)
Event: 3.603 Thread 0x0000000017514000 nmethod 716% 0x0000000002dac910 code [0x0000000002dacba0, 0x0000000002dae120]
Event: 3.672 Thread 0x0000000017514000  717       4       sun.misc.FloatingDecimal$BinaryToASCIIBuffer::dtoa (1509 bytes)
Event: 3.727 Thread 0x0000000017514000 nmethod 717 0x0000000002dafbd0 code [0x0000000002dafe60, 0x0000000002db1768]
Event: 3.727 Thread 0x0000000017514000  718       4       java.nio.ByteBuffer::arrayOffset (35 bytes)
Event: 3.727 Thread 0x0000000017514000 nmethod 718 0x0000000002d12190 code [0x0000000002d122c0, 0x0000000002d12358]
Event: 4.011 Thread 0x0000000017514000  719       4       io.github.oliviercailloux.uta_calculator.model.ProblemGenerator::generateAlternatives (145 bytes)
Event: 4.072 Thread 0x0000000017514000 nmethod 719 0x0000000002db32d0 code [0x0000000002db3560, 0x0000000002db4a00]
Event: 4.594 Thread 0x0000000017514000  720 %     4       io.github.oliviercailloux.uta_calculator.view.MainSimulation::compare @ 29 (244 bytes)

GC Heap History (10 events):
Event: 3.166 GC heap before
{Heap before GC invocations=9 (full 0):
 PSYoungGen      total 58880K, used 58656K [0x00000000d6300000, 0x00000000da480000, 0x0000000100000000)
  eden space 58368K, 100% used [0x00000000d6300000,0x00000000d9c00000,0x00000000d9c00000)
  from space 512K, 56% used [0x00000000da400000,0x00000000da448000,0x00000000da480000)
  to   space 2560K, 0% used [0x00000000d9f80000,0x00000000d9f80000,0x00000000da200000)
 ParOldGen       total 86016K, used 1257K [0x0000000082800000, 0x0000000087c00000, 0x00000000d6300000)
  object space 86016K, 1% used [0x0000000082800000,0x000000008293a4b8,0x0000000087c00000)
 Metaspace       used 6485K, capacity 6568K, committed 6784K, reserved 1056768K
  class space    used 776K, capacity 784K, committed 896K, reserved 1048576K
Event: 3.168 GC heap after
Heap after GC invocations=9 (full 0):
 PSYoungGen      total 59392K, used 256K [0x00000000d6300000, 0x00000000da480000, 0x0000000100000000)
  eden space 56832K, 0% used [0x00000000d6300000,0x00000000d6300000,0x00000000d9a80000)
  from space 2560K, 10% used [0x00000000d9f80000,0x00000000d9fc0000,0x00000000da200000)
  to   space 2560K, 0% used [0x00000000da200000,0x00000000da200000,0x00000000da480000)
 ParOldGen       total 86016K, used 1273K [0x0000000082800000, 0x0000000087c00000, 0x00000000d6300000)
  object space 86016K, 1% used [0x0000000082800000,0x000000008293e4b8,0x0000000087c00000)
 Metaspace       used 6485K, capacity 6568K, committed 6784K, reserved 1056768K
  class space    used 776K, capacity 784K, committed 896K, reserved 1048576K
}
Event: 3.521 GC heap before
{Heap before GC invocations=10 (full 0):
 PSYoungGen      total 59392K, used 57088K [0x00000000d6300000, 0x00000000da480000, 0x0000000100000000)
  eden space 56832K, 100% used [0x00000000d6300000,0x00000000d9a80000,0x00000000d9a80000)
  from space 2560K, 10% used [0x00000000d9f80000,0x00000000d9fc0000,0x00000000da200000)
  to   space 2560K, 0% used [0x00000000da200000,0x00000000da200000,0x00000000da480000)
 ParOldGen       total 86016K, used 1273K [0x0000000082800000, 0x0000000087c00000, 0x00000000d6300000)
  object space 86016K, 1% used [0x0000000082800000,0x000000008293e4b8,0x0000000087c00000)
 Metaspace       used 6485K, capacity 6568K, committed 6784K, reserved 1056768K
  class space    used 776K, capacity 784K, committed 896K, reserved 1048576K
Event: 3.523 GC heap after
Heap after GC invocations=10 (full 0):
 PSYoungGen      total 55808K, used 224K [0x00000000d6300000, 0x00000000da280000, 0x0000000100000000)
  eden space 55296K, 0% used [0x00000000d6300000,0x00000000d6300000,0x00000000d9900000)
  from space 512K, 43% used [0x00000000da200000,0x00000000da238000,0x00000000da280000)
  to   space 2560K, 0% used [0x00000000d9d80000,0x00000000d9d80000,0x00000000da000000)
 ParOldGen       total 86016K, used 1297K [0x0000000082800000, 0x0000000087c00000, 0x00000000d6300000)
  object space 86016K, 1% used [0x0000000082800000,0x00000000829444b8,0x0000000087c00000)
 Metaspace       used 6485K, capacity 6568K, committed 6784K, reserved 1056768K
  class space    used 776K, capacity 784K, committed 896K, reserved 1048576K
}
Event: 3.863 GC heap before
{Heap before GC invocations=11 (full 0):
 PSYoungGen      total 55808K, used 55520K [0x00000000d6300000, 0x00000000da280000, 0x0000000100000000)
  eden space 55296K, 100% used [0x00000000d6300000,0x00000000d9900000,0x00000000d9900000)
  from space 512K, 43% used [0x00000000da200000,0x00000000da238000,0x00000000da280000)
  to   space 2560K, 0% used [0x00000000d9d80000,0x00000000d9d80000,0x00000000da000000)
 ParOldGen       total 86016K, used 1297K [0x0000000082800000, 0x0000000087c00000, 0x00000000d6300000)
  object space 86016K, 1% used [0x0000000082800000,0x00000000829444b8,0x0000000087c00000)
 Metaspace       used 6485K, capacity 6568K, committed 6784K, reserved 1056768K
  class space    used 776K, capacity 784K, committed 896K, reserved 1048576K
Event: 3.866 GC heap after
Heap after GC invocations=11 (full 0):
 PSYoungGen      total 56320K, used 224K [0x00000000d6300000, 0x00000000da280000, 0x0000000100000000)
  eden space 53760K, 0% used [0x00000000d6300000,0x00000000d6300000,0x00000000d9780000)
  from space 2560K, 8% used [0x00000000d9d80000,0x00000000d9db8000,0x00000000da000000)
  to   space 2560K, 0% used [0x00000000da000000,0x00000000da000000,0x00000000da280000)
 ParOldGen       total 86016K, used 1313K [0x0000000082800000, 0x0000000087c00000, 0x00000000d6300000)
  object space 86016K, 1% used [0x0000000082800000,0x00000000829484b8,0x0000000087c00000)
 Metaspace       used 6485K, capacity 6568K, committed 6784K, reserved 1056768K
  class space    used 776K, capacity 784K, committed 896K, reserved 1048576K
}
Event: 4.247 GC heap before
{Heap before GC invocations=12 (full 0):
 PSYoungGen      total 56320K, used 53984K [0x00000000d6300000, 0x00000000da280000, 0x0000000100000000)
  eden space 53760K, 100% used [0x00000000d6300000,0x00000000d9780000,0x00000000d9780000)
  from space 2560K, 8% used [0x00000000d9d80000,0x00000000d9db8000,0x00000000da000000)
  to   space 2560K, 0% used [0x00000000da000000,0x00000000da000000,0x00000000da280000)
 ParOldGen       total 86016K, used 1313K [0x0000000082800000, 0x0000000087c00000, 0x00000000d6300000)
  object space 86016K, 1% used [0x0000000082800000,0x00000000829484b8,0x0000000087c00000)
 Metaspace       used 6485K, capacity 6568K, committed 6784K, reserved 1056768K
  class space    used 776K, capacity 784K, committed 896K, reserved 1048576K
Event: 4.248 GC heap after
Heap after GC invocations=12 (full 0):
 PSYoungGen      total 52736K, used 224K [0x00000000d6300000, 0x00000000da080000, 0x0000000100000000)
  eden space 52224K, 0% used [0x00000000d6300000,0x00000000d6300000,0x00000000d9600000)
  from space 512K, 43% used [0x00000000da000000,0x00000000da038000,0x00000000da080000)
  to   space 2560K, 0% used [0x00000000d9b80000,0x00000000d9b80000,0x00000000d9e00000)
 ParOldGen       total 86016K, used 1329K [0x0000000082800000, 0x0000000087c00000, 0x00000000d6300000)
  object space 86016K, 1% used [0x0000000082800000,0x000000008294c4b8,0x0000000087c00000)
 Metaspace       used 6485K, capacity 6568K, committed 6784K, reserved 1056768K
  class space    used 776K, capacity 784K, committed 896K, reserved 1048576K
}
Event: 4.635 GC heap before
{Heap before GC invocations=13 (full 0):
 PSYoungGen      total 52736K, used 52448K [0x00000000d6300000, 0x00000000da080000, 0x0000000100000000)
  eden space 52224K, 100% used [0x00000000d6300000,0x00000000d9600000,0x00000000d9600000)
  from space 512K, 43% used [0x00000000da000000,0x00000000da038000,0x00000000da080000)
  to   space 2560K, 0% used [0x00000000d9b80000,0x00000000d9b80000,0x00000000d9e00000)
 ParOldGen       total 86016K, used 1329K [0x0000000082800000, 0x0000000087c00000, 0x00000000d6300000)
  object space 86016K, 1% used [0x0000000082800000,0x000000008294c4b8,0x0000000087c00000)
 Metaspace       used 6485K, capacity 6568K, committed 6784K, reserved 1056768K
  class space    used 776K, capacity 784K, committed 896K, reserved 1048576K
Event: 4.638 GC heap after
Heap after GC invocations=13 (full 0):
 PSYoungGen      total 53248K, used 192K [0x00000000d6300000, 0x00000000da080000, 0x0000000100000000)
  eden space 50688K, 0% used [0x00000000d6300000,0x00000000d6300000,0x00000000d9480000)
  from space 2560K, 7% used [0x00000000d9b80000,0x00000000d9bb0000,0x00000000d9e00000)
  to   space 2560K, 0% used [0x00000000d9e00000,0x00000000d9e00000,0x00000000da080000)
 ParOldGen       total 86016K, used 1337K [0x0000000082800000, 0x0000000087c00000, 0x00000000d6300000)
  object space 86016K, 1% used [0x0000000082800000,0x000000008294e4b8,0x0000000087c00000)
 Metaspace       used 6485K, capacity 6568K, committed 6784K, reserved 1056768K
  class space    used 776K, capacity 784K, committed 896K, reserved 1048576K
}

Deoptimization events (4 events):
Event: 0.448 Thread 0x000000000286e000 Uncommon trap: reason=predicate action=maybe_recompile pc=0x0000000002c97794 method=io.github.oliviercailloux.uta_calculator.model.PartialValueFunction.getDerivative(D)D @ 74
Event: 0.467 Thread 0x000000000286e000 Uncommon trap: reason=range_check action=make_not_entrant pc=0x0000000002ca8338 method=java.util.ArrayList.elementData(I)Ljava/lang/Object; @ 5
Event: 0.623 Thread 0x000000000286e000 Uncommon trap: reason=unstable_if action=reinterpret pc=0x0000000002cdd204 method=sun.misc.FloatingDecimal$BinaryToASCIIBuffer.dtoa(IJIZ)V @ 978
Event: 3.528 Thread 0x000000000286e000 Uncommon trap: reason=unstable_if action=reinterpret pc=0x0000000002d0134c method=sun.misc.FloatingDecimal$BinaryToASCIIBuffer.dtoa(IJIZ)V @ 379

Internal exceptions (8 events):
Event: 0.039 Thread 0x000000000286e000 Exception <a 'java/lang/NoSuchMethodError': Method sun.misc.Unsafe.defineClass(Ljava/lang/String;[BII)Ljava/lang/Class; name or signature does not match> (0x00000000d630cef8) thrown at [C:\re\workspace\8-2-build-windows-amd64-cygwin\jdk8u51\3951\hotspot\srÍ×bxÓ£?
Event: 0.039 Thread 0x000000000286e000 Exception <a 'java/lang/NoSuchMethodError': Method sun.misc.Unsafe.prefetchRead(Ljava/lang/Object;J)V name or signature does not match> (0x00000000d630d188) thrown at [C:\re\workspace\8-2-build-windows-amd64-cygwin\jdk8u51\3951\hotspot\src\share\vm\prims\jÇž)jOÀ?
Event: 0.127 Thread 0x000000000286e000 Exception <a 'java/security/PrivilegedActionException'> (0x00000000d6524e90) thrown at [C:\re\workspace\8-2-build-windows-amd64-cygwin\jdk8u51\3951\hotspot\src\share\vm\prims\jvm.cpp, line 1382]
Event: 0.127 Thread 0x000000000286e000 Exception <a 'java/security/PrivilegedActionException'> (0x00000000d6525048) thrown at [C:\re\workspace\8-2-build-windows-amd64-cygwin\jdk8u51\3951\hotspot\src\share\vm\prims\jvm.cpp, line 1382]
Event: 0.128 Thread 0x000000000286e000 Exception <a 'java/security/PrivilegedActionException'> (0x00000000d6528b40) thrown at [C:\re\workspace\8-2-build-windows-amd64-cygwin\jdk8u51\3951\hotspot\src\share\vm\prims\jvm.cpp, line 1382]
Event: 0.128 Thread 0x000000000286e000 Exception <a 'java/security/PrivilegedActionException'> (0x00000000d6528cf8) thrown at [C:\re\workspace\8-2-build-windows-amd64-cygwin\jdk8u51\3951\hotspot\src\share\vm\prims\jvm.cpp, line 1382]
Event: 0.168 Thread 0x000000000286e000 Exception <a 'java/io/FileNotFoundException'> (0x00000000d6679a68) thrown at [C:\re\workspace\8-2-build-windows-amd64-cygwin\jdk8u51\3951\hotspot\src\share\vm\prims\jni.cpp, line 709]
Event: 0.359 Thread 0x000000000286e000 Exception <a 'java/lang/NoSuchMethodError': org.slf4j.impl.StaticMDCBinder.getSingleton()Lorg/slf4j/impl/StaticMDCBinder;> (0x00000000d6b54d58) thrown at [C:\re\workspace\8-2-build-windows-amd64-cygwin\jdk8u51\3951\hotspot\src\share\vm\interpreter\linkReso

Events (10 events):
Event: 3.863 Executing VM operation: ParallelGCFailedAllocation
Event: 3.866 Executing VM operation: ParallelGCFailedAllocation done
Event: 4.014 Thread 0x000000000286e000 DEOPT PACKING pc=0x0000000002d58f7e sp=0x000000000296f4c0
Event: 4.014 Thread 0x000000000286e000 DEOPT UNPACKING pc=0x0000000002ab787f sp=0x000000000296f290 mode 0
Event: 4.117 Executing VM operation: EnableBiasedLocking
Event: 4.117 Executing VM operation: EnableBiasedLocking done
Event: 4.247 Executing VM operation: ParallelGCFailedAllocation
Event: 4.249 Executing VM operation: ParallelGCFailedAllocation done
Event: 4.635 Executing VM operation: ParallelGCFailedAllocation
Event: 4.638 Executing VM operation: ParallelGCFailedAllocation done


Dynamic libraries:
0x00007ff7abc20000 - 0x00007ff7abc57000 	C:\Program Files\Java\jre1.8.0_51\bin\javaw.exe
0x00007ffe2e890000 - 0x00007ffe2ea62000 	C:\WINDOWS\SYSTEM32\ntdll.dll
0x00007ffe2e3e0000 - 0x00007ffe2e48c000 	C:\WINDOWS\System32\KERNEL32.DLL
0x00007ffe2b1e0000 - 0x00007ffe2b3fd000 	C:\WINDOWS\System32\KERNELBASE.dll
0x00007ffe2e7e0000 - 0x00007ffe2e882000 	C:\WINDOWS\System32\ADVAPI32.dll
0x00007ffe2e340000 - 0x00007ffe2e3de000 	C:\WINDOWS\System32\msvcrt.dll
0x00007ffe2d8a0000 - 0x00007ffe2d8f9000 	C:\WINDOWS\System32\sechost.dll
0x00007ffe2e150000 - 0x00007ffe2e271000 	C:\WINDOWS\System32\RPCRT4.dll
0x00007ffe2dd40000 - 0x00007ffe2dea5000 	C:\WINDOWS\System32\USER32.dll
0x00007ffe2ade0000 - 0x00007ffe2adfe000 	C:\WINDOWS\System32\win32u.dll
0x00007ffe2db30000 - 0x00007ffe2db64000 	C:\WINDOWS\System32\GDI32.dll
0x00007ffe2bbf0000 - 0x00007ffe2bd70000 	C:\WINDOWS\System32\gdi32full.dll
0x00007ffe27340000 - 0x00007ffe275ba000 	C:\WINDOWS\WinSxS\amd64_microsoft.windows.common-controls_6595b64144ccf1df_6.0.14393.953_none_42151e83c686086b\COMCTL32.dll
0x00007ffe2e490000 - 0x00007ffe2e758000 	C:\WINDOWS\System32\combase.dll
0x00007ffe2b0e0000 - 0x00007ffe2b1d5000 	C:\WINDOWS\System32\ucrtbase.dll
0x00007ffe2aea0000 - 0x00007ffe2af0a000 	C:\WINDOWS\System32\bcryptPrimitives.dll
0x00007ffe2db70000 - 0x00007ffe2db9e000 	C:\WINDOWS\System32\IMM32.DLL
0x0000000074bb0000 - 0x0000000074c82000 	C:\Program Files\Java\jre1.8.0_51\bin\msvcr100.dll
0x0000000072970000 - 0x00000000731f3000 	C:\Program Files\Java\jre1.8.0_51\bin\server\jvm.dll
0x00007ffe2d780000 - 0x00007ffe2d788000 	C:\WINDOWS\System32\PSAPI.DLL
0x00007ffe1d4b0000 - 0x00007ffe1d4b9000 	C:\WINDOWS\SYSTEM32\WSOCK32.dll
0x00007ffe28040000 - 0x00007ffe28063000 	C:\WINDOWS\SYSTEM32\WINMM.dll
0x00007ffe2d900000 - 0x00007ffe2d96a000 	C:\WINDOWS\System32\WS2_32.dll
0x00007ffe1ca10000 - 0x00007ffe1ca1a000 	C:\WINDOWS\SYSTEM32\VERSION.dll
0x00007ffe27e70000 - 0x00007ffe27e9b000 	C:\WINDOWS\SYSTEM32\WINMMBASE.dll
0x00007ffe2ad90000 - 0x00007ffe2add2000 	C:\WINDOWS\System32\cfgmgr32.dll
0x0000000075500000 - 0x000000007550f000 	C:\Program Files\Java\jre1.8.0_51\bin\verify.dll
0x0000000074b80000 - 0x0000000074ba9000 	C:\Program Files\Java\jre1.8.0_51\bin\java.dll
0x0000000074b60000 - 0x0000000074b76000 	C:\Program Files\Java\jre1.8.0_51\bin\zip.dll
0x00007ffe2c250000 - 0x00007ffe2d758000 	C:\WINDOWS\System32\SHELL32.dll
0x00007ffe2b400000 - 0x00007ffe2bada000 	C:\WINDOWS\System32\windows.storage.dll
0x00007ffe2ad30000 - 0x00007ffe2ad7c000 	C:\WINDOWS\System32\powrprof.dll
0x00007ffe2dad0000 - 0x00007ffe2db22000 	C:\WINDOWS\System32\shlwapi.dll
0x00007ffe2ad20000 - 0x00007ffe2ad2f000 	C:\WINDOWS\System32\kernel.appcore.dll
0x00007ffe2bae0000 - 0x00007ffe2bb89000 	C:\WINDOWS\System32\shcore.dll
0x00007ffe2ad00000 - 0x00007ffe2ad14000 	C:\WINDOWS\System32\profapi.dll
0x0000000074b40000 - 0x0000000074b5a000 	C:\Program Files\Java\jre1.8.0_51\bin\net.dll
0x00007ffe2a5d0000 - 0x00007ffe2a62c000 	C:\WINDOWS\system32\mswsock.dll
0x00007ffe163b0000 - 0x00007ffe163c6000 	C:\WINDOWS\system32\napinsp.dll
0x00007ffe16570000 - 0x00007ffe1658a000 	C:\WINDOWS\system32\pnrpnsp.dll
0x00007ffe28970000 - 0x00007ffe28988000 	C:\WINDOWS\system32\NLAapi.dll
0x00007ffe2a390000 - 0x00007ffe2a431000 	C:\WINDOWS\SYSTEM32\DNSAPI.dll
0x00007ffe2d890000 - 0x00007ffe2d898000 	C:\WINDOWS\System32\NSI.dll
0x00007ffe2a350000 - 0x00007ffe2a388000 	C:\WINDOWS\SYSTEM32\IPHLPAPI.DLL
0x00007ffe177e0000 - 0x00007ffe177ee000 	C:\WINDOWS\System32\winrnr.dll
0x0000000075850000 - 0x0000000075876000 	C:\Program Files\Bonjour\mdnsNSP.dll
0x00007ffe26530000 - 0x00007ffe26545000 	C:\WINDOWS\System32\wshbth.dll
0x00007ffe1ca00000 - 0x00007ffe1ca0a000 	C:\Windows\System32\rasadhlp.dll
0x00007ffe20340000 - 0x00007ffe203aa000 	C:\WINDOWS\System32\fwpuclnt.dll
0x00007ffe2ac40000 - 0x00007ffe2ac6b000 	C:\WINDOWS\SYSTEM32\bcrypt.dll
0x00007ffdd8240000 - 0x00007ffdd9079000 	C:\Users\Elie\git\decision-uta-method\uta-calculator\lib\jniortools.dll
0x00007ffe1d350000 - 0x00007ffe1d43f000 	C:\WINDOWS\SYSTEM32\MSVCR120.dll
0x00007ffe19cb0000 - 0x00007ffe19d56000 	C:\WINDOWS\SYSTEM32\MSVCP120.dll
0x00007ffe1bdf0000 - 0x00007ffe1bf82000 	C:\WINDOWS\SYSTEM32\dbghelp.dll

VM Arguments:
jvm_args: -Djava.library.path=C:\Users\Elie\git\decision-uta-method\uta-calculator\lib -Dfile.encoding=UTF-8 
java_command: io.github.oliviercailloux.uta_calculator.view.MainSimulation
java_class_path (initial): C:\Users\Elie\git\decision-uta-method\uta-calculator\target\classes;C:\Users\Elie\.m2\repository\com\google\ortools\ortools\2015.08\ortools-2015.08.jar;C:\Users\Elie\.m2\repository\org\slf4j\slf4j-api\1.7.21\slf4j-api-1.7.21.jar;C:\Users\Elie\.m2\repository\com\google\guava\guava\20.0\guava-20.0.jar;C:\Users\Elie\.m2\repository\ch\qos\logback\logback-classic\1.1.7\logback-classic-1.1.7.jar;C:\Users\Elie\.m2\repository\ch\qos\logback\logback-core\1.1.7\logback-core-1.1.7.jar;C:\Users\Elie\.m2\repository\org\apache\commons\commons-math\2.2\commons-math-2.2.jar;C:\Users\Elie\.m2\repository\protobuf\protobuf\3.3.0\protobuf-3.3.0.jar
Launcher Type: SUN_STANDARD

Environment Variables:
JAVA_HOME=C:\Oracle\Middleware\Oracle_Home\oracle_common\jdk
USERNAME=Elie
OS=Windows_NT
PROCESSOR_IDENTIFIER=Intel64 Family 6 Model 58 Stepping 9, GenuineIntel



---------------  S Y S T E M  ---------------

OS: Windows 10.0 , 64 bit Build 14393 (10.0.14393.1198)

CPU:total 4 (2 cores per cpu, 2 threads per core) family 6 model 58 stepping 9, cmov, cx8, fxsr, mmx, sse, sse2, sse3, ssse3, sse4.1, sse4.2, popcnt, avx, clmul, erms, ht, tsc, tscinvbit, tscinv

Memory: 4k page, physical 8222948k(3470708k free), swap 9730276k(2551100k free)

vm_info: Java HotSpot(TM) 64-Bit Server VM (25.51-b03) for windows-amd64 JRE (1.8.0_51-b16), built on Jun  8 2015 18:03:07 by "java_re" with MS VC++ 10.0 (VS2010)

time: Tue Aug 22 17:27:01 2017
elapsed time: 4 seconds (0d 0h 0m 4s)

