#
# A fatal error has been detected by the Java Runtime Environment:
#
#  EXCEPTION_ACCESS_VIOLATION (0xc0000005) at pc=0x00007ffddb32703a, pid=7196, tid=12452
#
# JRE version: Java(TM) SE Runtime Environment (8.0_51-b16) (build 1.8.0_51-b16)
# Java VM: Java HotSpot(TM) 64-Bit Server VM (25.51-b03 mixed mode windows-amd64 compressed oops)
# Problematic frame:
# C  [jniortools.dll+0x3b703a]
#
# Failed to write core dump. Minidumps are not enabled by default on client versions of Windows
#
# If you would like to submit a bug report, please visit:
#   http://bugreport.java.com/bugreport/crash.jsp
# The crash happened outside the Java Virtual Machine in native code.
# See problematic frame for where to report the bug.
#

---------------  T H R E A D  ---------------

Current thread (0x0000000000d6e000):  JavaThread "main" [_thread_in_native, id=12452, stack(0x00000000024a0000,0x00000000025a0000)]

siginfo: ExceptionCode=0xc0000005, reading address 0x000000001b9f60b0

Registers:
RAX=0x00000000da370c68, RBX=0x000000010001e9b0, RCX=0x000000001b9f6060, RDX=0x000000000259eef0
RSP=0x000000000259ee70, RBP=0x000000000259ef00, RSI=0x0000000016d59fb8, RDI=0x00000001000c06f8
R8 =0x000000001b9f6060, R9 =0x000000000259eec8, R10=0x00007ffddb019920, R11=0x0000000000000abd
R12=0x0000000000000000, R13=0x000000000000001a, R14=0x000000000259eef0, R15=0x0000000000d6e000
RIP=0x00007ffddb32703a, EFLAGS=0x0000000000010202

Top of Stack: (sp=0x000000000259ee70)
0x000000000259ee70:   0000000000d6e000 00000000da8aed78
0x000000000259ee80:   00000000da2ff7b0 000000000007e7b0
0x000000000259ee90:   00000001000c06f8 0000000002919e5b
0x000000000259eea0:   000000010001e9b0 0000000000000003
0x000000000259eeb0:   000000000259eec8 000000001b9f06e0
0x000000000259eec0:   00000000d6301578 00000000da370c68
0x000000000259eed0:   00000ac200000000 000000000000157b
0x000000000259eee0:   0000000000000ab4 00000000da301938
0x000000000259eef0:   0000000082800000 00000000da370c10
0x000000000259ef00:   000000000259f5b0 0000000002978b0c
0x000000000259ef10:   01d31c323bc73943 0000000016d3a1c0
0x000000000259ef20:   0000000000000001 0000000016d1e6e0
0x000000000259ef30:   0000000100000041 0000000016d26d38
0x000000000259ef40:   00001ccc0b4d86c8 3f9ce9dfbd3b7519
0x000000000259ef50:   0000000300d6e000 000000007131e975
0x000000000259ef60:   0000000300d6e000 0000000000000001 

Instructions: (pc=0x00007ffddb32703a)
0x00007ffddb32701a:   00 48 85 d2 48 0f 45 c2 c3 cc cc cc cc cc cc cc
0x00007ffddb32702a:   cc cc cc cc cc cc 48 89 5c 24 08 57 48 83 ec 20
0x00007ffddb32703a:   48 8b 79 50 48 8b d9 48 8b cf e8 d7 51 ff ff 84
0x00007ffddb32704a:   c0 74 32 48 8b 07 48 8b cf ff 90 a0 00 00 00 84 


Register to memory mapping:

RAX=0x00000000da370c68 is an oop
com.google.ortools.linearsolver.MPVariable 
 - klass: 'com/google/ortools/linearsolver/MPVariable'
RBX=0x000000010001e9b0 is pointing into metadata
RCX=0x000000001b9f6060 is an unknown value
RDX=0x000000000259eef0 is pointing into the stack for thread: 0x0000000000d6e000
RSP=0x000000000259ee70 is pointing into the stack for thread: 0x0000000000d6e000
RBP=0x000000000259ef00 is pointing into the stack for thread: 0x0000000000d6e000
RSI=0x0000000016d59fb8 is pointing into metadata
RDI=0x00000001000c06f8 is pointing into metadata
R8 =0x000000001b9f6060 is an unknown value
R9 =0x000000000259eec8 is pointing into the stack for thread: 0x0000000000d6e000
R10=0x00007ffddb019920 is an unknown value
R11=0x0000000000000abd is an unknown value
R12=0x0000000000000000 is an unknown value
R13=0x000000000000001a is an unknown value
R14=0x000000000259eef0 is pointing into the stack for thread: 0x0000000000d6e000
R15=0x0000000000d6e000 is a thread


Stack: [0x00000000024a0000,0x00000000025a0000],  sp=0x000000000259ee70,  free space=1019k
Native frames: (J=compiled Java code, j=interpreted, Vv=VM code, C=native code)
C  [jniortools.dll+0x3b703a]
C  0x0000000002919e5b

Java frames: (J=compiled Java code, j=interpreted, Vv=VM code)
J 475  com.google.ortools.linearsolver.operations_research_linear_solverJNI.MPVariable_solutionValue(JLcom/google/ortools/linearsolver/MPVariable;)D (0 bytes) @ 0x0000000002919dd5 [0x0000000002919d80+0x55]
J 566 C1 io.github.oliviercailloux.uta_calculator.model.UTASTAR.findValueFunction()Lio/github/oliviercailloux/uta_calculator/model/ValueFunction; (2313 bytes) @ 0x0000000002978b0c [0x0000000002963a40+0x150cc]
J 573 C1 io.github.oliviercailloux.uta_calculator.view.MainSimulation.getDifferenceRank(III)I (217 bytes) @ 0x000000000299c804 [0x000000000299b1a0+0x1664]
j  io.github.oliviercailloux.uta_calculator.view.MainSimulation.simulation()V+29
j  io.github.oliviercailloux.uta_calculator.view.MainSimulation.main([Ljava/lang/String;)V+9
v  ~StubRoutines::call_stub

---------------  P R O C E S S  ---------------

Java Threads: ( => current thread )
  0x0000000018b37000 JavaThread "Service Thread" daemon [_thread_blocked, id=8792, stack(0x0000000018f20000,0x0000000019020000)]
  0x0000000017194000 JavaThread "C1 CompilerThread2" daemon [_thread_blocked, id=13240, stack(0x0000000018a20000,0x0000000018b20000)]
  0x0000000017191000 JavaThread "C2 CompilerThread1" daemon [_thread_blocked, id=6588, stack(0x0000000018920000,0x0000000018a20000)]
  0x000000001718e800 JavaThread "C2 CompilerThread0" daemon [_thread_in_native, id=9800, stack(0x0000000018820000,0x0000000018920000)]
  0x000000001718c800 JavaThread "Attach Listener" daemon [_thread_blocked, id=13044, stack(0x0000000018720000,0x0000000018820000)]
  0x000000001718b800 JavaThread "Signal Dispatcher" daemon [_thread_blocked, id=7848, stack(0x0000000018620000,0x0000000018720000)]
  0x00000000026e8800 JavaThread "Finalizer" daemon [_thread_blocked, id=244, stack(0x0000000018420000,0x0000000018520000)]
  0x00000000026df800 JavaThread "Reference Handler" daemon [_thread_blocked, id=2136, stack(0x0000000018320000,0x0000000018420000)]
=>0x0000000000d6e000 JavaThread "main" [_thread_in_native, id=12452, stack(0x00000000024a0000,0x00000000025a0000)]

Other Threads:
  0x0000000017157800 VMThread [stack: 0x0000000018220000,0x0000000018320000] [id=12264]
  0x0000000018b38800 WatcherThread [stack: 0x0000000019020000,0x0000000019120000] [id=11176]

VM state:not at safepoint (normal execution)

VM Mutex/Monitor currently owned by a thread: None

Heap:
 PSYoungGen      total 70656K, used 2784K [0x00000000d6300000, 0x00000000de800000, 0x0000000100000000)
  eden space 65536K, 2% used [0x00000000d6300000,0x00000000d6448100,0x00000000da300000)
  from space 5120K, 28% used [0x00000000da300000,0x00000000da470020,0x00000000da800000)
  to   space 2560K, 0% used [0x00000000de580000,0x00000000de580000,0x00000000de800000)
 ParOldGen       total 86016K, used 96K [0x0000000082800000, 0x0000000087c00000, 0x00000000d6300000)
  object space 86016K, 0% used [0x0000000082800000,0x0000000082818010,0x0000000087c00000)
 Metaspace       used 6399K, capacity 6440K, committed 6784K, reserved 1056768K
  class space    used 773K, capacity 784K, committed 896K, reserved 1048576K

Card table byte_map: [0x0000000011ab0000,0x0000000011ea0000] byte_map_base: 0x000000001169c000

Marking Bits: (ParMarkBitMap*) 0x0000000071af4040
 Begin Bits: [0x0000000012540000, 0x00000000144a0000)
 End Bits:   [0x00000000144a0000, 0x0000000016400000)

Polling page: 0x0000000000cc0000

CodeCache: size=245760Kb used=2941Kb max_used=2955Kb free=242818Kb
 bounds [0x00000000026f0000, 0x00000000029e0000, 0x00000000116f0000]
 total_blobs=945 nmethods=633 adapters=225
 compilation: enabled

Compilation events (10 events):
Event: 1.270 Thread 0x0000000017194000  630       3       com.google.ortools.linearsolver.MPSolver::finalize (5 bytes)
Event: 1.270 Thread 0x0000000017194000 nmethod 630 0x00000000029c5910 code [0x00000000029c5a80, 0x00000000029c5ea8]
Event: 1.270 Thread 0x0000000017194000  631  s    3       com.google.ortools.linearsolver.MPSolver::delete (34 bytes)
Event: 1.270 Thread 0x0000000017194000 nmethod 631 0x00000000029c5090 code [0x00000000029c5200, 0x00000000029c55a8]
Event: 1.270 Thread 0x0000000017194000  632       3       java.lang.ref.Finalizer::access$100 (6 bytes)
Event: 1.270 Thread 0x0000000017194000 nmethod 632 0x00000000029c4c90 code [0x00000000029c4e00, 0x00000000029c4f68]
Event: 1.270 Thread 0x0000000017194000  633   !   3       java.lang.ref.Finalizer::runFinalizer (62 bytes)
Event: 1.271 Thread 0x0000000017194000 nmethod 633 0x00000000029cd450 code [0x00000000029cd600, 0x00000000029cde78]
Event: 1.271 Thread 0x0000000017194000  634   !   3       java.lang.ref.Finalizer::remove (94 bytes)
Event: 1.271 Thread 0x0000000017194000 nmethod 634 0x00000000029cccd0 code [0x00000000029cce40, 0x00000000029cd310]

GC Heap History (10 events):
Event: 0.645 GC heap before
{Heap before GC invocations=1 (full 0):
 PSYoungGen      total 37888K, used 32768K [0x00000000d6300000, 0x00000000d8d00000, 0x0000000100000000)
  eden space 32768K, 100% used [0x00000000d6300000,0x00000000d8300000,0x00000000d8300000)
  from space 5120K, 0% used [0x00000000d8800000,0x00000000d8800000,0x00000000d8d00000)
  to   space 5120K, 0% used [0x00000000d8300000,0x00000000d8300000,0x00000000d8800000)
 ParOldGen       total 86016K, used 0K [0x0000000082800000, 0x0000000087c00000, 0x00000000d6300000)
  object space 86016K, 0% used [0x0000000082800000,0x0000000082800000,0x0000000087c00000)
 Metaspace       used 6330K, capacity 6440K, committed 6784K, reserved 1056768K
  class space    used 773K, capacity 784K, committed 896K, reserved 1048576K
Event: 0.649 GC heap after
Heap after GC invocations=1 (full 0):
 PSYoungGen      total 37888K, used 2304K [0x00000000d6300000, 0x00000000d8d00000, 0x0000000100000000)
  eden space 32768K, 0% used [0x00000000d6300000,0x00000000d6300000,0x00000000d8300000)
  from space 5120K, 45% used [0x00000000d8300000,0x00000000d8540020,0x00000000d8800000)
  to   space 5120K, 0% used [0x00000000d8800000,0x00000000d8800000,0x00000000d8d00000)
 ParOldGen       total 86016K, used 72K [0x0000000082800000, 0x0000000087c00000, 0x00000000d6300000)
  object space 86016K, 0% used [0x0000000082800000,0x0000000082812010,0x0000000087c00000)
 Metaspace       used 6330K, capacity 6440K, committed 6784K, reserved 1056768K
  class space    used 773K, capacity 784K, committed 896K, reserved 1048576K
}
Event: 0.781 GC heap before
{Heap before GC invocations=2 (full 0):
 PSYoungGen      total 37888K, used 35072K [0x00000000d6300000, 0x00000000d8d00000, 0x0000000100000000)
  eden space 32768K, 100% used [0x00000000d6300000,0x00000000d8300000,0x00000000d8300000)
  from space 5120K, 45% used [0x00000000d8300000,0x00000000d8540020,0x00000000d8800000)
  to   space 5120K, 0% used [0x00000000d8800000,0x00000000d8800000,0x00000000d8d00000)
 ParOldGen       total 86016K, used 72K [0x0000000082800000, 0x0000000087c00000, 0x00000000d6300000)
  object space 86016K, 0% used [0x0000000082800000,0x0000000082812010,0x0000000087c00000)
 Metaspace       used 6356K, capacity 6440K, committed 6784K, reserved 1056768K
  class space    used 773K, capacity 784K, committed 896K, reserved 1048576K
Event: 0.785 GC heap after
Heap after GC invocations=2 (full 0):
 PSYoungGen      total 37888K, used 1328K [0x00000000d6300000, 0x00000000dad00000, 0x0000000100000000)
  eden space 32768K, 0% used [0x00000000d6300000,0x00000000d6300000,0x00000000d8300000)
  from space 5120K, 25% used [0x00000000d8800000,0x00000000d894c010,0x00000000d8d00000)
  to   space 5120K, 0% used [0x00000000d8300000,0x00000000d8300000,0x00000000d8800000)
 ParOldGen       total 86016K, used 80K [0x0000000082800000, 0x0000000087c00000, 0x00000000d6300000)
  object space 86016K, 0% used [0x0000000082800000,0x0000000082814010,0x0000000087c00000)
 Metaspace       used 6356K, capacity 6440K, committed 6784K, reserved 1056768K
  class space    used 773K, capacity 784K, committed 896K, reserved 1048576K
}
Event: 0.894 GC heap before
{Heap before GC invocations=3 (full 0):
 PSYoungGen      total 37888K, used 34096K [0x00000000d6300000, 0x00000000dad00000, 0x0000000100000000)
  eden space 32768K, 100% used [0x00000000d6300000,0x00000000d8300000,0x00000000d8300000)
  from space 5120K, 25% used [0x00000000d8800000,0x00000000d894c010,0x00000000d8d00000)
  to   space 5120K, 0% used [0x00000000d8300000,0x00000000d8300000,0x00000000d8800000)
 ParOldGen       total 86016K, used 80K [0x0000000082800000, 0x0000000087c00000, 0x00000000d6300000)
  object space 86016K, 0% used [0x0000000082800000,0x0000000082814010,0x0000000087c00000)
 Metaspace       used 6390K, capacity 6440K, committed 6784K, reserved 1056768K
  class space    used 773K, capacity 784K, committed 896K, reserved 1048576K
Event: 0.896 GC heap after
Heap after GC invocations=3 (full 0):
 PSYoungGen      total 37888K, used 1360K [0x00000000d6300000, 0x00000000dad00000, 0x0000000100000000)
  eden space 32768K, 0% used [0x00000000d6300000,0x00000000d6300000,0x00000000d8300000)
  from space 5120K, 26% used [0x00000000d8300000,0x00000000d8454010,0x00000000d8800000)
  to   space 5120K, 0% used [0x00000000da800000,0x00000000da800000,0x00000000dad00000)
 ParOldGen       total 86016K, used 88K [0x0000000082800000, 0x0000000087c00000, 0x00000000d6300000)
  object space 86016K, 0% used [0x0000000082800000,0x0000000082816010,0x0000000087c00000)
 Metaspace       used 6390K, capacity 6440K, committed 6784K, reserved 1056768K
  class space    used 773K, capacity 784K, committed 896K, reserved 1048576K
}
Event: 1.020 GC heap before
{Heap before GC invocations=4 (full 0):
 PSYoungGen      total 37888K, used 34128K [0x00000000d6300000, 0x00000000dad00000, 0x0000000100000000)
  eden space 32768K, 100% used [0x00000000d6300000,0x00000000d8300000,0x00000000d8300000)
  from space 5120K, 26% used [0x00000000d8300000,0x00000000d8454010,0x00000000d8800000)
  to   space 5120K, 0% used [0x00000000da800000,0x00000000da800000,0x00000000dad00000)
 ParOldGen       total 86016K, used 88K [0x0000000082800000, 0x0000000087c00000, 0x00000000d6300000)
  object space 86016K, 0% used [0x0000000082800000,0x0000000082816010,0x0000000087c00000)
 Metaspace       used 6392K, capacity 6440K, committed 6784K, reserved 1056768K
  class space    used 773K, capacity 784K, committed 896K, reserved 1048576K
Event: 1.023 GC heap after
Heap after GC invocations=4 (full 0):
 PSYoungGen      total 70656K, used 1360K [0x00000000d6300000, 0x00000000dad00000, 0x0000000100000000)
  eden space 65536K, 0% used [0x00000000d6300000,0x00000000d6300000,0x00000000da300000)
  from space 5120K, 26% used [0x00000000da800000,0x00000000da954010,0x00000000dad00000)
  to   space 5120K, 0% used [0x00000000da300000,0x00000000da300000,0x00000000da800000)
 ParOldGen       total 86016K, used 88K [0x0000000082800000, 0x0000000087c00000, 0x00000000d6300000)
  object space 86016K, 0% used [0x0000000082800000,0x0000000082816010,0x0000000087c00000)
 Metaspace       used 6392K, capacity 6440K, committed 6784K, reserved 1056768K
  class space    used 773K, capacity 784K, committed 896K, reserved 1048576K
}
Event: 1.260 GC heap before
{Heap before GC invocations=5 (full 0):
 PSYoungGen      total 70656K, used 66896K [0x00000000d6300000, 0x00000000dad00000, 0x0000000100000000)
  eden space 65536K, 100% used [0x00000000d6300000,0x00000000da300000,0x00000000da300000)
  from space 5120K, 26% used [0x00000000da800000,0x00000000da954010,0x00000000dad00000)
  to   space 5120K, 0% used [0x00000000da300000,0x00000000da300000,0x00000000da800000)
 ParOldGen       total 86016K, used 88K [0x0000000082800000, 0x0000000087c00000, 0x00000000d6300000)
  object space 86016K, 0% used [0x0000000082800000,0x0000000082816010,0x0000000087c00000)
 Metaspace       used 6399K, capacity 6440K, committed 6784K, reserved 1056768K
  class space    used 773K, capacity 784K, committed 896K, reserved 1048576K
Event: 1.264 GC heap after
Heap after GC invocations=5 (full 0):
 PSYoungGen      total 70656K, used 1472K [0x00000000d6300000, 0x00000000de800000, 0x0000000100000000)
  eden space 65536K, 0% used [0x00000000d6300000,0x00000000d6300000,0x00000000da300000)
  from space 5120K, 28% used [0x00000000da300000,0x00000000da470020,0x00000000da800000)
  to   space 2560K, 0% used [0x00000000de580000,0x00000000de580000,0x00000000de800000)
 ParOldGen       total 86016K, used 96K [0x0000000082800000, 0x0000000087c00000, 0x00000000d6300000)
  object space 86016K, 0% used [0x0000000082800000,0x0000000082818010,0x0000000087c00000)
 Metaspace       used 6399K, capacity 6440K, committed 6784K, reserved 1056768K
  class space    used 773K, capacity 784K, committed 896K, reserved 1048576K
}

Deoptimization events (6 events):
Event: 0.485 Thread 0x0000000000d6e000 Uncommon trap: reason=predicate action=maybe_recompile pc=0x0000000002900f54 method=io.github.oliviercailloux.uta_calculator.model.PartialValueFunction.getDerivative(D)D @ 74
Event: 0.508 Thread 0x0000000000d6e000 Uncommon trap: reason=range_check action=make_not_entrant pc=0x0000000002906ef8 method=java.util.ArrayList.elementData(I)Ljava/lang/Object; @ 5
Event: 1.108 Thread 0x0000000000d6e000 Uncommon trap: reason=unstable_if action=reinterpret pc=0x000000000295cc74 method=sun.misc.FloatingDecimal$BinaryToASCIIBuffer.dtoa(IJIZ)V @ 1275
Event: 1.270 Thread 0x00000000026e8800 Uncommon trap: reason=unstable_if action=reinterpret pc=0x00000000029b6a3c method=java.lang.ref.Finalizer.remove()V @ 10
Event: 1.270 Thread 0x00000000026e8800 Uncommon trap: reason=unstable_if action=reinterpret pc=0x00000000029b6024 method=java.lang.ref.Finalizer.remove()V @ 10
Event: 1.270 Thread 0x00000000026e8800 Uncommon trap: reason=unstable_if action=reinterpret pc=0x00000000029a1e28 method=java.lang.ref.Finalizer.remove()V @ 10

Internal exceptions (8 events):
Event: 0.048 Thread 0x0000000000d6e000 Exception <a 'java/lang/NoSuchMethodError': Method sun.misc.Unsafe.defineClass(Ljava/lang/String;[BII)Ljava/lang/Class; name or signature does not match> (0x00000000d630cf30) thrown at [C:\re\workspace\8-2-build-windows-amd64-cygwin\jdk8u51\3951\hotspot\sro#kˇé®?
Event: 0.048 Thread 0x0000000000d6e000 Exception <a 'java/lang/NoSuchMethodError': Method sun.misc.Unsafe.prefetchRead(Ljava/lang/Object;J)V name or signature does not match> (0x00000000d630d1c0) thrown at [C:\re\workspace\8-2-build-windows-amd64-cygwin\jdk8u51\3951\hotspot\src\share\vm\prims\j˘≤Å\à⁄√?
Event: 0.155 Thread 0x0000000000d6e000 Exception <a 'java/security/PrivilegedActionException'> (0x00000000d6524e90) thrown at [C:\re\workspace\8-2-build-windows-amd64-cygwin\jdk8u51\3951\hotspot\src\share\vm\prims\jvm.cpp, line 1382]
Event: 0.155 Thread 0x0000000000d6e000 Exception <a 'java/security/PrivilegedActionException'> (0x00000000d6525048) thrown at [C:\re\workspace\8-2-build-windows-amd64-cygwin\jdk8u51\3951\hotspot\src\share\vm\prims\jvm.cpp, line 1382]
Event: 0.156 Thread 0x0000000000d6e000 Exception <a 'java/security/PrivilegedActionException'> (0x00000000d6528b40) thrown at [C:\re\workspace\8-2-build-windows-amd64-cygwin\jdk8u51\3951\hotspot\src\share\vm\prims\jvm.cpp, line 1382]
Event: 0.156 Thread 0x0000000000d6e000 Exception <a 'java/security/PrivilegedActionException'> (0x00000000d6528cf8) thrown at [C:\re\workspace\8-2-build-windows-amd64-cygwin\jdk8u51\3951\hotspot\src\share\vm\prims\jvm.cpp, line 1382]
Event: 0.201 Thread 0x0000000000d6e000 Exception <a 'java/io/FileNotFoundException'> (0x00000000d6679a70) thrown at [C:\re\workspace\8-2-build-windows-amd64-cygwin\jdk8u51\3951\hotspot\src\share\vm\prims\jni.cpp, line 709]
Event: 0.426 Thread 0x0000000000d6e000 Exception <a 'java/lang/NoSuchMethodError': org.slf4j.impl.StaticMDCBinder.getSingleton()Lorg/slf4j/impl/StaticMDCBinder;> (0x00000000d6b54d30) thrown at [C:\re\workspace\8-2-build-windows-amd64-cygwin\jdk8u51\3951\hotspot\src\share\vm\interpreter\linkReso

Events (10 events):
Event: 1.264 Executing VM operation: ParallelGCFailedAllocation done
Event: 1.270 Thread 0x00000000026e8800 Uncommon trap: trap_request=0xffffff65 fr.pc=0x00000000029b6a3c
Event: 1.270 Thread 0x00000000026e8800 DEOPT PACKING pc=0x00000000029b6a3c sp=0x000000001851f450
Event: 1.270 Thread 0x00000000026e8800 DEOPT UNPACKING pc=0x000000000273582a sp=0x000000001851f348 mode 2
Event: 1.270 Thread 0x00000000026e8800 Uncommon trap: trap_request=0xffffff65 fr.pc=0x00000000029b6024
Event: 1.270 Thread 0x00000000026e8800 DEOPT PACKING pc=0x00000000029b6024 sp=0x000000001851f3f0
Event: 1.270 Thread 0x00000000026e8800 DEOPT UNPACKING pc=0x000000000273582a sp=0x000000001851f348 mode 2
Event: 1.270 Thread 0x00000000026e8800 Uncommon trap: trap_request=0xffffff65 fr.pc=0x00000000029a1e28
Event: 1.270 Thread 0x00000000026e8800 DEOPT PACKING pc=0x00000000029a1e28 sp=0x000000001851f3b0
Event: 1.270 Thread 0x00000000026e8800 DEOPT UNPACKING pc=0x000000000273582a sp=0x000000001851f350 mode 2


Dynamic libraries:
0x00007ff7a9670000 - 0x00007ff7a96a7000 	C:\Program Files\Java\jre1.8.0_51\bin\javaw.exe
0x00007ffe2e890000 - 0x00007ffe2ea62000 	C:\WINDOWS\SYSTEM32\ntdll.dll
0x00007ffe2e3e0000 - 0x00007ffe2e48c000 	C:\WINDOWS\System32\KERNEL32.DLL
0x00007ffe2b1e0000 - 0x00007ffe2b3fd000 	C:\WINDOWS\System32\KERNELBASE.dll
0x00007ffe2e7e0000 - 0x00007ffe2e882000 	C:\WINDOWS\System32\ADVAPI32.dll
0x00007ffe2e340000 - 0x00007ffe2e3de000 	C:\WINDOWS\System32\msvcrt.dll
0x00007ffe2d8a0000 - 0x00007ffe2d8f9000 	C:\WINDOWS\System32\sechost.dll
0x00007ffe2e150000 - 0x00007ffe2e271000 	C:\WINDOWS\System32\RPCRT4.dll
0x00007ffe2dd40000 - 0x00007ffe2dea5000 	C:\WINDOWS\System32\USER32.dll
0x00007ffe2ade0000 - 0x00007ffe2adfe000 	C:\WINDOWS\System32\win32u.dll
0x00007ffe2db30000 - 0x00007ffe2db64000 	C:\WINDOWS\System32\GDI32.dll
0x00007ffe2bbf0000 - 0x00007ffe2bd70000 	C:\WINDOWS\System32\gdi32full.dll
0x00007ffe27340000 - 0x00007ffe275ba000 	C:\WINDOWS\WinSxS\amd64_microsoft.windows.common-controls_6595b64144ccf1df_6.0.14393.953_none_42151e83c686086b\COMCTL32.dll
0x00007ffe2e490000 - 0x00007ffe2e758000 	C:\WINDOWS\System32\combase.dll
0x00007ffe2b0e0000 - 0x00007ffe2b1d5000 	C:\WINDOWS\System32\ucrtbase.dll
0x00007ffe2aea0000 - 0x00007ffe2af0a000 	C:\WINDOWS\System32\bcryptPrimitives.dll
0x00007ffe2db70000 - 0x00007ffe2db9e000 	C:\WINDOWS\System32\IMM32.DLL
0x0000000071b80000 - 0x0000000071c52000 	C:\Program Files\Java\jre1.8.0_51\bin\msvcr100.dll
0x00000000712f0000 - 0x0000000071b73000 	C:\Program Files\Java\jre1.8.0_51\bin\server\jvm.dll
0x00007ffe2d780000 - 0x00007ffe2d788000 	C:\WINDOWS\System32\PSAPI.DLL
0x00007ffe1d4b0000 - 0x00007ffe1d4b9000 	C:\WINDOWS\SYSTEM32\WSOCK32.dll
0x00007ffe2d900000 - 0x00007ffe2d96a000 	C:\WINDOWS\System32\WS2_32.dll
0x00007ffe28040000 - 0x00007ffe28063000 	C:\WINDOWS\SYSTEM32\WINMM.dll
0x00007ffe1ca10000 - 0x00007ffe1ca1a000 	C:\WINDOWS\SYSTEM32\VERSION.dll
0x00007ffe27e70000 - 0x00007ffe27e9b000 	C:\WINDOWS\SYSTEM32\WINMMBASE.dll
0x00007ffe2ad90000 - 0x00007ffe2add2000 	C:\WINDOWS\System32\cfgmgr32.dll
0x0000000074af0000 - 0x0000000074aff000 	C:\Program Files\Java\jre1.8.0_51\bin\verify.dll
0x0000000074850000 - 0x0000000074879000 	C:\Program Files\Java\jre1.8.0_51\bin\java.dll
0x0000000074500000 - 0x0000000074516000 	C:\Program Files\Java\jre1.8.0_51\bin\zip.dll
0x00007ffe2c250000 - 0x00007ffe2d758000 	C:\WINDOWS\System32\SHELL32.dll
0x00007ffe2b400000 - 0x00007ffe2bada000 	C:\WINDOWS\System32\windows.storage.dll
0x00007ffe2ad30000 - 0x00007ffe2ad7c000 	C:\WINDOWS\System32\powrprof.dll
0x00007ffe2dad0000 - 0x00007ffe2db22000 	C:\WINDOWS\System32\shlwapi.dll
0x00007ffe2ad20000 - 0x00007ffe2ad2f000 	C:\WINDOWS\System32\kernel.appcore.dll
0x00007ffe2bae0000 - 0x00007ffe2bb89000 	C:\WINDOWS\System32\shcore.dll
0x00007ffe2ad00000 - 0x00007ffe2ad14000 	C:\WINDOWS\System32\profapi.dll
0x00000000744e0000 - 0x00000000744fa000 	C:\Program Files\Java\jre1.8.0_51\bin\net.dll
0x00007ffe2a5d0000 - 0x00007ffe2a62c000 	C:\WINDOWS\system32\mswsock.dll
0x00007ffe163b0000 - 0x00007ffe163c6000 	C:\WINDOWS\system32\napinsp.dll
0x00007ffe16570000 - 0x00007ffe1658a000 	C:\WINDOWS\system32\pnrpnsp.dll
0x00007ffe28970000 - 0x00007ffe28988000 	C:\WINDOWS\system32\NLAapi.dll
0x00007ffe2a390000 - 0x00007ffe2a431000 	C:\WINDOWS\SYSTEM32\DNSAPI.dll
0x00007ffe2d890000 - 0x00007ffe2d898000 	C:\WINDOWS\System32\NSI.dll
0x00007ffe2a350000 - 0x00007ffe2a388000 	C:\WINDOWS\SYSTEM32\IPHLPAPI.DLL
0x00007ffe177e0000 - 0x00007ffe177ee000 	C:\WINDOWS\System32\winrnr.dll
0x0000000075850000 - 0x0000000075876000 	C:\Program Files\Bonjour\mdnsNSP.dll
0x00007ffe26530000 - 0x00007ffe26545000 	C:\WINDOWS\System32\wshbth.dll
0x00007ffe1ca00000 - 0x00007ffe1ca0a000 	C:\Windows\System32\rasadhlp.dll
0x00007ffe20340000 - 0x00007ffe203aa000 	C:\WINDOWS\System32\fwpuclnt.dll
0x00007ffe2ac40000 - 0x00007ffe2ac6b000 	C:\WINDOWS\SYSTEM32\bcrypt.dll
0x00007ffddaf70000 - 0x00007ffddbda9000 	C:\Users\Elie\git\decision-uta-method\uta-calculator\lib\jniortools.dll
0x00007ffe1d350000 - 0x00007ffe1d43f000 	C:\WINDOWS\SYSTEM32\MSVCR120.dll
0x00007ffe19cb0000 - 0x00007ffe19d56000 	C:\WINDOWS\SYSTEM32\MSVCP120.dll
0x00007ffe1bdf0000 - 0x00007ffe1bf82000 	C:\WINDOWS\SYSTEM32\dbghelp.dll

VM Arguments:
jvm_args: -Djava.library.path=C:\Users\Elie\git\decision-uta-method\uta-calculator\lib -Dfile.encoding=UTF-8 
java_command: io.github.oliviercailloux.uta_calculator.view.MainSimulation
java_class_path (initial): C:\Users\Elie\git\decision-uta-method\uta-calculator\target\classes;C:\Users\Elie\.m2\repository\com\google\ortools\ortools\2015.08\ortools-2015.08.jar;C:\Users\Elie\.m2\repository\org\slf4j\slf4j-api\1.7.21\slf4j-api-1.7.21.jar;C:\Users\Elie\.m2\repository\com\google\guava\guava\20.0\guava-20.0.jar;C:\Users\Elie\.m2\repository\ch\qos\logback\logback-classic\1.1.7\logback-classic-1.1.7.jar;C:\Users\Elie\.m2\repository\ch\qos\logback\logback-core\1.1.7\logback-core-1.1.7.jar;C:\Users\Elie\.m2\repository\org\apache\commons\commons-math\2.2\commons-math-2.2.jar;C:\Users\Elie\.m2\repository\protobuf\protobuf\3.3.0\protobuf-3.3.0.jar
Launcher Type: SUN_STANDARD

Environment Variables:
JAVA_HOME=C:\Oracle\Middleware\Oracle_Home\oracle_common\jdk
USERNAME=Elie
OS=Windows_NT
PROCESSOR_IDENTIFIER=Intel64 Family 6 Model 58 Stepping 9, GenuineIntel



---------------  S Y S T E M  ---------------

OS: Windows 10.0 , 64 bit Build 14393 (10.0.14393.1198)

CPU:total 4 (2 cores per cpu, 2 threads per core) family 6 model 58 stepping 9, cmov, cx8, fxsr, mmx, sse, sse2, sse3, ssse3, sse4.1, sse4.2, popcnt, avx, clmul, erms, ht, tsc, tscinvbit, tscinv

Memory: 4k page, physical 8222948k(3180668k free), swap 10715372k(2990980k free)

vm_info: Java HotSpot(TM) 64-Bit Server VM (25.51-b03) for windows-amd64 JRE (1.8.0_51-b16), built on Jun  8 2015 18:03:07 by "java_re" with MS VC++ 10.0 (VS2010)

time: Wed Aug 23 19:07:00 2017
elapsed time: 1 seconds (0d 0h 0m 1s)

