#
# A fatal error has been detected by the Java Runtime Environment:
#
#  EXCEPTION_ACCESS_VIOLATION (0xc0000005) at pc=0x00007ffddb6a703a, pid=7152, tid=3356
#
# JRE version: Java(TM) SE Runtime Environment (8.0_51-b16) (build 1.8.0_51-b16)
# Java VM: Java HotSpot(TM) 64-Bit Server VM (25.51-b03 mixed mode windows-amd64 compressed oops)
# Problematic frame:
# C  [jniortools.dll+0x3b703a]
#
# Failed to write core dump. Minidumps are not enabled by default on client versions of Windows
#
# If you would like to submit a bug report, please visit:
#   http://bugreport.java.com/bugreport/crash.jsp
# The crash happened outside the Java Virtual Machine in native code.
# See problematic frame for where to report the bug.
#

---------------  T H R E A D  ---------------

Current thread (0x0000000002bee000):  JavaThread "main" [_thread_in_native, id=3356, stack(0x00000000028f0000,0x00000000029f0000)]

siginfo: ExceptionCode=0xc0000005, reading address 0x000000001a5fb330

Registers:
RAX=0x00000000e6587ce0, RBX=0x000000010001e9b0, RCX=0x000000001a5fb2e0, RDX=0x00000000029eee20
RSP=0x00000000029eeda0, RBP=0x00000000029eee30, RSI=0x00000000172599c0, RDI=0x00000001000c06f8
R8 =0x000000001a5fb2e0, R9 =0x00000000029eedf8, R10=0x00007ffddb399920, R11=0x00000000d6336f58
R12=0x0000000000000000, R13=0x0000000000000000, R14=0x00000000029eee20, R15=0x0000000002bee000
RIP=0x00007ffddb6a703a, EFLAGS=0x0000000000010206

Top of Stack: (sp=0x00000000029eeda0)
0x00000000029eeda0:   0000000000000003 0000000002df57c1
0x00000000029eedb0:   0000000000000035 00000000828b7cb0
0x00000000029eedc0:   00000001000c06f8 0000000002e1f0db
0x00000000029eedd0:   000000010001e9b0 0000000000000201
0x00000000029eede0:   0000000000000068 00000000e65800a8
0x00000000029eedf0:   00000000d6331728 00000000e6587ce0
0x00000000029eee00:   00002c0400000000 000000008281a4c8
0x00000000029eee10:   00002bf700002c14 0000000100000208
0x00000000029eee20:   0000000082812010 0000000000002bcc
0x00000000029eee30:   00000000029ef3a8 0000000002facc8c
0x00000000029eee40:   01d31c3289f0ad84 ddc7b78000000000
0x00000000029eee50:   000000000000001d 000000007146a170
0x00000000029eee60:   0000000002bee000 00000000029eeee8
0x00000000029eee70:   0000000000000000 00000000029eef30
0x00000000029eee80:   0000000000000042 3fdaa10a00000004
0x00000000029eee90:   0000000002bee000 0000000002e381b8 

Instructions: (pc=0x00007ffddb6a703a)
0x00007ffddb6a701a:   00 48 85 d2 48 0f 45 c2 c3 cc cc cc cc cc cc cc
0x00007ffddb6a702a:   cc cc cc cc cc cc 48 89 5c 24 08 57 48 83 ec 20
0x00007ffddb6a703a:   48 8b 79 50 48 8b d9 48 8b cf e8 d7 51 ff ff 84
0x00007ffddb6a704a:   c0 74 32 48 8b 07 48 8b cf ff 90 a0 00 00 00 84 


Register to memory mapping:

RAX=0x00000000e6587ce0 is an oop
com.google.ortools.linearsolver.MPVariable 
 - klass: 'com/google/ortools/linearsolver/MPVariable'
RBX=0x000000010001e9b0 is pointing into metadata
RCX=0x000000001a5fb2e0 is an unknown value
RDX=0x00000000029eee20 is pointing into the stack for thread: 0x0000000002bee000
RSP=0x00000000029eeda0 is pointing into the stack for thread: 0x0000000002bee000
RBP=0x00000000029eee30 is pointing into the stack for thread: 0x0000000002bee000
RSI=0x00000000172599c0 is pointing into metadata
RDI=0x00000001000c06f8 is pointing into metadata
R8 =0x000000001a5fb2e0 is an unknown value
R9 =0x00000000029eedf8 is pointing into the stack for thread: 0x0000000002bee000
R10=0x00007ffddb399920 is an unknown value
R11=0x00000000d6336f58 is an oop
java.lang.StringBuilder 
 - klass: 'java/lang/StringBuilder'
R12=0x0000000000000000 is an unknown value
R13=0x0000000000000000 is an unknown value
R14=0x00000000029eee20 is pointing into the stack for thread: 0x0000000002bee000
R15=0x0000000002bee000 is a thread


Stack: [0x00000000028f0000,0x00000000029f0000],  sp=0x00000000029eeda0,  free space=1019k
Native frames: (J=compiled Java code, j=interpreted, Vv=VM code, C=native code)
C  [jniortools.dll+0x3b703a]
C  0x0000000002e1f0db

Java frames: (J=compiled Java code, j=interpreted, Vv=VM code)
J 471  com.google.ortools.linearsolver.operations_research_linear_solverJNI.MPVariable_solutionValue(JLcom/google/ortools/linearsolver/MPVariable;)D (0 bytes) @ 0x0000000002e1f055 [0x0000000002e1f000+0x55]
J 576 C1 io.github.oliviercailloux.uta_calculator.model.UTASTAR.findValueFunction()Lio/github/oliviercailloux/uta_calculator/model/ValueFunction; (2313 bytes) @ 0x0000000002facc8c [0x0000000002f97e20+0x14e6c]
j  io.github.oliviercailloux.uta_calculator.view.MainSimulation.getDifferenceRank(III)I+201
j  io.github.oliviercailloux.uta_calculator.view.MainSimulation.simulation()V+29
j  io.github.oliviercailloux.uta_calculator.view.MainSimulation.main([Ljava/lang/String;)V+9
v  ~StubRoutines::call_stub

---------------  P R O C E S S  ---------------

Java Threads: ( => current thread )
  0x00000000176ed800 JavaThread "Service Thread" daemon [_thread_blocked, id=4252, stack(0x00000000193e0000,0x00000000194e0000)]
  0x0000000017695000 JavaThread "C1 CompilerThread2" daemon [_thread_blocked, id=13512, stack(0x0000000018ee0000,0x0000000018fe0000)]
  0x0000000017691800 JavaThread "C2 CompilerThread1" daemon [_thread_blocked, id=1160, stack(0x0000000018de0000,0x0000000018ee0000)]
  0x000000001768f000 JavaThread "C2 CompilerThread0" daemon [_thread_in_native, id=8896, stack(0x0000000018ce0000,0x0000000018de0000)]
  0x000000001768d800 JavaThread "Attach Listener" daemon [_thread_blocked, id=10168, stack(0x0000000018be0000,0x0000000018ce0000)]
  0x000000001768c000 JavaThread "Signal Dispatcher" daemon [_thread_blocked, id=5532, stack(0x0000000018ae0000,0x0000000018be0000)]
  0x0000000002b38000 JavaThread "Finalizer" daemon [_thread_blocked, id=11656, stack(0x00000000188e0000,0x00000000189e0000)]
  0x0000000002b2f000 JavaThread "Reference Handler" daemon [_thread_blocked, id=5864, stack(0x00000000187e0000,0x00000000188e0000)]
=>0x0000000002bee000 JavaThread "main" [_thread_in_native, id=3356, stack(0x00000000028f0000,0x00000000029f0000)]

Other Threads:
  0x0000000017658000 VMThread [stack: 0x00000000186e0000,0x00000000187e0000] [id=13628]
  0x0000000019011000 WatcherThread [stack: 0x00000000194e0000,0x00000000195e0000] [id=9036]

VM state:not at safepoint (normal execution)

VM Mutex/Monitor currently owned by a thread: None

Heap:
 PSYoungGen      total 264704K, used 5524K [0x00000000d6300000, 0x00000000e6800000, 0x0000000100000000)
  eden space 262144K, 2% used [0x00000000d6300000,0x00000000d681fb08,0x00000000e6300000)
  from space 2560K, 10% used [0x00000000e6580000,0x00000000e65c5788,0x00000000e6800000)
  to   space 2560K, 0% used [0x00000000e6300000,0x00000000e6300000,0x00000000e6580000)
 ParOldGen       total 86016K, used 1229K [0x0000000082800000, 0x0000000087c00000, 0x00000000d6300000)
  object space 86016K, 1% used [0x0000000082800000,0x00000000829336e0,0x0000000087c00000)
 Metaspace       used 6371K, capacity 6440K, committed 6784K, reserved 1056768K
  class space    used 773K, capacity 784K, committed 896K, reserved 1048576K

Card table byte_map: [0x0000000011fb0000,0x00000000123a0000] byte_map_base: 0x0000000011b9c000

Marking Bits: (ParMarkBitMap*) 0x0000000071af4040
 Begin Bits: [0x0000000012a40000, 0x00000000149a0000)
 End Bits:   [0x00000000149a0000, 0x0000000016900000)

Polling page: 0x00000000029f0000

CodeCache: size=245760Kb used=3936Kb max_used=3951Kb free=241823Kb
 bounds [0x0000000002bf0000, 0x0000000002fd0000, 0x0000000011bf0000]
 total_blobs=894 nmethods=582 adapters=225
 compilation: enabled

Compilation events (10 events):
Event: 1.043 Thread 0x0000000017691800 nmethod 577 0x0000000002e4cf10 code [0x0000000002e4d060, 0x0000000002e4d458]
Event: 1.048 Thread 0x0000000017695000 nmethod 576 0x0000000002f95a90 code [0x0000000002f97e20, 0x0000000002fb35c8]
Event: 1.053 Thread 0x000000001768f000  578 %     4       io.github.oliviercailloux.uta_calculator.model.UTASTAR::findValueFunction @ 204 (2313 bytes)
Event: 1.061 Thread 0x0000000017691800  579       4       java.lang.Integer::numberOfLeadingZeros (76 bytes)
Event: 1.062 Thread 0x0000000017691800 nmethod 579 0x0000000002e4b510 code [0x0000000002e4b640, 0x0000000002e4b6f8]
Event: 1.069 Thread 0x0000000017691800  580       4       sun.misc.FloatingDecimal$BinaryToASCIIBuffer::appendTo (72 bytes)
Event: 1.073 Thread 0x0000000017691800 nmethod 580 0x0000000002fc9f10 code [0x0000000002fca080, 0x0000000002fca508]
Event: 1.073 Thread 0x0000000017691800  581       4       com.google.ortools.linearsolver.MPSolver::makeNumVar (36 bytes)
Event: 1.075 Thread 0x0000000017691800 nmethod 581 0x0000000002f28e50 code [0x0000000002f28fa0, 0x0000000002f290e8]
Event: 1.087 Thread 0x0000000017691800  582       4       java.lang.Object::toString (36 bytes)

GC Heap History (10 events):
Event: 0.675 GC heap before
{Heap before GC invocations=4 (full 0):
 PSYoungGen      total 37888K, used 34148K [0x00000000d6300000, 0x00000000dad00000, 0x0000000100000000)
  eden space 32768K, 100% used [0x00000000d6300000,0x00000000d8300000,0x00000000d8300000)
  from space 5120K, 26% used [0x00000000d8300000,0x00000000d8459108,0x00000000d8800000)
  to   space 5120K, 0% used [0x00000000da800000,0x00000000da800000,0x00000000dad00000)
 ParOldGen       total 86016K, used 88K [0x0000000082800000, 0x0000000087c00000, 0x00000000d6300000)
  object space 86016K, 0% used [0x0000000082800000,0x0000000082816010,0x0000000087c00000)
 Metaspace       used 6345K, capacity 6440K, committed 6784K, reserved 1056768K
  class space    used 773K, capacity 784K, committed 896K, reserved 1048576K
Event: 0.677 GC heap after
Heap after GC invocations=4 (full 0):
 PSYoungGen      total 70656K, used 1312K [0x00000000d6300000, 0x00000000dad00000, 0x0000000100000000)
  eden space 65536K, 0% used [0x00000000d6300000,0x00000000d6300000,0x00000000da300000)
  from space 5120K, 25% used [0x00000000da800000,0x00000000da948020,0x00000000dad00000)
  to   space 5120K, 0% used [0x00000000da300000,0x00000000da300000,0x00000000da800000)
 ParOldGen       total 86016K, used 88K [0x0000000082800000, 0x0000000087c00000, 0x00000000d6300000)
  object space 86016K, 0% used [0x0000000082800000,0x0000000082816010,0x0000000087c00000)
 Metaspace       used 6345K, capacity 6440K, committed 6784K, reserved 1056768K
  class space    used 773K, capacity 784K, committed 896K, reserved 1048576K
}
Event: 0.756 GC heap before
{Heap before GC invocations=5 (full 0):
 PSYoungGen      total 70656K, used 66848K [0x00000000d6300000, 0x00000000dad00000, 0x0000000100000000)
  eden space 65536K, 100% used [0x00000000d6300000,0x00000000da300000,0x00000000da300000)
  from space 5120K, 25% used [0x00000000da800000,0x00000000da948020,0x00000000dad00000)
  to   space 5120K, 0% used [0x00000000da300000,0x00000000da300000,0x00000000da800000)
 ParOldGen       total 86016K, used 88K [0x0000000082800000, 0x0000000087c00000, 0x00000000d6300000)
  object space 86016K, 0% used [0x0000000082800000,0x0000000082816010,0x0000000087c00000)
 Metaspace       used 6346K, capacity 6440K, committed 6784K, reserved 1056768K
  class space    used 773K, capacity 784K, committed 896K, reserved 1048576K
Event: 0.758 GC heap after
Heap after GC invocations=5 (full 0):
 PSYoungGen      total 70656K, used 1312K [0x00000000d6300000, 0x00000000de800000, 0x0000000100000000)
  eden space 65536K, 0% used [0x00000000d6300000,0x00000000d6300000,0x00000000da300000)
  from space 5120K, 25% used [0x00000000da300000,0x00000000da448020,0x00000000da800000)
  to   space 2560K, 0% used [0x00000000de580000,0x00000000de580000,0x00000000de800000)
 ParOldGen       total 86016K, used 88K [0x0000000082800000, 0x0000000087c00000, 0x00000000d6300000)
  object space 86016K, 0% used [0x0000000082800000,0x0000000082816010,0x0000000087c00000)
 Metaspace       used 6346K, capacity 6440K, committed 6784K, reserved 1056768K
  class space    used 773K, capacity 784K, committed 896K, reserved 1048576K
}
Event: 0.822 GC heap before
{Heap before GC invocations=6 (full 0):
 PSYoungGen      total 70656K, used 66848K [0x00000000d6300000, 0x00000000de800000, 0x0000000100000000)
  eden space 65536K, 100% used [0x00000000d6300000,0x00000000da300000,0x00000000da300000)
  from space 5120K, 25% used [0x00000000da300000,0x00000000da448020,0x00000000da800000)
  to   space 2560K, 0% used [0x00000000de580000,0x00000000de580000,0x00000000de800000)
 ParOldGen       total 86016K, used 88K [0x0000000082800000, 0x0000000087c00000, 0x00000000d6300000)
  object space 86016K, 0% used [0x0000000082800000,0x0000000082816010,0x0000000087c00000)
 Metaspace       used 6346K, capacity 6440K, committed 6784K, reserved 1056768K
  class space    used 773K, capacity 784K, committed 896K, reserved 1048576K
Event: 0.824 GC heap after
Heap after GC invocations=6 (full 0):
 PSYoungGen      total 133632K, used 1392K [0x00000000d6300000, 0x00000000de800000, 0x0000000100000000)
  eden space 131072K, 0% used [0x00000000d6300000,0x00000000d6300000,0x00000000de300000)
  from space 2560K, 54% used [0x00000000de580000,0x00000000de6dc010,0x00000000de800000)
  to   space 2560K, 0% used [0x00000000de300000,0x00000000de300000,0x00000000de580000)
 ParOldGen       total 86016K, used 88K [0x0000000082800000, 0x0000000087c00000, 0x00000000d6300000)
  object space 86016K, 0% used [0x0000000082800000,0x0000000082816010,0x0000000087c00000)
 Metaspace       used 6346K, capacity 6440K, committed 6784K, reserved 1056768K
  class space    used 773K, capacity 784K, committed 896K, reserved 1048576K
}
Event: 0.967 GC heap before
{Heap before GC invocations=7 (full 0):
 PSYoungGen      total 133632K, used 132464K [0x00000000d6300000, 0x00000000de800000, 0x0000000100000000)
  eden space 131072K, 100% used [0x00000000d6300000,0x00000000de300000,0x00000000de300000)
  from space 2560K, 54% used [0x00000000de580000,0x00000000de6dc010,0x00000000de800000)
  to   space 2560K, 0% used [0x00000000de300000,0x00000000de300000,0x00000000de580000)
 ParOldGen       total 86016K, used 88K [0x0000000082800000, 0x0000000087c00000, 0x00000000d6300000)
  object space 86016K, 0% used [0x0000000082800000,0x0000000082816010,0x0000000087c00000)
 Metaspace       used 6371K, capacity 6440K, committed 6784K, reserved 1056768K
  class space    used 773K, capacity 784K, committed 896K, reserved 1048576K
Event: 0.969 GC heap after
Heap after GC invocations=7 (full 0):
 PSYoungGen      total 133632K, used 352K [0x00000000d6300000, 0x00000000e6800000, 0x0000000100000000)
  eden space 131072K, 0% used [0x00000000d6300000,0x00000000d6300000,0x00000000de300000)
  from space 2560K, 13% used [0x00000000de300000,0x00000000de358000,0x00000000de580000)
  to   space 2560K, 0% used [0x00000000e6580000,0x00000000e6580000,0x00000000e6800000)
 ParOldGen       total 86016K, used 1213K [0x0000000082800000, 0x0000000087c00000, 0x00000000d6300000)
  object space 86016K, 1% used [0x0000000082800000,0x000000008292f6e0,0x0000000087c00000)
 Metaspace       used 6371K, capacity 6440K, committed 6784K, reserved 1056768K
  class space    used 773K, capacity 784K, committed 896K, reserved 1048576K
}
Event: 1.113 GC heap before
{Heap before GC invocations=8 (full 0):
 PSYoungGen      total 133632K, used 131424K [0x00000000d6300000, 0x00000000e6800000, 0x0000000100000000)
  eden space 131072K, 100% used [0x00000000d6300000,0x00000000de300000,0x00000000de300000)
  from space 2560K, 13% used [0x00000000de300000,0x00000000de358000,0x00000000de580000)
  to   space 2560K, 0% used [0x00000000e6580000,0x00000000e6580000,0x00000000e6800000)
 ParOldGen       total 86016K, used 1213K [0x0000000082800000, 0x0000000087c00000, 0x00000000d6300000)
  object space 86016K, 1% used [0x0000000082800000,0x000000008292f6e0,0x0000000087c00000)
 Metaspace       used 6371K, capacity 6440K, committed 6784K, reserved 1056768K
  class space    used 773K, capacity 784K, committed 896K, reserved 1048576K
Event: 1.115 GC heap after
Heap after GC invocations=8 (full 0):
 PSYoungGen      total 264704K, used 277K [0x00000000d6300000, 0x00000000e6800000, 0x0000000100000000)
  eden space 262144K, 0% used [0x00000000d6300000,0x00000000d6300000,0x00000000e6300000)
  from space 2560K, 10% used [0x00000000e6580000,0x00000000e65c5788,0x00000000e6800000)
  to   space 2560K, 0% used [0x00000000e6300000,0x00000000e6300000,0x00000000e6580000)
 ParOldGen       total 86016K, used 1229K [0x0000000082800000, 0x0000000087c00000, 0x00000000d6300000)
  object space 86016K, 1% used [0x0000000082800000,0x00000000829336e0,0x0000000087c00000)
 Metaspace       used 6371K, capacity 6440K, committed 6784K, reserved 1056768K
  class space    used 773K, capacity 784K, committed 896K, reserved 1048576K
}

Deoptimization events (2 events):
Event: 0.504 Thread 0x0000000002bee000 Uncommon trap: reason=predicate action=maybe_recompile pc=0x0000000002e0d8d4 method=io.github.oliviercailloux.uta_calculator.model.PartialValueFunction.getDerivative(D)D @ 74
Event: 0.539 Thread 0x0000000002bee000 Uncommon trap: reason=range_check action=make_not_entrant pc=0x0000000002e157b8 method=java.util.ArrayList.elementData(I)Ljava/lang/Object; @ 5

Internal exceptions (8 events):
Event: 0.046 Thread 0x0000000002bee000 Exception <a 'java/lang/NoSuchMethodError': Method sun.misc.Unsafe.defineClass(Ljava/lang/String;[BII)Ljava/lang/Class; name or signature does not match> (0x00000000d630d228) thrown at [C:\re\workspace\8-2-build-windows-amd64-cygwin\jdk8u51\3951\hotspot\srEN:;Â«§?
Event: 0.046 Thread 0x0000000002bee000 Exception <a 'java/lang/NoSuchMethodError': Method sun.misc.Unsafe.prefetchRead(Ljava/lang/Object;J)V name or signature does not match> (0x00000000d630d4b8) thrown at [C:\re\workspace\8-2-build-windows-amd64-cygwin\jdk8u51\3951\hotspot\src\share\vm\prims\jCÚ¯'òÁ?
Event: 0.140 Thread 0x0000000002bee000 Exception <a 'java/security/PrivilegedActionException'> (0x00000000d6525238) thrown at [C:\re\workspace\8-2-build-windows-amd64-cygwin\jdk8u51\3951\hotspot\src\share\vm\prims\jvm.cpp, line 1382]
Event: 0.140 Thread 0x0000000002bee000 Exception <a 'java/security/PrivilegedActionException'> (0x00000000d65253f0) thrown at [C:\re\workspace\8-2-build-windows-amd64-cygwin\jdk8u51\3951\hotspot\src\share\vm\prims\jvm.cpp, line 1382]
Event: 0.141 Thread 0x0000000002bee000 Exception <a 'java/security/PrivilegedActionException'> (0x00000000d6528ee8) thrown at [C:\re\workspace\8-2-build-windows-amd64-cygwin\jdk8u51\3951\hotspot\src\share\vm\prims\jvm.cpp, line 1382]
Event: 0.141 Thread 0x0000000002bee000 Exception <a 'java/security/PrivilegedActionException'> (0x00000000d65290a0) thrown at [C:\re\workspace\8-2-build-windows-amd64-cygwin\jdk8u51\3951\hotspot\src\share\vm\prims\jvm.cpp, line 1382]
Event: 0.186 Thread 0x0000000002bee000 Exception <a 'java/io/FileNotFoundException'> (0x00000000d6679cd8) thrown at [C:\re\workspace\8-2-build-windows-amd64-cygwin\jdk8u51\3951\hotspot\src\share\vm\prims\jni.cpp, line 709]
Event: 0.407 Thread 0x0000000002bee000 Exception <a 'java/lang/NoSuchMethodError': org.slf4j.impl.StaticMDCBinder.getSingleton()Lorg/slf4j/impl/StaticMDCBinder;> (0x00000000d6b550e8) thrown at [C:\re\workspace\8-2-build-windows-amd64-cygwin\jdk8u51\3951\hotspot\src\share\vm\interpreter\linkReso

Events (10 events):
Event: 0.675 Executing VM operation: ParallelGCFailedAllocation
Event: 0.677 Executing VM operation: ParallelGCFailedAllocation done
Event: 0.756 Executing VM operation: ParallelGCFailedAllocation
Event: 0.758 Executing VM operation: ParallelGCFailedAllocation done
Event: 0.822 Executing VM operation: ParallelGCFailedAllocation
Event: 0.824 Executing VM operation: ParallelGCFailedAllocation done
Event: 0.967 Executing VM operation: ParallelGCFailedAllocation
Event: 0.969 Executing VM operation: ParallelGCFailedAllocation done
Event: 1.113 Executing VM operation: ParallelGCFailedAllocation
Event: 1.115 Executing VM operation: ParallelGCFailedAllocation done


Dynamic libraries:
0x00007ff7a9670000 - 0x00007ff7a96a7000 	C:\Program Files\Java\jre1.8.0_51\bin\javaw.exe
0x00007ffe2e890000 - 0x00007ffe2ea62000 	C:\WINDOWS\SYSTEM32\ntdll.dll
0x00007ffe2e3e0000 - 0x00007ffe2e48c000 	C:\WINDOWS\System32\KERNEL32.DLL
0x00007ffe2b1e0000 - 0x00007ffe2b3fd000 	C:\WINDOWS\System32\KERNELBASE.dll
0x00007ffe2e7e0000 - 0x00007ffe2e882000 	C:\WINDOWS\System32\ADVAPI32.dll
0x00007ffe2e340000 - 0x00007ffe2e3de000 	C:\WINDOWS\System32\msvcrt.dll
0x00007ffe2d8a0000 - 0x00007ffe2d8f9000 	C:\WINDOWS\System32\sechost.dll
0x00007ffe2e150000 - 0x00007ffe2e271000 	C:\WINDOWS\System32\RPCRT4.dll
0x00007ffe2dd40000 - 0x00007ffe2dea5000 	C:\WINDOWS\System32\USER32.dll
0x00007ffe2ade0000 - 0x00007ffe2adfe000 	C:\WINDOWS\System32\win32u.dll
0x00007ffe2db30000 - 0x00007ffe2db64000 	C:\WINDOWS\System32\GDI32.dll
0x00007ffe2bbf0000 - 0x00007ffe2bd70000 	C:\WINDOWS\System32\gdi32full.dll
0x00007ffe27340000 - 0x00007ffe275ba000 	C:\WINDOWS\WinSxS\amd64_microsoft.windows.common-controls_6595b64144ccf1df_6.0.14393.953_none_42151e83c686086b\COMCTL32.dll
0x00007ffe2e490000 - 0x00007ffe2e758000 	C:\WINDOWS\System32\combase.dll
0x00007ffe2b0e0000 - 0x00007ffe2b1d5000 	C:\WINDOWS\System32\ucrtbase.dll
0x00007ffe2aea0000 - 0x00007ffe2af0a000 	C:\WINDOWS\System32\bcryptPrimitives.dll
0x00007ffe2db70000 - 0x00007ffe2db9e000 	C:\WINDOWS\System32\IMM32.DLL
0x0000000071b80000 - 0x0000000071c52000 	C:\Program Files\Java\jre1.8.0_51\bin\msvcr100.dll
0x00000000712f0000 - 0x0000000071b73000 	C:\Program Files\Java\jre1.8.0_51\bin\server\jvm.dll
0x00007ffe2d780000 - 0x00007ffe2d788000 	C:\WINDOWS\System32\PSAPI.DLL
0x00007ffe1d4b0000 - 0x00007ffe1d4b9000 	C:\WINDOWS\SYSTEM32\WSOCK32.dll
0x00007ffe2d900000 - 0x00007ffe2d96a000 	C:\WINDOWS\System32\WS2_32.dll
0x00007ffe28040000 - 0x00007ffe28063000 	C:\WINDOWS\SYSTEM32\WINMM.dll
0x00007ffe1ca10000 - 0x00007ffe1ca1a000 	C:\WINDOWS\SYSTEM32\VERSION.dll
0x00007ffe27e70000 - 0x00007ffe27e9b000 	C:\WINDOWS\SYSTEM32\WINMMBASE.dll
0x00007ffe2ad90000 - 0x00007ffe2add2000 	C:\WINDOWS\System32\cfgmgr32.dll
0x0000000074af0000 - 0x0000000074aff000 	C:\Program Files\Java\jre1.8.0_51\bin\verify.dll
0x0000000074850000 - 0x0000000074879000 	C:\Program Files\Java\jre1.8.0_51\bin\java.dll
0x0000000074500000 - 0x0000000074516000 	C:\Program Files\Java\jre1.8.0_51\bin\zip.dll
0x00007ffe2c250000 - 0x00007ffe2d758000 	C:\WINDOWS\System32\SHELL32.dll
0x00007ffe2b400000 - 0x00007ffe2bada000 	C:\WINDOWS\System32\windows.storage.dll
0x00007ffe2ad30000 - 0x00007ffe2ad7c000 	C:\WINDOWS\System32\powrprof.dll
0x00007ffe2dad0000 - 0x00007ffe2db22000 	C:\WINDOWS\System32\shlwapi.dll
0x00007ffe2ad20000 - 0x00007ffe2ad2f000 	C:\WINDOWS\System32\kernel.appcore.dll
0x00007ffe2bae0000 - 0x00007ffe2bb89000 	C:\WINDOWS\System32\shcore.dll
0x00007ffe2ad00000 - 0x00007ffe2ad14000 	C:\WINDOWS\System32\profapi.dll
0x00000000744e0000 - 0x00000000744fa000 	C:\Program Files\Java\jre1.8.0_51\bin\net.dll
0x00007ffe2a5d0000 - 0x00007ffe2a62c000 	C:\WINDOWS\system32\mswsock.dll
0x00007ffe163b0000 - 0x00007ffe163c6000 	C:\WINDOWS\system32\napinsp.dll
0x00007ffe16570000 - 0x00007ffe1658a000 	C:\WINDOWS\system32\pnrpnsp.dll
0x00007ffe28970000 - 0x00007ffe28988000 	C:\WINDOWS\system32\NLAapi.dll
0x00007ffe2a390000 - 0x00007ffe2a431000 	C:\WINDOWS\SYSTEM32\DNSAPI.dll
0x00007ffe2d890000 - 0x00007ffe2d898000 	C:\WINDOWS\System32\NSI.dll
0x00007ffe2a350000 - 0x00007ffe2a388000 	C:\WINDOWS\SYSTEM32\IPHLPAPI.DLL
0x00007ffe177e0000 - 0x00007ffe177ee000 	C:\WINDOWS\System32\winrnr.dll
0x0000000075850000 - 0x0000000075876000 	C:\Program Files\Bonjour\mdnsNSP.dll
0x00007ffe26530000 - 0x00007ffe26545000 	C:\WINDOWS\System32\wshbth.dll
0x00007ffe1ca00000 - 0x00007ffe1ca0a000 	C:\Windows\System32\rasadhlp.dll
0x00007ffe20340000 - 0x00007ffe203aa000 	C:\WINDOWS\System32\fwpuclnt.dll
0x00007ffe2ac40000 - 0x00007ffe2ac6b000 	C:\WINDOWS\SYSTEM32\bcrypt.dll
0x00007ffddb2f0000 - 0x00007ffddc129000 	C:\Users\Elie\git\decision-uta-method\uta-calculator\lib\jniortools.dll
0x00007ffe19cb0000 - 0x00007ffe19d56000 	C:\WINDOWS\SYSTEM32\MSVCP120.dll
0x00007ffe1d350000 - 0x00007ffe1d43f000 	C:\WINDOWS\SYSTEM32\MSVCR120.dll
0x00007ffe1bdf0000 - 0x00007ffe1bf82000 	C:\WINDOWS\SYSTEM32\dbghelp.dll

VM Arguments:
jvm_args: -Djava.library.path=C:\Users\Elie\git\decision-uta-method\uta-calculator\lib -Dfile.encoding=UTF-8 
java_command: io.github.oliviercailloux.uta_calculator.view.MainSimulation
java_class_path (initial): C:\Users\Elie\git\decision-uta-method\uta-calculator\target\classes;C:\Users\Elie\.m2\repository\com\google\ortools\ortools\2015.08\ortools-2015.08.jar;C:\Users\Elie\.m2\repository\org\slf4j\slf4j-api\1.7.21\slf4j-api-1.7.21.jar;C:\Users\Elie\.m2\repository\com\google\guava\guava\20.0\guava-20.0.jar;C:\Users\Elie\.m2\repository\ch\qos\logback\logback-classic\1.1.7\logback-classic-1.1.7.jar;C:\Users\Elie\.m2\repository\ch\qos\logback\logback-core\1.1.7\logback-core-1.1.7.jar;C:\Users\Elie\.m2\repository\org\apache\commons\commons-math\2.2\commons-math-2.2.jar;C:\Users\Elie\.m2\repository\protobuf\protobuf\3.3.0\protobuf-3.3.0.jar
Launcher Type: SUN_STANDARD

Environment Variables:
JAVA_HOME=C:\Oracle\Middleware\Oracle_Home\oracle_common\jdk
USERNAME=Elie
OS=Windows_NT
PROCESSOR_IDENTIFIER=Intel64 Family 6 Model 58 Stepping 9, GenuineIntel



---------------  S Y S T E M  ---------------

OS: Windows 10.0 , 64 bit Build 14393 (10.0.14393.1198)

CPU:total 4 (2 cores per cpu, 2 threads per core) family 6 model 58 stepping 9, cmov, cx8, fxsr, mmx, sse, sse2, sse3, ssse3, sse4.1, sse4.2, popcnt, avx, clmul, erms, ht, tsc, tscinvbit, tscinv

Memory: 4k page, physical 8222948k(3054316k free), swap 10715372k(2854200k free)

vm_info: Java HotSpot(TM) 64-Bit Server VM (25.51-b03) for windows-amd64 JRE (1.8.0_51-b16), built on Jun  8 2015 18:03:07 by "java_re" with MS VC++ 10.0 (VS2010)

time: Wed Aug 23 19:09:11 2017
elapsed time: 1 seconds (0d 0h 0m 1s)

