#
# A fatal error has been detected by the Java Runtime Environment:
#
#  EXCEPTION_ACCESS_VIOLATION (0xc0000005) at pc=0x00007ffde30cc246, pid=3888, tid=4784
#
# JRE version: Java(TM) SE Runtime Environment (8.0_51-b16) (build 1.8.0_51-b16)
# Java VM: Java HotSpot(TM) 64-Bit Server VM (25.51-b03 mixed mode windows-amd64 compressed oops)
# Problematic frame:
# C  [jniortools.dll+0x3ac246]
#
# Failed to write core dump. Minidumps are not enabled by default on client versions of Windows
#
# If you would like to submit a bug report, please visit:
#   http://bugreport.java.com/bugreport/crash.jsp
# The crash happened outside the Java Virtual Machine in native code.
# See problematic frame for where to report the bug.
#

---------------  T H R E A D  ---------------

Current thread (0x000000000145e000):  JavaThread "main" [_thread_in_native, id=4784, stack(0x0000000002c50000,0x0000000002d50000)]

siginfo: ExceptionCode=0xc0000005, reading address 0x0000000000000010

Registers:
RAX=0x0000d4918cd7bac3, RBX=0x000000001c5a1a60, RCX=0x0000000000000000, RDX=0x0000000002d4eac0
RSP=0x0000000002d4e9e0, RBP=0x0000000002d4ead0, RSI=0x00000000175699f0, RDI=0x0000000000000000
R8 =0x000000001c5a1a60, R9 =0x0000000002d4ea98, R10=0x00007ffde2dc9920, R11=0x000000000002b094
R12=0x0000000000000000, R13=0x0000000000000000, R14=0x0000000002d4eac0, R15=0x000000000145e000
RIP=0x00007ffde30cc246, EFLAGS=0x0000000000010206

Top of Stack: (sp=0x0000000002d4e9e0)
0x0000000002d4e9e0:   00007ffe19d48790 0000000000000000
0x0000000002d4e9f0:   0000000002d4ea10 000000000104fb40
0x0000000002d4ea00:   fffffffffffffffe 00007ffe00000003
0x0000000002d4ea10:   39353a39313a3831 0000000082800028
0x0000000002d4ea20:   0000d4918cd7bac3 00000000000abb10
0x0000000002d4ea30:   0000000000000000 00007ffde30d7049
0x0000000002d4ea40:   000000000145e000 000000001c5a1a60
0x0000000002d4ea50:   0000000000000002 00000000000aeaf8
0x0000000002d4ea60:   00000001000c06f8 0000000003130c5b
0x0000000002d4ea70:   000000010001e9b0 00000000000abb10
0x0000000002d4ea80:   00000000fe2c9578 0000000000015762
0x0000000002d4ea90:   00000000d6a0ee20 00000000ff238540
0x0000000002d4eaa0:   0002b09800000000 0000000000056127
0x0000000002d4eab0:   0002afb80002aff2 00000000829abad8
0x0000000002d4eac0:   0000000082814010 00000000ff2388d8
0x0000000002d4ead0:   0000000002d4f098 00000000032773dc 

Instructions: (pc=0x00007ffde30cc246)
0x00007ffde30cc226:   48 c7 44 24 20 fe ff ff ff 48 89 5c 24 68 48 8b
0x00007ffde30cc236:   05 f5 c5 9b 00 48 33 c4 48 89 44 24 40 48 8b f9
0x00007ffde30cc246:   83 79 10 02 0f 84 d5 00 00 00 48 8b 05 e1 0e 6d
0x00007ffde30cc256:   00 48 89 44 24 28 48 8d 4c 24 30 e8 3a d9 cf ff 


Register to memory mapping:

RAX=0x0000d4918cd7bac3 is an unknown value
RBX=0x000000001c5a1a60 is an unknown value
RCX=0x0000000000000000 is an unknown value
RDX=0x0000000002d4eac0 is pointing into the stack for thread: 0x000000000145e000
RSP=0x0000000002d4e9e0 is pointing into the stack for thread: 0x000000000145e000
RBP=0x0000000002d4ead0 is pointing into the stack for thread: 0x000000000145e000
RSI=0x00000000175699f0 is pointing into metadata
RDI=0x0000000000000000 is an unknown value
R8 =0x000000001c5a1a60 is an unknown value
R9 =0x0000000002d4ea98 is pointing into the stack for thread: 0x000000000145e000
R10=0x00007ffde2dc9920 is an unknown value
R11=0x000000000002b094 is an unknown value
R12=0x0000000000000000 is an unknown value
R13=0x0000000000000000 is an unknown value
R14=0x0000000002d4eac0 is pointing into the stack for thread: 0x000000000145e000
R15=0x000000000145e000 is a thread


Stack: [0x0000000002c50000,0x0000000002d50000],  sp=0x0000000002d4e9e0,  free space=1018k
Native frames: (J=compiled Java code, j=interpreted, Vv=VM code, C=native code)
C  [jniortools.dll+0x3ac246]
C  [jniortools.dll+0x3b7049]
C  0x0000000003130c5b

Java frames: (J=compiled Java code, j=interpreted, Vv=VM code)
J 524  com.google.ortools.linearsolver.operations_research_linear_solverJNI.MPVariable_solutionValue(JLcom/google/ortools/linearsolver/MPVariable;)D (0 bytes) @ 0x0000000003130bd5 [0x0000000003130b80+0x55]
J 561% C1 io.github.oliviercailloux.uta_calculator.model.UTASTAR.findValueFunction()Lio/github/oliviercailloux/uta_calculator/model/ValueFunction; (2313 bytes) @ 0x00000000032773dc [0x0000000003262460+0x14f7c]
j  io.github.oliviercailloux.uta_calculator.view.MainSimulation.getDifferenceRank(III)I+201
j  io.github.oliviercailloux.uta_calculator.view.MainSimulation.simulation()V+31
j  io.github.oliviercailloux.uta_calculator.view.MainSimulation.main([Ljava/lang/String;)V+9
v  ~StubRoutines::call_stub

---------------  P R O C E S S  ---------------

Java Threads: ( => current thread )
  0x0000000019222800 JavaThread "Service Thread" daemon [_thread_blocked, id=11032, stack(0x0000000019600000,0x0000000019700000)]
  0x0000000017994800 JavaThread "C1 CompilerThread2" daemon [_thread_blocked, id=5148, stack(0x0000000019100000,0x0000000019200000)]
  0x0000000017991800 JavaThread "C2 CompilerThread1" daemon [_thread_in_native, id=10388, stack(0x0000000019000000,0x0000000019100000)]
  0x000000001798f000 JavaThread "C2 CompilerThread0" daemon [_thread_blocked, id=13188, stack(0x0000000018f00000,0x0000000019000000)]
  0x000000001798d800 JavaThread "Attach Listener" daemon [_thread_blocked, id=5052, stack(0x0000000018e00000,0x0000000018f00000)]
  0x000000001798c800 JavaThread "Signal Dispatcher" daemon [_thread_blocked, id=1736, stack(0x0000000018d00000,0x0000000018e00000)]
  0x0000000002ee8000 JavaThread "Finalizer" daemon [_thread_blocked, id=6048, stack(0x0000000018c00000,0x0000000018d00000)]
  0x0000000002edf000 JavaThread "Reference Handler" daemon [_thread_blocked, id=11320, stack(0x0000000018b00000,0x0000000018c00000)]
=>0x000000000145e000 JavaThread "main" [_thread_in_native, id=4784, stack(0x0000000002c50000,0x0000000002d50000)]

Other Threads:
  0x0000000017958000 VMThread [stack: 0x0000000018a00000,0x0000000018b00000] [id=4128]
  0x000000001922d000 WatcherThread [stack: 0x0000000019700000,0x0000000019800000] [id=8696]

VM state:not at safepoint (normal execution)

VM Mutex/Monitor currently owned by a thread: None

Heap:
 PSYoungGen      total 672256K, used 21127K [0x00000000d6300000, 0x0000000100000000, 0x0000000100000000)
  eden space 670208K, 3% used [0x00000000d6300000,0x00000000d76cffd0,0x00000000ff180000)
  from space 2048K, 41% used [0x00000000ff180000,0x00000000ff252008,0x00000000ff380000)
  to   space 2048K, 0% used [0x00000000ffe00000,0x00000000ffe00000,0x0000000100000000)
 ParOldGen       total 86016K, used 10635K [0x0000000082800000, 0x0000000087c00000, 0x00000000d6300000)
  object space 86016K, 12% used [0x0000000082800000,0x0000000083262fd8,0x0000000087c00000)
 Metaspace       used 6377K, capacity 6440K, committed 6784K, reserved 1056768K
  class space    used 773K, capacity 784K, committed 896K, reserved 1048576K

Card table byte_map: [0x00000000122b0000,0x00000000126a0000] byte_map_base: 0x0000000011e9c000

Marking Bits: (ParMarkBitMap*) 0x0000000071af4040
 Begin Bits: [0x0000000012d40000, 0x0000000014ca0000)
 End Bits:   [0x0000000014ca0000, 0x0000000016c00000)

Polling page: 0x0000000001010000

CodeCache: size=245760Kb used=3868Kb max_used=3881Kb free=241891Kb
 bounds [0x0000000002ef0000, 0x00000000032c0000, 0x0000000011ef0000]
 total_blobs=907 nmethods=595 adapters=225
 compilation: enabled

Compilation events (10 events):
Event: 4.766 Thread 0x000000001798f000  590       4       java.lang.ref.ReferenceQueue::remove (6 bytes)
Event: 4.770 Thread 0x000000001798f000 nmethod 590 0x00000000032b6290 code [0x00000000032b6400, 0x00000000032b6a48]
Event: 4.967 Thread 0x0000000017994800  591       3       java.util.TimSort::gallopRight (335 bytes)
Event: 4.968 Thread 0x0000000017994800 nmethod 591 0x00000000032b0c10 code [0x00000000032b0e00, 0x00000000032b18f8]
Event: 4.968 Thread 0x0000000017994800  592       3       java.util.TimSort::gallopLeft (335 bytes)
Event: 4.968 Thread 0x000000001798f000  593       4       io.github.oliviercailloux.uta_calculator.view.MainSimulation::compare (228 bytes)
Event: 4.969 Thread 0x0000000017994800 nmethod 592 0x00000000032ab690 code [0x00000000032ab880, 0x00000000032ac358]
Event: 4.981 Thread 0x0000000017994800  594       3       java.util.TimSort::ensureCapacity (107 bytes)
Event: 4.981 Thread 0x0000000017994800 nmethod 594 0x00000000032aad50 code [0x00000000032aaee0, 0x00000000032ab4b8]
Event: 5.006 Thread 0x000000001798f000 nmethod 593 0x00000000032bab10 code [0x00000000032bad20, 0x00000000032bbf10]

GC Heap History (10 events):
Event: 4.549 GC heap before
{Heap before GC invocations=33 (full 0):
 PSYoungGen      total 485376K, used 484864K [0x00000000d6300000, 0x00000000ff800000, 0x0000000100000000)
  eden space 483840K, 100% used [0x00000000d6300000,0x00000000f3b80000,0x00000000f3b80000)
  from space 1536K, 66% used [0x00000000ff680000,0x00000000ff7801b0,0x00000000ff800000)
  to   space 2560K, 0% used [0x00000000ff300000,0x00000000ff300000,0x00000000ff580000)
 ParOldGen       total 86016K, used 8810K [0x0000000082800000, 0x0000000087c00000, 0x00000000d6300000)
  object space 86016K, 10% used [0x0000000082800000,0x000000008309a908,0x0000000087c00000)
 Metaspace       used 6377K, capacity 6440K, committed 6784K, reserved 1056768K
  class space    used 773K, capacity 784K, committed 896K, reserved 1048576K
Event: 4.551 GC heap after
Heap after GC invocations=33 (full 0):
 PSYoungGen      total 606208K, used 560K [0x00000000d6300000, 0x00000000ff700000, 0x0000000100000000)
  eden space 605184K, 0% used [0x00000000d6300000,0x00000000d6300000,0x00000000fb200000)
  from space 1024K, 54% used [0x00000000ff300000,0x00000000ff38c2d8,0x00000000ff400000)
  to   space 2048K, 0% used [0x00000000ff500000,0x00000000ff500000,0x00000000ff700000)
 ParOldGen       total 86016K, used 9639K [0x0000000082800000, 0x0000000087c00000, 0x00000000d6300000)
  object space 86016K, 11% used [0x0000000082800000,0x0000000083169c70,0x0000000087c00000)
 Metaspace       used 6377K, capacity 6440K, committed 6784K, reserved 1056768K
  class space    used 773K, capacity 784K, committed 896K, reserved 1048576K
}
Event: 4.761 GC heap before
{Heap before GC invocations=34 (full 0):
 PSYoungGen      total 606208K, used 605674K [0x00000000d6300000, 0x00000000ff700000, 0x0000000100000000)
  eden space 605184K, 99% used [0x00000000d6300000,0x00000000fb1ee7e8,0x00000000fb200000)
  from space 1024K, 54% used [0x00000000ff300000,0x00000000ff38c2d8,0x00000000ff400000)
  to   space 2048K, 0% used [0x00000000ff500000,0x00000000ff500000,0x00000000ff700000)
 ParOldGen       total 86016K, used 9639K [0x0000000082800000, 0x0000000087c00000, 0x00000000d6300000)
  object space 86016K, 11% used [0x0000000082800000,0x0000000083169c70,0x0000000087c00000)
 Metaspace       used 6377K, capacity 6440K, committed 6784K, reserved 1056768K
  class space    used 773K, capacity 784K, committed 896K, reserved 1048576K
Event: 4.762 GC heap after
Heap after GC invocations=34 (full 0):
 PSYoungGen      total 673792K, used 493K [0x00000000d6300000, 0x0000000100000000, 0x0000000100000000)
  eden space 671744K, 0% used [0x00000000d6300000,0x00000000d6300000,0x00000000ff300000)
  from space 2048K, 24% used [0x00000000ff500000,0x00000000ff57b428,0x00000000ff700000)
  to   space 2048K, 0% used [0x00000000ff300000,0x00000000ff300000,0x00000000ff500000)
 ParOldGen       total 86016K, used 9919K [0x0000000082800000, 0x0000000087c00000, 0x00000000d6300000)
  object space 86016K, 11% used [0x0000000082800000,0x00000000831afc80,0x0000000087c00000)
 Metaspace       used 6377K, capacity 6440K, committed 6784K, reserved 1056768K
  class space    used 773K, capacity 784K, committed 896K, reserved 1048576K
}
Event: 4.867 GC heap before
{Heap before GC invocations=35 (full 0):
 PSYoungGen      total 673792K, used 671969K [0x00000000d6300000, 0x0000000100000000, 0x0000000100000000)
  eden space 671744K, 99% used [0x00000000d6300000,0x00000000ff2bd128,0x00000000ff300000)
  from space 2048K, 24% used [0x00000000ff500000,0x00000000ff57b428,0x00000000ff700000)
  to   space 2048K, 0% used [0x00000000ff300000,0x00000000ff300000,0x00000000ff500000)
 ParOldGen       total 86016K, used 9919K [0x0000000082800000, 0x0000000087c00000, 0x00000000d6300000)
  object space 86016K, 11% used [0x0000000082800000,0x00000000831afc80,0x0000000087c00000)
 Metaspace       used 6377K, capacity 6440K, committed 6784K, reserved 1056768K
  class space    used 773K, capacity 784K, committed 896K, reserved 1048576K
Event: 4.868 GC heap after
Heap after GC invocations=35 (full 0):
 PSYoungGen      total 640512K, used 422K [0x00000000d6300000, 0x00000000ff580000, 0x0000000100000000)
  eden space 640000K, 0% used [0x00000000d6300000,0x00000000d6300000,0x00000000fd400000)
  from space 512K, 82% used [0x00000000ff300000,0x00000000ff3699a8,0x00000000ff380000)
  to   space 2048K, 0% used [0x00000000ff380000,0x00000000ff380000,0x00000000ff580000)
 ParOldGen       total 86016K, used 9943K [0x0000000082800000, 0x0000000087c00000, 0x00000000d6300000)
  object space 86016K, 11% used [0x0000000082800000,0x00000000831b5c80,0x0000000087c00000)
 Metaspace       used 6377K, capacity 6440K, committed 6784K, reserved 1056768K
  class space    used 773K, capacity 784K, committed 896K, reserved 1048576K
}
Event: 4.997 GC heap before
{Heap before GC invocations=36 (full 0):
 PSYoungGen      total 640512K, used 640422K [0x00000000d6300000, 0x00000000ff580000, 0x0000000100000000)
  eden space 640000K, 100% used [0x00000000d6300000,0x00000000fd400000,0x00000000fd400000)
  from space 512K, 82% used [0x00000000ff300000,0x00000000ff3699a8,0x00000000ff380000)
  to   space 2048K, 0% used [0x00000000ff380000,0x00000000ff380000,0x00000000ff580000)
 ParOldGen       total 86016K, used 9943K [0x0000000082800000, 0x0000000087c00000, 0x00000000d6300000)
  object space 86016K, 11% used [0x0000000082800000,0x00000000831b5c80,0x0000000087c00000)
 Metaspace       used 6377K, capacity 6440K, committed 6784K, reserved 1056768K
  class space    used 773K, capacity 784K, committed 896K, reserved 1048576K
Event: 4.999 GC heap after
Heap after GC invocations=36 (full 0):
 PSYoungGen      total 672256K, used 760K [0x00000000d6300000, 0x0000000100000000, 0x0000000100000000)
  eden space 670208K, 0% used [0x00000000d6300000,0x00000000d6300000,0x00000000ff180000)
  from space 2048K, 37% used [0x00000000ff380000,0x00000000ff43e258,0x00000000ff580000)
  to   space 2048K, 0% used [0x00000000ff180000,0x00000000ff180000,0x00000000ff380000)
 ParOldGen       total 86016K, used 9943K [0x0000000082800000, 0x0000000087c00000, 0x00000000d6300000)
  object space 86016K, 11% used [0x0000000082800000,0x00000000831b5c80,0x0000000087c00000)
 Metaspace       used 6377K, capacity 6440K, committed 6784K, reserved 1056768K
  class space    used 773K, capacity 784K, committed 896K, reserved 1048576K
}
Event: 5.212 GC heap before
{Heap before GC invocations=37 (full 0):
 PSYoungGen      total 672256K, used 670957K [0x00000000d6300000, 0x0000000100000000, 0x0000000100000000)
  eden space 670208K, 99% used [0x00000000d6300000,0x00000000ff17d228,0x00000000ff180000)
  from space 2048K, 37% used [0x00000000ff380000,0x00000000ff43e258,0x00000000ff580000)
  to   space 2048K, 0% used [0x00000000ff180000,0x00000000ff180000,0x00000000ff380000)
 ParOldGen       total 86016K, used 9943K [0x0000000082800000, 0x0000000087c00000, 0x00000000d6300000)
  object space 86016K, 11% used [0x0000000082800000,0x00000000831b5c80,0x0000000087c00000)
 Metaspace       used 6377K, capacity 6440K, committed 6784K, reserved 1056768K
  class space    used 773K, capacity 784K, committed 896K, reserved 1048576K
Event: 5.214 GC heap after
Heap after GC invocations=37 (full 0):
 PSYoungGen      total 672256K, used 840K [0x00000000d6300000, 0x0000000100000000, 0x0000000100000000)
  eden space 670208K, 0% used [0x00000000d6300000,0x00000000d6300000,0x00000000ff180000)
  from space 2048K, 41% used [0x00000000ff180000,0x00000000ff252008,0x00000000ff380000)
  to   space 2048K, 0% used [0x00000000ffe00000,0x00000000ffe00000,0x0000000100000000)
 ParOldGen       total 86016K, used 10635K [0x0000000082800000, 0x0000000087c00000, 0x00000000d6300000)
  object space 86016K, 12% used [0x0000000082800000,0x0000000083262fd8,0x0000000087c00000)
 Metaspace       used 6377K, capacity 6440K, committed 6784K, reserved 1056768K
  class space    used 773K, capacity 784K, committed 896K, reserved 1048576K
}

Deoptimization events (9 events):
Event: 0.454 Thread 0x000000000145e000 Uncommon trap: reason=predicate action=maybe_recompile pc=0x00000000030f7a14 method=io.github.oliviercailloux.uta_calculator.model.PartialValueFunction.getDerivative(D)D @ 74
Event: 0.485 Thread 0x000000000145e000 Uncommon trap: reason=range_check action=make_not_entrant pc=0x00000000030f70f8 method=java.util.ArrayList.elementData(I)Ljava/lang/Object; @ 5
Event: 0.545 Thread 0x000000000145e000 Uncommon trap: reason=unstable_if action=reinterpret pc=0x00000000030f9ed4 method=java.util.HashMap$HashIterator.<init>(Ljava/util/HashMap;)V @ 38
Event: 0.545 Thread 0x000000000145e000 Uncommon trap: reason=unstable_if action=reinterpret pc=0x00000000030fab0c method=java.util.HashMap$HashIterator.<init>(Ljava/util/HashMap;)V @ 38
Event: 1.396 Thread 0x000000000145e000 Uncommon trap: reason=unstable_if action=reinterpret pc=0x0000000003102510 method=java.lang.Double.compare(DD)I @ 11
Event: 1.397 Thread 0x000000000145e000 Uncommon trap: reason=unstable_if action=reinterpret pc=0x00000000030fda24 method=java.lang.Double.compare(DD)I @ 11
Event: 2.635 Thread 0x000000000145e000 Uncommon trap: reason=unstable_if action=reinterpret pc=0x0000000003139a7c method=sun.misc.FloatingDecimal$BinaryToASCIIBuffer.dtoa(IJIZ)V @ 272
Event: 3.609 Thread 0x000000000145e000 Uncommon trap: reason=unstable_if action=reinterpret pc=0x000000000329a468 method=sun.misc.FloatingDecimal$BinaryToASCIIBuffer.dtoa(IJIZ)V @ 88
Event: 3.609 Thread 0x000000000145e000 Uncommon trap: reason=unstable_if action=reinterpret pc=0x00000000031444a0 method=sun.misc.FloatingDecimal$BinaryToASCIIBuffer.getChars([C)I @ 210

Internal exceptions (10 events):
Event: 0.041 Thread 0x000000000145e000 Exception <a 'java/lang/NoSuchMethodError': Method sun.misc.Unsafe.defineClass(Ljava/lang/String;[BII)Ljava/lang/Class; name or signature does not match> (0x00000000d630cef8) thrown at [C:\re\workspace\8-2-build-windows-amd64-cygwin\jdk8u51\3951\hotspot\sr|YQz8•?
Event: 0.041 Thread 0x000000000145e000 Exception <a 'java/lang/NoSuchMethodError': Method sun.misc.Unsafe.prefetchRead(Ljava/lang/Object;J)V name or signature does not match> (0x00000000d630d188) thrown at [C:\re\workspace\8-2-build-windows-amd64-cygwin\jdk8u51\3951\hotspot\src\share\vm\prims\jç5^‘¡?
Event: 0.134 Thread 0x000000000145e000 Exception <a 'java/security/PrivilegedActionException'> (0x00000000d6524e60) thrown at [C:\re\workspace\8-2-build-windows-amd64-cygwin\jdk8u51\3951\hotspot\src\share\vm\prims\jvm.cpp, line 1382]
Event: 0.134 Thread 0x000000000145e000 Exception <a 'java/security/PrivilegedActionException'> (0x00000000d6525018) thrown at [C:\re\workspace\8-2-build-windows-amd64-cygwin\jdk8u51\3951\hotspot\src\share\vm\prims\jvm.cpp, line 1382]
Event: 0.134 Thread 0x000000000145e000 Exception <a 'java/security/PrivilegedActionException'> (0x00000000d6528b10) thrown at [C:\re\workspace\8-2-build-windows-amd64-cygwin\jdk8u51\3951\hotspot\src\share\vm\prims\jvm.cpp, line 1382]
Event: 0.134 Thread 0x000000000145e000 Exception <a 'java/security/PrivilegedActionException'> (0x00000000d6528cc8) thrown at [C:\re\workspace\8-2-build-windows-amd64-cygwin\jdk8u51\3951\hotspot\src\share\vm\prims\jvm.cpp, line 1382]
Event: 0.184 Thread 0x000000000145e000 Exception <a 'java/io/FileNotFoundException'> (0x00000000d6679a70) thrown at [C:\re\workspace\8-2-build-windows-amd64-cygwin\jdk8u51\3951\hotspot\src\share\vm\prims\jni.cpp, line 709]
Event: 0.406 Thread 0x000000000145e000 Exception <a 'java/lang/NoSuchMethodError': org.slf4j.impl.StaticMDCBinder.getSingleton()Lorg/slf4j/impl/StaticMDCBinder;> (0x00000000d6b54d30) thrown at [C:\re\workspace\8-2-build-windows-amd64-cygwin\jdk8u51\3951\hotspot\src\share\vm\interpreter\linkReso™7Óhxq·?
Event: 0.545 Thread 0x000000000145e000 Implicit null exception at 0x00000000030f9c70 to 0x00000000030f9ebd
Event: 0.545 Thread 0x000000000145e000 Implicit null exception at 0x00000000030fa8bb to 0x00000000030faaf5

Events (10 events):
Event: 4.761 Executing VM operation: ParallelGCFailedAllocation
Event: 4.762 Executing VM operation: ParallelGCFailedAllocation done
Event: 4.867 Executing VM operation: ParallelGCFailedAllocation
Event: 4.868 Executing VM operation: ParallelGCFailedAllocation done
Event: 4.968 Thread 0x000000000145e000 DEOPT PACKING pc=0x000000000329e451 sp=0x0000000002d4ef00
Event: 4.969 Thread 0x000000000145e000 DEOPT UNPACKING pc=0x0000000002f3787f sp=0x0000000002d4ece8 mode 0
Event: 4.997 Executing VM operation: ParallelGCFailedAllocation
Event: 4.999 Executing VM operation: ParallelGCFailedAllocation done
Event: 5.211 Executing VM operation: ParallelGCFailedAllocation
Event: 5.214 Executing VM operation: ParallelGCFailedAllocation done


Dynamic libraries:
0x00007ff7a9670000 - 0x00007ff7a96a7000 	C:\Program Files\Java\jre1.8.0_51\bin\javaw.exe
0x00007ffe2e890000 - 0x00007ffe2ea62000 	C:\WINDOWS\SYSTEM32\ntdll.dll
0x00007ffe2e3e0000 - 0x00007ffe2e48c000 	C:\WINDOWS\System32\KERNEL32.DLL
0x00007ffe2b1e0000 - 0x00007ffe2b3fd000 	C:\WINDOWS\System32\KERNELBASE.dll
0x00007ffe2e7e0000 - 0x00007ffe2e882000 	C:\WINDOWS\System32\ADVAPI32.dll
0x00007ffe2e340000 - 0x00007ffe2e3de000 	C:\WINDOWS\System32\msvcrt.dll
0x00007ffe2d8a0000 - 0x00007ffe2d8f9000 	C:\WINDOWS\System32\sechost.dll
0x00007ffe2e150000 - 0x00007ffe2e271000 	C:\WINDOWS\System32\RPCRT4.dll
0x00007ffe2dd40000 - 0x00007ffe2dea5000 	C:\WINDOWS\System32\USER32.dll
0x00007ffe2ade0000 - 0x00007ffe2adfe000 	C:\WINDOWS\System32\win32u.dll
0x00007ffe2db30000 - 0x00007ffe2db64000 	C:\WINDOWS\System32\GDI32.dll
0x00007ffe2bbf0000 - 0x00007ffe2bd70000 	C:\WINDOWS\System32\gdi32full.dll
0x00007ffe27340000 - 0x00007ffe275ba000 	C:\WINDOWS\WinSxS\amd64_microsoft.windows.common-controls_6595b64144ccf1df_6.0.14393.953_none_42151e83c686086b\COMCTL32.dll
0x00007ffe2e490000 - 0x00007ffe2e758000 	C:\WINDOWS\System32\combase.dll
0x00007ffe2b0e0000 - 0x00007ffe2b1d5000 	C:\WINDOWS\System32\ucrtbase.dll
0x00007ffe2aea0000 - 0x00007ffe2af0a000 	C:\WINDOWS\System32\bcryptPrimitives.dll
0x00007ffe2db70000 - 0x00007ffe2db9e000 	C:\WINDOWS\System32\IMM32.DLL
0x0000000071b80000 - 0x0000000071c52000 	C:\Program Files\Java\jre1.8.0_51\bin\msvcr100.dll
0x00000000712f0000 - 0x0000000071b73000 	C:\Program Files\Java\jre1.8.0_51\bin\server\jvm.dll
0x00007ffe2d780000 - 0x00007ffe2d788000 	C:\WINDOWS\System32\PSAPI.DLL
0x00007ffe1d4b0000 - 0x00007ffe1d4b9000 	C:\WINDOWS\SYSTEM32\WSOCK32.dll
0x00007ffe28040000 - 0x00007ffe28063000 	C:\WINDOWS\SYSTEM32\WINMM.dll
0x00007ffe2d900000 - 0x00007ffe2d96a000 	C:\WINDOWS\System32\WS2_32.dll
0x00007ffe1ca10000 - 0x00007ffe1ca1a000 	C:\WINDOWS\SYSTEM32\VERSION.dll
0x00007ffe27e70000 - 0x00007ffe27e9b000 	C:\WINDOWS\SYSTEM32\WINMMBASE.dll
0x00007ffe2ad90000 - 0x00007ffe2add2000 	C:\WINDOWS\System32\cfgmgr32.dll
0x0000000074af0000 - 0x0000000074aff000 	C:\Program Files\Java\jre1.8.0_51\bin\verify.dll
0x0000000074850000 - 0x0000000074879000 	C:\Program Files\Java\jre1.8.0_51\bin\java.dll
0x0000000074500000 - 0x0000000074516000 	C:\Program Files\Java\jre1.8.0_51\bin\zip.dll
0x00007ffe2c250000 - 0x00007ffe2d758000 	C:\WINDOWS\System32\SHELL32.dll
0x00007ffe2b400000 - 0x00007ffe2bada000 	C:\WINDOWS\System32\windows.storage.dll
0x00007ffe2ad30000 - 0x00007ffe2ad7c000 	C:\WINDOWS\System32\powrprof.dll
0x00007ffe2dad0000 - 0x00007ffe2db22000 	C:\WINDOWS\System32\shlwapi.dll
0x00007ffe2ad20000 - 0x00007ffe2ad2f000 	C:\WINDOWS\System32\kernel.appcore.dll
0x00007ffe2bae0000 - 0x00007ffe2bb89000 	C:\WINDOWS\System32\shcore.dll
0x00007ffe2ad00000 - 0x00007ffe2ad14000 	C:\WINDOWS\System32\profapi.dll
0x00000000744e0000 - 0x00000000744fa000 	C:\Program Files\Java\jre1.8.0_51\bin\net.dll
0x00007ffe2a5d0000 - 0x00007ffe2a62c000 	C:\WINDOWS\system32\mswsock.dll
0x00007ffe163b0000 - 0x00007ffe163c6000 	C:\WINDOWS\system32\napinsp.dll
0x00007ffe16570000 - 0x00007ffe1658a000 	C:\WINDOWS\system32\pnrpnsp.dll
0x00007ffe28970000 - 0x00007ffe28988000 	C:\WINDOWS\system32\NLAapi.dll
0x00007ffe2a390000 - 0x00007ffe2a431000 	C:\WINDOWS\SYSTEM32\DNSAPI.dll
0x00007ffe2d890000 - 0x00007ffe2d898000 	C:\WINDOWS\System32\NSI.dll
0x00007ffe2a350000 - 0x00007ffe2a388000 	C:\WINDOWS\SYSTEM32\IPHLPAPI.DLL
0x00007ffe177e0000 - 0x00007ffe177ee000 	C:\WINDOWS\System32\winrnr.dll
0x0000000075850000 - 0x0000000075876000 	C:\Program Files\Bonjour\mdnsNSP.dll
0x00007ffe26530000 - 0x00007ffe26545000 	C:\WINDOWS\System32\wshbth.dll
0x00007ffe1ca00000 - 0x00007ffe1ca0a000 	C:\Windows\System32\rasadhlp.dll
0x00007ffe20340000 - 0x00007ffe203aa000 	C:\WINDOWS\System32\fwpuclnt.dll
0x00007ffe2ac40000 - 0x00007ffe2ac6b000 	C:\WINDOWS\SYSTEM32\bcrypt.dll
0x00007ffde2d20000 - 0x00007ffde3b59000 	C:\Users\Elie\git\decision-uta-method\uta-calculator\lib\jniortools.dll
0x00007ffe19cb0000 - 0x00007ffe19d56000 	C:\WINDOWS\SYSTEM32\MSVCP120.dll
0x00007ffe1d350000 - 0x00007ffe1d43f000 	C:\WINDOWS\SYSTEM32\MSVCR120.dll
0x00007ffe1bdf0000 - 0x00007ffe1bf82000 	C:\WINDOWS\SYSTEM32\dbghelp.dll

VM Arguments:
jvm_args: -Djava.library.path=C:\Users\Elie\git\decision-uta-method\uta-calculator\lib -Dfile.encoding=UTF-8 
java_command: io.github.oliviercailloux.uta_calculator.view.MainSimulation
java_class_path (initial): C:\Users\Elie\git\decision-uta-method\uta-calculator\target\classes;C:\Users\Elie\.m2\repository\com\google\ortools\ortools\2015.08\ortools-2015.08.jar;C:\Users\Elie\.m2\repository\org\slf4j\slf4j-api\1.7.21\slf4j-api-1.7.21.jar;C:\Users\Elie\.m2\repository\com\google\guava\guava\20.0\guava-20.0.jar;C:\Users\Elie\.m2\repository\ch\qos\logback\logback-classic\1.1.7\logback-classic-1.1.7.jar;C:\Users\Elie\.m2\repository\ch\qos\logback\logback-core\1.1.7\logback-core-1.1.7.jar;C:\Users\Elie\.m2\repository\org\apache\commons\commons-math\2.2\commons-math-2.2.jar;C:\Users\Elie\.m2\repository\protobuf\protobuf\3.3.0\protobuf-3.3.0.jar
Launcher Type: SUN_STANDARD

Environment Variables:
JAVA_HOME=C:\Oracle\Middleware\Oracle_Home\oracle_common\jdk
USERNAME=Elie
OS=Windows_NT
PROCESSOR_IDENTIFIER=Intel64 Family 6 Model 58 Stepping 9, GenuineIntel



---------------  S Y S T E M  ---------------

OS: Windows 10.0 , 64 bit Build 14393 (10.0.14393.1198)

CPU:total 4 (2 cores per cpu, 2 threads per core) family 6 model 58 stepping 9, cmov, cx8, fxsr, mmx, sse, sse2, sse3, ssse3, sse4.1, sse4.2, popcnt, avx, clmul, erms, ht, tsc, tscinvbit, tscinv

Memory: 4k page, physical 8222948k(2302148k free), swap 10715372k(1166868k free)

vm_info: Java HotSpot(TM) 64-Bit Server VM (25.51-b03) for windows-amd64 JRE (1.8.0_51-b16), built on Jun  8 2015 18:03:07 by "java_re" with MS VC++ 10.0 (VS2010)

time: Wed Aug 23 18:19:59 2017
elapsed time: 5 seconds (0d 0h 0m 5s)

