#
# A fatal error has been detected by the Java Runtime Environment:
#
#  EXCEPTION_ACCESS_VIOLATION (0xc0000005) at pc=0x00007ffdd85ec306, pid=1560, tid=2088
#
# JRE version: Java(TM) SE Runtime Environment (8.0_51-b16) (build 1.8.0_51-b16)
# Java VM: Java HotSpot(TM) 64-Bit Server VM (25.51-b03 mixed mode windows-amd64 compressed oops)
# Problematic frame:
# C  [jniortools.dll+0x3ac306]
#
# Failed to write core dump. Minidumps are not enabled by default on client versions of Windows
#
# If you would like to submit a bug report, please visit:
#   http://bugreport.java.com/bugreport/crash.jsp
# The crash happened outside the Java Virtual Machine in native code.
# See problematic frame for where to report the bug.
#

---------------  T H R E A D  ---------------

Current thread (0x0000000002c1e000):  JavaThread "main" [_thread_in_native, id=2088, stack(0x0000000002b10000,0x0000000002c10000)]

siginfo: ExceptionCode=0xc0000005, reading address 0x000000001aaae340

Registers:
RAX=0x00007ffe19d48790, RBX=0x0000000002c0eb40, RCX=0x00007ffe19d48790, RDX=0x0000000000000002
RSP=0x0000000002c0eb10, RBP=0x0000000002c0ec00, RSI=0x00000000173ec158, RDI=0x000000001aaae330
R8 =0x00007ffe1d4319b0, R9 =0x00007ffe1d4319b0, R10=0x0000000000000000, R11=0x0000000000000246
R12=0x0000000000000000, R13=0x0000000000000003, R14=0x0000000002c0ebf0, R15=0x0000000002c1e000
RIP=0x00007ffdd85ec306, EFLAGS=0x0000000000010202

Top of Stack: (sp=0x0000000002c0eb10)
0x0000000002c0eb10:   00007ffe19d48790 0000000000000000
0x0000000002c0eb20:   0000000002c0eb40 000000000112d570
0x0000000002c0eb30:   fffffffffffffffe 00007ffe19d48790
0x0000000002c0eb40:   33333a35323a3731 0000000400000000
0x0000000002c0eb50:   00007e08c87b47e4 00bffffffffffffe
0x0000000002c0eb60:   000000001aaae330 00007ffdd85f7049
0x0000000002c0eb70:   0000000000000005 000000001ab39d70
0x0000000002c0eb80:   0000000000000001 027fffffffffffec
0x0000000002c0eb90:   00000001000c06f8 0000000002f7091b
0x0000000002c0eba0:   00000000ffffffff 0000000000000201
0x0000000002c0ebb0:   0000000000000002 00000000d631a1e0
0x0000000002c0ebc0:   00000000d631a250 00000000da876ea8
0x0000000002c0ebd0:   000000000001c4d9 00000000d631a250
0x0000000002c0ebe0:   00000000da876e58 00000000da876e58
0x0000000002c0ebf0:   00000000da8408e8 0000000000000b46
0x0000000002c0ec00:   0000000002c0f2b0 0000000002ffadb4 

Instructions: (pc=0x00007ffdd85ec306)
0x00007ffdd85ec2e6:   16 56 72 00 48 8b 4c 24 28 e8 bc ff c5 ff 48 8b
0x00007ffdd85ec2f6:   c8 48 8d 15 e2 55 72 00 e8 ad ff c5 ff 48 8b c8
0x00007ffdd85ec306:   8b 57 10 ff 15 99 0d 6d 00 90 48 8d 15 25 5e 6d
0x00007ffdd85ec316:   00 48 8b 4c 24 28 e8 8f ff c5 ff 32 c0 eb 02 b0 


Register to memory mapping:

RAX=0x00007ffe19d48790 is an unknown value
RBX=0x0000000002c0eb40 is pointing into the stack for thread: 0x0000000002c1e000
RCX=0x00007ffe19d48790 is an unknown value
RDX=0x0000000000000002 is an unknown value
RSP=0x0000000002c0eb10 is pointing into the stack for thread: 0x0000000002c1e000
RBP=0x0000000002c0ec00 is pointing into the stack for thread: 0x0000000002c1e000
RSI=0x00000000173ec158 is pointing into metadata
RDI=0x000000001aaae330 is an unknown value
R8 =0x00007ffe1d4319b0 is an unknown value
R9 =0x00007ffe1d4319b0 is an unknown value
R10=0x0000000000000000 is an unknown value
R11=0x0000000000000246 is an unknown value
R12=0x0000000000000000 is an unknown value
R13=0x0000000000000003 is an unknown value
R14=0x0000000002c0ebf0 is pointing into the stack for thread: 0x0000000002c1e000
R15=0x0000000002c1e000 is a thread


Stack: [0x0000000002b10000,0x0000000002c10000],  sp=0x0000000002c0eb10,  free space=1018k
Native frames: (J=compiled Java code, j=interpreted, Vv=VM code, C=native code)
C  [jniortools.dll+0x3ac306]
C  [jniortools.dll+0x3b7049]
C  0x0000000002f7091b

Java frames: (J=compiled Java code, j=interpreted, Vv=VM code)
J 460  com.google.ortools.linearsolver.operations_research_linear_solverJNI.MPVariable_solutionValue(JLcom/google/ortools/linearsolver/MPVariable;)D (0 bytes) @ 0x0000000002f70895 [0x0000000002f70840+0x55]
J 622 C1 io.github.oliviercailloux.uta_calculator.model.UTASTAR.findValueFunction()Lio/github/oliviercailloux/uta_calculator/model/ValueFunction; (2313 bytes) @ 0x0000000002ffadb4 [0x0000000002fe3fc0+0x16df4]
J 665 C1 io.github.oliviercailloux.uta_calculator.view.MainSimulation.getDifferenceRank(III)I (217 bytes) @ 0x0000000003043bc4 [0x0000000003042560+0x1664]
j  io.github.oliviercailloux.uta_calculator.view.MainSimulation.simulation()V+29
j  io.github.oliviercailloux.uta_calculator.view.MainSimulation.main([Ljava/lang/String;)V+9
v  ~StubRoutines::call_stub

---------------  P R O C E S S  ---------------

Java Threads: ( => current thread )
  0x000000001787d000 JavaThread "Service Thread" daemon [_thread_blocked, id=5872, stack(0x0000000019590000,0x0000000019690000)]
  0x0000000017828000 JavaThread "C1 CompilerThread2" daemon [_thread_blocked, id=12208, stack(0x0000000019090000,0x0000000019190000)]
  0x0000000017821800 JavaThread "C2 CompilerThread1" daemon [_thread_in_native, id=7672, stack(0x0000000018f90000,0x0000000019090000)]
  0x000000001781f000 JavaThread "C2 CompilerThread0" daemon [_thread_in_native, id=11496, stack(0x0000000018e90000,0x0000000018f90000)]
  0x000000001781d800 JavaThread "Attach Listener" daemon [_thread_blocked, id=9356, stack(0x0000000018d90000,0x0000000018e90000)]
  0x000000001781c800 JavaThread "Signal Dispatcher" daemon [_thread_blocked, id=8672, stack(0x0000000018c90000,0x0000000018d90000)]
  0x0000000002d38000 JavaThread "Finalizer" daemon [_thread_blocked, id=11788, stack(0x0000000018a80000,0x0000000018b80000)]
  0x0000000002d2f000 JavaThread "Reference Handler" daemon [_thread_blocked, id=12396, stack(0x0000000018980000,0x0000000018a80000)]
=>0x0000000002c1e000 JavaThread "main" [_thread_in_native, id=2088, stack(0x0000000002b10000,0x0000000002c10000)]

Other Threads:
  0x00000000177e8000 VMThread [stack: 0x0000000018880000,0x0000000018980000] [id=7756]
  0x000000001787e000 WatcherThread [stack: 0x0000000019690000,0x0000000019790000] [id=1404]

VM state:not at safepoint (normal execution)

VM Mutex/Monitor currently owned by a thread: None

Heap:
 PSYoungGen      total 70656K, used 2613K [0x00000000d6300000, 0x00000000dad00000, 0x0000000100000000)
  eden space 65536K, 1% used [0x00000000d6300000,0x00000000d6445548,0x00000000da300000)
  from space 5120K, 25% used [0x00000000da800000,0x00000000da948020,0x00000000dad00000)
  to   space 5120K, 0% used [0x00000000da300000,0x00000000da300000,0x00000000da800000)
 ParOldGen       total 86016K, used 96K [0x0000000082800000, 0x0000000087c00000, 0x00000000d6300000)
  object space 86016K, 0% used [0x0000000082800000,0x0000000082818010,0x0000000087c00000)
 Metaspace       used 6492K, capacity 6568K, committed 6784K, reserved 1056768K
  class space    used 774K, capacity 784K, committed 896K, reserved 1048576K

Card table byte_map: [0x0000000012110000,0x0000000012500000] byte_map_base: 0x0000000011cfc000

Marking Bits: (ParMarkBitMap*) 0x0000000073174040
 Begin Bits: [0x0000000012ba0000, 0x0000000014b00000)
 End Bits:   [0x0000000014b00000, 0x0000000016a60000)

Polling page: 0x0000000002c20000

CodeCache: size=245760Kb used=3147Kb max_used=3147Kb free=242612Kb
 bounds [0x0000000002d50000, 0x0000000003070000, 0x0000000011d50000]
 total_blobs=1002 nmethods=690 adapters=225
 compilation: enabled

Compilation events (10 events):
Event: 0.896 Thread 0x0000000017828000  688       3       ch.qos.logback.classic.spi.LoggingEvent::prepareForDeferredProcessing (16 bytes)
Event: 0.897 Thread 0x0000000017828000 nmethod 688 0x0000000003061910 code [0x0000000003061ac0, 0x0000000003061f98]
Event: 0.897 Thread 0x0000000017828000  689       3       ch.qos.logback.classic.spi.LoggingEvent::getMDCPropertyMap (61 bytes)
Event: 0.898 Thread 0x0000000017828000 nmethod 689 0x0000000003062590 code [0x0000000003062800, 0x0000000003063938]
Event: 0.898 Thread 0x0000000017828000  690       3       ch.qos.logback.core.OutputStreamAppender::writeOut (11 bytes)
Event: 0.898 Thread 0x0000000017828000 nmethod 690 0x0000000003064150 code [0x00000000030642c0, 0x00000000030644e8]
Event: 0.898 Thread 0x0000000017828000  691       3       ch.qos.logback.core.encoder.LayoutWrappingEncoder::doEncode (38 bytes)
Event: 0.899 Thread 0x0000000017828000 nmethod 691 0x00000000030645d0 code [0x00000000030647e0, 0x0000000003065148]
Event: 0.911 Thread 0x0000000017828000  693       3       java.lang.ref.Finalizer::access$100 (6 bytes)
Event: 0.911 Thread 0x0000000017828000 nmethod 693 0x0000000003065750 code [0x00000000030658c0, 0x0000000003065a28]

GC Heap History (8 events):
Event: 0.538 GC heap before
{Heap before GC invocations=1 (full 0):
 PSYoungGen      total 37888K, used 32768K [0x00000000d6300000, 0x00000000d8d00000, 0x0000000100000000)
  eden space 32768K, 100% used [0x00000000d6300000,0x00000000d8300000,0x00000000d8300000)
  from space 5120K, 0% used [0x00000000d8800000,0x00000000d8800000,0x00000000d8d00000)
  to   space 5120K, 0% used [0x00000000d8300000,0x00000000d8300000,0x00000000d8800000)
 ParOldGen       total 86016K, used 0K [0x0000000082800000, 0x0000000087c00000, 0x00000000d6300000)
  object space 86016K, 0% used [0x0000000082800000,0x0000000082800000,0x0000000087c00000)
 Metaspace       used 6365K, capacity 6440K, committed 6784K, reserved 1056768K
  class space    used 774K, capacity 784K, committed 896K, reserved 1048576K
Event: 0.542 GC heap after
Heap after GC invocations=1 (full 0):
 PSYoungGen      total 37888K, used 2272K [0x00000000d6300000, 0x00000000d8d00000, 0x0000000100000000)
  eden space 32768K, 0% used [0x00000000d6300000,0x00000000d6300000,0x00000000d8300000)
  from space 5120K, 44% used [0x00000000d8300000,0x00000000d8538000,0x00000000d8800000)
  to   space 5120K, 0% used [0x00000000d8800000,0x00000000d8800000,0x00000000d8d00000)
 ParOldGen       total 86016K, used 72K [0x0000000082800000, 0x0000000087c00000, 0x00000000d6300000)
  object space 86016K, 0% used [0x0000000082800000,0x0000000082812010,0x0000000087c00000)
 Metaspace       used 6365K, capacity 6440K, committed 6784K, reserved 1056768K
  class space    used 774K, capacity 784K, committed 896K, reserved 1048576K
}
Event: 0.670 GC heap before
{Heap before GC invocations=2 (full 0):
 PSYoungGen      total 37888K, used 35040K [0x00000000d6300000, 0x00000000d8d00000, 0x0000000100000000)
  eden space 32768K, 100% used [0x00000000d6300000,0x00000000d8300000,0x00000000d8300000)
  from space 5120K, 44% used [0x00000000d8300000,0x00000000d8538000,0x00000000d8800000)
  to   space 5120K, 0% used [0x00000000d8800000,0x00000000d8800000,0x00000000d8d00000)
 ParOldGen       total 86016K, used 72K [0x0000000082800000, 0x0000000087c00000, 0x00000000d6300000)
  object space 86016K, 0% used [0x0000000082800000,0x0000000082812010,0x0000000087c00000)
 Metaspace       used 6396K, capacity 6440K, committed 6784K, reserved 1056768K
  class space    used 774K, capacity 784K, committed 896K, reserved 1048576K
Event: 0.673 GC heap after
Heap after GC invocations=2 (full 0):
 PSYoungGen      total 37888K, used 1344K [0x00000000d6300000, 0x00000000dad00000, 0x0000000100000000)
  eden space 32768K, 0% used [0x00000000d6300000,0x00000000d6300000,0x00000000d8300000)
  from space 5120K, 26% used [0x00000000d8800000,0x00000000d8950020,0x00000000d8d00000)
  to   space 5120K, 0% used [0x00000000d8300000,0x00000000d8300000,0x00000000d8800000)
 ParOldGen       total 86016K, used 80K [0x0000000082800000, 0x0000000087c00000, 0x00000000d6300000)
  object space 86016K, 0% used [0x0000000082800000,0x0000000082814010,0x0000000087c00000)
 Metaspace       used 6396K, capacity 6440K, committed 6784K, reserved 1056768K
  class space    used 774K, capacity 784K, committed 896K, reserved 1048576K
}
Event: 0.805 GC heap before
{Heap before GC invocations=3 (full 0):
 PSYoungGen      total 37888K, used 34112K [0x00000000d6300000, 0x00000000dad00000, 0x0000000100000000)
  eden space 32768K, 100% used [0x00000000d6300000,0x00000000d8300000,0x00000000d8300000)
  from space 5120K, 26% used [0x00000000d8800000,0x00000000d8950020,0x00000000d8d00000)
  to   space 5120K, 0% used [0x00000000d8300000,0x00000000d8300000,0x00000000d8800000)
 ParOldGen       total 86016K, used 80K [0x0000000082800000, 0x0000000087c00000, 0x00000000d6300000)
  object space 86016K, 0% used [0x0000000082800000,0x0000000082814010,0x0000000087c00000)
 Metaspace       used 6460K, capacity 6568K, committed 6784K, reserved 1056768K
  class space    used 774K, capacity 784K, committed 896K, reserved 1048576K
Event: 0.807 GC heap after
Heap after GC invocations=3 (full 0):
 PSYoungGen      total 37888K, used 1344K [0x00000000d6300000, 0x00000000dad00000, 0x0000000100000000)
  eden space 32768K, 0% used [0x00000000d6300000,0x00000000d6300000,0x00000000d8300000)
  from space 5120K, 26% used [0x00000000d8300000,0x00000000d8450020,0x00000000d8800000)
  to   space 5120K, 0% used [0x00000000da800000,0x00000000da800000,0x00000000dad00000)
 ParOldGen       total 86016K, used 88K [0x0000000082800000, 0x0000000087c00000, 0x00000000d6300000)
  object space 86016K, 0% used [0x0000000082800000,0x0000000082816010,0x0000000087c00000)
 Metaspace       used 6460K, capacity 6568K, committed 6784K, reserved 1056768K
  class space    used 774K, capacity 784K, committed 896K, reserved 1048576K
}
Event: 0.904 GC heap before
{Heap before GC invocations=4 (full 0):
 PSYoungGen      total 37888K, used 34112K [0x00000000d6300000, 0x00000000dad00000, 0x0000000100000000)
  eden space 32768K, 100% used [0x00000000d6300000,0x00000000d8300000,0x00000000d8300000)
  from space 5120K, 26% used [0x00000000d8300000,0x00000000d8450020,0x00000000d8800000)
  to   space 5120K, 0% used [0x00000000da800000,0x00000000da800000,0x00000000dad00000)
 ParOldGen       total 86016K, used 88K [0x0000000082800000, 0x0000000087c00000, 0x00000000d6300000)
  object space 86016K, 0% used [0x0000000082800000,0x0000000082816010,0x0000000087c00000)
 Metaspace       used 6492K, capacity 6568K, committed 6784K, reserved 1056768K
  class space    used 774K, capacity 784K, committed 896K, reserved 1048576K
Event: 0.907 GC heap after
Heap after GC invocations=4 (full 0):
 PSYoungGen      total 70656K, used 1312K [0x00000000d6300000, 0x00000000dad00000, 0x0000000100000000)
  eden space 65536K, 0% used [0x00000000d6300000,0x00000000d6300000,0x00000000da300000)
  from space 5120K, 25% used [0x00000000da800000,0x00000000da948020,0x00000000dad00000)
  to   space 5120K, 0% used [0x00000000da300000,0x00000000da300000,0x00000000da800000)
 ParOldGen       total 86016K, used 96K [0x0000000082800000, 0x0000000087c00000, 0x00000000d6300000)
  object space 86016K, 0% used [0x0000000082800000,0x0000000082818010,0x0000000087c00000)
 Metaspace       used 6492K, capacity 6568K, committed 6784K, reserved 1056768K
  class space    used 774K, capacity 784K, committed 896K, reserved 1048576K
}

Deoptimization events (4 events):
Event: 0.411 Thread 0x0000000002c1e000 Uncommon trap: reason=predicate action=maybe_recompile pc=0x0000000002f62f94 method=io.github.oliviercailloux.uta_calculator.model.PartialValueFunction.getDerivative(D)D @ 74
Event: 0.447 Thread 0x0000000002c1e000 Uncommon trap: reason=range_check action=make_not_entrant pc=0x0000000002f7aa38 method=java.util.ArrayList.elementData(I)Ljava/lang/Object; @ 5
Event: 0.755 Thread 0x0000000002c1e000 Uncommon trap: reason=unstable_if action=reinterpret pc=0x0000000002fd54ec method=sun.misc.FloatingDecimal$BinaryToASCIIBuffer.dtoa(IJIZ)V @ 978
Event: 0.910 Thread 0x0000000002d38000 Uncommon trap: reason=unstable_if action=reinterpret pc=0x000000000303dabc method=java.lang.ref.Finalizer.remove()V @ 10

Internal exceptions (8 events):
Event: 0.038 Thread 0x0000000002c1e000 Exception <a 'java/lang/NoSuchMethodError': Method sun.misc.Unsafe.defineClass(Ljava/lang/String;[BII)Ljava/lang/Class; name or signature does not match> (0x00000000d630d0f0) thrown at [C:\re\workspace\8-2-build-windows-amd64-cygwin\jdk8u51\3951\hotspot\sr’TIé£?
Event: 0.038 Thread 0x0000000002c1e000 Exception <a 'java/lang/NoSuchMethodError': Method sun.misc.Unsafe.prefetchRead(Ljava/lang/Object;J)V name or signature does not match> (0x00000000d630d380) thrown at [C:\re\workspace\8-2-build-windows-amd64-cygwin\jdk8u51\3951\hotspot\src\share\vm\prims\j%)‚†B¼?
Event: 0.110 Thread 0x0000000002c1e000 Exception <a 'java/security/PrivilegedActionException'> (0x00000000d6525238) thrown at [C:\re\workspace\8-2-build-windows-amd64-cygwin\jdk8u51\3951\hotspot\src\share\vm\prims\jvm.cpp, line 1382]
Event: 0.110 Thread 0x0000000002c1e000 Exception <a 'java/security/PrivilegedActionException'> (0x00000000d65253f0) thrown at [C:\re\workspace\8-2-build-windows-amd64-cygwin\jdk8u51\3951\hotspot\src\share\vm\prims\jvm.cpp, line 1382]
Event: 0.111 Thread 0x0000000002c1e000 Exception <a 'java/security/PrivilegedActionException'> (0x00000000d6528ee8) thrown at [C:\re\workspace\8-2-build-windows-amd64-cygwin\jdk8u51\3951\hotspot\src\share\vm\prims\jvm.cpp, line 1382]
Event: 0.111 Thread 0x0000000002c1e000 Exception <a 'java/security/PrivilegedActionException'> (0x00000000d65290a0) thrown at [C:\re\workspace\8-2-build-windows-amd64-cygwin\jdk8u51\3951\hotspot\src\share\vm\prims\jvm.cpp, line 1382]
Event: 0.153 Thread 0x0000000002c1e000 Exception <a 'java/io/FileNotFoundException'> (0x00000000d6679cd8) thrown at [C:\re\workspace\8-2-build-windows-amd64-cygwin\jdk8u51\3951\hotspot\src\share\vm\prims\jni.cpp, line 709]
Event: 0.342 Thread 0x0000000002c1e000 Exception <a 'java/lang/NoSuchMethodError': org.slf4j.impl.StaticMDCBinder.getSingleton()Lorg/slf4j/impl/StaticMDCBinder;> (0x00000000d6b54f98) thrown at [C:\re\workspace\8-2-build-windows-amd64-cygwin\jdk8u51\3951\hotspot\src\share\vm\interpreter\linkReso

Events (10 events):
Event: 0.755 Thread 0x0000000002c1e000 Uncommon trap: trap_request=0xffffff65 fr.pc=0x0000000002fd54ec
Event: 0.755 Thread 0x0000000002c1e000 DEOPT PACKING pc=0x0000000002fd54ec sp=0x0000000002c0ebc0
Event: 0.755 Thread 0x0000000002c1e000 DEOPT UNPACKING pc=0x0000000002d9582a sp=0x0000000002c0eaa0 mode 2
Event: 0.805 Executing VM operation: ParallelGCFailedAllocation
Event: 0.807 Executing VM operation: ParallelGCFailedAllocation done
Event: 0.904 Executing VM operation: ParallelGCFailedAllocation
Event: 0.907 Executing VM operation: ParallelGCFailedAllocation done
Event: 0.910 Thread 0x0000000002d38000 Uncommon trap: trap_request=0xffffff65 fr.pc=0x000000000303dabc
Event: 0.910 Thread 0x0000000002d38000 DEOPT PACKING pc=0x000000000303dabc sp=0x0000000018b7f420
Event: 0.910 Thread 0x0000000002d38000 DEOPT UNPACKING pc=0x0000000002d9582a sp=0x0000000018b7f318 mode 2


Dynamic libraries:
0x00007ff7abc20000 - 0x00007ff7abc57000 	C:\Program Files\Java\jre1.8.0_51\bin\javaw.exe
0x00007ffe2e890000 - 0x00007ffe2ea62000 	C:\WINDOWS\SYSTEM32\ntdll.dll
0x00007ffe2e3e0000 - 0x00007ffe2e48c000 	C:\WINDOWS\System32\KERNEL32.DLL
0x00007ffe2b1e0000 - 0x00007ffe2b3fd000 	C:\WINDOWS\System32\KERNELBASE.dll
0x00007ffe2e7e0000 - 0x00007ffe2e882000 	C:\WINDOWS\System32\ADVAPI32.dll
0x00007ffe2e340000 - 0x00007ffe2e3de000 	C:\WINDOWS\System32\msvcrt.dll
0x00007ffe2d8a0000 - 0x00007ffe2d8f9000 	C:\WINDOWS\System32\sechost.dll
0x00007ffe2e150000 - 0x00007ffe2e271000 	C:\WINDOWS\System32\RPCRT4.dll
0x00007ffe2dd40000 - 0x00007ffe2dea5000 	C:\WINDOWS\System32\USER32.dll
0x00007ffe2ade0000 - 0x00007ffe2adfe000 	C:\WINDOWS\System32\win32u.dll
0x00007ffe2db30000 - 0x00007ffe2db64000 	C:\WINDOWS\System32\GDI32.dll
0x00007ffe2bbf0000 - 0x00007ffe2bd70000 	C:\WINDOWS\System32\gdi32full.dll
0x00007ffe27340000 - 0x00007ffe275ba000 	C:\WINDOWS\WinSxS\amd64_microsoft.windows.common-controls_6595b64144ccf1df_6.0.14393.953_none_42151e83c686086b\COMCTL32.dll
0x00007ffe2e490000 - 0x00007ffe2e758000 	C:\WINDOWS\System32\combase.dll
0x00007ffe2b0e0000 - 0x00007ffe2b1d5000 	C:\WINDOWS\System32\ucrtbase.dll
0x00007ffe2aea0000 - 0x00007ffe2af0a000 	C:\WINDOWS\System32\bcryptPrimitives.dll
0x00007ffe2db70000 - 0x00007ffe2db9e000 	C:\WINDOWS\System32\IMM32.DLL
0x0000000074bb0000 - 0x0000000074c82000 	C:\Program Files\Java\jre1.8.0_51\bin\msvcr100.dll
0x0000000072970000 - 0x00000000731f3000 	C:\Program Files\Java\jre1.8.0_51\bin\server\jvm.dll
0x00007ffe2d780000 - 0x00007ffe2d788000 	C:\WINDOWS\System32\PSAPI.DLL
0x00007ffe1d4b0000 - 0x00007ffe1d4b9000 	C:\WINDOWS\SYSTEM32\WSOCK32.dll
0x00007ffe2d900000 - 0x00007ffe2d96a000 	C:\WINDOWS\System32\WS2_32.dll
0x00007ffe28040000 - 0x00007ffe28063000 	C:\WINDOWS\SYSTEM32\WINMM.dll
0x00007ffe1ca10000 - 0x00007ffe1ca1a000 	C:\WINDOWS\SYSTEM32\VERSION.dll
0x00007ffe27e70000 - 0x00007ffe27e9b000 	C:\WINDOWS\SYSTEM32\WINMMBASE.dll
0x00007ffe2ad90000 - 0x00007ffe2add2000 	C:\WINDOWS\System32\cfgmgr32.dll
0x0000000075500000 - 0x000000007550f000 	C:\Program Files\Java\jre1.8.0_51\bin\verify.dll
0x0000000074b80000 - 0x0000000074ba9000 	C:\Program Files\Java\jre1.8.0_51\bin\java.dll
0x0000000074b60000 - 0x0000000074b76000 	C:\Program Files\Java\jre1.8.0_51\bin\zip.dll
0x00007ffe2c250000 - 0x00007ffe2d758000 	C:\WINDOWS\System32\SHELL32.dll
0x00007ffe2b400000 - 0x00007ffe2bada000 	C:\WINDOWS\System32\windows.storage.dll
0x00007ffe2ad30000 - 0x00007ffe2ad7c000 	C:\WINDOWS\System32\powrprof.dll
0x00007ffe2dad0000 - 0x00007ffe2db22000 	C:\WINDOWS\System32\shlwapi.dll
0x00007ffe2ad20000 - 0x00007ffe2ad2f000 	C:\WINDOWS\System32\kernel.appcore.dll
0x00007ffe2bae0000 - 0x00007ffe2bb89000 	C:\WINDOWS\System32\shcore.dll
0x00007ffe2ad00000 - 0x00007ffe2ad14000 	C:\WINDOWS\System32\profapi.dll
0x0000000074b40000 - 0x0000000074b5a000 	C:\Program Files\Java\jre1.8.0_51\bin\net.dll
0x00007ffe2a5d0000 - 0x00007ffe2a62c000 	C:\WINDOWS\system32\mswsock.dll
0x00007ffe163b0000 - 0x00007ffe163c6000 	C:\WINDOWS\system32\napinsp.dll
0x00007ffe16570000 - 0x00007ffe1658a000 	C:\WINDOWS\system32\pnrpnsp.dll
0x00007ffe28970000 - 0x00007ffe28988000 	C:\WINDOWS\system32\NLAapi.dll
0x00007ffe2a390000 - 0x00007ffe2a431000 	C:\WINDOWS\SYSTEM32\DNSAPI.dll
0x00007ffe2d890000 - 0x00007ffe2d898000 	C:\WINDOWS\System32\NSI.dll
0x00007ffe2a350000 - 0x00007ffe2a388000 	C:\WINDOWS\SYSTEM32\IPHLPAPI.DLL
0x00007ffe177e0000 - 0x00007ffe177ee000 	C:\WINDOWS\System32\winrnr.dll
0x0000000075850000 - 0x0000000075876000 	C:\Program Files\Bonjour\mdnsNSP.dll
0x00007ffe26530000 - 0x00007ffe26545000 	C:\WINDOWS\System32\wshbth.dll
0x00007ffe1ca00000 - 0x00007ffe1ca0a000 	C:\Windows\System32\rasadhlp.dll
0x00007ffe20340000 - 0x00007ffe203aa000 	C:\WINDOWS\System32\fwpuclnt.dll
0x00007ffe2ac40000 - 0x00007ffe2ac6b000 	C:\WINDOWS\SYSTEM32\bcrypt.dll
0x00007ffdd8240000 - 0x00007ffdd9079000 	C:\Users\Elie\git\decision-uta-method\uta-calculator\lib\jniortools.dll
0x00007ffe19cb0000 - 0x00007ffe19d56000 	C:\WINDOWS\SYSTEM32\MSVCP120.dll
0x00007ffe1d350000 - 0x00007ffe1d43f000 	C:\WINDOWS\SYSTEM32\MSVCR120.dll
0x00007ffe1bdf0000 - 0x00007ffe1bf82000 	C:\WINDOWS\SYSTEM32\dbghelp.dll

VM Arguments:
jvm_args: -Djava.library.path=C:\Users\Elie\git\decision-uta-method\uta-calculator\lib -Dfile.encoding=UTF-8 
java_command: io.github.oliviercailloux.uta_calculator.view.MainSimulation
java_class_path (initial): C:\Users\Elie\git\decision-uta-method\uta-calculator\target\classes;C:\Users\Elie\.m2\repository\com\google\ortools\ortools\2015.08\ortools-2015.08.jar;C:\Users\Elie\.m2\repository\org\slf4j\slf4j-api\1.7.21\slf4j-api-1.7.21.jar;C:\Users\Elie\.m2\repository\com\google\guava\guava\20.0\guava-20.0.jar;C:\Users\Elie\.m2\repository\ch\qos\logback\logback-classic\1.1.7\logback-classic-1.1.7.jar;C:\Users\Elie\.m2\repository\ch\qos\logback\logback-core\1.1.7\logback-core-1.1.7.jar;C:\Users\Elie\.m2\repository\org\apache\commons\commons-math\2.2\commons-math-2.2.jar;C:\Users\Elie\.m2\repository\protobuf\protobuf\3.3.0\protobuf-3.3.0.jar
Launcher Type: SUN_STANDARD

Environment Variables:
JAVA_HOME=C:\Oracle\Middleware\Oracle_Home\oracle_common\jdk
USERNAME=Elie
OS=Windows_NT
PROCESSOR_IDENTIFIER=Intel64 Family 6 Model 58 Stepping 9, GenuineIntel



---------------  S Y S T E M  ---------------

OS: Windows 10.0 , 64 bit Build 14393 (10.0.14393.1198)

CPU:total 4 (2 cores per cpu, 2 threads per core) family 6 model 58 stepping 9, cmov, cx8, fxsr, mmx, sse, sse2, sse3, ssse3, sse4.1, sse4.2, popcnt, avx, clmul, erms, ht, tsc, tscinvbit, tscinv

Memory: 4k page, physical 8222948k(3534320k free), swap 9730276k(2584804k free)

vm_info: Java HotSpot(TM) 64-Bit Server VM (25.51-b03) for windows-amd64 JRE (1.8.0_51-b16), built on Jun  8 2015 18:03:07 by "java_re" with MS VC++ 10.0 (VS2010)

time: Tue Aug 22 17:25:33 2017
elapsed time: 0 seconds (0d 0h 0m 0s)

