#
# A fatal error has been detected by the Java Runtime Environment:
#
#  EXCEPTION_ACCESS_VIOLATION (0xc0000005) at pc=0x00007ffddb69c306, pid=2112, tid=10592
#
# JRE version: Java(TM) SE Runtime Environment (8.0_51-b16) (build 1.8.0_51-b16)
# Java VM: Java HotSpot(TM) 64-Bit Server VM (25.51-b03 mixed mode windows-amd64 compressed oops)
# Problematic frame:
# C  [jniortools.dll+0x3ac306]
#
# Failed to write core dump. Minidumps are not enabled by default on client versions of Windows
#
# If you would like to submit a bug report, please visit:
#   http://bugreport.java.com/bugreport/crash.jsp
# The crash happened outside the Java Virtual Machine in native code.
# See problematic frame for where to report the bug.
#

---------------  T H R E A D  ---------------

Current thread (0x0000000002fde000):  JavaThread "main" [_thread_in_native, id=10592, stack(0x0000000002fe0000,0x00000000030e0000)]

siginfo: ExceptionCode=0xc0000005, reading address 0x000000001c8a8580

Registers:
RAX=0x00007ffe19d48790, RBX=0x00000000030decd0, RCX=0x00007ffe19d48790, RDX=0x0000000000000002
RSP=0x00000000030deca0, RBP=0x00000000030ded90, RSI=0x0000000017841f38, RDI=0x000000001c8a8570
R8 =0x00007ffe1d4319b0, R9 =0x00007ffe1d4319b0, R10=0x0000000000000000, R11=0x0000000000000246
R12=0x0000000000000000, R13=0x00000000d6300010, R14=0x00000000030ded80, R15=0x0000000002fde000
RIP=0x00007ffddb69c306, EFLAGS=0x0000000000010202

Top of Stack: (sp=0x00000000030deca0)
0x00000000030deca0:   00007ffe19d48790 0000000000000000
0x00000000030decb0:   00000000030decd0 000000000144d320
0x00000000030decc0:   fffffffffffffffe 00007ffe19d48790
0x00000000030decd0:   34353a38313a3931 0000000002fde000
0x00000000030dece0:   00001cd16ceaae86 0000000200000002
0x00000000030decf0:   000000001c8a8570 00007ffddb6a7049
0x00000000030ded00:   0000000000000828 000000001c841e20
0x00000000030ded10:   00000000de2fdd18 00000000002d21d8
0x00000000030ded20:   00000001000bf360 000000000340591b
0x00000000030ded30:   000000010001e9b0 0000000000000003
0x00000000030ded40:   00000000030ded58 000000001b2b7510
0x00000000030ded50:   00000000d630a398 00000000de316990
0x00000000030ded60:   0000083800000000 0000000000001067
0x00000000030ded70:   0000000000001010 000000008281b350
0x00000000030ded80:   00000000828140d8 0000000000000634
0x00000000030ded90:   00000000030df468 000000000347d8ec 

Instructions: (pc=0x00007ffddb69c306)
0x00007ffddb69c2e6:   16 56 72 00 48 8b 4c 24 28 e8 bc ff c5 ff 48 8b
0x00007ffddb69c2f6:   c8 48 8d 15 e2 55 72 00 e8 ad ff c5 ff 48 8b c8
0x00007ffddb69c306:   8b 57 10 ff 15 99 0d 6d 00 90 48 8d 15 25 5e 6d
0x00007ffddb69c316:   00 48 8b 4c 24 28 e8 8f ff c5 ff 32 c0 eb 02 b0 


Register to memory mapping:

RAX=0x00007ffe19d48790 is an unknown value
RBX=0x00000000030decd0 is pointing into the stack for thread: 0x0000000002fde000
RCX=0x00007ffe19d48790 is an unknown value
RDX=0x0000000000000002 is an unknown value
RSP=0x00000000030deca0 is pointing into the stack for thread: 0x0000000002fde000
RBP=0x00000000030ded90 is pointing into the stack for thread: 0x0000000002fde000
RSI=0x0000000017841f38 is pointing into metadata
RDI=0x000000001c8a8570 is an unknown value
R8 =0x00007ffe1d4319b0 is an unknown value
R9 =0x00007ffe1d4319b0 is an unknown value
R10=0x0000000000000000 is an unknown value
R11=0x0000000000000246 is an unknown value
R12=0x0000000000000000 is an unknown value
R13=0x00000000d6300010 is an oop

[error occurred during error reporting (printing register info), id 0xc0000005]

Stack: [0x0000000002fe0000,0x00000000030e0000],  sp=0x00000000030deca0,  free space=1019k
Native frames: (J=compiled Java code, j=interpreted, Vv=VM code, C=native code)
C  [jniortools.dll+0x3ac306]
C  [jniortools.dll+0x3b7049]
C  0x000000000340591b

Java frames: (J=compiled Java code, j=interpreted, Vv=VM code)
J 450  com.google.ortools.linearsolver.operations_research_linear_solverJNI.MPVariable_solutionValue(JLcom/google/ortools/linearsolver/MPVariable;)D (0 bytes) @ 0x0000000003405895 [0x0000000003405840+0x55]
J 581 C1 io.github.oliviercailloux.uta_calculator.model.UTASTAR.findValueFunction()Lio/github/oliviercailloux/uta_calculator/model/ValueFunction; (2313 bytes) @ 0x000000000347d8ec [0x00000000034685e0+0x1530c]
J 576 C1 io.github.oliviercailloux.uta_calculator.view.MainSimulation.getDifferenceRank(III)I (217 bytes) @ 0x000000000345d484 [0x000000000345be20+0x1664]
j  io.github.oliviercailloux.uta_calculator.view.MainSimulation.simulation()V+73
j  io.github.oliviercailloux.uta_calculator.view.MainSimulation.main([Ljava/lang/String;)V+9
v  ~StubRoutines::call_stub

---------------  P R O C E S S  ---------------

Java Threads: ( => current thread )
  0x0000000019537800 JavaThread "Service Thread" daemon [_thread_blocked, id=13948, stack(0x0000000019900000,0x0000000019a00000)]
  0x0000000017c90800 JavaThread "C1 CompilerThread2" daemon [_thread_blocked, id=8528, stack(0x0000000019400000,0x0000000019500000)]
  0x0000000017c81800 JavaThread "C2 CompilerThread1" daemon [_thread_in_native, id=1960, stack(0x0000000019300000,0x0000000019400000)]
  0x0000000017c7f000 JavaThread "C2 CompilerThread0" daemon [_thread_in_native, id=2832, stack(0x0000000019200000,0x0000000019300000)]
  0x0000000017c7d800 JavaThread "Attach Listener" daemon [_thread_blocked, id=11680, stack(0x0000000019100000,0x0000000019200000)]
  0x0000000017c7c800 JavaThread "Signal Dispatcher" daemon [_thread_blocked, id=10404, stack(0x0000000019000000,0x0000000019100000)]
  0x00000000031d8000 JavaThread "Finalizer" daemon [_thread_blocked, id=5312, stack(0x0000000018f00000,0x0000000019000000)]
  0x00000000031cf000 JavaThread "Reference Handler" daemon [_thread_blocked, id=5260, stack(0x0000000018e00000,0x0000000018f00000)]
=>0x0000000002fde000 JavaThread "main" [_thread_in_native, id=10592, stack(0x0000000002fe0000,0x00000000030e0000)]

Other Threads:
  0x0000000017c48000 VMThread [stack: 0x0000000018d00000,0x0000000018e00000] [id=10676]
  0x0000000019539000 WatcherThread [stack: 0x0000000019a00000,0x0000000019b00000] [id=11768]

VM state:not at safepoint (normal execution)

VM Mutex/Monitor currently owned by a thread: None

Heap:
 PSYoungGen      total 133632K, used 3158K [0x00000000d6300000, 0x00000000e6800000, 0x0000000100000000)
  eden space 131072K, 1% used [0x00000000d6300000,0x00000000d658db40,0x00000000de300000)
  from space 2560K, 21% used [0x00000000de300000,0x00000000de388000,0x00000000de580000)
  to   space 2560K, 0% used [0x00000000e6580000,0x00000000e6580000,0x00000000e6800000)
 ParOldGen       total 86016K, used 1321K [0x0000000082800000, 0x0000000087c00000, 0x00000000d6300000)
  object space 86016K, 1% used [0x0000000082800000,0x000000008294a590,0x0000000087c00000)
 Metaspace       used 6578K, capacity 6664K, committed 6784K, reserved 1056768K
  class space    used 790K, capacity 816K, committed 896K, reserved 1048576K

Card table byte_map: [0x00000000125a0000,0x0000000012990000] byte_map_base: 0x000000001218c000

Marking Bits: (ParMarkBitMap*) 0x0000000071af4040
 Begin Bits: [0x0000000013030000, 0x0000000014f90000)
 End Bits:   [0x0000000014f90000, 0x0000000016ef0000)

Polling page: 0x0000000002f30000

CodeCache: size=245760Kb used=3120Kb max_used=3120Kb free=242639Kb
 bounds [0x00000000031e0000, 0x00000000034f0000, 0x00000000121e0000]
 total_blobs=995 nmethods=675 adapters=233
 compilation: enabled

Compilation events (10 events):
Event: 1.337 Thread 0x0000000017c90800  678       3       java.util.TimSort::reverseRange (32 bytes)
Event: 1.337 Thread 0x0000000017c90800 nmethod 678 0x00000000034da1d0 code [0x00000000034da360, 0x00000000034da7f0]
Event: 1.764 Thread 0x0000000017c90800  680       3       org.apache.commons.math.stat.descriptive.AbstractUnivariateStatistic::<init> (5 bytes)
Event: 1.764 Thread 0x0000000017c90800 nmethod 680 0x00000000034d8210 code [0x00000000034d8360, 0x00000000034d8510]
Event: 1.769 Thread 0x0000000017c90800  681       3       org.apache.commons.math.stat.descriptive.AbstractStorelessUnivariateStatistic::<init> (5 bytes)
Event: 1.769 Thread 0x0000000017c90800 nmethod 681 0x00000000034ef2d0 code [0x00000000034ef440, 0x00000000034ef650]
Event: 1.881 Thread 0x0000000017c90800  682       3       sun.misc.FDBigInteger::size (10 bytes)
Event: 1.882 Thread 0x0000000017c90800 nmethod 682 0x00000000034d9ed0 code [0x00000000034da020, 0x00000000034da170]
Event: 2.062 Thread 0x0000000017c90800  684       3       java.nio.CharBuffer::arrayOffset (35 bytes)
Event: 2.062 Thread 0x0000000017c90800 nmethod 684 0x00000000034ef750 code [0x00000000034ef8e0, 0x00000000034efbf8]

GC Heap History (10 events):
Event: 0.840 GC heap before
{Heap before GC invocations=3 (full 0):
 PSYoungGen      total 37888K, used 34421K [0x00000000d6300000, 0x00000000dad00000, 0x0000000100000000)
  eden space 32768K, 100% used [0x00000000d6300000,0x00000000d8300000,0x00000000d8300000)
  from space 5120K, 32% used [0x00000000d8800000,0x00000000d899d578,0x00000000d8d00000)
  to   space 5120K, 0% used [0x00000000d8300000,0x00000000d8300000,0x00000000d8800000)
 ParOldGen       total 86016K, used 80K [0x0000000082800000, 0x0000000087c00000, 0x00000000d6300000)
  object space 86016K, 0% used [0x0000000082800000,0x0000000082814010,0x0000000087c00000)
 Metaspace       used 6565K, capacity 6664K, committed 6784K, reserved 1056768K
  class space    used 790K, capacity 816K, committed 896K, reserved 1048576K
Event: 0.842 GC heap after
Heap after GC invocations=3 (full 0):
 PSYoungGen      total 37888K, used 1536K [0x00000000d6300000, 0x00000000dad00000, 0x0000000100000000)
  eden space 32768K, 0% used [0x00000000d6300000,0x00000000d6300000,0x00000000d8300000)
  from space 5120K, 30% used [0x00000000d8300000,0x00000000d8480020,0x00000000d8800000)
  to   space 5120K, 0% used [0x00000000da800000,0x00000000da800000,0x00000000dad00000)
 ParOldGen       total 86016K, used 88K [0x0000000082800000, 0x0000000087c00000, 0x00000000d6300000)
  object space 86016K, 0% used [0x0000000082800000,0x0000000082816010,0x0000000087c00000)
 Metaspace       used 6565K, capacity 6664K, committed 6784K, reserved 1056768K
  class space    used 790K, capacity 816K, committed 896K, reserved 1048576K
}
Event: 0.953 GC heap before
{Heap before GC invocations=4 (full 0):
 PSYoungGen      total 37888K, used 34304K [0x00000000d6300000, 0x00000000dad00000, 0x0000000100000000)
  eden space 32768K, 100% used [0x00000000d6300000,0x00000000d8300000,0x00000000d8300000)
  from space 5120K, 30% used [0x00000000d8300000,0x00000000d8480020,0x00000000d8800000)
  to   space 5120K, 0% used [0x00000000da800000,0x00000000da800000,0x00000000dad00000)
 ParOldGen       total 86016K, used 88K [0x0000000082800000, 0x0000000087c00000, 0x00000000d6300000)
  object space 86016K, 0% used [0x0000000082800000,0x0000000082816010,0x0000000087c00000)
 Metaspace       used 6573K, capacity 6664K, committed 6784K, reserved 1056768K
  class space    used 790K, capacity 816K, committed 896K, reserved 1048576K
Event: 0.956 GC heap after
Heap after GC invocations=4 (full 0):
 PSYoungGen      total 70656K, used 1504K [0x00000000d6300000, 0x00000000dad00000, 0x0000000100000000)
  eden space 65536K, 0% used [0x00000000d6300000,0x00000000d6300000,0x00000000da300000)
  from space 5120K, 29% used [0x00000000da800000,0x00000000da978020,0x00000000dad00000)
  to   space 5120K, 0% used [0x00000000da300000,0x00000000da300000,0x00000000da800000)
 ParOldGen       total 86016K, used 96K [0x0000000082800000, 0x0000000087c00000, 0x00000000d6300000)
  object space 86016K, 0% used [0x0000000082800000,0x0000000082818010,0x0000000087c00000)
 Metaspace       used 6573K, capacity 6664K, committed 6784K, reserved 1056768K
  class space    used 790K, capacity 816K, committed 896K, reserved 1048576K
}
Event: 1.201 GC heap before
{Heap before GC invocations=5 (full 0):
 PSYoungGen      total 70656K, used 67040K [0x00000000d6300000, 0x00000000dad00000, 0x0000000100000000)
  eden space 65536K, 100% used [0x00000000d6300000,0x00000000da300000,0x00000000da300000)
  from space 5120K, 29% used [0x00000000da800000,0x00000000da978020,0x00000000dad00000)
  to   space 5120K, 0% used [0x00000000da300000,0x00000000da300000,0x00000000da800000)
 ParOldGen       total 86016K, used 96K [0x0000000082800000, 0x0000000087c00000, 0x00000000d6300000)
  object space 86016K, 0% used [0x0000000082800000,0x0000000082818010,0x0000000087c00000)
 Metaspace       used 6576K, capacity 6664K, committed 6784K, reserved 1056768K
  class space    used 790K, capacity 816K, committed 896K, reserved 1048576K
Event: 1.205 GC heap after
Heap after GC invocations=5 (full 0):
 PSYoungGen      total 70656K, used 1696K [0x00000000d6300000, 0x00000000de800000, 0x0000000100000000)
  eden space 65536K, 0% used [0x00000000d6300000,0x00000000d6300000,0x00000000da300000)
  from space 5120K, 33% used [0x00000000da300000,0x00000000da4a8020,0x00000000da800000)
  to   space 2560K, 0% used [0x00000000de580000,0x00000000de580000,0x00000000de800000)
 ParOldGen       total 86016K, used 104K [0x0000000082800000, 0x0000000087c00000, 0x00000000d6300000)
  object space 86016K, 0% used [0x0000000082800000,0x000000008281a010,0x0000000087c00000)
 Metaspace       used 6576K, capacity 6664K, committed 6784K, reserved 1056768K
  class space    used 790K, capacity 816K, committed 896K, reserved 1048576K
}
Event: 1.673 GC heap before
{Heap before GC invocations=6 (full 0):
 PSYoungGen      total 70656K, used 67232K [0x00000000d6300000, 0x00000000de800000, 0x0000000100000000)
  eden space 65536K, 100% used [0x00000000d6300000,0x00000000da300000,0x00000000da300000)
  from space 5120K, 33% used [0x00000000da300000,0x00000000da4a8020,0x00000000da800000)
  to   space 2560K, 0% used [0x00000000de580000,0x00000000de580000,0x00000000de800000)
 ParOldGen       total 86016K, used 104K [0x0000000082800000, 0x0000000087c00000, 0x00000000d6300000)
  object space 86016K, 0% used [0x0000000082800000,0x000000008281a010,0x0000000087c00000)
 Metaspace       used 6577K, capacity 6664K, committed 6784K, reserved 1056768K
  class space    used 790K, capacity 816K, committed 896K, reserved 1048576K
Event: 1.683 GC heap after
Heap after GC invocations=6 (full 0):
 PSYoungGen      total 133632K, used 1568K [0x00000000d6300000, 0x00000000de800000, 0x0000000100000000)
  eden space 131072K, 0% used [0x00000000d6300000,0x00000000d6300000,0x00000000de300000)
  from space 2560K, 61% used [0x00000000de580000,0x00000000de708020,0x00000000de800000)
  to   space 2560K, 0% used [0x00000000de300000,0x00000000de300000,0x00000000de580000)
 ParOldGen       total 86016K, used 104K [0x0000000082800000, 0x0000000087c00000, 0x00000000d6300000)
  object space 86016K, 0% used [0x0000000082800000,0x000000008281a010,0x0000000087c00000)
 Metaspace       used 6577K, capacity 6664K, committed 6784K, reserved 1056768K
  class space    used 790K, capacity 816K, committed 896K, reserved 1048576K
}
Event: 2.262 GC heap before
{Heap before GC invocations=7 (full 0):
 PSYoungGen      total 133632K, used 132640K [0x00000000d6300000, 0x00000000de800000, 0x0000000100000000)
  eden space 131072K, 100% used [0x00000000d6300000,0x00000000de300000,0x00000000de300000)
  from space 2560K, 61% used [0x00000000de580000,0x00000000de708020,0x00000000de800000)
  to   space 2560K, 0% used [0x00000000de300000,0x00000000de300000,0x00000000de580000)
 ParOldGen       total 86016K, used 104K [0x0000000082800000, 0x0000000087c00000, 0x00000000d6300000)
  object space 86016K, 0% used [0x0000000082800000,0x000000008281a010,0x0000000087c00000)
 Metaspace       used 6578K, capacity 6664K, committed 6784K, reserved 1056768K
  class space    used 790K, capacity 816K, committed 896K, reserved 1048576K
Event: 2.267 GC heap after
Heap after GC invocations=7 (full 0):
 PSYoungGen      total 133632K, used 544K [0x00000000d6300000, 0x00000000e6800000, 0x0000000100000000)
  eden space 131072K, 0% used [0x00000000d6300000,0x00000000d6300000,0x00000000de300000)
  from space 2560K, 21% used [0x00000000de300000,0x00000000de388000,0x00000000de580000)
  to   space 2560K, 0% used [0x00000000e6580000,0x00000000e6580000,0x00000000e6800000)
 ParOldGen       total 86016K, used 1321K [0x0000000082800000, 0x0000000087c00000, 0x00000000d6300000)
  object space 86016K, 1% used [0x0000000082800000,0x000000008294a590,0x0000000087c00000)
 Metaspace       used 6578K, capacity 6664K, committed 6784K, reserved 1056768K
  class space    used 790K, capacity 816K, committed 896K, reserved 1048576K
}

Deoptimization events (10 events):
Event: 1.261 Thread 0x0000000002fde000 Uncommon trap: reason=unstable_if action=reinterpret pc=0x0000000003408154 method=io.github.oliviercailloux.uta_calculator.model.ValueFunction.getPartialValueFunction(Lio/github/oliviercailloux/uta_calculator/model/Criterion;)Lio/github/oliviercailloux/utaä³¡¥-ô?
Event: 1.261 Thread 0x0000000002fde000 Uncommon trap: reason=unstable_if action=reinterpret pc=0x00000000033febd4 method=io.github.oliviercailloux.uta_calculator.model.ValueFunction.getPartialValueFunction(Lio/github/oliviercailloux/uta_calculator/model/Criterion;)Lio/github/oliviercailloux/utak{?Õ…9ô?
Event: 1.264 Thread 0x0000000002fde000 Uncommon trap: reason=unstable_if action=reinterpret pc=0x00000000034c698c method=sun.misc.FloatingDecimal$BinaryToASCIIBuffer.dtoa(IJIZ)V @ 921
Event: 1.264 Thread 0x0000000002fde000 Uncommon trap: reason=predicate action=maybe_recompile pc=0x00000000034dd3f8 method=java.util.TimSort.binarySort([Ljava/lang/Object;IIILjava/util/Comparator;)V @ 76
Event: 1.264 Thread 0x0000000002fde000 Uncommon trap: reason=predicate action=maybe_recompile pc=0x000000000346591c method=java.util.TimSort.binarySort([Ljava/lang/Object;IIILjava/util/Comparator;)V @ 76
Event: 1.265 Thread 0x0000000002fde000 Uncommon trap: reason=unstable_if action=reinterpret pc=0x00000000034d6a04 method=io.github.oliviercailloux.uta_calculator.view.MainSimulation.compare(Lio/github/oliviercailloux/uta_calculator/model/ValueFunction;Lio/github/oliviercailloux/uta_calculator/m9GZ¡'Uô?
Event: 1.271 Thread 0x0000000002fde000 Uncommon trap: reason=unstable_if action=reinterpret pc=0x00000000034cf090 method=io.github.oliviercailloux.uta_calculator.view.MainSimulation.compare(Lio/github/oliviercailloux/uta_calculator/model/ValueFunction;Lio/github/oliviercailloux/uta_calculator/m'¾Æ‚cô?
Event: 1.274 Thread 0x0000000002fde000 Uncommon trap: reason=predicate action=maybe_recompile pc=0x000000000349fe20 method=java.util.TimSort.countRunAndMakeAscending([Ljava/lang/Object;IILjava/util/Comparator;)I @ 57
Event: 1.277 Thread 0x0000000002fde000 Uncommon trap: reason=predicate action=maybe_recompile pc=0x0000000003457354 method=java.util.TimSort.binarySort([Ljava/lang/Object;IIILjava/util/Comparator;)V @ 76
Event: 1.305 Thread 0x0000000002fde000 Uncommon trap: reason=unstable_if action=reinterpret pc=0x00000000034a31c4 method=sun.misc.FloatingDecimal$BinaryToASCIIBuffer.getChars([C)I @ 210

Internal exceptions (7 events):
Event: 0.051 Thread 0x0000000002fde000 Exception <a 'java/lang/NoSuchMethodError': Method sun.misc.Unsafe.defineClass(Ljava/lang/String;[BII)Ljava/lang/Class; name or signature does not match> (0x00000000d630cfe0) thrown at [C:\re\workspace\8-2-build-windows-amd64-cygwin\jdk8u51\3951\hotspot\sr2•0‘yRª?
Event: 0.051 Thread 0x0000000002fde000 Exception <a 'java/lang/NoSuchMethodError': Method sun.misc.Unsafe.prefetchRead(Ljava/lang/Object;J)V name or signature does not match> (0x00000000d630d270) thrown at [C:\re\workspace\8-2-build-windows-amd64-cygwin\jdk8u51\3951\hotspot\src\share\vm\prims\j’TIéÃ?
Event: 0.152 Thread 0x0000000002fde000 Exception <a 'java/security/PrivilegedActionException'> (0x00000000d6525238) thrown at [C:\re\workspace\8-2-build-windows-amd64-cygwin\jdk8u51\3951\hotspot\src\share\vm\prims\jvm.cpp, line 1382]
Event: 0.152 Thread 0x0000000002fde000 Exception <a 'java/security/PrivilegedActionException'> (0x00000000d65253f0) thrown at [C:\re\workspace\8-2-build-windows-amd64-cygwin\jdk8u51\3951\hotspot\src\share\vm\prims\jvm.cpp, line 1382]
Event: 0.153 Thread 0x0000000002fde000 Exception <a 'java/security/PrivilegedActionException'> (0x00000000d6528ee8) thrown at [C:\re\workspace\8-2-build-windows-amd64-cygwin\jdk8u51\3951\hotspot\src\share\vm\prims\jvm.cpp, line 1382]
Event: 0.153 Thread 0x0000000002fde000 Exception <a 'java/security/PrivilegedActionException'> (0x00000000d65290a0) thrown at [C:\re\workspace\8-2-build-windows-amd64-cygwin\jdk8u51\3951\hotspot\src\share\vm\prims\jvm.cpp, line 1382]
Event: 0.204 Thread 0x0000000002fde000 Exception <a 'java/io/FileNotFoundException'> (0x00000000d6679cd8) thrown at [C:\re\workspace\8-2-build-windows-amd64-cygwin\jdk8u51\3951\hotspot\src\share\vm\prims\jni.cpp, line 709]

Events (10 events):
Event: 1.673 Executing VM operation: ParallelGCFailedAllocation
Event: 1.683 Executing VM operation: ParallelGCFailedAllocation done
Event: 1.835 Thread 0x0000000002fde000 DEOPT PACKING pc=0x000000000342aabe sp=0x00000000030def50
Event: 1.835 Thread 0x0000000002fde000 DEOPT UNPACKING pc=0x000000000322787f sp=0x00000000030decc0 mode 0
Event: 1.978 Thread 0x0000000002fde000 DEOPT PACKING pc=0x000000000342aabe sp=0x00000000030dee20
Event: 1.978 Thread 0x0000000002fde000 DEOPT UNPACKING pc=0x000000000322787f sp=0x00000000030deb90 mode 0
Event: 2.139 Thread 0x0000000002fde000 DEOPT PACKING pc=0x000000000342aabe sp=0x00000000030def50
Event: 2.139 Thread 0x0000000002fde000 DEOPT UNPACKING pc=0x000000000322787f sp=0x00000000030decc0 mode 0
Event: 2.262 Executing VM operation: ParallelGCFailedAllocation
Event: 2.267 Executing VM operation: ParallelGCFailedAllocation done


Dynamic libraries:
0x00007ff7a9670000 - 0x00007ff7a96a7000 	C:\Program Files\Java\jre1.8.0_51\bin\javaw.exe
0x00007ffe2e890000 - 0x00007ffe2ea62000 	C:\WINDOWS\SYSTEM32\ntdll.dll
0x00007ffe2e3e0000 - 0x00007ffe2e48c000 	C:\WINDOWS\System32\KERNEL32.DLL
0x00007ffe2b1e0000 - 0x00007ffe2b3fd000 	C:\WINDOWS\System32\KERNELBASE.dll
0x00007ffe2e7e0000 - 0x00007ffe2e882000 	C:\WINDOWS\System32\ADVAPI32.dll
0x00007ffe2e340000 - 0x00007ffe2e3de000 	C:\WINDOWS\System32\msvcrt.dll
0x00007ffe2d8a0000 - 0x00007ffe2d8f9000 	C:\WINDOWS\System32\sechost.dll
0x00007ffe2e150000 - 0x00007ffe2e271000 	C:\WINDOWS\System32\RPCRT4.dll
0x00007ffe2dd40000 - 0x00007ffe2dea5000 	C:\WINDOWS\System32\USER32.dll
0x00007ffe2ade0000 - 0x00007ffe2adfe000 	C:\WINDOWS\System32\win32u.dll
0x00007ffe2db30000 - 0x00007ffe2db64000 	C:\WINDOWS\System32\GDI32.dll
0x00007ffe2bbf0000 - 0x00007ffe2bd70000 	C:\WINDOWS\System32\gdi32full.dll
0x00007ffe27340000 - 0x00007ffe275ba000 	C:\WINDOWS\WinSxS\amd64_microsoft.windows.common-controls_6595b64144ccf1df_6.0.14393.953_none_42151e83c686086b\COMCTL32.dll
0x00007ffe2e490000 - 0x00007ffe2e758000 	C:\WINDOWS\System32\combase.dll
0x00007ffe2b0e0000 - 0x00007ffe2b1d5000 	C:\WINDOWS\System32\ucrtbase.dll
0x00007ffe2aea0000 - 0x00007ffe2af0a000 	C:\WINDOWS\System32\bcryptPrimitives.dll
0x00007ffe2db70000 - 0x00007ffe2db9e000 	C:\WINDOWS\System32\IMM32.DLL
0x0000000071b80000 - 0x0000000071c52000 	C:\Program Files\Java\jre1.8.0_51\bin\msvcr100.dll
0x00000000712f0000 - 0x0000000071b73000 	C:\Program Files\Java\jre1.8.0_51\bin\server\jvm.dll
0x00007ffe2d780000 - 0x00007ffe2d788000 	C:\WINDOWS\System32\PSAPI.DLL
0x00007ffe1d4b0000 - 0x00007ffe1d4b9000 	C:\WINDOWS\SYSTEM32\WSOCK32.dll
0x00007ffe2d900000 - 0x00007ffe2d96a000 	C:\WINDOWS\System32\WS2_32.dll
0x00007ffe28040000 - 0x00007ffe28063000 	C:\WINDOWS\SYSTEM32\WINMM.dll
0x00007ffe1ca10000 - 0x00007ffe1ca1a000 	C:\WINDOWS\SYSTEM32\VERSION.dll
0x00007ffe27e70000 - 0x00007ffe27e9b000 	C:\WINDOWS\SYSTEM32\WINMMBASE.dll
0x00007ffe2ad90000 - 0x00007ffe2add2000 	C:\WINDOWS\System32\cfgmgr32.dll
0x0000000074af0000 - 0x0000000074aff000 	C:\Program Files\Java\jre1.8.0_51\bin\verify.dll
0x0000000074850000 - 0x0000000074879000 	C:\Program Files\Java\jre1.8.0_51\bin\java.dll
0x0000000074500000 - 0x0000000074516000 	C:\Program Files\Java\jre1.8.0_51\bin\zip.dll
0x00007ffe2c250000 - 0x00007ffe2d758000 	C:\WINDOWS\System32\SHELL32.dll
0x00007ffe2b400000 - 0x00007ffe2bada000 	C:\WINDOWS\System32\windows.storage.dll
0x00007ffe2ad30000 - 0x00007ffe2ad7c000 	C:\WINDOWS\System32\powrprof.dll
0x00007ffe2dad0000 - 0x00007ffe2db22000 	C:\WINDOWS\System32\shlwapi.dll
0x00007ffe2ad20000 - 0x00007ffe2ad2f000 	C:\WINDOWS\System32\kernel.appcore.dll
0x00007ffe2bae0000 - 0x00007ffe2bb89000 	C:\WINDOWS\System32\shcore.dll
0x00007ffe2ad00000 - 0x00007ffe2ad14000 	C:\WINDOWS\System32\profapi.dll
0x00000000744e0000 - 0x00000000744fa000 	C:\Program Files\Java\jre1.8.0_51\bin\net.dll
0x00007ffe2a5d0000 - 0x00007ffe2a62c000 	C:\WINDOWS\system32\mswsock.dll
0x00007ffe163b0000 - 0x00007ffe163c6000 	C:\WINDOWS\system32\napinsp.dll
0x00007ffe16570000 - 0x00007ffe1658a000 	C:\WINDOWS\system32\pnrpnsp.dll
0x00007ffe28970000 - 0x00007ffe28988000 	C:\WINDOWS\system32\NLAapi.dll
0x00007ffe2a390000 - 0x00007ffe2a431000 	C:\WINDOWS\SYSTEM32\DNSAPI.dll
0x00007ffe2d890000 - 0x00007ffe2d898000 	C:\WINDOWS\System32\NSI.dll
0x00007ffe2a350000 - 0x00007ffe2a388000 	C:\WINDOWS\SYSTEM32\IPHLPAPI.DLL
0x00007ffe177e0000 - 0x00007ffe177ee000 	C:\WINDOWS\System32\winrnr.dll
0x0000000075850000 - 0x0000000075876000 	C:\Program Files\Bonjour\mdnsNSP.dll
0x00007ffe26530000 - 0x00007ffe26545000 	C:\WINDOWS\System32\wshbth.dll
0x00007ffe1ca00000 - 0x00007ffe1ca0a000 	C:\Windows\System32\rasadhlp.dll
0x00007ffe20340000 - 0x00007ffe203aa000 	C:\WINDOWS\System32\fwpuclnt.dll
0x00007ffe2ac40000 - 0x00007ffe2ac6b000 	C:\WINDOWS\SYSTEM32\bcrypt.dll
0x00007ffddb2f0000 - 0x00007ffddc129000 	C:\Users\Elie\git\decision-uta-method\uta-calculator\lib\jniortools.dll
0x00007ffe19cb0000 - 0x00007ffe19d56000 	C:\WINDOWS\SYSTEM32\MSVCP120.dll
0x00007ffe1d350000 - 0x00007ffe1d43f000 	C:\WINDOWS\SYSTEM32\MSVCR120.dll
0x00007ffe1bdf0000 - 0x00007ffe1bf82000 	C:\WINDOWS\SYSTEM32\dbghelp.dll

VM Arguments:
jvm_args: -Djava.library.path=C:\Users\Elie\git\decision-uta-method\uta-calculator\lib -Dfile.encoding=UTF-8 
java_command: io.github.oliviercailloux.uta_calculator.view.MainSimulation
java_class_path (initial): C:\Users\Elie\git\decision-uta-method\uta-calculator\target\classes;C:\Users\Elie\.m2\repository\com\google\ortools\ortools\2015.08\ortools-2015.08.jar;C:\Users\Elie\.m2\repository\org\slf4j\slf4j-api\1.7.21\slf4j-api-1.7.21.jar;C:\Users\Elie\.m2\repository\com\google\guava\guava\20.0\guava-20.0.jar;C:\Users\Elie\.m2\repository\ch\qos\logback\logback-classic\1.1.7\logback-classic-1.1.7.jar;C:\Users\Elie\.m2\repository\ch\qos\logback\logback-core\1.1.7\logback-core-1.1.7.jar;C:\Users\Elie\.m2\repository\org\apache\commons\commons-math\2.2\commons-math-2.2.jar;C:\Users\Elie\.m2\repository\protobuf\protobuf\3.3.0\protobuf-3.3.0.jar
Launcher Type: SUN_STANDARD

Environment Variables:
JAVA_HOME=C:\Oracle\Middleware\Oracle_Home\oracle_common\jdk
USERNAME=Elie
OS=Windows_NT
PROCESSOR_IDENTIFIER=Intel64 Family 6 Model 58 Stepping 9, GenuineIntel



---------------  S Y S T E M  ---------------

OS: Windows 10.0 , 64 bit Build 14393 (10.0.14393.1198)

CPU:total 4 (2 cores per cpu, 2 threads per core) family 6 model 58 stepping 9, cmov, cx8, fxsr, mmx, sse, sse2, sse3, ssse3, sse4.1, sse4.2, popcnt, avx, clmul, erms, ht, tsc, tscinvbit, tscinv

Memory: 4k page, physical 8222948k(3351728k free), swap 10715372k(2856668k free)

vm_info: Java HotSpot(TM) 64-Bit Server VM (25.51-b03) for windows-amd64 JRE (1.8.0_51-b16), built on Jun  8 2015 18:03:07 by "java_re" with MS VC++ 10.0 (VS2010)

time: Wed Aug 23 19:18:54 2017
elapsed time: 2 seconds (0d 0h 0m 2s)

