#
# A fatal error has been detected by the Java Runtime Environment:
#
#  EXCEPTION_ACCESS_VIOLATION (0xc0000005) at pc=0x00007ffddb29c306, pid=4280, tid=10196
#
# JRE version: Java(TM) SE Runtime Environment (8.0_51-b16) (build 1.8.0_51-b16)
# Java VM: Java HotSpot(TM) 64-Bit Server VM (25.51-b03 mixed mode windows-amd64 compressed oops)
# Problematic frame:
# C  [jniortools.dll+0x3ac306]
#
# Failed to write core dump. Minidumps are not enabled by default on client versions of Windows
#
# If you would like to submit a bug report, please visit:
#   http://bugreport.java.com/bugreport/crash.jsp
# The crash happened outside the Java Virtual Machine in native code.
# See problematic frame for where to report the bug.
#

---------------  T H R E A D  ---------------

Current thread (0x000000000318e000):  JavaThread "main" [_thread_in_native, id=10196, stack(0x0000000003020000,0x0000000003120000)]

siginfo: ExceptionCode=0xc0000005, reading address 0x000000001e637590

Registers:
RAX=0x00007ffe19d48790, RBX=0x000000000311f050, RCX=0x00007ffe19d48790, RDX=0x0000000000000002
RSP=0x000000000311f020, RBP=0x000000000311f110, RSI=0x00000000178f3368, RDI=0x000000001e637580
R8 =0x00007ffe1d4319b0, R9 =0x00007ffe1d4319b0, R10=0x0000000000000000, R11=0x0000000000000246
R12=0x0000000000000000, R13=0x00000000d63094c8, R14=0x000000000311f100, R15=0x000000000318e000
RIP=0x00007ffddb29c306, EFLAGS=0x0000000000010206

Top of Stack: (sp=0x000000000311f020)
0x000000000311f020:   00007ffe19d48790 0000000000000000
0x000000000311f030:   000000000311f050 00000000013b3110
0x000000000311f040:   fffffffffffffffe 00007ffe19d48790
0x000000000311f050:   38333a35343a3032 000000000318e000
0x000000000311f060:   0000cfad8016349f 000000000311f100
0x000000000311f070:   000000001e637580 00007ffddb2a7049
0x000000000311f080:   00000000000013b2 000000001e6df380
0x000000000311f090:   00000000e6d7f390 0000000000253d78
0x000000000311f0a0:   00000001000bf360 00000000034b579b
0x000000000311f0b0:   000000010001e9b0 0000000000000003
0x000000000311f0c0:   000000000311f0d8 000000001adb89d0
0x000000000311f0d0:   00000000d6370ab0 00000000e6d85ac0
0x000000000311f0e0:   000013c200000000 000000000000277b
0x000000000311f0f0:   0000000000001278 000000008281aac0
0x000000000311f100:   000000008282c2f8 00000000e6d849b8
0x000000000311f110:   000000000311f7e8 000000000350c1ec 

Instructions: (pc=0x00007ffddb29c306)
0x00007ffddb29c2e6:   16 56 72 00 48 8b 4c 24 28 e8 bc ff c5 ff 48 8b
0x00007ffddb29c2f6:   c8 48 8d 15 e2 55 72 00 e8 ad ff c5 ff 48 8b c8
0x00007ffddb29c306:   8b 57 10 ff 15 99 0d 6d 00 90 48 8d 15 25 5e 6d
0x00007ffddb29c316:   00 48 8b 4c 24 28 e8 8f ff c5 ff 32 c0 eb 02 b0 


Register to memory mapping:

RAX=0x00007ffe19d48790 is an unknown value
RBX=0x000000000311f050 is pointing into the stack for thread: 0x000000000318e000
RCX=0x00007ffe19d48790 is an unknown value
RDX=0x0000000000000002 is an unknown value
RSP=0x000000000311f020 is pointing into the stack for thread: 0x000000000318e000
RBP=0x000000000311f110 is pointing into the stack for thread: 0x000000000318e000
RSI=0x00000000178f3368 is pointing into metadata
RDI=0x000000001e637580 is an unknown value
R8 =0x00007ffe1d4319b0 is an unknown value
R9 =0x00007ffe1d4319b0 is an unknown value
R10=0x0000000000000000 is an unknown value
R11=0x0000000000000246 is an unknown value
R12=0x0000000000000000 is an unknown value
R13=0x00000000d63094c8 is an oop

[error occurred during error reporting (printing register info), id 0xc0000005]

Stack: [0x0000000003020000,0x0000000003120000],  sp=0x000000000311f020,  free space=1020k
Native frames: (J=compiled Java code, j=interpreted, Vv=VM code, C=native code)
C  [jniortools.dll+0x3ac306]
C  [jniortools.dll+0x3b7049]
C  0x00000000034b579b

Java frames: (J=compiled Java code, j=interpreted, Vv=VM code)
J 459  com.google.ortools.linearsolver.operations_research_linear_solverJNI.MPVariable_solutionValue(JLcom/google/ortools/linearsolver/MPVariable;)D (0 bytes) @ 0x00000000034b5715 [0x00000000034b56c0+0x55]
J 561 C1 io.github.oliviercailloux.uta_calculator.model.UTASTAR.findValueFunction()Lio/github/oliviercailloux/uta_calculator/model/ValueFunction; (2318 bytes) @ 0x000000000350c1ec [0x00000000034f6de0+0x1540c]
J 558 C1 io.github.oliviercailloux.uta_calculator.view.MainSimulation.getDifferenceRank(III)I (217 bytes) @ 0x00000000034f2f44 [0x00000000034f18e0+0x1664]
j  io.github.oliviercailloux.uta_calculator.view.MainSimulation.simulation()V+72
j  io.github.oliviercailloux.uta_calculator.view.MainSimulation.main([Ljava/lang/String;)V+9
v  ~StubRoutines::call_stub

---------------  P R O C E S S  ---------------

Java Threads: ( => current thread )
  0x0000000017d8c000 JavaThread "Service Thread" daemon [_thread_blocked, id=8492, stack(0x00000000199a0000,0x0000000019aa0000)]
  0x0000000017d3f000 JavaThread "C1 CompilerThread2" daemon [_thread_blocked, id=14272, stack(0x00000000194a0000,0x00000000195a0000)]
  0x0000000017d31800 JavaThread "C2 CompilerThread1" daemon [_thread_in_native, id=7424, stack(0x00000000193a0000,0x00000000194a0000)]
  0x0000000017d2f000 JavaThread "C2 CompilerThread0" daemon [_thread_in_native, id=11904, stack(0x00000000192a0000,0x00000000193a0000)]
  0x0000000017d2d800 JavaThread "Attach Listener" daemon [_thread_blocked, id=10508, stack(0x00000000191a0000,0x00000000192a0000)]
  0x0000000017d2c000 JavaThread "Signal Dispatcher" daemon [_thread_blocked, id=8616, stack(0x00000000190a0000,0x00000000191a0000)]
  0x0000000003288800 JavaThread "Finalizer" daemon [_thread_blocked, id=10568, stack(0x0000000018fa0000,0x00000000190a0000)]
  0x000000000327f000 JavaThread "Reference Handler" daemon [_thread_blocked, id=13320, stack(0x0000000018ea0000,0x0000000018fa0000)]
=>0x000000000318e000 JavaThread "main" [_thread_in_native, id=10196, stack(0x0000000003020000,0x0000000003120000)]

Other Threads:
  0x0000000017cf8000 VMThread [stack: 0x0000000018da0000,0x0000000018ea0000] [id=4624]
  0x0000000017d8d000 WatcherThread [stack: 0x0000000019aa0000,0x0000000019ba0000] [id=12056]

VM state:not at safepoint (normal execution)

VM Mutex/Monitor currently owned by a thread: None

Heap:
 PSYoungGen      total 275456K, used 6160K [0x00000000d6300000, 0x00000000f1280000, 0x0000000100000000)
  eden space 272896K, 1% used [0x00000000d6300000,0x00000000d6854348,0x00000000e6d80000)
  from space 2560K, 27% used [0x00000000e6d80000,0x00000000e6e30000,0x00000000e7000000)
  to   space 2560K, 0% used [0x00000000f1000000,0x00000000f1000000,0x00000000f1280000)
 ParOldGen       total 86016K, used 1453K [0x0000000082800000, 0x0000000087c00000, 0x00000000d6300000)
  object space 86016K, 1% used [0x0000000082800000,0x000000008296b5a0,0x0000000087c00000)
 Metaspace       used 6598K, capacity 6728K, committed 7040K, reserved 1056768K
  class space    used 790K, capacity 816K, committed 896K, reserved 1048576K

Card table byte_map: [0x0000000012650000,0x0000000012a40000] byte_map_base: 0x000000001223c000

Marking Bits: (ParMarkBitMap*) 0x0000000071af4040
 Begin Bits: [0x00000000130e0000, 0x0000000015040000)
 End Bits:   [0x0000000015040000, 0x0000000016fa0000)

Polling page: 0x0000000001790000

CodeCache: size=245760Kb used=3495Kb max_used=3495Kb free=242264Kb
 bounds [0x0000000003290000, 0x0000000003600000, 0x0000000012290000]
 total_blobs=1022 nmethods=702 adapters=233
 compilation: enabled

Compilation events (10 events):
Event: 4.622 Thread 0x0000000017d2f000 nmethod 698% 0x00000000035fb710 code [0x00000000035fb900, 0x00000000035fca18]
Event: 4.873 Thread 0x0000000017d2f000  700       4       io.github.oliviercailloux.uta_calculator.view.MainSimulation::getDifferenceRank (217 bytes)
Event: 5.096 Thread 0x0000000017d3f000  702 % !   3       java.lang.ref.Reference$ReferenceHandler::run @ 0 (102 bytes)
Event: 5.097 Thread 0x0000000017d3f000 nmethod 702% 0x00000000035b28d0 code [0x00000000035b2ae0, 0x00000000035b3828]
Event: 5.098 Thread 0x0000000017d3f000  703   !   3       java.lang.ref.Reference$ReferenceHandler::run (102 bytes)
Event: 5.099 Thread 0x0000000017d3f000 nmethod 703 0x00000000035fa2d0 code [0x00000000035fa4e0, 0x00000000035fb208]
Event: 5.101 Thread 0x0000000017d3f000  704 % !   3       java.lang.ref.Finalizer$FinalizerThread::run @ 33 (55 bytes)
Event: 5.103 Thread 0x0000000017d3f000 nmethod 704% 0x00000000035f8e10 code [0x00000000035f9040, 0x00000000035f9d28]
Event: 5.103 Thread 0x0000000017d3f000  705   !   3       java.lang.ref.Finalizer$FinalizerThread::run (55 bytes)
Event: 5.104 Thread 0x0000000017d3f000 nmethod 705 0x00000000035fd8d0 code [0x00000000035fdb00, 0x00000000035fe7c8]

GC Heap History (10 events):
Event: 2.842 GC heap before
{Heap before GC invocations=11 (full 0):
 PSYoungGen      total 109056K, used 106848K [0x00000000d6300000, 0x00000000dd000000, 0x0000000100000000)
  eden space 106496K, 100% used [0x00000000d6300000,0x00000000dcb00000,0x00000000dcb00000)
  from space 2560K, 13% used [0x00000000dcd80000,0x00000000dcdd8000,0x00000000dd000000)
  to   space 2560K, 0% used [0x00000000dcb00000,0x00000000dcb00000,0x00000000dcd80000)
 ParOldGen       total 86016K, used 1373K [0x0000000082800000, 0x0000000087c00000, 0x00000000d6300000)
  object space 86016K, 1% used [0x0000000082800000,0x00000000829575a0,0x0000000087c00000)
 Metaspace       used 6594K, capacity 6728K, committed 7040K, reserved 1056768K
  class space    used 790K, capacity 816K, committed 896K, reserved 1048576K
Event: 2.854 GC heap after
Heap after GC invocations=11 (full 0):
 PSYoungGen      total 109056K, used 448K [0x00000000d6300000, 0x00000000e0e80000, 0x0000000100000000)
  eden space 106496K, 0% used [0x00000000d6300000,0x00000000d6300000,0x00000000dcb00000)
  from space 2560K, 17% used [0x00000000dcb00000,0x00000000dcb70000,0x00000000dcd80000)
  to   space 2560K, 0% used [0x00000000e0c00000,0x00000000e0c00000,0x00000000e0e80000)
 ParOldGen       total 86016K, used 1389K [0x0000000082800000, 0x0000000087c00000, 0x00000000d6300000)
  object space 86016K, 1% used [0x0000000082800000,0x000000008295b5a0,0x0000000087c00000)
 Metaspace       used 6594K, capacity 6728K, committed 7040K, reserved 1056768K
  class space    used 790K, capacity 816K, committed 896K, reserved 1048576K
}
Event: 3.352 GC heap before
{Heap before GC invocations=12 (full 0):
 PSYoungGen      total 109056K, used 106944K [0x00000000d6300000, 0x00000000e0e80000, 0x0000000100000000)
  eden space 106496K, 100% used [0x00000000d6300000,0x00000000dcb00000,0x00000000dcb00000)
  from space 2560K, 17% used [0x00000000dcb00000,0x00000000dcb70000,0x00000000dcd80000)
  to   space 2560K, 0% used [0x00000000e0c00000,0x00000000e0c00000,0x00000000e0e80000)
 ParOldGen       total 86016K, used 1389K [0x0000000082800000, 0x0000000087c00000, 0x00000000d6300000)
  object space 86016K, 1% used [0x0000000082800000,0x000000008295b5a0,0x0000000087c00000)
 Metaspace       used 6594K, capacity 6728K, committed 7040K, reserved 1056768K
  class space    used 790K, capacity 816K, committed 896K, reserved 1048576K
Event: 3.354 GC heap after
Heap after GC invocations=12 (full 0):
 PSYoungGen      total 173056K, used 448K [0x00000000d6300000, 0x00000000e0e80000, 0x0000000100000000)
  eden space 170496K, 0% used [0x00000000d6300000,0x00000000d6300000,0x00000000e0980000)
  from space 2560K, 17% used [0x00000000e0c00000,0x00000000e0c70000,0x00000000e0e80000)
  to   space 2560K, 0% used [0x00000000e0980000,0x00000000e0980000,0x00000000e0c00000)
 ParOldGen       total 86016K, used 1405K [0x0000000082800000, 0x0000000087c00000, 0x00000000d6300000)
  object space 86016K, 1% used [0x0000000082800000,0x000000008295f5a0,0x0000000087c00000)
 Metaspace       used 6594K, capacity 6728K, committed 7040K, reserved 1056768K
  class space    used 790K, capacity 816K, committed 896K, reserved 1048576K
}
Event: 4.202 GC heap before
{Heap before GC invocations=13 (full 0):
 PSYoungGen      total 173056K, used 170944K [0x00000000d6300000, 0x00000000e0e80000, 0x0000000100000000)
  eden space 170496K, 100% used [0x00000000d6300000,0x00000000e0980000,0x00000000e0980000)
  from space 2560K, 17% used [0x00000000e0c00000,0x00000000e0c70000,0x00000000e0e80000)
  to   space 2560K, 0% used [0x00000000e0980000,0x00000000e0980000,0x00000000e0c00000)
 ParOldGen       total 86016K, used 1405K [0x0000000082800000, 0x0000000087c00000, 0x00000000d6300000)
  object space 86016K, 1% used [0x0000000082800000,0x000000008295f5a0,0x0000000087c00000)
 Metaspace       used 6594K, capacity 6728K, committed 7040K, reserved 1056768K
  class space    used 790K, capacity 816K, committed 896K, reserved 1048576K
Event: 4.205 GC heap after
Heap after GC invocations=13 (full 0):
 PSYoungGen      total 173056K, used 640K [0x00000000d6300000, 0x00000000e7280000, 0x0000000100000000)
  eden space 170496K, 0% used [0x00000000d6300000,0x00000000d6300000,0x00000000e0980000)
  from space 2560K, 25% used [0x00000000e0980000,0x00000000e0a20000,0x00000000e0c00000)
  to   space 2560K, 0% used [0x00000000e7000000,0x00000000e7000000,0x00000000e7280000)
 ParOldGen       total 86016K, used 1421K [0x0000000082800000, 0x0000000087c00000, 0x00000000d6300000)
  object space 86016K, 1% used [0x0000000082800000,0x00000000829635a0,0x0000000087c00000)
 Metaspace       used 6594K, capacity 6728K, committed 7040K, reserved 1056768K
  class space    used 790K, capacity 816K, committed 896K, reserved 1048576K
}
Event: 4.524 GC heap before
{Heap before GC invocations=14 (full 0):
 PSYoungGen      total 173056K, used 171136K [0x00000000d6300000, 0x00000000e7280000, 0x0000000100000000)
  eden space 170496K, 100% used [0x00000000d6300000,0x00000000e0980000,0x00000000e0980000)
  from space 2560K, 25% used [0x00000000e0980000,0x00000000e0a20000,0x00000000e0c00000)
  to   space 2560K, 0% used [0x00000000e7000000,0x00000000e7000000,0x00000000e7280000)
 ParOldGen       total 86016K, used 1421K [0x0000000082800000, 0x0000000087c00000, 0x00000000d6300000)
  object space 86016K, 1% used [0x0000000082800000,0x00000000829635a0,0x0000000087c00000)
 Metaspace       used 6594K, capacity 6728K, committed 7040K, reserved 1056768K
  class space    used 790K, capacity 816K, committed 896K, reserved 1048576K
Event: 4.531 GC heap after
Heap after GC invocations=14 (full 0):
 PSYoungGen      total 275456K, used 544K [0x00000000d6300000, 0x00000000e7280000, 0x0000000100000000)
  eden space 272896K, 0% used [0x00000000d6300000,0x00000000d6300000,0x00000000e6d80000)
  from space 2560K, 21% used [0x00000000e7000000,0x00000000e7088000,0x00000000e7280000)
  to   space 2560K, 0% used [0x00000000e6d80000,0x00000000e6d80000,0x00000000e7000000)
 ParOldGen       total 86016K, used 1437K [0x0000000082800000, 0x0000000087c00000, 0x00000000d6300000)
  object space 86016K, 1% used [0x0000000082800000,0x00000000829675a0,0x0000000087c00000)
 Metaspace       used 6594K, capacity 6728K, committed 7040K, reserved 1056768K
  class space    used 790K, capacity 816K, committed 896K, reserved 1048576K
}
Event: 5.087 GC heap before
{Heap before GC invocations=15 (full 0):
 PSYoungGen      total 275456K, used 273440K [0x00000000d6300000, 0x00000000e7280000, 0x0000000100000000)
  eden space 272896K, 100% used [0x00000000d6300000,0x00000000e6d80000,0x00000000e6d80000)
  from space 2560K, 21% used [0x00000000e7000000,0x00000000e7088000,0x00000000e7280000)
  to   space 2560K, 0% used [0x00000000e6d80000,0x00000000e6d80000,0x00000000e7000000)
 ParOldGen       total 86016K, used 1437K [0x0000000082800000, 0x0000000087c00000, 0x00000000d6300000)
  object space 86016K, 1% used [0x0000000082800000,0x00000000829675a0,0x0000000087c00000)
 Metaspace       used 6594K, capacity 6728K, committed 7040K, reserved 1056768K
  class space    used 790K, capacity 816K, committed 896K, reserved 1048576K
Event: 5.091 GC heap after
Heap after GC invocations=15 (full 0):
 PSYoungGen      total 275456K, used 704K [0x00000000d6300000, 0x00000000f1280000, 0x0000000100000000)
  eden space 272896K, 0% used [0x00000000d6300000,0x00000000d6300000,0x00000000e6d80000)
  from space 2560K, 27% used [0x00000000e6d80000,0x00000000e6e30000,0x00000000e7000000)
  to   space 2560K, 0% used [0x00000000f1000000,0x00000000f1000000,0x00000000f1280000)
 ParOldGen       total 86016K, used 1453K [0x0000000082800000, 0x0000000087c00000, 0x00000000d6300000)
  object space 86016K, 1% used [0x0000000082800000,0x000000008296b5a0,0x0000000087c00000)
 Metaspace       used 6594K, capacity 6728K, committed 7040K, reserved 1056768K
  class space    used 790K, capacity 816K, committed 896K, reserved 1048576K
}

Deoptimization events (6 events):
Event: 0.641 Thread 0x000000000318e000 Uncommon trap: reason=predicate action=maybe_recompile pc=0x00000000034ab754 method=io.github.oliviercailloux.uta_calculator.model.PartialValueFunction.getDerivative(D)D @ 74
Event: 0.673 Thread 0x000000000318e000 Uncommon trap: reason=range_check action=make_not_entrant pc=0x00000000034ad5b8 method=java.util.ArrayList.elementData(I)Ljava/lang/Object; @ 5
Event: 1.974 Thread 0x000000000318e000 Uncommon trap: reason=unstable_if action=reinterpret pc=0x0000000003596408 method=java.util.TimSort.sort([Ljava/lang/Object;IILjava/util/Comparator;[Ljava/lang/Object;II)V @ 53
Event: 2.001 Thread 0x000000000318e000 Uncommon trap: reason=unstable_if action=reinterpret pc=0x000000000359ae1c method=io.github.oliviercailloux.uta_calculator.model.UTASTAR.getPartialMarginalValue(Lio/github/oliviercailloux/uta_calculator/model/Criterion;II)Ljava/util/Map; @ 84
Event: 4.318 Thread 0x000000000318e000 Uncommon trap: reason=unstable_if action=reinterpret pc=0x000000000354b230 method=sun.misc.FloatingDecimal$BinaryToASCIIBuffer.estimateDecExp(JI)I @ 117
Event: 4.338 Thread 0x000000000318e000 Uncommon trap: reason=unstable_if action=reinterpret pc=0x00000000035bfbec method=io.github.oliviercailloux.uta_calculator.model.UTASTAR.getPartialMarginalValue(Lio/github/oliviercailloux/uta_calculator/model/Criterion;II)Ljava/util/Map; @ 63

Internal exceptions (7 events):
Event: 0.049 Thread 0x000000000318e000 Exception <a 'java/lang/NoSuchMethodError': Method sun.misc.Unsafe.defineClass(Ljava/lang/String;[BII)Ljava/lang/Class; name or signature does not match> (0x00000000d630d228) thrown at [C:\re\workspace\8-2-build-windows-amd64-cygwin\jdk8u51\3951\hotspot\sråÒ|°Ë5©?
Event: 0.049 Thread 0x000000000318e000 Exception <a 'java/lang/NoSuchMethodError': Method sun.misc.Unsafe.prefetchRead(Ljava/lang/Object;J)V name or signature does not match> (0x00000000d630d4b8) thrown at [C:\re\workspace\8-2-build-windows-amd64-cygwin\jdk8u51\3951\hotspot\src\share\vm\prims\jsÂ‰ºê∆?
Event: 0.176 Thread 0x000000000318e000 Exception <a 'java/security/PrivilegedActionException'> (0x00000000d6525508) thrown at [C:\re\workspace\8-2-build-windows-amd64-cygwin\jdk8u51\3951\hotspot\src\share\vm\prims\jvm.cpp, line 1382]
Event: 0.176 Thread 0x000000000318e000 Exception <a 'java/security/PrivilegedActionException'> (0x00000000d65256c0) thrown at [C:\re\workspace\8-2-build-windows-amd64-cygwin\jdk8u51\3951\hotspot\src\share\vm\prims\jvm.cpp, line 1382]
Event: 0.177 Thread 0x000000000318e000 Exception <a 'java/security/PrivilegedActionException'> (0x00000000d65291b8) thrown at [C:\re\workspace\8-2-build-windows-amd64-cygwin\jdk8u51\3951\hotspot\src\share\vm\prims\jvm.cpp, line 1382]
Event: 0.177 Thread 0x000000000318e000 Exception <a 'java/security/PrivilegedActionException'> (0x00000000d6529370) thrown at [C:\re\workspace\8-2-build-windows-amd64-cygwin\jdk8u51\3951\hotspot\src\share\vm\prims\jvm.cpp, line 1382]
Event: 0.235 Thread 0x000000000318e000 Exception <a 'java/io/FileNotFoundException'> (0x00000000d667c0e8) thrown at [C:\re\workspace\8-2-build-windows-amd64-cygwin\jdk8u51\3951\hotspot\src\share\vm\prims\jni.cpp, line 709]

Events (10 events):
Event: 4.318 Thread 0x000000000318e000 DEOPT UNPACKING pc=0x00000000032d582a sp=0x000000000311ee90 mode 2
Event: 4.338 Thread 0x000000000318e000 Uncommon trap: trap_request=0xffffff65 fr.pc=0x00000000035bfbec
Event: 4.338 Thread 0x000000000318e000 DEOPT PACKING pc=0x00000000035bfbec sp=0x000000000311f030
Event: 4.338 Thread 0x000000000318e000 DEOPT UNPACKING pc=0x00000000032d582a sp=0x000000000311f040 mode 2
Event: 4.524 Executing VM operation: ParallelGCFailedAllocation
Event: 4.531 Executing VM operation: ParallelGCFailedAllocation done
Event: 4.550 Thread 0x000000000318e000 DEOPT PACKING pc=0x000000000352e03e sp=0x000000000311f530
Event: 4.550 Thread 0x000000000318e000 DEOPT UNPACKING pc=0x00000000032d787f sp=0x000000000311f300 mode 0
Event: 5.087 Executing VM operation: ParallelGCFailedAllocation
Event: 5.091 Executing VM operation: ParallelGCFailedAllocation done


Dynamic libraries:
0x00007ff7a9670000 - 0x00007ff7a96a7000 	C:\Program Files\Java\jre1.8.0_51\bin\javaw.exe
0x00007ffe2e890000 - 0x00007ffe2ea62000 	C:\WINDOWS\SYSTEM32\ntdll.dll
0x00007ffe2e3e0000 - 0x00007ffe2e48c000 	C:\WINDOWS\System32\KERNEL32.DLL
0x00007ffe2b1e0000 - 0x00007ffe2b3fd000 	C:\WINDOWS\System32\KERNELBASE.dll
0x00007ffe2e7e0000 - 0x00007ffe2e882000 	C:\WINDOWS\System32\ADVAPI32.dll
0x00007ffe2e340000 - 0x00007ffe2e3de000 	C:\WINDOWS\System32\msvcrt.dll
0x00007ffe2d8a0000 - 0x00007ffe2d8f9000 	C:\WINDOWS\System32\sechost.dll
0x00007ffe2e150000 - 0x00007ffe2e271000 	C:\WINDOWS\System32\RPCRT4.dll
0x00007ffe2dd40000 - 0x00007ffe2dea5000 	C:\WINDOWS\System32\USER32.dll
0x00007ffe2ade0000 - 0x00007ffe2adfe000 	C:\WINDOWS\System32\win32u.dll
0x00007ffe2db30000 - 0x00007ffe2db64000 	C:\WINDOWS\System32\GDI32.dll
0x00007ffe2bbf0000 - 0x00007ffe2bd70000 	C:\WINDOWS\System32\gdi32full.dll
0x00007ffe27340000 - 0x00007ffe275ba000 	C:\WINDOWS\WinSxS\amd64_microsoft.windows.common-controls_6595b64144ccf1df_6.0.14393.953_none_42151e83c686086b\COMCTL32.dll
0x00007ffe2e490000 - 0x00007ffe2e758000 	C:\WINDOWS\System32\combase.dll
0x00007ffe2b0e0000 - 0x00007ffe2b1d5000 	C:\WINDOWS\System32\ucrtbase.dll
0x00007ffe2aea0000 - 0x00007ffe2af0a000 	C:\WINDOWS\System32\bcryptPrimitives.dll
0x00007ffe2db70000 - 0x00007ffe2db9e000 	C:\WINDOWS\System32\IMM32.DLL
0x0000000071b80000 - 0x0000000071c52000 	C:\Program Files\Java\jre1.8.0_51\bin\msvcr100.dll
0x00000000712f0000 - 0x0000000071b73000 	C:\Program Files\Java\jre1.8.0_51\bin\server\jvm.dll
0x00007ffe2d780000 - 0x00007ffe2d788000 	C:\WINDOWS\System32\PSAPI.DLL
0x00007ffe28040000 - 0x00007ffe28063000 	C:\WINDOWS\SYSTEM32\WINMM.dll
0x00007ffe1d4b0000 - 0x00007ffe1d4b9000 	C:\WINDOWS\SYSTEM32\WSOCK32.dll
0x00007ffe1ca10000 - 0x00007ffe1ca1a000 	C:\WINDOWS\SYSTEM32\VERSION.dll
0x00007ffe2d900000 - 0x00007ffe2d96a000 	C:\WINDOWS\System32\WS2_32.dll
0x00007ffe27e70000 - 0x00007ffe27e9b000 	C:\WINDOWS\SYSTEM32\WINMMBASE.dll
0x00007ffe2ad90000 - 0x00007ffe2add2000 	C:\WINDOWS\System32\cfgmgr32.dll
0x0000000074af0000 - 0x0000000074aff000 	C:\Program Files\Java\jre1.8.0_51\bin\verify.dll
0x0000000074850000 - 0x0000000074879000 	C:\Program Files\Java\jre1.8.0_51\bin\java.dll
0x0000000074500000 - 0x0000000074516000 	C:\Program Files\Java\jre1.8.0_51\bin\zip.dll
0x00007ffe2c250000 - 0x00007ffe2d758000 	C:\WINDOWS\System32\SHELL32.dll
0x00007ffe2b400000 - 0x00007ffe2bada000 	C:\WINDOWS\System32\windows.storage.dll
0x00007ffe2ad30000 - 0x00007ffe2ad7c000 	C:\WINDOWS\System32\powrprof.dll
0x00007ffe2dad0000 - 0x00007ffe2db22000 	C:\WINDOWS\System32\shlwapi.dll
0x00007ffe2ad20000 - 0x00007ffe2ad2f000 	C:\WINDOWS\System32\kernel.appcore.dll
0x00007ffe2bae0000 - 0x00007ffe2bb89000 	C:\WINDOWS\System32\shcore.dll
0x00007ffe2ad00000 - 0x00007ffe2ad14000 	C:\WINDOWS\System32\profapi.dll
0x00000000744e0000 - 0x00000000744fa000 	C:\Program Files\Java\jre1.8.0_51\bin\net.dll
0x00007ffe2a5d0000 - 0x00007ffe2a62c000 	C:\WINDOWS\system32\mswsock.dll
0x00007ffe163b0000 - 0x00007ffe163c6000 	C:\WINDOWS\system32\napinsp.dll
0x00007ffe16570000 - 0x00007ffe1658a000 	C:\WINDOWS\system32\pnrpnsp.dll
0x00007ffe28970000 - 0x00007ffe28988000 	C:\WINDOWS\system32\NLAapi.dll
0x00007ffe2a390000 - 0x00007ffe2a431000 	C:\WINDOWS\SYSTEM32\DNSAPI.dll
0x00007ffe2d890000 - 0x00007ffe2d898000 	C:\WINDOWS\System32\NSI.dll
0x00007ffe2a350000 - 0x00007ffe2a388000 	C:\WINDOWS\SYSTEM32\IPHLPAPI.DLL
0x00007ffe177e0000 - 0x00007ffe177ee000 	C:\WINDOWS\System32\winrnr.dll
0x0000000075850000 - 0x0000000075876000 	C:\Program Files\Bonjour\mdnsNSP.dll
0x00007ffe26530000 - 0x00007ffe26545000 	C:\WINDOWS\System32\wshbth.dll
0x00007ffe1ca00000 - 0x00007ffe1ca0a000 	C:\Windows\System32\rasadhlp.dll
0x00007ffe20340000 - 0x00007ffe203aa000 	C:\WINDOWS\System32\fwpuclnt.dll
0x00007ffe2ac40000 - 0x00007ffe2ac6b000 	C:\WINDOWS\SYSTEM32\bcrypt.dll
0x00007ffddaef0000 - 0x00007ffddbd29000 	C:\Users\Elie\git\decision-uta-method\uta-calculator\lib\jniortools.dll
0x00007ffe19cb0000 - 0x00007ffe19d56000 	C:\WINDOWS\SYSTEM32\MSVCP120.dll
0x00007ffe1d350000 - 0x00007ffe1d43f000 	C:\WINDOWS\SYSTEM32\MSVCR120.dll
0x00007ffe1bdf0000 - 0x00007ffe1bf82000 	C:\WINDOWS\SYSTEM32\dbghelp.dll

VM Arguments:
jvm_args: -Djava.library.path=C:\Users\Elie\git\decision-uta-method\uta-calculator\lib -Dfile.encoding=UTF-8 
java_command: io.github.oliviercailloux.uta_calculator.view.MainSimulation
java_class_path (initial): C:\Users\Elie\git\decision-uta-method\uta-calculator\target\classes;C:\Users\Elie\.m2\repository\com\google\ortools\ortools\2015.08\ortools-2015.08.jar;C:\Users\Elie\.m2\repository\org\slf4j\slf4j-api\1.7.21\slf4j-api-1.7.21.jar;C:\Users\Elie\.m2\repository\com\google\guava\guava\20.0\guava-20.0.jar;C:\Users\Elie\.m2\repository\ch\qos\logback\logback-classic\1.1.7\logback-classic-1.1.7.jar;C:\Users\Elie\.m2\repository\ch\qos\logback\logback-core\1.1.7\logback-core-1.1.7.jar;C:\Users\Elie\.m2\repository\org\apache\commons\commons-math\2.2\commons-math-2.2.jar;C:\Users\Elie\.m2\repository\protobuf\protobuf\3.3.0\protobuf-3.3.0.jar
Launcher Type: SUN_STANDARD

Environment Variables:
JAVA_HOME=C:\Oracle\Middleware\Oracle_Home\oracle_common\jdk
USERNAME=Elie
OS=Windows_NT
PROCESSOR_IDENTIFIER=Intel64 Family 6 Model 58 Stepping 9, GenuineIntel



---------------  S Y S T E M  ---------------

OS: Windows 10.0 , 64 bit Build 14393 (10.0.14393.1198)

CPU:total 4 (2 cores per cpu, 2 threads per core) family 6 model 58 stepping 9, cmov, cx8, fxsr, mmx, sse, sse2, sse3, ssse3, sse4.1, sse4.2, popcnt, avx, clmul, erms, ht, tsc, tscinvbit, tscinv

Memory: 4k page, physical 8222948k(2263784k free), swap 10715372k(1629644k free)

vm_info: Java HotSpot(TM) 64-Bit Server VM (25.51-b03) for windows-amd64 JRE (1.8.0_51-b16), built on Jun  8 2015 18:03:07 by "java_re" with MS VC++ 10.0 (VS2010)

time: Wed Aug 23 20:45:38 2017
elapsed time: 5 seconds (0d 0h 0m 5s)

