#
# A fatal error has been detected by the Java Runtime Environment:
#
#  EXCEPTION_ACCESS_VIOLATION (0xc0000005) at pc=0x00007ffddb69c306, pid=8080, tid=5432
#
# JRE version: Java(TM) SE Runtime Environment (8.0_51-b16) (build 1.8.0_51-b16)
# Java VM: Java HotSpot(TM) 64-Bit Server VM (25.51-b03 mixed mode windows-amd64 compressed oops)
# Problematic frame:
# C  [jniortools.dll+0x3ac306]
#
# Failed to write core dump. Minidumps are not enabled by default on client versions of Windows
#
# If you would like to submit a bug report, please visit:
#   http://bugreport.java.com/bugreport/crash.jsp
# The crash happened outside the Java Virtual Machine in native code.
# See problematic frame for where to report the bug.
#

---------------  T H R E A D  ---------------

Current thread (0x0000000000b8e000):  JavaThread "main" [_thread_in_native, id=5432, stack(0x0000000002380000,0x0000000002480000)]

siginfo: ExceptionCode=0xc0000005, reading address 0x000000001a3e5430

Registers:
RAX=0x00007ffe19d48790, RBX=0x000000000247eb00, RCX=0x00007ffe19d48790, RDX=0x0000000000000002
RSP=0x000000000247ead0, RBP=0x000000000247ebc0, RSI=0x0000000016cb3078, RDI=0x000000001a3e5420
R8 =0x00007ffe1d4319b0, R9 =0x00007ffe1d4319b0, R10=0x0000000000000000, R11=0x0000000000000246
R12=0x0000000000000000, R13=0x000000000000001a, R14=0x000000000247ebb0, R15=0x0000000000b8e000
RIP=0x00007ffddb69c306, EFLAGS=0x0000000000010206

Top of Stack: (sp=0x000000000247ead0)
0x000000000247ead0:   00007ffe19d48790 0000000000000000
0x000000000247eae0:   000000000247eb00 00000000008337f0
0x000000000247eaf0:   fffffffffffffffe 00007ffe19d48790
0x000000000247eb00:   36333a30323a3931 0000000000000000
0x000000000247eb10:   0000ba2d08d4329e 0000000002666360
0x000000000247eb20:   000000001a3e5420 00007ffddb6a7049
0x000000000247eb30:   00000000000010ae 000000001a3b3390
0x000000000247eb40:   00000000da2fecb8 00000000000547c0
0x000000000247eb50:   00000001000bf360 0000000002874e9b
0x000000000247eb60:   000000010001e9b0 0000000000000003
0x000000000247eb70:   0000000016cabd20 0000000000000000
0x000000000247eb80:   00000000d630a720 00000000da373628
0x000000000247eb90:   000010be00000000 0000000000002173
0x000000000247eba0:   0000000000001094 00000000da300910
0x000000000247ebb0:   0000000082816010 00000000da372850
0x000000000247ebc0:   000000000247f298 00000000028ea7dc 

Instructions: (pc=0x00007ffddb69c306)
0x00007ffddb69c2e6:   16 56 72 00 48 8b 4c 24 28 e8 bc ff c5 ff 48 8b
0x00007ffddb69c2f6:   c8 48 8d 15 e2 55 72 00 e8 ad ff c5 ff 48 8b c8
0x00007ffddb69c306:   8b 57 10 ff 15 99 0d 6d 00 90 48 8d 15 25 5e 6d
0x00007ffddb69c316:   00 48 8b 4c 24 28 e8 8f ff c5 ff 32 c0 eb 02 b0 


Register to memory mapping:

RAX=0x00007ffe19d48790 is an unknown value
RBX=0x000000000247eb00 is pointing into the stack for thread: 0x0000000000b8e000
RCX=0x00007ffe19d48790 is an unknown value
RDX=0x0000000000000002 is an unknown value
RSP=0x000000000247ead0 is pointing into the stack for thread: 0x0000000000b8e000
RBP=0x000000000247ebc0 is pointing into the stack for thread: 0x0000000000b8e000
RSI=0x0000000016cb3078 is pointing into metadata
RDI=0x000000001a3e5420 is an unknown value
R8 =0x00007ffe1d4319b0 is an unknown value
R9 =0x00007ffe1d4319b0 is an unknown value
R10=0x0000000000000000 is an unknown value
R11=0x0000000000000246 is an unknown value
R12=0x0000000000000000 is an unknown value
R13=0x000000000000001a is an unknown value
R14=0x000000000247ebb0 is pointing into the stack for thread: 0x0000000000b8e000
R15=0x0000000000b8e000 is a thread


Stack: [0x0000000002380000,0x0000000002480000],  sp=0x000000000247ead0,  free space=1018k
Native frames: (J=compiled Java code, j=interpreted, Vv=VM code, C=native code)
C  [jniortools.dll+0x3ac306]
C  [jniortools.dll+0x3b7049]
C  0x0000000002874e9b

Java frames: (J=compiled Java code, j=interpreted, Vv=VM code)
J 462  com.google.ortools.linearsolver.operations_research_linear_solverJNI.MPVariable_solutionValue(JLcom/google/ortools/linearsolver/MPVariable;)D (0 bytes) @ 0x0000000002874e15 [0x0000000002874dc0+0x55]
J 589 C1 io.github.oliviercailloux.uta_calculator.model.UTASTAR.findValueFunction()Lio/github/oliviercailloux/uta_calculator/model/ValueFunction; (2313 bytes) @ 0x00000000028ea7dc [0x00000000028d5280+0x1555c]
J 598 C1 io.github.oliviercailloux.uta_calculator.view.MainSimulation.getDifferenceRank(III)I (217 bytes) @ 0x000000000290da44 [0x000000000290c3e0+0x1664]
j  io.github.oliviercailloux.uta_calculator.view.MainSimulation.simulation()V+70
j  io.github.oliviercailloux.uta_calculator.view.MainSimulation.main([Ljava/lang/String;)V+9
v  ~StubRoutines::call_stub

---------------  P R O C E S S  ---------------

Java Threads: ( => current thread )
  0x000000001714d800 JavaThread "Service Thread" daemon [_thread_blocked, id=10076, stack(0x0000000018e40000,0x0000000018f40000)]
  0x00000000170fa800 JavaThread "C1 CompilerThread2" daemon [_thread_blocked, id=13092, stack(0x0000000018940000,0x0000000018a40000)]
  0x00000000170f7000 JavaThread "C2 CompilerThread1" daemon [_thread_in_native, id=13540, stack(0x0000000018840000,0x0000000018940000)]
  0x00000000170f1000 JavaThread "C2 CompilerThread0" daemon [_thread_in_native, id=9548, stack(0x0000000018740000,0x0000000018840000)]
  0x00000000170ef000 JavaThread "Attach Listener" daemon [_thread_blocked, id=10196, stack(0x0000000018640000,0x0000000018740000)]
  0x00000000170ee000 JavaThread "Signal Dispatcher" daemon [_thread_blocked, id=7084, stack(0x0000000018540000,0x0000000018640000)]
  0x0000000002649000 JavaThread "Finalizer" daemon [_thread_blocked, id=9652, stack(0x0000000018340000,0x0000000018440000)]
  0x0000000002640800 JavaThread "Reference Handler" daemon [_thread_blocked, id=5508, stack(0x0000000018240000,0x0000000018340000)]
=>0x0000000000b8e000 JavaThread "main" [_thread_in_native, id=5432, stack(0x0000000002380000,0x0000000002480000)]

Other Threads:
  0x00000000170b8000 VMThread [stack: 0x0000000018140000,0x0000000018240000] [id=11572]
  0x0000000018a7e000 WatcherThread [stack: 0x0000000018f40000,0x0000000019040000] [id=5356]

VM state:not at safepoint (normal execution)

VM Mutex/Monitor currently owned by a thread: None

Heap:
 PSYoungGen      total 70656K, used 2836K [0x00000000d6300000, 0x00000000de800000, 0x0000000100000000)
  eden space 65536K, 1% used [0x00000000d6300000,0x00000000d6445268,0x00000000da300000)
  from space 5120K, 30% used [0x00000000da300000,0x00000000da480000,0x00000000da800000)
  to   space 2560K, 0% used [0x00000000de580000,0x00000000de580000,0x00000000de800000)
 ParOldGen       total 86016K, used 96K [0x0000000082800000, 0x0000000087c00000, 0x00000000d6300000)
  object space 86016K, 0% used [0x0000000082800000,0x0000000082818010,0x0000000087c00000)
 Metaspace       used 6565K, capacity 6664K, committed 6784K, reserved 1056768K
  class space    used 790K, capacity 816K, committed 896K, reserved 1048576K

Card table byte_map: [0x0000000011a10000,0x0000000011e00000] byte_map_base: 0x00000000115fc000

Marking Bits: (ParMarkBitMap*) 0x0000000071af4040
 Begin Bits: [0x00000000124a0000, 0x0000000014400000)
 End Bits:   [0x0000000014400000, 0x0000000016360000)

Polling page: 0x00000000003f0000

CodeCache: size=245760Kb used=2893Kb max_used=2906Kb free=242867Kb
 bounds [0x0000000002650000, 0x0000000002930000, 0x0000000011650000]
 total_blobs=943 nmethods=623 adapters=233
 compilation: enabled

Compilation events (10 events):
Event: 0.853 Thread 0x00000000170f1000 nmethod 617 0x00000000028cd850 code [0x00000000028cd9a0, 0x00000000028cdd38]
Event: 0.853 Thread 0x00000000170f1000  620       4       com.google.ortools.linearsolver.MPSolver::makeNumVar (36 bytes)
Event: 0.855 Thread 0x00000000170f1000 nmethod 620 0x000000000291cad0 code [0x000000000291cc20, 0x000000000291cd68]
Event: 0.855 Thread 0x00000000170f1000  621       4       sun.misc.FloatingDecimal$BinaryToASCIIBuffer::appendTo (72 bytes)
Event: 0.861 Thread 0x00000000170f1000 nmethod 621 0x0000000002917fd0 code [0x0000000002918140, 0x0000000002918548]
Event: 0.861 Thread 0x00000000170f1000  622 %     4       io.github.oliviercailloux.uta_calculator.model.UTASTAR::findValueFunction @ 1092 (2313 bytes)
Event: 0.863 Thread 0x00000000170fa800  623       3       java.util.TimSort::gallopLeft (335 bytes)
Event: 0.864 Thread 0x00000000170fa800 nmethod 623 0x0000000002922250 code [0x0000000002922440, 0x0000000002922f18]
Event: 0.899 Thread 0x00000000170f7000 nmethod 616 0x00000000029258d0 code [0x0000000002925b60, 0x00000000029278d8]
Event: 0.899 Thread 0x00000000170f7000  624       4       java.util.TimSort::binarySort (223 bytes)

GC Heap History (10 events):
Event: 0.560 GC heap before
{Heap before GC invocations=1 (full 0):
 PSYoungGen      total 37888K, used 32768K [0x00000000d6300000, 0x00000000d8d00000, 0x0000000100000000)
  eden space 32768K, 100% used [0x00000000d6300000,0x00000000d8300000,0x00000000d8300000)
  from space 5120K, 0% used [0x00000000d8800000,0x00000000d8800000,0x00000000d8d00000)
  to   space 5120K, 0% used [0x00000000d8300000,0x00000000d8300000,0x00000000d8800000)
 ParOldGen       total 86016K, used 0K [0x0000000082800000, 0x0000000087c00000, 0x00000000d6300000)
  object space 86016K, 0% used [0x0000000082800000,0x0000000082800000,0x0000000087c00000)
 Metaspace       used 6298K, capacity 6376K, committed 6528K, reserved 1056768K
  class space    used 765K, capacity 784K, committed 896K, reserved 1048576K
Event: 0.563 GC heap after
Heap after GC invocations=1 (full 0):
 PSYoungGen      total 37888K, used 2256K [0x00000000d6300000, 0x00000000d8d00000, 0x0000000100000000)
  eden space 32768K, 0% used [0x00000000d6300000,0x00000000d6300000,0x00000000d8300000)
  from space 5120K, 44% used [0x00000000d8300000,0x00000000d8534010,0x00000000d8800000)
  to   space 5120K, 0% used [0x00000000d8800000,0x00000000d8800000,0x00000000d8d00000)
 ParOldGen       total 86016K, used 72K [0x0000000082800000, 0x0000000087c00000, 0x00000000d6300000)
  object space 86016K, 0% used [0x0000000082800000,0x0000000082812010,0x0000000087c00000)
 Metaspace       used 6298K, capacity 6376K, committed 6528K, reserved 1056768K
  class space    used 765K, capacity 784K, committed 896K, reserved 1048576K
}
Event: 0.698 GC heap before
{Heap before GC invocations=2 (full 0):
 PSYoungGen      total 37888K, used 35024K [0x00000000d6300000, 0x00000000d8d00000, 0x0000000100000000)
  eden space 32768K, 100% used [0x00000000d6300000,0x00000000d8300000,0x00000000d8300000)
  from space 5120K, 44% used [0x00000000d8300000,0x00000000d8534010,0x00000000d8800000)
  to   space 5120K, 0% used [0x00000000d8800000,0x00000000d8800000,0x00000000d8d00000)
 ParOldGen       total 86016K, used 72K [0x0000000082800000, 0x0000000087c00000, 0x00000000d6300000)
  object space 86016K, 0% used [0x0000000082800000,0x0000000082812010,0x0000000087c00000)
 Metaspace       used 6552K, capacity 6600K, committed 6784K, reserved 1056768K
  class space    used 790K, capacity 816K, committed 896K, reserved 1048576K
Event: 0.700 GC heap after
Heap after GC invocations=2 (full 0):
 PSYoungGen      total 37888K, used 1701K [0x00000000d6300000, 0x00000000dad00000, 0x0000000100000000)
  eden space 32768K, 0% used [0x00000000d6300000,0x00000000d6300000,0x00000000d8300000)
  from space 5120K, 33% used [0x00000000d8800000,0x00000000d89a9588,0x00000000d8d00000)
  to   space 5120K, 0% used [0x00000000d8300000,0x00000000d8300000,0x00000000d8800000)
 ParOldGen       total 86016K, used 80K [0x0000000082800000, 0x0000000087c00000, 0x00000000d6300000)
  object space 86016K, 0% used [0x0000000082800000,0x0000000082814010,0x0000000087c00000)
 Metaspace       used 6552K, capacity 6600K, committed 6784K, reserved 1056768K
  class space    used 790K, capacity 816K, committed 896K, reserved 1048576K
}
Event: 0.764 GC heap before
{Heap before GC invocations=3 (full 0):
 PSYoungGen      total 37888K, used 34469K [0x00000000d6300000, 0x00000000dad00000, 0x0000000100000000)
  eden space 32768K, 100% used [0x00000000d6300000,0x00000000d8300000,0x00000000d8300000)
  from space 5120K, 33% used [0x00000000d8800000,0x00000000d89a9588,0x00000000d8d00000)
  to   space 5120K, 0% used [0x00000000d8300000,0x00000000d8300000,0x00000000d8800000)
 ParOldGen       total 86016K, used 80K [0x0000000082800000, 0x0000000087c00000, 0x00000000d6300000)
  object space 86016K, 0% used [0x0000000082800000,0x0000000082814010,0x0000000087c00000)
 Metaspace       used 6560K, capacity 6664K, committed 6784K, reserved 1056768K
  class space    used 790K, capacity 816K, committed 896K, reserved 1048576K
Event: 0.766 GC heap after
Heap after GC invocations=3 (full 0):
 PSYoungGen      total 37888K, used 1424K [0x00000000d6300000, 0x00000000dad00000, 0x0000000100000000)
  eden space 32768K, 0% used [0x00000000d6300000,0x00000000d6300000,0x00000000d8300000)
  from space 5120K, 27% used [0x00000000d8300000,0x00000000d8464010,0x00000000d8800000)
  to   space 5120K, 0% used [0x00000000da800000,0x00000000da800000,0x00000000dad00000)
 ParOldGen       total 86016K, used 88K [0x0000000082800000, 0x0000000087c00000, 0x00000000d6300000)
  object space 86016K, 0% used [0x0000000082800000,0x0000000082816010,0x0000000087c00000)
 Metaspace       used 6560K, capacity 6664K, committed 6784K, reserved 1056768K
  class space    used 790K, capacity 816K, committed 896K, reserved 1048576K
}
Event: 0.804 GC heap before
{Heap before GC invocations=4 (full 0):
 PSYoungGen      total 37888K, used 34192K [0x00000000d6300000, 0x00000000dad00000, 0x0000000100000000)
  eden space 32768K, 100% used [0x00000000d6300000,0x00000000d8300000,0x00000000d8300000)
  from space 5120K, 27% used [0x00000000d8300000,0x00000000d8464010,0x00000000d8800000)
  to   space 5120K, 0% used [0x00000000da800000,0x00000000da800000,0x00000000dad00000)
 ParOldGen       total 86016K, used 88K [0x0000000082800000, 0x0000000087c00000, 0x00000000d6300000)
  object space 86016K, 0% used [0x0000000082800000,0x0000000082816010,0x0000000087c00000)
 Metaspace       used 6564K, capacity 6664K, committed 6784K, reserved 1056768K
  class space    used 790K, capacity 816K, committed 896K, reserved 1048576K
Event: 0.806 GC heap after
Heap after GC invocations=4 (full 0):
 PSYoungGen      total 70656K, used 1440K [0x00000000d6300000, 0x00000000dad00000, 0x0000000100000000)
  eden space 65536K, 0% used [0x00000000d6300000,0x00000000d6300000,0x00000000da300000)
  from space 5120K, 28% used [0x00000000da800000,0x00000000da968020,0x00000000dad00000)
  to   space 5120K, 0% used [0x00000000da300000,0x00000000da300000,0x00000000da800000)
 ParOldGen       total 86016K, used 96K [0x0000000082800000, 0x0000000087c00000, 0x00000000d6300000)
  object space 86016K, 0% used [0x0000000082800000,0x0000000082818010,0x0000000087c00000)
 Metaspace       used 6564K, capacity 6664K, committed 6784K, reserved 1056768K
  class space    used 790K, capacity 816K, committed 896K, reserved 1048576K
}
Event: 0.901 GC heap before
{Heap before GC invocations=5 (full 0):
 PSYoungGen      total 70656K, used 66976K [0x00000000d6300000, 0x00000000dad00000, 0x0000000100000000)
  eden space 65536K, 100% used [0x00000000d6300000,0x00000000da300000,0x00000000da300000)
  from space 5120K, 28% used [0x00000000da800000,0x00000000da968020,0x00000000dad00000)
  to   space 5120K, 0% used [0x00000000da300000,0x00000000da300000,0x00000000da800000)
 ParOldGen       total 86016K, used 96K [0x0000000082800000, 0x0000000087c00000, 0x00000000d6300000)
  object space 86016K, 0% used [0x0000000082800000,0x0000000082818010,0x0000000087c00000)
 Metaspace       used 6565K, capacity 6664K, committed 6784K, reserved 1056768K
  class space    used 790K, capacity 816K, committed 896K, reserved 1048576K
Event: 0.904 GC heap after
Heap after GC invocations=5 (full 0):
 PSYoungGen      total 70656K, used 1536K [0x00000000d6300000, 0x00000000de800000, 0x0000000100000000)
  eden space 65536K, 0% used [0x00000000d6300000,0x00000000d6300000,0x00000000da300000)
  from space 5120K, 30% used [0x00000000da300000,0x00000000da480000,0x00000000da800000)
  to   space 2560K, 0% used [0x00000000de580000,0x00000000de580000,0x00000000de800000)
 ParOldGen       total 86016K, used 96K [0x0000000082800000, 0x0000000087c00000, 0x00000000d6300000)
  object space 86016K, 0% used [0x0000000082800000,0x0000000082818010,0x0000000087c00000)
 Metaspace       used 6565K, capacity 6664K, committed 6784K, reserved 1056768K
  class space    used 790K, capacity 816K, committed 896K, reserved 1048576K
}

Deoptimization events (3 events):
Event: 0.394 Thread 0x0000000000b8e000 Uncommon trap: reason=predicate action=maybe_recompile pc=0x0000000002868814 method=io.github.oliviercailloux.uta_calculator.model.PartialValueFunction.getDerivative(D)D @ 74
Event: 0.428 Thread 0x0000000000b8e000 Uncommon trap: reason=range_check action=make_not_entrant pc=0x000000000286d138 method=java.util.ArrayList.elementData(I)Ljava/lang/Object; @ 5
Event: 0.672 Thread 0x0000000000b8e000 Uncommon trap: reason=unstable_if action=reinterpret pc=0x00000000028c2fd0 method=org.apache.commons.math.util.FastMath.resplit([D)V @ 24

Internal exceptions (7 events):
Event: 0.037 Thread 0x0000000000b8e000 Exception <a 'java/lang/NoSuchMethodError': Method sun.misc.Unsafe.defineClass(Ljava/lang/String;[BII)Ljava/lang/Class; name or signature does not match> (0x00000000d630ced8) thrown at [C:\re\workspace\8-2-build-windows-amd64-cygwin\jdk8u51\3951\hotspot\sr,Éµ5g)£?
Event: 0.037 Thread 0x0000000000b8e000 Exception <a 'java/lang/NoSuchMethodError': Method sun.misc.Unsafe.prefetchRead(Ljava/lang/Object;J)V name or signature does not match> (0x00000000d630d168) thrown at [C:\re\workspace\8-2-build-windows-amd64-cygwin\jdk8u51\3951\hotspot\src\share\vm\prims\j‰D<w|ø?
Event: 0.123 Thread 0x0000000000b8e000 Exception <a 'java/security/PrivilegedActionException'> (0x00000000d6525238) thrown at [C:\re\workspace\8-2-build-windows-amd64-cygwin\jdk8u51\3951\hotspot\src\share\vm\prims\jvm.cpp, line 1382]
Event: 0.123 Thread 0x0000000000b8e000 Exception <a 'java/security/PrivilegedActionException'> (0x00000000d65253f0) thrown at [C:\re\workspace\8-2-build-windows-amd64-cygwin\jdk8u51\3951\hotspot\src\share\vm\prims\jvm.cpp, line 1382]
Event: 0.124 Thread 0x0000000000b8e000 Exception <a 'java/security/PrivilegedActionException'> (0x00000000d6528ee8) thrown at [C:\re\workspace\8-2-build-windows-amd64-cygwin\jdk8u51\3951\hotspot\src\share\vm\prims\jvm.cpp, line 1382]
Event: 0.124 Thread 0x0000000000b8e000 Exception <a 'java/security/PrivilegedActionException'> (0x00000000d65290a0) thrown at [C:\re\workspace\8-2-build-windows-amd64-cygwin\jdk8u51\3951\hotspot\src\share\vm\prims\jvm.cpp, line 1382]
Event: 0.161 Thread 0x0000000000b8e000 Exception <a 'java/io/FileNotFoundException'> (0x00000000d6679cd0) thrown at [C:\re\workspace\8-2-build-windows-amd64-cygwin\jdk8u51\3951\hotspot\src\share\vm\prims\jni.cpp, line 709]

Events (10 events):
Event: 0.764 Executing VM operation: ParallelGCFailedAllocation
Event: 0.766 Executing VM operation: ParallelGCFailedAllocation done
Event: 0.804 Executing VM operation: ParallelGCFailedAllocation
Event: 0.806 Executing VM operation: ParallelGCFailedAllocation done
Event: 0.868 Thread 0x0000000000b8e000 DEOPT PACKING pc=0x0000000002895388 sp=0x000000000247eec0
Event: 0.868 Thread 0x0000000000b8e000 DEOPT UNPACKING pc=0x000000000269787f sp=0x000000000247ebe8 mode 0
Event: 0.875 Thread 0x0000000000b8e000 DEOPT PACKING pc=0x00000000028b85ae sp=0x000000000247efe0
Event: 0.875 Thread 0x0000000000b8e000 DEOPT UNPACKING pc=0x000000000269787f sp=0x000000000247eda8 mode 0
Event: 0.901 Executing VM operation: ParallelGCFailedAllocation
Event: 0.904 Executing VM operation: ParallelGCFailedAllocation done


Dynamic libraries:
0x00007ff7a9670000 - 0x00007ff7a96a7000 	C:\Program Files\Java\jre1.8.0_51\bin\javaw.exe
0x00007ffe2e890000 - 0x00007ffe2ea62000 	C:\WINDOWS\SYSTEM32\ntdll.dll
0x00007ffe2e3e0000 - 0x00007ffe2e48c000 	C:\WINDOWS\System32\KERNEL32.DLL
0x00007ffe2b1e0000 - 0x00007ffe2b3fd000 	C:\WINDOWS\System32\KERNELBASE.dll
0x00007ffe2e7e0000 - 0x00007ffe2e882000 	C:\WINDOWS\System32\ADVAPI32.dll
0x00007ffe2e340000 - 0x00007ffe2e3de000 	C:\WINDOWS\System32\msvcrt.dll
0x00007ffe2d8a0000 - 0x00007ffe2d8f9000 	C:\WINDOWS\System32\sechost.dll
0x00007ffe2e150000 - 0x00007ffe2e271000 	C:\WINDOWS\System32\RPCRT4.dll
0x00007ffe2dd40000 - 0x00007ffe2dea5000 	C:\WINDOWS\System32\USER32.dll
0x00007ffe2ade0000 - 0x00007ffe2adfe000 	C:\WINDOWS\System32\win32u.dll
0x00007ffe2db30000 - 0x00007ffe2db64000 	C:\WINDOWS\System32\GDI32.dll
0x00007ffe2bbf0000 - 0x00007ffe2bd70000 	C:\WINDOWS\System32\gdi32full.dll
0x00007ffe27340000 - 0x00007ffe275ba000 	C:\WINDOWS\WinSxS\amd64_microsoft.windows.common-controls_6595b64144ccf1df_6.0.14393.953_none_42151e83c686086b\COMCTL32.dll
0x00007ffe2e490000 - 0x00007ffe2e758000 	C:\WINDOWS\System32\combase.dll
0x00007ffe2b0e0000 - 0x00007ffe2b1d5000 	C:\WINDOWS\System32\ucrtbase.dll
0x00007ffe2aea0000 - 0x00007ffe2af0a000 	C:\WINDOWS\System32\bcryptPrimitives.dll
0x00007ffe2db70000 - 0x00007ffe2db9e000 	C:\WINDOWS\System32\IMM32.DLL
0x0000000071b80000 - 0x0000000071c52000 	C:\Program Files\Java\jre1.8.0_51\bin\msvcr100.dll
0x00000000712f0000 - 0x0000000071b73000 	C:\Program Files\Java\jre1.8.0_51\bin\server\jvm.dll
0x00007ffe2d780000 - 0x00007ffe2d788000 	C:\WINDOWS\System32\PSAPI.DLL
0x00007ffe1d4b0000 - 0x00007ffe1d4b9000 	C:\WINDOWS\SYSTEM32\WSOCK32.dll
0x00007ffe28040000 - 0x00007ffe28063000 	C:\WINDOWS\SYSTEM32\WINMM.dll
0x00007ffe2d900000 - 0x00007ffe2d96a000 	C:\WINDOWS\System32\WS2_32.dll
0x00007ffe1ca10000 - 0x00007ffe1ca1a000 	C:\WINDOWS\SYSTEM32\VERSION.dll
0x00007ffe27e70000 - 0x00007ffe27e9b000 	C:\WINDOWS\SYSTEM32\WINMMBASE.dll
0x00007ffe2ad90000 - 0x00007ffe2add2000 	C:\WINDOWS\System32\cfgmgr32.dll
0x0000000074af0000 - 0x0000000074aff000 	C:\Program Files\Java\jre1.8.0_51\bin\verify.dll
0x0000000074850000 - 0x0000000074879000 	C:\Program Files\Java\jre1.8.0_51\bin\java.dll
0x0000000074500000 - 0x0000000074516000 	C:\Program Files\Java\jre1.8.0_51\bin\zip.dll
0x00007ffe2c250000 - 0x00007ffe2d758000 	C:\WINDOWS\System32\SHELL32.dll
0x00007ffe2b400000 - 0x00007ffe2bada000 	C:\WINDOWS\System32\windows.storage.dll
0x00007ffe2ad30000 - 0x00007ffe2ad7c000 	C:\WINDOWS\System32\powrprof.dll
0x00007ffe2dad0000 - 0x00007ffe2db22000 	C:\WINDOWS\System32\shlwapi.dll
0x00007ffe2ad20000 - 0x00007ffe2ad2f000 	C:\WINDOWS\System32\kernel.appcore.dll
0x00007ffe2bae0000 - 0x00007ffe2bb89000 	C:\WINDOWS\System32\shcore.dll
0x00007ffe2ad00000 - 0x00007ffe2ad14000 	C:\WINDOWS\System32\profapi.dll
0x00000000744e0000 - 0x00000000744fa000 	C:\Program Files\Java\jre1.8.0_51\bin\net.dll
0x00007ffe2a5d0000 - 0x00007ffe2a62c000 	C:\WINDOWS\system32\mswsock.dll
0x00007ffe163b0000 - 0x00007ffe163c6000 	C:\WINDOWS\system32\napinsp.dll
0x00007ffe16570000 - 0x00007ffe1658a000 	C:\WINDOWS\system32\pnrpnsp.dll
0x00007ffe28970000 - 0x00007ffe28988000 	C:\WINDOWS\system32\NLAapi.dll
0x00007ffe2a390000 - 0x00007ffe2a431000 	C:\WINDOWS\SYSTEM32\DNSAPI.dll
0x00007ffe2d890000 - 0x00007ffe2d898000 	C:\WINDOWS\System32\NSI.dll
0x00007ffe2a350000 - 0x00007ffe2a388000 	C:\WINDOWS\SYSTEM32\IPHLPAPI.DLL
0x00007ffe177e0000 - 0x00007ffe177ee000 	C:\WINDOWS\System32\winrnr.dll
0x0000000075850000 - 0x0000000075876000 	C:\Program Files\Bonjour\mdnsNSP.dll
0x00007ffe26530000 - 0x00007ffe26545000 	C:\WINDOWS\System32\wshbth.dll
0x00007ffe1ca00000 - 0x00007ffe1ca0a000 	C:\Windows\System32\rasadhlp.dll
0x00007ffe20340000 - 0x00007ffe203aa000 	C:\WINDOWS\System32\fwpuclnt.dll
0x00007ffe2ac40000 - 0x00007ffe2ac6b000 	C:\WINDOWS\SYSTEM32\bcrypt.dll
0x00007ffddb2f0000 - 0x00007ffddc129000 	C:\Users\Elie\git\decision-uta-method\uta-calculator\lib\jniortools.dll
0x00007ffe19cb0000 - 0x00007ffe19d56000 	C:\WINDOWS\SYSTEM32\MSVCP120.dll
0x00007ffe1d350000 - 0x00007ffe1d43f000 	C:\WINDOWS\SYSTEM32\MSVCR120.dll
0x00007ffe1bdf0000 - 0x00007ffe1bf82000 	C:\WINDOWS\SYSTEM32\dbghelp.dll

VM Arguments:
jvm_args: -Djava.library.path=C:\Users\Elie\git\decision-uta-method\uta-calculator\lib -Dfile.encoding=UTF-8 
java_command: io.github.oliviercailloux.uta_calculator.view.MainSimulation
java_class_path (initial): C:\Users\Elie\git\decision-uta-method\uta-calculator\target\classes;C:\Users\Elie\.m2\repository\com\google\ortools\ortools\2015.08\ortools-2015.08.jar;C:\Users\Elie\.m2\repository\org\slf4j\slf4j-api\1.7.21\slf4j-api-1.7.21.jar;C:\Users\Elie\.m2\repository\com\google\guava\guava\20.0\guava-20.0.jar;C:\Users\Elie\.m2\repository\ch\qos\logback\logback-classic\1.1.7\logback-classic-1.1.7.jar;C:\Users\Elie\.m2\repository\ch\qos\logback\logback-core\1.1.7\logback-core-1.1.7.jar;C:\Users\Elie\.m2\repository\org\apache\commons\commons-math\2.2\commons-math-2.2.jar;C:\Users\Elie\.m2\repository\protobuf\protobuf\3.3.0\protobuf-3.3.0.jar
Launcher Type: SUN_STANDARD

Environment Variables:
JAVA_HOME=C:\Oracle\Middleware\Oracle_Home\oracle_common\jdk
USERNAME=Elie
OS=Windows_NT
PROCESSOR_IDENTIFIER=Intel64 Family 6 Model 58 Stepping 9, GenuineIntel



---------------  S Y S T E M  ---------------

OS: Windows 10.0 , 64 bit Build 14393 (10.0.14393.1198)

CPU:total 4 (2 cores per cpu, 2 threads per core) family 6 model 58 stepping 9, cmov, cx8, fxsr, mmx, sse, sse2, sse3, ssse3, sse4.1, sse4.2, popcnt, avx, clmul, erms, ht, tsc, tscinvbit, tscinv

Memory: 4k page, physical 8222948k(3446488k free), swap 10715372k(3021496k free)

vm_info: Java HotSpot(TM) 64-Bit Server VM (25.51-b03) for windows-amd64 JRE (1.8.0_51-b16), built on Jun  8 2015 18:03:07 by "java_re" with MS VC++ 10.0 (VS2010)

time: Wed Aug 23 19:20:36 2017
elapsed time: 0 seconds (0d 0h 0m 0s)

