#
# A fatal error has been detected by the Java Runtime Environment:
#
#  EXCEPTION_ACCESS_VIOLATION (0xc0000005) at pc=0x00007ffde30d703a, pid=11572, tid=10824
#
# JRE version: Java(TM) SE Runtime Environment (8.0_51-b16) (build 1.8.0_51-b16)
# Java VM: Java HotSpot(TM) 64-Bit Server VM (25.51-b03 mixed mode windows-amd64 compressed oops)
# Problematic frame:
# C  [jniortools.dll+0x3b703a]
#
# Failed to write core dump. Minidumps are not enabled by default on client versions of Windows
#
# If you would like to submit a bug report, please visit:
#   http://bugreport.java.com/bugreport/crash.jsp
# The crash happened outside the Java Virtual Machine in native code.
# See problematic frame for where to report the bug.
#

---------------  T H R E A D  ---------------

Current thread (0x000000000173e000):  JavaThread "main" [_thread_in_native, id=10824, stack(0x0000000002f30000,0x0000000003030000)]

siginfo: ExceptionCode=0xc0000005, reading address 0x000000001aba0190

Registers:
RAX=0x00000000de616250, RBX=0x00000000ffffffff, RCX=0x000000001aba0140, RDX=0x000000000302f020
RSP=0x000000000302efa0, RBP=0x000000000302f030, RSI=0x000000001779a7b0, RDI=0x00000001000c06f8
R8 =0x000000001aba0140, R9 =0x000000000302eff8, R10=0x00007ffde2dc9920, R11=0x00000000de616250
R12=0x0000000000000000, R13=0x0000000000000003, R14=0x000000000302f020, R15=0x000000000173e000
RIP=0x00007ffde30d703a, EFLAGS=0x0000000000010206

Top of Stack: (sp=0x000000000302efa0)
0x000000000302efa0:   0000000000000001 0000000003337381
0x000000000302efb0:   00000000d6392078 0000000000000000
0x000000000302efc0:   00000001000c06f8 000000000335255b
0x000000000302efd0:   00000000ffffffff 00000000d6392060
0x000000000302efe0:   0000000000000002 00000000d6392290
0x000000000302eff0:   00000000d6392338 00000000de616250
0x000000000302f000:   000000000001c4f7 00000000d6392338
0x000000000302f010:   00000000de616200 00000000de616200
0x000000000302f020:   00000000de59a280 0000000000000206
0x000000000302f030:   000000000302f5f8 00000000033ddc24
0x000000000302f040:   00000000000004a5 000000001777b100
0x000000000302f050:   000000000302f2e0 00000000714e37ba
0x000000000302f060:   000000000000000e 000000001779c558
0x000000000302f070:   3ff3333333333333 0000000000000000
0x000000000302f080:   0000000003046ea0 00000000714e32d2
0x000000000302f090:   0000000000000001 00000000714e2ccd 

Instructions: (pc=0x00007ffde30d703a)
0x00007ffde30d701a:   00 48 85 d2 48 0f 45 c2 c3 cc cc cc cc cc cc cc
0x00007ffde30d702a:   cc cc cc cc cc cc 48 89 5c 24 08 57 48 83 ec 20
0x00007ffde30d703a:   48 8b 79 50 48 8b d9 48 8b cf e8 d7 51 ff ff 84
0x00007ffde30d704a:   c0 74 32 48 8b 07 48 8b cf ff 90 a0 00 00 00 84 


Register to memory mapping:

RAX=0x00000000de616250 is an oop
com.google.ortools.linearsolver.MPVariable 
 - klass: 'com/google/ortools/linearsolver/MPVariable'
RBX=0x00000000ffffffff is an unallocated location in the heap
RCX=0x000000001aba0140 is an unknown value
RDX=0x000000000302f020 is pointing into the stack for thread: 0x000000000173e000
RSP=0x000000000302efa0 is pointing into the stack for thread: 0x000000000173e000
RBP=0x000000000302f030 is pointing into the stack for thread: 0x000000000173e000
RSI=0x000000001779a7b0 is pointing into metadata
RDI=0x00000001000c06f8 is pointing into metadata
R8 =0x000000001aba0140 is an unknown value
R9 =0x000000000302eff8 is pointing into the stack for thread: 0x000000000173e000
R10=0x00007ffde2dc9920 is an unknown value
R11=0x00000000de616250 is an oop
com.google.ortools.linearsolver.MPVariable 
 - klass: 'com/google/ortools/linearsolver/MPVariable'
R12=0x0000000000000000 is an unknown value
R13=0x0000000000000003 is an unknown value
R14=0x000000000302f020 is pointing into the stack for thread: 0x000000000173e000
R15=0x000000000173e000 is a thread


Stack: [0x0000000002f30000,0x0000000003030000],  sp=0x000000000302efa0,  free space=1019k
Native frames: (J=compiled Java code, j=interpreted, Vv=VM code, C=native code)
C  [jniortools.dll+0x3b703a]
C  0x000000000335255b

Java frames: (J=compiled Java code, j=interpreted, Vv=VM code)
J 463  com.google.ortools.linearsolver.operations_research_linear_solverJNI.MPVariable_solutionValue(JLcom/google/ortools/linearsolver/MPVariable;)D (0 bytes) @ 0x00000000033524d5 [0x0000000003352480+0x55]
J 565% C1 io.github.oliviercailloux.uta_calculator.model.UTASTAR.findValueFunction()Lio/github/oliviercailloux/uta_calculator/model/ValueFunction; (2313 bytes) @ 0x00000000033ddc24 [0x00000000033c6fa0+0x16c84]
j  io.github.oliviercailloux.uta_calculator.view.MainSimulation.getDifferenceRank(III)I+201
j  io.github.oliviercailloux.uta_calculator.view.MainSimulation.simulation()V+29
j  io.github.oliviercailloux.uta_calculator.view.MainSimulation.main([Ljava/lang/String;)V+9
v  ~StubRoutines::call_stub

---------------  P R O C E S S  ---------------

Java Threads: ( => current thread )
  0x0000000019473800 JavaThread "Service Thread" daemon [_thread_blocked, id=6492, stack(0x0000000019840000,0x0000000019940000)]
  0x0000000017be3800 JavaThread "C1 CompilerThread2" daemon [_thread_blocked, id=5752, stack(0x0000000019340000,0x0000000019440000)]
  0x0000000017bd3800 JavaThread "C2 CompilerThread1" daemon [_thread_blocked, id=7720, stack(0x0000000019240000,0x0000000019340000)]
  0x0000000017bd1000 JavaThread "C2 CompilerThread0" daemon [_thread_blocked, id=6936, stack(0x0000000019140000,0x0000000019240000)]
  0x0000000017bcf800 JavaThread "Attach Listener" daemon [_thread_blocked, id=12540, stack(0x0000000019040000,0x0000000019140000)]
  0x0000000017bce800 JavaThread "Signal Dispatcher" daemon [_thread_blocked, id=12836, stack(0x0000000018f40000,0x0000000019040000)]
  0x0000000003128000 JavaThread "Finalizer" daemon [_thread_blocked, id=13760, stack(0x0000000018e40000,0x0000000018f40000)]
  0x000000000311f000 JavaThread "Reference Handler" daemon [_thread_blocked, id=5912, stack(0x0000000018d40000,0x0000000018e40000)]
=>0x000000000173e000 JavaThread "main" [_thread_in_native, id=10824, stack(0x0000000002f30000,0x0000000003030000)]

Other Threads:
  0x0000000017b98000 VMThread [stack: 0x0000000018c40000,0x0000000018d40000] [id=10992]
  0x0000000019474800 WatcherThread [stack: 0x0000000019940000,0x0000000019a40000] [id=11036]

VM state:not at safepoint (normal execution)

VM Mutex/Monitor currently owned by a thread: None

Heap:
 PSYoungGen      total 133632K, used 3958K [0x00000000d6300000, 0x00000000de800000, 0x0000000100000000)
  eden space 131072K, 1% used [0x00000000d6300000,0x00000000d658d8d8,0x00000000de300000)
  from space 2560K, 52% used [0x00000000de580000,0x00000000de6d0020,0x00000000de800000)
  to   space 2560K, 0% used [0x00000000de300000,0x00000000de300000,0x00000000de580000)
 ParOldGen       total 86016K, used 96K [0x0000000082800000, 0x0000000087c00000, 0x00000000d6300000)
  object space 86016K, 0% used [0x0000000082800000,0x0000000082818010,0x0000000087c00000)
 Metaspace       used 6362K, capacity 6440K, committed 6784K, reserved 1056768K
  class space    used 773K, capacity 784K, committed 896K, reserved 1048576K

Card table byte_map: [0x00000000124f0000,0x00000000128e0000] byte_map_base: 0x00000000120dc000

Marking Bits: (ParMarkBitMap*) 0x0000000071af4040
 Begin Bits: [0x0000000012f80000, 0x0000000014ee0000)
 End Bits:   [0x0000000014ee0000, 0x0000000016e40000)

Polling page: 0x0000000001150000

CodeCache: size=245760Kb used=3056Kb max_used=3056Kb free=242703Kb
 bounds [0x0000000003130000, 0x0000000003440000, 0x0000000012130000]
 total_blobs=884 nmethods=572 adapters=225
 compilation: enabled

Compilation events (10 events):
Event: 0.682 Thread 0x0000000017be3800 nmethod 563% 0x000000000338f990 code [0x0000000003391da0, 0x00000000033ade08]
Event: 0.682 Thread 0x0000000017be3800  564       3       java.util.TimSort::countRunAndMakeAscending (128 bytes)
Event: 0.683 Thread 0x0000000017be3800 nmethod 564 0x0000000003388e50 code [0x0000000003389040, 0x0000000003389ae8]
Event: 0.684 Thread 0x0000000017be3800  565 %     3       io.github.oliviercailloux.uta_calculator.model.UTASTAR::findValueFunction @ 314 (2313 bytes)
Event: 0.707 Thread 0x0000000017be3800 nmethod 565% 0x00000000033c4c10 code [0x00000000033c6fa0, 0x00000000033e2968]
Event: 0.707 Thread 0x0000000017be3800  566       3       io.github.oliviercailloux.uta_calculator.utils.NumbersGenerator::generate (89 bytes)
Event: 0.708 Thread 0x0000000017be3800 nmethod 566 0x000000000338e210 code [0x000000000338e460, 0x000000000338f0c8]
Event: 0.708 Thread 0x0000000017be3800  568 %     3       io.github.oliviercailloux.uta_calculator.model.UTASTAR::findValueFunction @ 204 (2313 bytes)
Event: 0.718 Thread 0x0000000017bd3800  569   !   4       java.lang.ref.ReferenceQueue::enqueue (119 bytes)
Event: 0.719 Thread 0x0000000017bd1000  570       4       java.lang.ref.ReferenceQueue::remove (6 bytes)

GC Heap History (10 events):
Event: 0.492 GC heap before
{Heap before GC invocations=2 (full 0):
 PSYoungGen      total 37888K, used 35043K [0x00000000d6300000, 0x00000000d8d00000, 0x0000000100000000)
  eden space 32768K, 100% used [0x00000000d6300000,0x00000000d8300000,0x00000000d8300000)
  from space 5120K, 44% used [0x00000000d8300000,0x00000000d8538da0,0x00000000d8800000)
  to   space 5120K, 0% used [0x00000000d8800000,0x00000000d8800000,0x00000000d8d00000)
 ParOldGen       total 86016K, used 72K [0x0000000082800000, 0x0000000087c00000, 0x00000000d6300000)
  object space 86016K, 0% used [0x0000000082800000,0x0000000082812010,0x0000000087c00000)
 Metaspace       used 6332K, capacity 6440K, committed 6784K, reserved 1056768K
  class space    used 773K, capacity 784K, committed 896K, reserved 1048576K
Event: 0.494 GC heap after
Heap after GC invocations=2 (full 0):
 PSYoungGen      total 37888K, used 1342K [0x00000000d6300000, 0x00000000dad00000, 0x0000000100000000)
  eden space 32768K, 0% used [0x00000000d6300000,0x00000000d6300000,0x00000000d8300000)
  from space 5120K, 26% used [0x00000000d8800000,0x00000000d894fb28,0x00000000d8d00000)
  to   space 5120K, 0% used [0x00000000d8300000,0x00000000d8300000,0x00000000d8800000)
 ParOldGen       total 86016K, used 80K [0x0000000082800000, 0x0000000087c00000, 0x00000000d6300000)
  object space 86016K, 0% used [0x0000000082800000,0x0000000082814010,0x0000000087c00000)
 Metaspace       used 6332K, capacity 6440K, committed 6784K, reserved 1056768K
  class space    used 773K, capacity 784K, committed 896K, reserved 1048576K
}
Event: 0.527 GC heap before
{Heap before GC invocations=3 (full 0):
 PSYoungGen      total 37888K, used 34110K [0x00000000d6300000, 0x00000000dad00000, 0x0000000100000000)
  eden space 32768K, 100% used [0x00000000d6300000,0x00000000d8300000,0x00000000d8300000)
  from space 5120K, 26% used [0x00000000d8800000,0x00000000d894fb28,0x00000000d8d00000)
  to   space 5120K, 0% used [0x00000000d8300000,0x00000000d8300000,0x00000000d8800000)
 ParOldGen       total 86016K, used 80K [0x0000000082800000, 0x0000000087c00000, 0x00000000d6300000)
  object space 86016K, 0% used [0x0000000082800000,0x0000000082814010,0x0000000087c00000)
 Metaspace       used 6336K, capacity 6440K, committed 6784K, reserved 1056768K
  class space    used 773K, capacity 784K, committed 896K, reserved 1048576K
Event: 0.529 GC heap after
Heap after GC invocations=3 (full 0):
 PSYoungGen      total 37888K, used 1328K [0x00000000d6300000, 0x00000000dad00000, 0x0000000100000000)
  eden space 32768K, 0% used [0x00000000d6300000,0x00000000d6300000,0x00000000d8300000)
  from space 5120K, 25% used [0x00000000d8300000,0x00000000d844c030,0x00000000d8800000)
  to   space 5120K, 0% used [0x00000000da800000,0x00000000da800000,0x00000000dad00000)
 ParOldGen       total 86016K, used 88K [0x0000000082800000, 0x0000000087c00000, 0x00000000d6300000)
  object space 86016K, 0% used [0x0000000082800000,0x0000000082816010,0x0000000087c00000)
 Metaspace       used 6336K, capacity 6440K, committed 6784K, reserved 1056768K
  class space    used 773K, capacity 784K, committed 896K, reserved 1048576K
}
Event: 0.566 GC heap before
{Heap before GC invocations=4 (full 0):
 PSYoungGen      total 37888K, used 34076K [0x00000000d6300000, 0x00000000dad00000, 0x0000000100000000)
  eden space 32768K, 99% used [0x00000000d6300000,0x00000000d82fb238,0x00000000d8300000)
  from space 5120K, 25% used [0x00000000d8300000,0x00000000d844c030,0x00000000d8800000)
  to   space 5120K, 0% used [0x00000000da800000,0x00000000da800000,0x00000000dad00000)
 ParOldGen       total 86016K, used 88K [0x0000000082800000, 0x0000000087c00000, 0x00000000d6300000)
  object space 86016K, 0% used [0x0000000082800000,0x0000000082816010,0x0000000087c00000)
 Metaspace       used 6337K, capacity 6440K, committed 6784K, reserved 1056768K
  class space    used 773K, capacity 784K, committed 896K, reserved 1048576K
Event: 0.568 GC heap after
Heap after GC invocations=4 (full 0):
 PSYoungGen      total 70656K, used 1328K [0x00000000d6300000, 0x00000000dad00000, 0x0000000100000000)
  eden space 65536K, 0% used [0x00000000d6300000,0x00000000d6300000,0x00000000da300000)
  from space 5120K, 25% used [0x00000000da800000,0x00000000da94c030,0x00000000dad00000)
  to   space 5120K, 0% used [0x00000000da300000,0x00000000da300000,0x00000000da800000)
 ParOldGen       total 86016K, used 88K [0x0000000082800000, 0x0000000087c00000, 0x00000000d6300000)
  object space 86016K, 0% used [0x0000000082800000,0x0000000082816010,0x0000000087c00000)
 Metaspace       used 6337K, capacity 6440K, committed 6784K, reserved 1056768K
  class space    used 773K, capacity 784K, committed 896K, reserved 1048576K
}
Event: 0.648 GC heap before
{Heap before GC invocations=5 (full 0):
 PSYoungGen      total 70656K, used 66864K [0x00000000d6300000, 0x00000000dad00000, 0x0000000100000000)
  eden space 65536K, 100% used [0x00000000d6300000,0x00000000da300000,0x00000000da300000)
  from space 5120K, 25% used [0x00000000da800000,0x00000000da94c030,0x00000000dad00000)
  to   space 5120K, 0% used [0x00000000da300000,0x00000000da300000,0x00000000da800000)
 ParOldGen       total 86016K, used 88K [0x0000000082800000, 0x0000000087c00000, 0x00000000d6300000)
  object space 86016K, 0% used [0x0000000082800000,0x0000000082816010,0x0000000087c00000)
 Metaspace       used 6337K, capacity 6440K, committed 6784K, reserved 1056768K
  class space    used 773K, capacity 784K, committed 896K, reserved 1048576K
Event: 0.650 GC heap after
Heap after GC invocations=5 (full 0):
 PSYoungGen      total 70656K, used 1376K [0x00000000d6300000, 0x00000000de800000, 0x0000000100000000)
  eden space 65536K, 0% used [0x00000000d6300000,0x00000000d6300000,0x00000000da300000)
  from space 5120K, 26% used [0x00000000da300000,0x00000000da458020,0x00000000da800000)
  to   space 2560K, 0% used [0x00000000de580000,0x00000000de580000,0x00000000de800000)
 ParOldGen       total 86016K, used 88K [0x0000000082800000, 0x0000000087c00000, 0x00000000d6300000)
  object space 86016K, 0% used [0x0000000082800000,0x0000000082816010,0x0000000087c00000)
 Metaspace       used 6337K, capacity 6440K, committed 6784K, reserved 1056768K
  class space    used 773K, capacity 784K, committed 896K, reserved 1048576K
}
Event: 0.715 GC heap before
{Heap before GC invocations=6 (full 0):
 PSYoungGen      total 70656K, used 66912K [0x00000000d6300000, 0x00000000de800000, 0x0000000100000000)
  eden space 65536K, 100% used [0x00000000d6300000,0x00000000da300000,0x00000000da300000)
  from space 5120K, 26% used [0x00000000da300000,0x00000000da458020,0x00000000da800000)
  to   space 2560K, 0% used [0x00000000de580000,0x00000000de580000,0x00000000de800000)
 ParOldGen       total 86016K, used 88K [0x0000000082800000, 0x0000000087c00000, 0x00000000d6300000)
  object space 86016K, 0% used [0x0000000082800000,0x0000000082816010,0x0000000087c00000)
 Metaspace       used 6362K, capacity 6440K, committed 6784K, reserved 1056768K
  class space    used 773K, capacity 784K, committed 896K, reserved 1048576K
Event: 0.717 GC heap after
Heap after GC invocations=6 (full 0):
 PSYoungGen      total 133632K, used 1344K [0x00000000d6300000, 0x00000000de800000, 0x0000000100000000)
  eden space 131072K, 0% used [0x00000000d6300000,0x00000000d6300000,0x00000000de300000)
  from space 2560K, 52% used [0x00000000de580000,0x00000000de6d0020,0x00000000de800000)
  to   space 2560K, 0% used [0x00000000de300000,0x00000000de300000,0x00000000de580000)
 ParOldGen       total 86016K, used 96K [0x0000000082800000, 0x0000000087c00000, 0x00000000d6300000)
  object space 86016K, 0% used [0x0000000082800000,0x0000000082818010,0x0000000087c00000)
 Metaspace       used 6362K, capacity 6440K, committed 6784K, reserved 1056768K
  class space    used 773K, capacity 784K, committed 896K, reserved 1048576K
}

Deoptimization events (2 events):
Event: 0.385 Thread 0x000000000173e000 Uncommon trap: reason=predicate action=maybe_recompile pc=0x0000000003340ad4 method=io.github.oliviercailloux.uta_calculator.model.PartialValueFunction.getDerivative(D)D @ 74
Event: 0.405 Thread 0x000000000173e000 Uncommon trap: reason=range_check action=make_not_entrant pc=0x000000000334e838 method=java.util.ArrayList.elementData(I)Ljava/lang/Object; @ 5

Internal exceptions (8 events):
Event: 0.034 Thread 0x000000000173e000 Exception <a 'java/lang/NoSuchMethodError': Method sun.misc.Unsafe.defineClass(Ljava/lang/String;[BII)Ljava/lang/Class; name or signature does not match> (0x00000000d630ced8) thrown at [C:\re\workspace\8-2-build-windows-amd64-cygwin\jdk8u51\3951\hotspot\srÖ(q’¿Ž¡?
Event: 0.034 Thread 0x000000000173e000 Exception <a 'java/lang/NoSuchMethodError': Method sun.misc.Unsafe.prefetchRead(Ljava/lang/Object;J)V name or signature does not match> (0x00000000d630d168) thrown at [C:\re\workspace\8-2-build-windows-amd64-cygwin\jdk8u51\3951\hotspot\src\share\vm\prims\j³þ±[i¼?
Event: 0.111 Thread 0x000000000173e000 Exception <a 'java/security/PrivilegedActionException'> (0x00000000d6524e60) thrown at [C:\re\workspace\8-2-build-windows-amd64-cygwin\jdk8u51\3951\hotspot\src\share\vm\prims\jvm.cpp, line 1382]
Event: 0.111 Thread 0x000000000173e000 Exception <a 'java/security/PrivilegedActionException'> (0x00000000d6525018) thrown at [C:\re\workspace\8-2-build-windows-amd64-cygwin\jdk8u51\3951\hotspot\src\share\vm\prims\jvm.cpp, line 1382]
Event: 0.112 Thread 0x000000000173e000 Exception <a 'java/security/PrivilegedActionException'> (0x00000000d6528b10) thrown at [C:\re\workspace\8-2-build-windows-amd64-cygwin\jdk8u51\3951\hotspot\src\share\vm\prims\jvm.cpp, line 1382]
Event: 0.112 Thread 0x000000000173e000 Exception <a 'java/security/PrivilegedActionException'> (0x00000000d6528cc8) thrown at [C:\re\workspace\8-2-build-windows-amd64-cygwin\jdk8u51\3951\hotspot\src\share\vm\prims\jvm.cpp, line 1382]
Event: 0.155 Thread 0x000000000173e000 Exception <a 'java/io/FileNotFoundException'> (0x00000000d6679a70) thrown at [C:\re\workspace\8-2-build-windows-amd64-cygwin\jdk8u51\3951\hotspot\src\share\vm\prims\jni.cpp, line 709]
Event: 0.329 Thread 0x000000000173e000 Exception <a 'java/lang/NoSuchMethodError': org.slf4j.impl.StaticMDCBinder.getSingleton()Lorg/slf4j/impl/StaticMDCBinder;> (0x00000000d6b52ee0) thrown at [C:\re\workspace\8-2-build-windows-amd64-cygwin\jdk8u51\3951\hotspot\src\share\vm\interpreter\linkReso

Events (10 events):
Event: 0.492 Executing VM operation: ParallelGCFailedAllocation
Event: 0.494 Executing VM operation: ParallelGCFailedAllocation done
Event: 0.527 Executing VM operation: ParallelGCFailedAllocation
Event: 0.529 Executing VM operation: ParallelGCFailedAllocation done
Event: 0.566 Executing VM operation: ParallelGCFailedAllocation
Event: 0.568 Executing VM operation: ParallelGCFailedAllocation done
Event: 0.648 Executing VM operation: ParallelGCFailedAllocation
Event: 0.650 Executing VM operation: ParallelGCFailedAllocation done
Event: 0.715 Executing VM operation: ParallelGCFailedAllocation
Event: 0.717 Executing VM operation: ParallelGCFailedAllocation done


Dynamic libraries:
0x00007ff7a9670000 - 0x00007ff7a96a7000 	C:\Program Files\Java\jre1.8.0_51\bin\javaw.exe
0x00007ffe2e890000 - 0x00007ffe2ea62000 	C:\WINDOWS\SYSTEM32\ntdll.dll
0x00007ffe2e3e0000 - 0x00007ffe2e48c000 	C:\WINDOWS\System32\KERNEL32.DLL
0x00007ffe2b1e0000 - 0x00007ffe2b3fd000 	C:\WINDOWS\System32\KERNELBASE.dll
0x00007ffe2e7e0000 - 0x00007ffe2e882000 	C:\WINDOWS\System32\ADVAPI32.dll
0x00007ffe2e340000 - 0x00007ffe2e3de000 	C:\WINDOWS\System32\msvcrt.dll
0x00007ffe2d8a0000 - 0x00007ffe2d8f9000 	C:\WINDOWS\System32\sechost.dll
0x00007ffe2e150000 - 0x00007ffe2e271000 	C:\WINDOWS\System32\RPCRT4.dll
0x00007ffe2dd40000 - 0x00007ffe2dea5000 	C:\WINDOWS\System32\USER32.dll
0x00007ffe2ade0000 - 0x00007ffe2adfe000 	C:\WINDOWS\System32\win32u.dll
0x00007ffe2db30000 - 0x00007ffe2db64000 	C:\WINDOWS\System32\GDI32.dll
0x00007ffe2bbf0000 - 0x00007ffe2bd70000 	C:\WINDOWS\System32\gdi32full.dll
0x00007ffe27340000 - 0x00007ffe275ba000 	C:\WINDOWS\WinSxS\amd64_microsoft.windows.common-controls_6595b64144ccf1df_6.0.14393.953_none_42151e83c686086b\COMCTL32.dll
0x00007ffe2e490000 - 0x00007ffe2e758000 	C:\WINDOWS\System32\combase.dll
0x00007ffe2b0e0000 - 0x00007ffe2b1d5000 	C:\WINDOWS\System32\ucrtbase.dll
0x00007ffe2aea0000 - 0x00007ffe2af0a000 	C:\WINDOWS\System32\bcryptPrimitives.dll
0x00007ffe2db70000 - 0x00007ffe2db9e000 	C:\WINDOWS\System32\IMM32.DLL
0x0000000071b80000 - 0x0000000071c52000 	C:\Program Files\Java\jre1.8.0_51\bin\msvcr100.dll
0x00000000712f0000 - 0x0000000071b73000 	C:\Program Files\Java\jre1.8.0_51\bin\server\jvm.dll
0x00007ffe2d780000 - 0x00007ffe2d788000 	C:\WINDOWS\System32\PSAPI.DLL
0x00007ffe1ca10000 - 0x00007ffe1ca1a000 	C:\WINDOWS\SYSTEM32\VERSION.dll
0x00007ffe28040000 - 0x00007ffe28063000 	C:\WINDOWS\SYSTEM32\WINMM.dll
0x00007ffe1d4b0000 - 0x00007ffe1d4b9000 	C:\WINDOWS\SYSTEM32\WSOCK32.dll
0x00007ffe2d900000 - 0x00007ffe2d96a000 	C:\WINDOWS\System32\WS2_32.dll
0x00007ffe27e70000 - 0x00007ffe27e9b000 	C:\WINDOWS\SYSTEM32\WINMMBASE.dll
0x00007ffe2ad90000 - 0x00007ffe2add2000 	C:\WINDOWS\System32\cfgmgr32.dll
0x0000000074af0000 - 0x0000000074aff000 	C:\Program Files\Java\jre1.8.0_51\bin\verify.dll
0x0000000074850000 - 0x0000000074879000 	C:\Program Files\Java\jre1.8.0_51\bin\java.dll
0x0000000074500000 - 0x0000000074516000 	C:\Program Files\Java\jre1.8.0_51\bin\zip.dll
0x00007ffe2c250000 - 0x00007ffe2d758000 	C:\WINDOWS\System32\SHELL32.dll
0x00007ffe2b400000 - 0x00007ffe2bada000 	C:\WINDOWS\System32\windows.storage.dll
0x00007ffe2ad30000 - 0x00007ffe2ad7c000 	C:\WINDOWS\System32\powrprof.dll
0x00007ffe2dad0000 - 0x00007ffe2db22000 	C:\WINDOWS\System32\shlwapi.dll
0x00007ffe2ad20000 - 0x00007ffe2ad2f000 	C:\WINDOWS\System32\kernel.appcore.dll
0x00007ffe2bae0000 - 0x00007ffe2bb89000 	C:\WINDOWS\System32\shcore.dll
0x00007ffe2ad00000 - 0x00007ffe2ad14000 	C:\WINDOWS\System32\profapi.dll
0x00000000744e0000 - 0x00000000744fa000 	C:\Program Files\Java\jre1.8.0_51\bin\net.dll
0x00007ffe2a5d0000 - 0x00007ffe2a62c000 	C:\WINDOWS\system32\mswsock.dll
0x00007ffe163b0000 - 0x00007ffe163c6000 	C:\WINDOWS\system32\napinsp.dll
0x00007ffe16570000 - 0x00007ffe1658a000 	C:\WINDOWS\system32\pnrpnsp.dll
0x00007ffe28970000 - 0x00007ffe28988000 	C:\WINDOWS\system32\NLAapi.dll
0x00007ffe2a390000 - 0x00007ffe2a431000 	C:\WINDOWS\SYSTEM32\DNSAPI.dll
0x00007ffe2d890000 - 0x00007ffe2d898000 	C:\WINDOWS\System32\NSI.dll
0x00007ffe2a350000 - 0x00007ffe2a388000 	C:\WINDOWS\SYSTEM32\IPHLPAPI.DLL
0x00007ffe177e0000 - 0x00007ffe177ee000 	C:\WINDOWS\System32\winrnr.dll
0x0000000075850000 - 0x0000000075876000 	C:\Program Files\Bonjour\mdnsNSP.dll
0x00007ffe26530000 - 0x00007ffe26545000 	C:\WINDOWS\System32\wshbth.dll
0x00007ffe1ca00000 - 0x00007ffe1ca0a000 	C:\Windows\System32\rasadhlp.dll
0x00007ffe20340000 - 0x00007ffe203aa000 	C:\WINDOWS\System32\fwpuclnt.dll
0x00007ffe2ac40000 - 0x00007ffe2ac6b000 	C:\WINDOWS\SYSTEM32\bcrypt.dll
0x00007ffde2d20000 - 0x00007ffde3b59000 	C:\Users\Elie\git\decision-uta-method\uta-calculator\lib\jniortools.dll
0x00007ffe1d350000 - 0x00007ffe1d43f000 	C:\WINDOWS\SYSTEM32\MSVCR120.dll
0x00007ffe19cb0000 - 0x00007ffe19d56000 	C:\WINDOWS\SYSTEM32\MSVCP120.dll
0x00007ffe1bdf0000 - 0x00007ffe1bf82000 	C:\WINDOWS\SYSTEM32\dbghelp.dll

VM Arguments:
jvm_args: -Djava.library.path=C:\Users\Elie\git\decision-uta-method\uta-calculator\lib -Dfile.encoding=UTF-8 
java_command: io.github.oliviercailloux.uta_calculator.view.MainSimulation
java_class_path (initial): C:\Users\Elie\git\decision-uta-method\uta-calculator\target\classes;C:\Users\Elie\.m2\repository\com\google\ortools\ortools\2015.08\ortools-2015.08.jar;C:\Users\Elie\.m2\repository\org\slf4j\slf4j-api\1.7.21\slf4j-api-1.7.21.jar;C:\Users\Elie\.m2\repository\com\google\guava\guava\20.0\guava-20.0.jar;C:\Users\Elie\.m2\repository\ch\qos\logback\logback-classic\1.1.7\logback-classic-1.1.7.jar;C:\Users\Elie\.m2\repository\ch\qos\logback\logback-core\1.1.7\logback-core-1.1.7.jar;C:\Users\Elie\.m2\repository\org\apache\commons\commons-math\2.2\commons-math-2.2.jar;C:\Users\Elie\.m2\repository\protobuf\protobuf\3.3.0\protobuf-3.3.0.jar
Launcher Type: SUN_STANDARD

Environment Variables:
JAVA_HOME=C:\Oracle\Middleware\Oracle_Home\oracle_common\jdk
USERNAME=Elie
OS=Windows_NT
PROCESSOR_IDENTIFIER=Intel64 Family 6 Model 58 Stepping 9, GenuineIntel



---------------  S Y S T E M  ---------------

OS: Windows 10.0 , 64 bit Build 14393 (10.0.14393.1198)

CPU:total 4 (2 cores per cpu, 2 threads per core) family 6 model 58 stepping 9, cmov, cx8, fxsr, mmx, sse, sse2, sse3, ssse3, sse4.1, sse4.2, popcnt, avx, clmul, erms, ht, tsc, tscinvbit, tscinv

Memory: 4k page, physical 8222948k(3335228k free), swap 10715372k(1764224k free)

vm_info: Java HotSpot(TM) 64-Bit Server VM (25.51-b03) for windows-amd64 JRE (1.8.0_51-b16), built on Jun  8 2015 18:03:07 by "java_re" with MS VC++ 10.0 (VS2010)

time: Wed Aug 23 18:21:40 2017
elapsed time: 0 seconds (0d 0h 0m 0s)

