#
# A fatal error has been detected by the Java Runtime Environment:
#
#  EXCEPTION_ACCESS_VIOLATION (0xc0000005) at pc=0x00007ffddb6a703a, pid=12280, tid=10592
#
# JRE version: Java(TM) SE Runtime Environment (8.0_51-b16) (build 1.8.0_51-b16)
# Java VM: Java HotSpot(TM) 64-Bit Server VM (25.51-b03 mixed mode windows-amd64 compressed oops)
# Problematic frame:
# C  [jniortools.dll+0x3b703a]
#
# Failed to write core dump. Minidumps are not enabled by default on client versions of Windows
#
# If you would like to submit a bug report, please visit:
#   http://bugreport.java.com/bugreport/crash.jsp
# The crash happened outside the Java Virtual Machine in native code.
# See problematic frame for where to report the bug.
#

---------------  T H R E A D  ---------------

Current thread (0x00000000027ce000):  JavaThread "main" [_thread_in_native, id=10592, stack(0x0000000002680000,0x0000000002780000)]

siginfo: ExceptionCode=0xc0000005, reading address 0x000000001a6ef930

Registers:
RAX=0x00000000de305ef0, RBX=0x000000010001e9b0, RCX=0x000000001a6ef8e0, RDX=0x000000000277f1f0
RSP=0x000000000277f170, RBP=0x000000000277f200, RSI=0x0000000016f69840, RDI=0x00000001000c06f8
R8 =0x000000001a6ef8e0, R9 =0x000000000277f1c8, R10=0x00007ffddb399920, R11=0x0000000000002ea5
R12=0x0000000000000000, R13=0x0000000000000000, R14=0x000000000277f1f0, R15=0x00000000027ce000
RIP=0x00007ffddb6a703a, EFLAGS=0x0000000000010202

Top of Stack: (sp=0x000000000277f170)
0x000000000277f170:   00000000027ce000 000000001a6ef4c0
0x000000000277f180:   0000000000000035 000000000277f1f0
0x000000000277f190:   00000001000c06f8 0000000002af635b
0x000000000277f1a0:   000000010001e9b0 0000000000000201
0x000000000277f1b0:   000000000000003d 00000000de300078
0x000000000277f1c0:   00000000d65d12d8 00000000de305ef0
0x000000000277f1d0:   00002eab00000000 0000000000005d4d
0x000000000277f1e0:   0000000000002b12 0000000082818940
0x000000000277f1f0:   0000000082814078 0000000000002b0d
0x000000000277f200:   000000000277f7a8 0000000002b49cdc
0x000000000277f210:   000000000000000f 0000000016f6ac88
0x000000000277f220:   3ff3333333333333 0000000000000000
0x000000000277f230:   00000000027e6de0 00000000714e32d2
0x000000000277f240:   0000000000000001 00000000714e2ccd
0x000000000277f250:   0000000016f4a3b0 00000000027e6de0
0x000000000277f260:   3fd60a21e699005e 0000000000000000 

Instructions: (pc=0x00007ffddb6a703a)
0x00007ffddb6a701a:   00 48 85 d2 48 0f 45 c2 c3 cc cc cc cc cc cc cc
0x00007ffddb6a702a:   cc cc cc cc cc cc 48 89 5c 24 08 57 48 83 ec 20
0x00007ffddb6a703a:   48 8b 79 50 48 8b d9 48 8b cf e8 d7 51 ff ff 84
0x00007ffddb6a704a:   c0 74 32 48 8b 07 48 8b cf ff 90 a0 00 00 00 84 


Register to memory mapping:

RAX=0x00000000de305ef0 is an oop
com.google.ortools.linearsolver.MPVariable 
 - klass: 'com/google/ortools/linearsolver/MPVariable'
RBX=0x000000010001e9b0 is pointing into metadata
RCX=0x000000001a6ef8e0 is an unknown value
RDX=0x000000000277f1f0 is pointing into the stack for thread: 0x00000000027ce000
RSP=0x000000000277f170 is pointing into the stack for thread: 0x00000000027ce000
RBP=0x000000000277f200 is pointing into the stack for thread: 0x00000000027ce000
RSI=0x0000000016f69840 is pointing into metadata
RDI=0x00000001000c06f8 is pointing into metadata
R8 =0x000000001a6ef8e0 is an unknown value
R9 =0x000000000277f1c8 is pointing into the stack for thread: 0x00000000027ce000
R10=0x00007ffddb399920 is an unknown value
R11=0x0000000000002ea5 is an unknown value
R12=0x0000000000000000 is an unknown value
R13=0x0000000000000000 is an unknown value
R14=0x000000000277f1f0 is pointing into the stack for thread: 0x00000000027ce000
R15=0x00000000027ce000 is a thread


Stack: [0x0000000002680000,0x0000000002780000],  sp=0x000000000277f170,  free space=1020k
Native frames: (J=compiled Java code, j=interpreted, Vv=VM code, C=native code)
C  [jniortools.dll+0x3b703a]
C  0x0000000002af635b

Java frames: (J=compiled Java code, j=interpreted, Vv=VM code)
J 465  com.google.ortools.linearsolver.operations_research_linear_solverJNI.MPVariable_solutionValue(JLcom/google/ortools/linearsolver/MPVariable;)D (0 bytes) @ 0x0000000002af62d5 [0x0000000002af6280+0x55]
J 549% C1 io.github.oliviercailloux.uta_calculator.model.UTASTAR.findValueFunction()Lio/github/oliviercailloux/uta_calculator/model/ValueFunction; (2313 bytes) @ 0x0000000002b49cdc [0x0000000002b34b40+0x1519c]
j  io.github.oliviercailloux.uta_calculator.view.MainSimulation.getDifferenceRank(III)I+201
j  io.github.oliviercailloux.uta_calculator.view.MainSimulation.simulation()V+29
j  io.github.oliviercailloux.uta_calculator.view.MainSimulation.main([Ljava/lang/String;)V+9
v  ~StubRoutines::call_stub

---------------  P R O C E S S  ---------------

Java Threads: ( => current thread )
  0x0000000018c35000 JavaThread "Service Thread" daemon [_thread_blocked, id=1520, stack(0x0000000019000000,0x0000000019100000)]
  0x00000000173ae800 JavaThread "C1 CompilerThread2" daemon [_thread_blocked, id=9752, stack(0x0000000018b00000,0x0000000018c00000)]
  0x00000000173a3000 JavaThread "C2 CompilerThread1" daemon [_thread_blocked, id=14036, stack(0x0000000018a00000,0x0000000018b00000)]
  0x00000000173a0800 JavaThread "C2 CompilerThread0" daemon [_thread_blocked, id=11664, stack(0x0000000018900000,0x0000000018a00000)]
  0x000000001739f000 JavaThread "Attach Listener" daemon [_thread_blocked, id=13164, stack(0x0000000018800000,0x0000000018900000)]
  0x000000001739e000 JavaThread "Signal Dispatcher" daemon [_thread_blocked, id=2112, stack(0x0000000018700000,0x0000000018800000)]
  0x00000000028c9000 JavaThread "Finalizer" daemon [_thread_blocked, id=13976, stack(0x0000000018600000,0x0000000018700000)]
  0x00000000028c0800 JavaThread "Reference Handler" daemon [_thread_blocked, id=13948, stack(0x0000000018500000,0x0000000018600000)]
=>0x00000000027ce000 JavaThread "main" [_thread_in_native, id=10592, stack(0x0000000002680000,0x0000000002780000)]

Other Threads:
  0x0000000017368000 VMThread [stack: 0x0000000018400000,0x0000000018500000] [id=11044]
  0x0000000018c36000 WatcherThread [stack: 0x0000000019100000,0x0000000019200000] [id=13600]

VM state:not at safepoint (normal execution)

VM Mutex/Monitor currently owned by a thread: None

Heap:
 PSYoungGen      total 133632K, used 5513K [0x00000000d6300000, 0x00000000e6800000, 0x0000000100000000)
  eden space 131072K, 3% used [0x00000000d6300000,0x00000000d681cff8,0x00000000de300000)
  from space 2560K, 10% used [0x00000000de300000,0x00000000de345618,0x00000000de580000)
  to   space 2560K, 0% used [0x00000000e6580000,0x00000000e6580000,0x00000000e6800000)
 ParOldGen       total 86016K, used 1221K [0x0000000082800000, 0x0000000087c00000, 0x00000000d6300000)
  object space 86016K, 1% used [0x0000000082800000,0x00000000829316e0,0x0000000087c00000)
 Metaspace       used 6368K, capacity 6440K, committed 6784K, reserved 1056768K
  class space    used 773K, capacity 784K, committed 896K, reserved 1048576K

Card table byte_map: [0x0000000011c90000,0x0000000012080000] byte_map_base: 0x000000001187c000

Marking Bits: (ParMarkBitMap*) 0x0000000071af4040
 Begin Bits: [0x0000000012720000, 0x0000000014680000)
 End Bits:   [0x0000000014680000, 0x00000000165e0000)

Polling page: 0x0000000002780000

CodeCache: size=245760Kb used=3483Kb max_used=3495Kb free=242276Kb
 bounds [0x00000000028d0000, 0x0000000002c40000, 0x00000000118d0000]
 total_blobs=880 nmethods=568 adapters=225
 compilation: enabled

Compilation events (10 events):
Event: 0.878 Thread 0x00000000173a3000 nmethod 558 0x0000000002b29850 code [0x0000000002b299a0, 0x0000000002b29ab8]
Event: 0.900 Thread 0x00000000173ae800 nmethod 559% 0x0000000002b9b910 code [0x0000000002b9dca0, 0x0000000002bb9748]
Event: 0.903 Thread 0x00000000173ae800  560 %     3       io.github.oliviercailloux.uta_calculator.model.UTASTAR::findValueFunction @ 1271 (2313 bytes)
Event: 0.925 Thread 0x00000000173ae800 nmethod 560% 0x0000000002bd0310 code [0x0000000002bd26c0, 0x0000000002bee468]
Event: 0.925 Thread 0x00000000173ae800  561       1       io.github.oliviercailloux.uta_calculator.model.Criterion::getName (5 bytes)
Event: 0.925 Thread 0x00000000173ae800 nmethod 561 0x0000000002b29590 code [0x0000000002b296e0, 0x0000000002b297f0]
Event: 0.929 Thread 0x00000000173ae800  562 %     3       io.github.oliviercailloux.uta_calculator.model.UTASTAR::findValueFunction @ 2020 (2313 bytes)
Event: 0.953 Thread 0x00000000173ae800 nmethod 562% 0x0000000002c05250 code [0x0000000002c075e0, 0x0000000002c23088]
Event: 0.953 Thread 0x00000000173ae800  563       3       sun.misc.FDBigInteger::multAndCarryBy10 (50 bytes)
Event: 0.953 Thread 0x00000000173ae800 nmethod 563 0x0000000002b2d790 code [0x0000000002b2d900, 0x0000000002b2db70]

GC Heap History (10 events):
Event: 0.635 GC heap before
{Heap before GC invocations=3 (full 0):
 PSYoungGen      total 37888K, used 34136K [0x00000000d6300000, 0x00000000dad00000, 0x0000000100000000)
  eden space 32768K, 99% used [0x00000000d6300000,0x00000000d82fd168,0x00000000d8300000)
  from space 5120K, 26% used [0x00000000d8800000,0x00000000d89591e0,0x00000000d8d00000)
  to   space 5120K, 0% used [0x00000000d8300000,0x00000000d8300000,0x00000000d8800000)
 ParOldGen       total 86016K, used 80K [0x0000000082800000, 0x0000000087c00000, 0x00000000d6300000)
  object space 86016K, 0% used [0x0000000082800000,0x0000000082814010,0x0000000087c00000)
 Metaspace       used 6341K, capacity 6440K, committed 6784K, reserved 1056768K
  class space    used 773K, capacity 784K, committed 896K, reserved 1048576K
Event: 0.636 GC heap after
Heap after GC invocations=3 (full 0):
 PSYoungGen      total 37888K, used 1348K [0x00000000d6300000, 0x00000000dad00000, 0x0000000100000000)
  eden space 32768K, 0% used [0x00000000d6300000,0x00000000d6300000,0x00000000d8300000)
  from space 5120K, 26% used [0x00000000d8300000,0x00000000d84511c0,0x00000000d8800000)
  to   space 5120K, 0% used [0x00000000da800000,0x00000000da800000,0x00000000dad00000)
 ParOldGen       total 86016K, used 88K [0x0000000082800000, 0x0000000087c00000, 0x00000000d6300000)
  object space 86016K, 0% used [0x0000000082800000,0x0000000082816010,0x0000000087c00000)
 Metaspace       used 6341K, capacity 6440K, committed 6784K, reserved 1056768K
  class space    used 773K, capacity 784K, committed 896K, reserved 1048576K
}
Event: 0.663 GC heap before
{Heap before GC invocations=4 (full 0):
 PSYoungGen      total 37888K, used 34116K [0x00000000d6300000, 0x00000000dad00000, 0x0000000100000000)
  eden space 32768K, 100% used [0x00000000d6300000,0x00000000d8300000,0x00000000d8300000)
  from space 5120K, 26% used [0x00000000d8300000,0x00000000d84511c0,0x00000000d8800000)
  to   space 5120K, 0% used [0x00000000da800000,0x00000000da800000,0x00000000dad00000)
 ParOldGen       total 86016K, used 88K [0x0000000082800000, 0x0000000087c00000, 0x00000000d6300000)
  object space 86016K, 0% used [0x0000000082800000,0x0000000082816010,0x0000000087c00000)
 Metaspace       used 6341K, capacity 6440K, committed 6784K, reserved 1056768K
  class space    used 773K, capacity 784K, committed 896K, reserved 1048576K
Event: 0.665 GC heap after
Heap after GC invocations=4 (full 0):
 PSYoungGen      total 70656K, used 1296K [0x00000000d6300000, 0x00000000dad00000, 0x0000000100000000)
  eden space 65536K, 0% used [0x00000000d6300000,0x00000000d6300000,0x00000000da300000)
  from space 5120K, 25% used [0x00000000da800000,0x00000000da944030,0x00000000dad00000)
  to   space 5120K, 0% used [0x00000000da300000,0x00000000da300000,0x00000000da800000)
 ParOldGen       total 86016K, used 96K [0x0000000082800000, 0x0000000087c00000, 0x00000000d6300000)
  object space 86016K, 0% used [0x0000000082800000,0x0000000082818010,0x0000000087c00000)
 Metaspace       used 6341K, capacity 6440K, committed 6784K, reserved 1056768K
  class space    used 773K, capacity 784K, committed 896K, reserved 1048576K
}
Event: 0.746 GC heap before
{Heap before GC invocations=5 (full 0):
 PSYoungGen      total 70656K, used 66832K [0x00000000d6300000, 0x00000000dad00000, 0x0000000100000000)
  eden space 65536K, 100% used [0x00000000d6300000,0x00000000da300000,0x00000000da300000)
  from space 5120K, 25% used [0x00000000da800000,0x00000000da944030,0x00000000dad00000)
  to   space 5120K, 0% used [0x00000000da300000,0x00000000da300000,0x00000000da800000)
 ParOldGen       total 86016K, used 96K [0x0000000082800000, 0x0000000087c00000, 0x00000000d6300000)
  object space 86016K, 0% used [0x0000000082800000,0x0000000082818010,0x0000000087c00000)
 Metaspace       used 6341K, capacity 6440K, committed 6784K, reserved 1056768K
  class space    used 773K, capacity 784K, committed 896K, reserved 1048576K
Event: 0.747 GC heap after
Heap after GC invocations=5 (full 0):
 PSYoungGen      total 70656K, used 1328K [0x00000000d6300000, 0x00000000de800000, 0x0000000100000000)
  eden space 65536K, 0% used [0x00000000d6300000,0x00000000d6300000,0x00000000da300000)
  from space 5120K, 25% used [0x00000000da300000,0x00000000da44c010,0x00000000da800000)
  to   space 2560K, 0% used [0x00000000de580000,0x00000000de580000,0x00000000de800000)
 ParOldGen       total 86016K, used 96K [0x0000000082800000, 0x0000000087c00000, 0x00000000d6300000)
  object space 86016K, 0% used [0x0000000082800000,0x0000000082818010,0x0000000087c00000)
 Metaspace       used 6341K, capacity 6440K, committed 6784K, reserved 1056768K
  class space    used 773K, capacity 784K, committed 896K, reserved 1048576K
}
Event: 0.805 GC heap before
{Heap before GC invocations=6 (full 0):
 PSYoungGen      total 70656K, used 66864K [0x00000000d6300000, 0x00000000de800000, 0x0000000100000000)
  eden space 65536K, 100% used [0x00000000d6300000,0x00000000da300000,0x00000000da300000)
  from space 5120K, 25% used [0x00000000da300000,0x00000000da44c010,0x00000000da800000)
  to   space 2560K, 0% used [0x00000000de580000,0x00000000de580000,0x00000000de800000)
 ParOldGen       total 86016K, used 96K [0x0000000082800000, 0x0000000087c00000, 0x00000000d6300000)
  object space 86016K, 0% used [0x0000000082800000,0x0000000082818010,0x0000000087c00000)
 Metaspace       used 6343K, capacity 6440K, committed 6784K, reserved 1056768K
  class space    used 773K, capacity 784K, committed 896K, reserved 1048576K
Event: 0.807 GC heap after
Heap after GC invocations=6 (full 0):
 PSYoungGen      total 133632K, used 1382K [0x00000000d6300000, 0x00000000de800000, 0x0000000100000000)
  eden space 131072K, 0% used [0x00000000d6300000,0x00000000d6300000,0x00000000de300000)
  from space 2560K, 54% used [0x00000000de580000,0x00000000de6d9ab0,0x00000000de800000)
  to   space 2560K, 0% used [0x00000000de300000,0x00000000de300000,0x00000000de580000)
 ParOldGen       total 86016K, used 96K [0x0000000082800000, 0x0000000087c00000, 0x00000000d6300000)
  object space 86016K, 0% used [0x0000000082800000,0x0000000082818010,0x0000000087c00000)
 Metaspace       used 6343K, capacity 6440K, committed 6784K, reserved 1056768K
  class space    used 773K, capacity 784K, committed 896K, reserved 1048576K
}
Event: 0.961 GC heap before
{Heap before GC invocations=7 (full 0):
 PSYoungGen      total 133632K, used 132454K [0x00000000d6300000, 0x00000000de800000, 0x0000000100000000)
  eden space 131072K, 100% used [0x00000000d6300000,0x00000000de300000,0x00000000de300000)
  from space 2560K, 54% used [0x00000000de580000,0x00000000de6d9ab0,0x00000000de800000)
  to   space 2560K, 0% used [0x00000000de300000,0x00000000de300000,0x00000000de580000)
 ParOldGen       total 86016K, used 96K [0x0000000082800000, 0x0000000087c00000, 0x00000000d6300000)
  object space 86016K, 0% used [0x0000000082800000,0x0000000082818010,0x0000000087c00000)
 Metaspace       used 6368K, capacity 6440K, committed 6784K, reserved 1056768K
  class space    used 773K, capacity 784K, committed 896K, reserved 1048576K
Event: 0.963 GC heap after
Heap after GC invocations=7 (full 0):
 PSYoungGen      total 133632K, used 277K [0x00000000d6300000, 0x00000000e6800000, 0x0000000100000000)
  eden space 131072K, 0% used [0x00000000d6300000,0x00000000d6300000,0x00000000de300000)
  from space 2560K, 10% used [0x00000000de300000,0x00000000de345618,0x00000000de580000)
  to   space 2560K, 0% used [0x00000000e6580000,0x00000000e6580000,0x00000000e6800000)
 ParOldGen       total 86016K, used 1221K [0x0000000082800000, 0x0000000087c00000, 0x00000000d6300000)
  object space 86016K, 1% used [0x0000000082800000,0x00000000829316e0,0x0000000087c00000)
 Metaspace       used 6368K, capacity 6440K, committed 6784K, reserved 1056768K
  class space    used 773K, capacity 784K, committed 896K, reserved 1048576K
}

Deoptimization events (2 events):
Event: 0.507 Thread 0x00000000027ce000 Uncommon trap: reason=predicate action=maybe_recompile pc=0x0000000002aee554 method=io.github.oliviercailloux.uta_calculator.model.PartialValueFunction.getDerivative(D)D @ 74
Event: 0.539 Thread 0x00000000027ce000 Uncommon trap: reason=range_check action=make_not_entrant pc=0x0000000002af6b38 method=java.util.ArrayList.elementData(I)Ljava/lang/Object; @ 5

Internal exceptions (8 events):
Event: 0.056 Thread 0x00000000027ce000 Exception <a 'java/lang/NoSuchMethodError': Method sun.misc.Unsafe.defineClass(Ljava/lang/String;[BII)Ljava/lang/Class; name or signature does not match> (0x00000000d630d228) thrown at [C:\re\workspace\8-2-build-windows-amd64-cygwin\jdk8u51\3951\hotspot\srb¢Î_¨¬?
Event: 0.056 Thread 0x00000000027ce000 Exception <a 'java/lang/NoSuchMethodError': Method sun.misc.Unsafe.prefetchRead(Ljava/lang/Object;J)V name or signature does not match> (0x00000000d630d4b8) thrown at [C:\re\workspace\8-2-build-windows-amd64-cygwin\jdk8u51\3951\hotspot\src\share\vm\prims\j¥nÀ>ÔFÅ?
Event: 0.166 Thread 0x00000000027ce000 Exception <a 'java/security/PrivilegedActionException'> (0x00000000d6525238) thrown at [C:\re\workspace\8-2-build-windows-amd64-cygwin\jdk8u51\3951\hotspot\src\share\vm\prims\jvm.cpp, line 1382]
Event: 0.166 Thread 0x00000000027ce000 Exception <a 'java/security/PrivilegedActionException'> (0x00000000d65253f0) thrown at [C:\re\workspace\8-2-build-windows-amd64-cygwin\jdk8u51\3951\hotspot\src\share\vm\prims\jvm.cpp, line 1382]
Event: 0.167 Thread 0x00000000027ce000 Exception <a 'java/security/PrivilegedActionException'> (0x00000000d6528ee8) thrown at [C:\re\workspace\8-2-build-windows-amd64-cygwin\jdk8u51\3951\hotspot\src\share\vm\prims\jvm.cpp, line 1382]
Event: 0.167 Thread 0x00000000027ce000 Exception <a 'java/security/PrivilegedActionException'> (0x00000000d65290a0) thrown at [C:\re\workspace\8-2-build-windows-amd64-cygwin\jdk8u51\3951\hotspot\src\share\vm\prims\jvm.cpp, line 1382]
Event: 0.210 Thread 0x00000000027ce000 Exception <a 'java/io/FileNotFoundException'> (0x00000000d6679cd8) thrown at [C:\re\workspace\8-2-build-windows-amd64-cygwin\jdk8u51\3951\hotspot\src\share\vm\prims\jni.cpp, line 709]
Event: 0.434 Thread 0x00000000027ce000 Exception <a 'java/lang/NoSuchMethodError': org.slf4j.impl.StaticMDCBinder.getSingleton()Lorg/slf4j/impl/StaticMDCBinder;> (0x00000000d6b54f98) thrown at [C:\re\workspace\8-2-build-windows-amd64-cygwin\jdk8u51\3951\hotspot\src\share\vm\interpreter\linkReso

Events (10 events):
Event: 0.635 Executing VM operation: ParallelGCFailedAllocation
Event: 0.636 Executing VM operation: ParallelGCFailedAllocation done
Event: 0.663 Executing VM operation: ParallelGCFailedAllocation
Event: 0.665 Executing VM operation: ParallelGCFailedAllocation done
Event: 0.746 Executing VM operation: ParallelGCFailedAllocation
Event: 0.747 Executing VM operation: ParallelGCFailedAllocation done
Event: 0.805 Executing VM operation: ParallelGCFailedAllocation
Event: 0.807 Executing VM operation: ParallelGCFailedAllocation done
Event: 0.961 Executing VM operation: ParallelGCFailedAllocation
Event: 0.963 Executing VM operation: ParallelGCFailedAllocation done


Dynamic libraries:
0x00007ff7a9670000 - 0x00007ff7a96a7000 	C:\Program Files\Java\jre1.8.0_51\bin\javaw.exe
0x00007ffe2e890000 - 0x00007ffe2ea62000 	C:\WINDOWS\SYSTEM32\ntdll.dll
0x00007ffe2e3e0000 - 0x00007ffe2e48c000 	C:\WINDOWS\System32\KERNEL32.DLL
0x00007ffe2b1e0000 - 0x00007ffe2b3fd000 	C:\WINDOWS\System32\KERNELBASE.dll
0x00007ffe2e7e0000 - 0x00007ffe2e882000 	C:\WINDOWS\System32\ADVAPI32.dll
0x00007ffe2e340000 - 0x00007ffe2e3de000 	C:\WINDOWS\System32\msvcrt.dll
0x00007ffe2d8a0000 - 0x00007ffe2d8f9000 	C:\WINDOWS\System32\sechost.dll
0x00007ffe2e150000 - 0x00007ffe2e271000 	C:\WINDOWS\System32\RPCRT4.dll
0x00007ffe2dd40000 - 0x00007ffe2dea5000 	C:\WINDOWS\System32\USER32.dll
0x00007ffe2ade0000 - 0x00007ffe2adfe000 	C:\WINDOWS\System32\win32u.dll
0x00007ffe2db30000 - 0x00007ffe2db64000 	C:\WINDOWS\System32\GDI32.dll
0x00007ffe2bbf0000 - 0x00007ffe2bd70000 	C:\WINDOWS\System32\gdi32full.dll
0x00007ffe27340000 - 0x00007ffe275ba000 	C:\WINDOWS\WinSxS\amd64_microsoft.windows.common-controls_6595b64144ccf1df_6.0.14393.953_none_42151e83c686086b\COMCTL32.dll
0x00007ffe2e490000 - 0x00007ffe2e758000 	C:\WINDOWS\System32\combase.dll
0x00007ffe2b0e0000 - 0x00007ffe2b1d5000 	C:\WINDOWS\System32\ucrtbase.dll
0x00007ffe2aea0000 - 0x00007ffe2af0a000 	C:\WINDOWS\System32\bcryptPrimitives.dll
0x00007ffe2db70000 - 0x00007ffe2db9e000 	C:\WINDOWS\System32\IMM32.DLL
0x0000000071b80000 - 0x0000000071c52000 	C:\Program Files\Java\jre1.8.0_51\bin\msvcr100.dll
0x00000000712f0000 - 0x0000000071b73000 	C:\Program Files\Java\jre1.8.0_51\bin\server\jvm.dll
0x00007ffe2d780000 - 0x00007ffe2d788000 	C:\WINDOWS\System32\PSAPI.DLL
0x00007ffe1d4b0000 - 0x00007ffe1d4b9000 	C:\WINDOWS\SYSTEM32\WSOCK32.dll
0x00007ffe2d900000 - 0x00007ffe2d96a000 	C:\WINDOWS\System32\WS2_32.dll
0x00007ffe28040000 - 0x00007ffe28063000 	C:\WINDOWS\SYSTEM32\WINMM.dll
0x00007ffe1ca10000 - 0x00007ffe1ca1a000 	C:\WINDOWS\SYSTEM32\VERSION.dll
0x00007ffe27e70000 - 0x00007ffe27e9b000 	C:\WINDOWS\SYSTEM32\WINMMBASE.dll
0x00007ffe2ad90000 - 0x00007ffe2add2000 	C:\WINDOWS\System32\cfgmgr32.dll
0x0000000074af0000 - 0x0000000074aff000 	C:\Program Files\Java\jre1.8.0_51\bin\verify.dll
0x0000000074850000 - 0x0000000074879000 	C:\Program Files\Java\jre1.8.0_51\bin\java.dll
0x0000000074500000 - 0x0000000074516000 	C:\Program Files\Java\jre1.8.0_51\bin\zip.dll
0x00007ffe2c250000 - 0x00007ffe2d758000 	C:\WINDOWS\System32\SHELL32.dll
0x00007ffe2b400000 - 0x00007ffe2bada000 	C:\WINDOWS\System32\windows.storage.dll
0x00007ffe2ad30000 - 0x00007ffe2ad7c000 	C:\WINDOWS\System32\powrprof.dll
0x00007ffe2dad0000 - 0x00007ffe2db22000 	C:\WINDOWS\System32\shlwapi.dll
0x00007ffe2ad20000 - 0x00007ffe2ad2f000 	C:\WINDOWS\System32\kernel.appcore.dll
0x00007ffe2bae0000 - 0x00007ffe2bb89000 	C:\WINDOWS\System32\shcore.dll
0x00007ffe2ad00000 - 0x00007ffe2ad14000 	C:\WINDOWS\System32\profapi.dll
0x00000000744e0000 - 0x00000000744fa000 	C:\Program Files\Java\jre1.8.0_51\bin\net.dll
0x00007ffe2a5d0000 - 0x00007ffe2a62c000 	C:\WINDOWS\system32\mswsock.dll
0x00007ffe163b0000 - 0x00007ffe163c6000 	C:\WINDOWS\system32\napinsp.dll
0x00007ffe16570000 - 0x00007ffe1658a000 	C:\WINDOWS\system32\pnrpnsp.dll
0x00007ffe28970000 - 0x00007ffe28988000 	C:\WINDOWS\system32\NLAapi.dll
0x00007ffe2a390000 - 0x00007ffe2a431000 	C:\WINDOWS\SYSTEM32\DNSAPI.dll
0x00007ffe2d890000 - 0x00007ffe2d898000 	C:\WINDOWS\System32\NSI.dll
0x00007ffe2a350000 - 0x00007ffe2a388000 	C:\WINDOWS\SYSTEM32\IPHLPAPI.DLL
0x00007ffe177e0000 - 0x00007ffe177ee000 	C:\WINDOWS\System32\winrnr.dll
0x0000000075850000 - 0x0000000075876000 	C:\Program Files\Bonjour\mdnsNSP.dll
0x00007ffe26530000 - 0x00007ffe26545000 	C:\WINDOWS\System32\wshbth.dll
0x00007ffe1ca00000 - 0x00007ffe1ca0a000 	C:\Windows\System32\rasadhlp.dll
0x00007ffe20340000 - 0x00007ffe203aa000 	C:\WINDOWS\System32\fwpuclnt.dll
0x00007ffe2ac40000 - 0x00007ffe2ac6b000 	C:\WINDOWS\SYSTEM32\bcrypt.dll
0x00007ffddb2f0000 - 0x00007ffddc129000 	C:\Users\Elie\git\decision-uta-method\uta-calculator\lib\jniortools.dll
0x00007ffe1d350000 - 0x00007ffe1d43f000 	C:\WINDOWS\SYSTEM32\MSVCR120.dll
0x00007ffe19cb0000 - 0x00007ffe19d56000 	C:\WINDOWS\SYSTEM32\MSVCP120.dll
0x00007ffe1bdf0000 - 0x00007ffe1bf82000 	C:\WINDOWS\SYSTEM32\dbghelp.dll

VM Arguments:
jvm_args: -Djava.library.path=C:\Users\Elie\git\decision-uta-method\uta-calculator\lib -Dfile.encoding=UTF-8 
java_command: io.github.oliviercailloux.uta_calculator.view.MainSimulation
java_class_path (initial): C:\Users\Elie\git\decision-uta-method\uta-calculator\target\classes;C:\Users\Elie\.m2\repository\com\google\ortools\ortools\2015.08\ortools-2015.08.jar;C:\Users\Elie\.m2\repository\org\slf4j\slf4j-api\1.7.21\slf4j-api-1.7.21.jar;C:\Users\Elie\.m2\repository\com\google\guava\guava\20.0\guava-20.0.jar;C:\Users\Elie\.m2\repository\ch\qos\logback\logback-classic\1.1.7\logback-classic-1.1.7.jar;C:\Users\Elie\.m2\repository\ch\qos\logback\logback-core\1.1.7\logback-core-1.1.7.jar;C:\Users\Elie\.m2\repository\org\apache\commons\commons-math\2.2\commons-math-2.2.jar;C:\Users\Elie\.m2\repository\protobuf\protobuf\3.3.0\protobuf-3.3.0.jar
Launcher Type: SUN_STANDARD

Environment Variables:
JAVA_HOME=C:\Oracle\Middleware\Oracle_Home\oracle_common\jdk
USERNAME=Elie
OS=Windows_NT
PROCESSOR_IDENTIFIER=Intel64 Family 6 Model 58 Stepping 9, GenuineIntel



---------------  S Y S T E M  ---------------

OS: Windows 10.0 , 64 bit Build 14393 (10.0.14393.1198)

CPU:total 4 (2 cores per cpu, 2 threads per core) family 6 model 58 stepping 9, cmov, cx8, fxsr, mmx, sse, sse2, sse3, ssse3, sse4.1, sse4.2, popcnt, avx, clmul, erms, ht, tsc, tscinvbit, tscinv

Memory: 4k page, physical 8222948k(3050480k free), swap 10715372k(2849640k free)

vm_info: Java HotSpot(TM) 64-Bit Server VM (25.51-b03) for windows-amd64 JRE (1.8.0_51-b16), built on Jun  8 2015 18:03:07 by "java_re" with MS VC++ 10.0 (VS2010)

time: Wed Aug 23 19:09:56 2017
elapsed time: 0 seconds (0d 0h 0m 0s)

